000 (5018978.000.000) 04/07 11:06:45 Job submitted from host: <137.138.156.150:9618?addrs=137.138.156.150-9618+[2001-1458-d00-14--9a]-9618&alias=bigbird13.cern.ch&noUDP&sock=schedd_1774_6519_19>
...
040 (5018978.000.000) 04/07 11:06:51 Started transferring input files
	Transferring to host: <128.142.84.173:9618?addrs=128.142.84.173-9618+[2001-1458-301-f6--100-1f0]-9618&alias=b7s14n1779.cern.ch&noUDP&sock=slot1_6_28650_4446_44785>
...
040 (5018978.000.000) 04/07 11:06:51 Finished transferring input files
...
001 (5018978.000.000) 04/07 11:06:52 Job executing on host: <128.142.84.173:9618?addrs=128.142.84.173-9618+[2001-1458-301-f6--100-1f0]-9618&alias=b7s14n1779.cern.ch&noUDP&sock=startd_16739_23e3>
...
006 (5018978.000.000) 04/07 11:07:01 Image size of job updated: 157004
	92  -  MemoryUsage of job (MB)
	93768  -  ResidentSetSize of job (KB)
...
006 (5018978.000.000) 04/07 11:08:16 Image size of job updated: 478740
	92  -  MemoryUsage of job (MB)
	93768  -  ResidentSetSize of job (KB)
...
040 (5018978.000.000) 04/07 11:08:16 Started transferring output files
...
040 (5018978.000.000) 04/07 11:08:16 Finished transferring output files
...
005 (5018978.000.000) 04/07 11:08:16 Job terminated.
	(1) Normal termination (return value 0)
		Usr 0 00:00:49, Sys 0 00:00:01  -  Run Remote Usage
		Usr 0 00:00:00, Sys 0 00:00:00  -  Run Local Usage
		Usr 0 00:00:49, Sys 0 00:00:01  -  Total Remote Usage
		Usr 0 00:00:00, Sys 0 00:00:00  -  Total Local Usage
	4154  -  Run Bytes Sent By Job
	698  -  Run Bytes Received By Job
	4154  -  Total Bytes Sent By Job
	698  -  Total Bytes Received By Job
	Partitionable Resources :    Usage  Request Allocated 
	   Cpus                 :                 1         1 
	   Disk (KB)            :       19        1    272771 
	   Memory (MB)          :       92     2000      2000 
...
