000 (5018980.000.000) 04/07 11:06:53 Job submitted from host: <137.138.156.150:9618?addrs=137.138.156.150-9618+[2001-1458-d00-14--9a]-9618&alias=bigbird13.cern.ch&noUDP&sock=schedd_1774_6519_19>
...
040 (5018980.000.000) 04/07 11:07:00 Started transferring input files
	Transferring to host: <188.184.138.59:9618?addrs=188.184.138.59-9618+[2001-1458-301-45--100-19]-9618&noUDP&sock=22205_2e60_195803>
...
040 (5018980.000.000) 04/07 11:07:00 Finished transferring input files
...
001 (5018980.000.000) 04/07 11:07:01 Job executing on host: <188.184.138.59:9618?addrs=188.184.138.59-9618+[2001-1458-301-45--100-19]-9618&noUDP&sock=5580_fe8d_3>
...
006 (5018980.000.000) 04/07 11:07:10 Image size of job updated: 162120
	97  -  MemoryUsage of job (MB)
	98880  -  ResidentSetSize of job (KB)
...
006 (5018980.000.000) 04/07 11:10:27 Image size of job updated: 166756
	97  -  MemoryUsage of job (MB)
	98880  -  ResidentSetSize of job (KB)
...
040 (5018980.000.000) 04/07 11:10:27 Started transferring output files
...
040 (5018980.000.000) 04/07 11:10:27 Finished transferring output files
...
005 (5018980.000.000) 04/07 11:10:28 Job terminated.
	(1) Normal termination (return value 0)
		Usr 0 00:02:08, Sys 0 00:00:02  -  Run Remote Usage
		Usr 0 00:00:00, Sys 0 00:00:00  -  Run Local Usage
		Usr 0 00:02:08, Sys 0 00:00:02  -  Total Remote Usage
		Usr 0 00:00:00, Sys 0 00:00:00  -  Total Local Usage
	4154  -  Run Bytes Sent By Job
	698  -  Run Bytes Received By Job
	4154  -  Total Bytes Sent By Job
	698  -  Total Bytes Received By Job
	Partitionable Resources :    Usage  Request Allocated 
	   Cpus                 :     0.72        1         1 
	   Disk (KB)            :    27           1    296958 
	   Memory (MB)          :    97        2000      2000 
...
