000 (5018974.000.000) 04/07 11:06:30 Job submitted from host: <137.138.156.150:9618?addrs=137.138.156.150-9618+[2001-1458-d00-14--9a]-9618&alias=bigbird13.cern.ch&noUDP&sock=schedd_1774_6519_19>
...
040 (5018974.000.000) 04/07 11:06:46 Started transferring input files
	Transferring to host: <188.184.196.240:9618?addrs=188.184.196.240-9618+[2001-1458-301-102--100-d2]-9618&alias=b7g24n0455.cern.ch&noUDP&sock=slot1_5_14389_1a22_38927>
...
040 (5018974.000.000) 04/07 11:06:47 Finished transferring input files
...
001 (5018974.000.000) 04/07 11:06:47 Job executing on host: <188.184.196.240:9618?addrs=188.184.196.240-9618+[2001-1458-301-102--100-d2]-9618&alias=b7g24n0455.cern.ch&noUDP&sock=startd_20332_a3ab>
...
006 (5018974.000.000) 04/07 11:06:56 Image size of job updated: 473464
	95  -  MemoryUsage of job (MB)
	96312  -  ResidentSetSize of job (KB)
...
006 (5018974.000.000) 04/07 11:10:40 Image size of job updated: 478112
	95  -  MemoryUsage of job (MB)
	96312  -  ResidentSetSize of job (KB)
...
040 (5018974.000.000) 04/07 11:10:40 Started transferring output files
...
040 (5018974.000.000) 04/07 11:10:40 Finished transferring output files
...
005 (5018974.000.000) 04/07 11:10:40 Job terminated.
	(1) Normal termination (return value 0)
		Usr 0 00:01:33, Sys 0 00:00:01  -  Run Remote Usage
		Usr 0 00:00:00, Sys 0 00:00:00  -  Run Local Usage
		Usr 0 00:01:33, Sys 0 00:00:01  -  Total Remote Usage
		Usr 0 00:00:00, Sys 0 00:00:00  -  Total Local Usage
	4154  -  Run Bytes Sent By Job
	698  -  Run Bytes Received By Job
	4154  -  Total Bytes Sent By Job
	698  -  Total Bytes Received By Job
	Partitionable Resources :    Usage  Request Allocated 
	   Cpus                 :                 1         1 
	   Disk (KB)            :       19        1    278074 
	   Memory (MB)          :       95     2000      2000 
...
