000 (5018982.000.000) 04/07 11:07:00 Job submitted from host: <137.138.156.150:9618?addrs=137.138.156.150-9618+[2001-1458-d00-14--9a]-9618&alias=bigbird13.cern.ch&noUDP&sock=schedd_1774_6519_19>
...
040 (5018982.000.000) 04/07 11:07:04 Started transferring input files
	Transferring to host: <128.142.193.207:9618?addrs=128.142.193.207-9618+[2001-1458-301-cc--100-21b]-9618&noUDP&sock=18972_3d7d_107448>
...
040 (5018982.000.000) 04/07 11:07:04 Finished transferring input files
...
001 (5018982.000.000) 04/07 11:07:05 Job executing on host: <128.142.193.207:9618?addrs=128.142.193.207-9618+[2001-1458-301-cc--100-21b]-9618&noUDP&sock=18835_d264_3>
...
006 (5018982.000.000) 04/07 11:07:13 Image size of job updated: 161976
	97  -  MemoryUsage of job (MB)
	98744  -  ResidentSetSize of job (KB)
...
006 (5018982.000.000) 04/07 11:09:36 Image size of job updated: 166636
	97  -  MemoryUsage of job (MB)
	98744  -  ResidentSetSize of job (KB)
...
040 (5018982.000.000) 04/07 11:09:36 Started transferring output files
...
040 (5018982.000.000) 04/07 11:09:36 Finished transferring output files
...
005 (5018982.000.000) 04/07 11:09:36 Job terminated.
	(1) Normal termination (return value 0)
		Usr 0 00:01:29, Sys 0 00:00:01  -  Run Remote Usage
		Usr 0 00:00:00, Sys 0 00:00:00  -  Run Local Usage
		Usr 0 00:01:29, Sys 0 00:00:01  -  Total Remote Usage
		Usr 0 00:00:00, Sys 0 00:00:00  -  Total Local Usage
	4154  -  Run Bytes Sent By Job
	698  -  Run Bytes Received By Job
	4154  -  Total Bytes Sent By Job
	698  -  Total Bytes Received By Job
	Partitionable Resources :    Usage  Request Allocated 
	   Cpus                 :     0.76        1         1 
	   Disk (KB)            :    27           1    279586 
	   Memory (MB)          :    97        2000      2000 
...
