000 (5018973.000.000) 04/07 11:06:25 Job submitted from host: <137.138.156.150:9618?addrs=137.138.156.150-9618+[2001-1458-d00-14--9a]-9618&alias=bigbird13.cern.ch&noUDP&sock=schedd_1774_6519_19>
...
040 (5018973.000.000) 04/07 11:06:40 Started transferring input files
	Transferring to host: <128.142.80.207:9618?addrs=128.142.80.207-9618+[2001-1458-301-f5--100-3fc]-9618&alias=b7s13n8453.cern.ch&noUDP&sock=slot1_6_20866_bc0a_39916>
...
040 (5018973.000.000) 04/07 11:06:40 Finished transferring input files
...
001 (5018973.000.000) 04/07 11:06:41 Job executing on host: <128.142.80.207:9618?addrs=128.142.80.207-9618+[2001-1458-301-f5--100-3fc]-9618&alias=b7s13n8453.cern.ch&noUDP&sock=startd_16684_6a2d>
...
006 (5018973.000.000) 04/07 11:06:49 Image size of job updated: 391352
	92  -  MemoryUsage of job (MB)
	93424  -  ResidentSetSize of job (KB)
...
006 (5018973.000.000) 04/07 11:07:07 Image size of job updated: 471580
	92  -  MemoryUsage of job (MB)
	93424  -  ResidentSetSize of job (KB)
...
040 (5018973.000.000) 04/07 11:07:07 Started transferring output files
...
040 (5018973.000.000) 04/07 11:07:07 Finished transferring output files
...
005 (5018973.000.000) 04/07 11:07:07 Job terminated.
	(1) Normal termination (return value 0)
		Usr 0 00:00:15, Sys 0 00:00:00  -  Run Remote Usage
		Usr 0 00:00:00, Sys 0 00:00:00  -  Run Local Usage
		Usr 0 00:00:15, Sys 0 00:00:00  -  Total Remote Usage
		Usr 0 00:00:00, Sys 0 00:00:00  -  Total Local Usage
	4154  -  Run Bytes Sent By Job
	698  -  Run Bytes Received By Job
	4154  -  Total Bytes Sent By Job
	698  -  Total Bytes Received By Job
	Partitionable Resources :    Usage  Request Allocated 
	   Cpus                 :                 1         1 
	   Disk (KB)            :       19        1    281527 
	   Memory (MB)          :       92     2000      2000 
...
