000 (5003837.000.000) 04/06 10:46:51 Job submitted from host: <137.138.156.150:9618?addrs=137.138.156.150-9618+[2001-1458-d00-14--9a]-9618&alias=bigbird13.cern.ch&noUDP&sock=schedd_1774_6519_19>
...
040 (5003837.000.000) 04/06 10:59:23 Started transferring input files
	Transferring to host: <128.142.85.28:9618?addrs=128.142.85.28-9618+[2001-1458-301-f6--100-28b]-9618&noUDP&sock=16392_6594_55567>
...
040 (5003837.000.000) 04/06 10:59:23 Finished transferring input files
...
001 (5003837.000.000) 04/06 10:59:24 Job executing on host: <128.142.85.28:9618?addrs=128.142.85.28-9618+[2001-1458-301-f6--100-28b]-9618&noUDP&sock=16235_7027_3>
...
006 (5003837.000.000) 04/06 10:59:32 Image size of job updated: 148232
	84  -  MemoryUsage of job (MB)
	85864  -  ResidentSetSize of job (KB)
...
006 (5003837.000.000) 04/06 11:04:20 Image size of job updated: 168884
	84  -  MemoryUsage of job (MB)
	85864  -  ResidentSetSize of job (KB)
...
040 (5003837.000.000) 04/06 11:04:20 Started transferring output files
...
040 (5003837.000.000) 04/06 11:04:20 Finished transferring output files
...
005 (5003837.000.000) 04/06 11:04:20 Job terminated.
	(1) Normal termination (return value 0)
		Usr 0 00:01:32, Sys 0 00:00:02  -  Run Remote Usage
		Usr 0 00:00:00, Sys 0 00:00:00  -  Run Local Usage
		Usr 0 00:01:32, Sys 0 00:00:02  -  Total Remote Usage
		Usr 0 00:00:00, Sys 0 00:00:00  -  Total Local Usage
	4154  -  Run Bytes Sent By Job
	716  -  Run Bytes Received By Job
	4154  -  Total Bytes Sent By Job
	716  -  Total Bytes Received By Job
	Partitionable Resources :    Usage  Request Allocated 
	   Cpus                 :     0.00        1         1 
	   Disk (KB)            :    26           1    260710 
	   Memory (MB)          :    84        2000      2000 
...
