000 (5003838.000.000) 04/06 10:46:53 Job submitted from host: <137.138.156.150:9618?addrs=137.138.156.150-9618+[2001-1458-d00-14--9a]-9618&alias=bigbird13.cern.ch&noUDP&sock=schedd_1774_6519_19>
...
040 (5003838.000.000) 04/06 10:59:08 Started transferring input files
	Transferring to host: <128.142.69.63:9618?addrs=128.142.69.63-9618+[2001-1458-301-52--100-246]-9618&alias=b7s10n0627.cern.ch&noUDP&sock=slot1_2_26779_fa5a_61782>
...
040 (5003838.000.000) 04/06 10:59:08 Finished transferring input files
...
001 (5003838.000.000) 04/06 10:59:09 Job executing on host: <128.142.69.63:9618?addrs=128.142.69.63-9618+[2001-1458-301-52--100-246]-9618&alias=b7s10n0627.cern.ch&noUDP&sock=startd_18101_5be0>
...
006 (5003838.000.000) 04/06 10:59:17 Image size of job updated: 374956
	90  -  MemoryUsage of job (MB)
	91672  -  ResidentSetSize of job (KB)
...
006 (5003838.000.000) 04/06 11:02:59 Image size of job updated: 478308
	90  -  MemoryUsage of job (MB)
	91768  -  ResidentSetSize of job (KB)
...
040 (5003838.000.000) 04/06 11:02:59 Started transferring output files
...
040 (5003838.000.000) 04/06 11:02:59 Finished transferring output files
...
005 (5003838.000.000) 04/06 11:02:59 Job terminated.
	(1) Normal termination (return value 0)
		Usr 0 00:01:12, Sys 0 00:00:02  -  Run Remote Usage
		Usr 0 00:00:00, Sys 0 00:00:00  -  Run Local Usage
		Usr 0 00:01:12, Sys 0 00:00:02  -  Total Remote Usage
		Usr 0 00:00:00, Sys 0 00:00:00  -  Total Local Usage
	4154  -  Run Bytes Sent By Job
	716  -  Run Bytes Received By Job
	4154  -  Total Bytes Sent By Job
	716  -  Total Bytes Received By Job
	Partitionable Resources :    Usage  Request Allocated 
	   Cpus                 :                 1         1 
	   Disk (KB)            :       18        1    289095 
	   Memory (MB)          :       90     2000      2000 
...
