000 (5003839.000.000) 04/06 10:46:55 Job submitted from host: <137.138.156.150:9618?addrs=137.138.156.150-9618+[2001-1458-d00-14--9a]-9618&alias=bigbird13.cern.ch&noUDP&sock=schedd_1774_6519_19>
...
040 (5003839.000.000) 04/06 10:59:08 Started transferring input files
	Transferring to host: <188.184.169.249:9618?addrs=188.184.169.249-9618+[2001-1458-301-c0--100-6c]-9618&noUDP&sock=5210_aa8d_10835>
...
040 (5003839.000.000) 04/06 10:59:08 Finished transferring input files
...
001 (5003839.000.000) 04/06 10:59:09 Job executing on host: <188.184.169.249:9618?addrs=188.184.169.249-9618+[2001-1458-301-c0--100-6c]-9618&noUDP&sock=3586_46b5_3>
...
006 (5003839.000.000) 04/06 10:59:17 Image size of job updated: 148200
	84  -  MemoryUsage of job (MB)
	85840  -  ResidentSetSize of job (KB)
...
006 (5003839.000.000) 04/06 11:03:45 Image size of job updated: 163072
	84  -  MemoryUsage of job (MB)
	85840  -  ResidentSetSize of job (KB)
...
040 (5003839.000.000) 04/06 11:03:45 Started transferring output files
...
040 (5003839.000.000) 04/06 11:03:45 Finished transferring output files
...
005 (5003839.000.000) 04/06 11:03:45 Job terminated.
	(1) Normal termination (return value 0)
		Usr 0 00:00:45, Sys 0 00:00:01  -  Run Remote Usage
		Usr 0 00:00:00, Sys 0 00:00:00  -  Run Local Usage
		Usr 0 00:00:45, Sys 0 00:00:01  -  Total Remote Usage
		Usr 0 00:00:00, Sys 0 00:00:00  -  Total Local Usage
	4154  -  Run Bytes Sent By Job
	716  -  Run Bytes Received By Job
	4154  -  Total Bytes Sent By Job
	716  -  Total Bytes Received By Job
	Partitionable Resources :    Usage  Request Allocated 
	   Cpus                 :     0.12        1         1 
	   Disk (KB)            :    26           1    283146 
	   Memory (MB)          :    84        2000      2000 
...
