000 (5003833.000.000) 04/06 10:46:43 Job submitted from host: <137.138.156.150:9618?addrs=137.138.156.150-9618+[2001-1458-d00-14--9a]-9618&alias=bigbird13.cern.ch&noUDP&sock=schedd_1774_6519_19>
...
040 (5003833.000.000) 04/06 10:59:06 Started transferring input files
	Transferring to host: <188.184.198.92:9618?addrs=188.184.198.92-9618+[2001-1458-301-c1--100-3e8]-9618&noUDP&sock=3768_a592_10724>
...
040 (5003833.000.000) 04/06 10:59:06 Finished transferring input files
...
001 (5003833.000.000) 04/06 10:59:07 Job executing on host: <188.184.198.92:9618?addrs=188.184.198.92-9618+[2001-1458-301-c1--100-3e8]-9618&noUDP&sock=2898_5d8c_3>
...
006 (5003833.000.000) 04/06 10:59:16 Image size of job updated: 156376
	91  -  MemoryUsage of job (MB)
	92816  -  ResidentSetSize of job (KB)
...
006 (5003833.000.000) 04/06 11:00:43 Image size of job updated: 162460
	91  -  MemoryUsage of job (MB)
	92816  -  ResidentSetSize of job (KB)
...
040 (5003833.000.000) 04/06 11:00:43 Started transferring output files
...
040 (5003833.000.000) 04/06 11:00:43 Finished transferring output files
...
005 (5003833.000.000) 04/06 11:00:43 Job terminated.
	(1) Normal termination (return value 0)
		Usr 0 00:00:36, Sys 0 00:00:01  -  Run Remote Usage
		Usr 0 00:00:00, Sys 0 00:00:00  -  Run Local Usage
		Usr 0 00:00:36, Sys 0 00:00:01  -  Total Remote Usage
		Usr 0 00:00:00, Sys 0 00:00:00  -  Total Local Usage
	4154  -  Run Bytes Sent By Job
	716  -  Run Bytes Received By Job
	4154  -  Total Bytes Sent By Job
	716  -  Total Bytes Received By Job
	Partitionable Resources :    Usage  Request Allocated 
	   Cpus                 :     0.37        1         1 
	   Disk (KB)            :    26           1    271642 
	   Memory (MB)          :    91        2000      2000 
...
