000 (5003834.000.000) 04/06 10:46:45 Job submitted from host: <137.138.156.150:9618?addrs=137.138.156.150-9618+[2001-1458-d00-14--9a]-9618&alias=bigbird13.cern.ch&noUDP&sock=schedd_1774_6519_19>
...
040 (5003834.000.000) 04/06 10:59:06 Started transferring input files
	Transferring to host: <188.184.198.183:9618?addrs=188.184.198.183-9618+[2001-1458-301-c1--100-a6]-9618&noUDP&sock=17958_c913_106984>
...
040 (5003834.000.000) 04/06 10:59:06 Finished transferring input files
...
001 (5003834.000.000) 04/06 10:59:07 Job executing on host: <188.184.198.183:9618?addrs=188.184.198.183-9618+[2001-1458-301-c1--100-a6]-9618&noUDP&sock=17823_ac8c_3>
...
006 (5003834.000.000) 04/06 10:59:16 Image size of job updated: 161640
	96  -  MemoryUsage of job (MB)
	98064  -  ResidentSetSize of job (KB)
...
006 (5003834.000.000) 04/06 11:01:02 Image size of job updated: 164712
	96  -  MemoryUsage of job (MB)
	98064  -  ResidentSetSize of job (KB)
...
040 (5003834.000.000) 04/06 11:01:02 Started transferring output files
...
040 (5003834.000.000) 04/06 11:01:02 Finished transferring output files
...
005 (5003834.000.000) 04/06 11:01:02 Job terminated.
	(1) Normal termination (return value 0)
		Usr 0 00:00:55, Sys 0 00:00:01  -  Run Remote Usage
		Usr 0 00:00:00, Sys 0 00:00:00  -  Run Local Usage
		Usr 0 00:00:55, Sys 0 00:00:01  -  Total Remote Usage
		Usr 0 00:00:00, Sys 0 00:00:00  -  Total Local Usage
	4154  -  Run Bytes Sent By Job
	716  -  Run Bytes Received By Job
	4154  -  Total Bytes Sent By Job
	716  -  Total Bytes Received By Job
	Partitionable Resources :    Usage  Request Allocated 
	   Cpus                 :        0        1         1 
	   Disk (KB)            :       26        1    280712 
	   Memory (MB)          :       96     2000      2000 
...
