000 (5003835.000.000) 04/06 10:46:46 Job submitted from host: <137.138.156.150:9618?addrs=137.138.156.150-9618+[2001-1458-d00-14--9a]-9618&alias=bigbird13.cern.ch&noUDP&sock=schedd_1774_6519_19>
...
040 (5003835.000.000) 04/06 10:59:23 Started transferring input files
	Transferring to host: <128.142.80.192:9618?addrs=128.142.80.192-9618+[2001-1458-301-f5--100-704]-9618&noUDP&sock=16055_f326_63128>
...
040 (5003835.000.000) 04/06 10:59:23 Finished transferring input files
...
001 (5003835.000.000) 04/06 10:59:24 Job executing on host: <128.142.80.192:9618?addrs=128.142.80.192-9618+[2001-1458-301-f5--100-704]-9618&noUDP&sock=15896_e98c_3>
...
006 (5003835.000.000) 04/06 10:59:32 Image size of job updated: 160944
	96  -  MemoryUsage of job (MB)
	97376  -  ResidentSetSize of job (KB)
...
006 (5003835.000.000) 04/06 11:03:10 Image size of job updated: 165016
	96  -  MemoryUsage of job (MB)
	97376  -  ResidentSetSize of job (KB)
...
040 (5003835.000.000) 04/06 11:03:10 Started transferring output files
...
040 (5003835.000.000) 04/06 11:03:10 Finished transferring output files
...
005 (5003835.000.000) 04/06 11:03:11 Job terminated.
	(1) Normal termination (return value 0)
		Usr 0 00:01:02, Sys 0 00:00:01  -  Run Remote Usage
		Usr 0 00:00:00, Sys 0 00:00:00  -  Run Local Usage
		Usr 0 00:01:02, Sys 0 00:00:01  -  Total Remote Usage
		Usr 0 00:00:00, Sys 0 00:00:00  -  Total Local Usage
	4154  -  Run Bytes Sent By Job
	716  -  Run Bytes Received By Job
	4154  -  Total Bytes Sent By Job
	716  -  Total Bytes Received By Job
	Partitionable Resources :    Usage  Request Allocated 
	   Cpus                 :     0.19        1         1 
	   Disk (KB)            :    26           1    215892 
	   Memory (MB)          :    96        2000      2000 
...
