000 (5003848.000.000) 04/06 10:47:14 Job submitted from host: <137.138.156.150:9618?addrs=137.138.156.150-9618+[2001-1458-d00-14--9a]-9618&alias=bigbird13.cern.ch&noUDP&sock=schedd_1774_6519_19>
...
040 (5003848.000.000) 04/06 10:59:11 Started transferring input files
	Transferring to host: <128.142.75.246:9618?addrs=128.142.75.246-9618+[2001-1458-301-75--100-649]-9618&noUDP&sock=16866_5f67_65131>
...
040 (5003848.000.000) 04/06 10:59:11 Finished transferring input files
...
001 (5003848.000.000) 04/06 10:59:12 Job executing on host: <128.142.75.246:9618?addrs=128.142.75.246-9618+[2001-1458-301-75--100-649]-9618&noUDP&sock=16710_3fa4_3>
...
006 (5003848.000.000) 04/06 10:59:20 Image size of job updated: 156208
	91  -  MemoryUsage of job (MB)
	92660  -  ResidentSetSize of job (KB)
...
006 (5003848.000.000) 04/06 11:01:42 Image size of job updated: 164752
	91  -  MemoryUsage of job (MB)
	92660  -  ResidentSetSize of job (KB)
...
040 (5003848.000.000) 04/06 11:01:42 Started transferring output files
...
040 (5003848.000.000) 04/06 11:01:42 Finished transferring output files
...
005 (5003848.000.000) 04/06 11:01:43 Job terminated.
	(1) Normal termination (return value 0)
		Usr 0 00:00:58, Sys 0 00:00:01  -  Run Remote Usage
		Usr 0 00:00:00, Sys 0 00:00:00  -  Run Local Usage
		Usr 0 00:00:58, Sys 0 00:00:01  -  Total Remote Usage
		Usr 0 00:00:00, Sys 0 00:00:00  -  Total Local Usage
	4154  -  Run Bytes Sent By Job
	696  -  Run Bytes Received By Job
	4154  -  Total Bytes Sent By Job
	696  -  Total Bytes Received By Job
	Partitionable Resources :    Usage  Request Allocated 
	   Cpus                 :        0        1         1 
	   Disk (KB)            :       26        1    249703 
	   Memory (MB)          :       91     2000      2000 
...
