000 (5003847.000.000) 04/06 10:47:11 Job submitted from host: <137.138.156.150:9618?addrs=137.138.156.150-9618+[2001-1458-d00-14--9a]-9618&alias=bigbird13.cern.ch&noUDP&sock=schedd_1774_6519_19>
...
040 (5003847.000.000) 04/06 10:59:11 Started transferring input files
	Transferring to host: <128.142.82.243:9618?addrs=128.142.82.243-9618+[2001-1458-301-f5--100-513]-9618&alias=b7s13n2968.cern.ch&noUDP&sock=slot1_2_5528_b9da_3638>
...
040 (5003847.000.000) 04/06 10:59:11 Finished transferring input files
...
001 (5003847.000.000) 04/06 10:59:12 Job executing on host: <128.142.82.243:9618?addrs=128.142.82.243-9618+[2001-1458-301-f5--100-513]-9618&alias=b7s13n2968.cern.ch&noUDP&sock=startd_4068_e35b>
...
006 (5003847.000.000) 04/06 10:59:20 Image size of job updated: 160544
	95  -  MemoryUsage of job (MB)
	96964  -  ResidentSetSize of job (KB)
...
006 (5003847.000.000) 04/06 11:01:49 Image size of job updated: 477920
	95  -  MemoryUsage of job (MB)
	96964  -  ResidentSetSize of job (KB)
...
040 (5003847.000.000) 04/06 11:01:49 Started transferring output files
...
040 (5003847.000.000) 04/06 11:01:49 Finished transferring output files
...
005 (5003847.000.000) 04/06 11:01:49 Job terminated.
	(1) Normal termination (return value 0)
		Usr 0 00:01:15, Sys 0 00:00:01  -  Run Remote Usage
		Usr 0 00:00:00, Sys 0 00:00:00  -  Run Local Usage
		Usr 0 00:01:15, Sys 0 00:00:01  -  Total Remote Usage
		Usr 0 00:00:00, Sys 0 00:00:00  -  Total Local Usage
	4154  -  Run Bytes Sent By Job
	696  -  Run Bytes Received By Job
	4154  -  Total Bytes Sent By Job
	696  -  Total Bytes Received By Job
	Partitionable Resources :    Usage  Request Allocated 
	   Cpus                 :                 1         1 
	   Disk (KB)            :       18        1    274647 
	   Memory (MB)          :       95     2000      2000 
...
