000 (5003849.000.000) 04/06 10:47:15 Job submitted from host: <137.138.156.150:9618?addrs=137.138.156.150-9618+[2001-1458-d00-14--9a]-9618&alias=bigbird13.cern.ch&noUDP&sock=schedd_1774_6519_19>
...
040 (5003849.000.000) 04/06 10:59:11 Started transferring input files
	Transferring to host: <128.142.69.8:9618?addrs=128.142.69.8-9618+[2001-1458-301-52--100-4c5]-9618&alias=b7s10n0644.cern.ch&noUDP&sock=slot1_5_2575_1202_46935>
...
040 (5003849.000.000) 04/06 10:59:11 Finished transferring input files
...
001 (5003849.000.000) 04/06 10:59:12 Job executing on host: <128.142.69.8:9618?addrs=128.142.69.8-9618+[2001-1458-301-52--100-4c5]-9618&alias=b7s10n0644.cern.ch&noUDP&sock=startd_2368_d45b>
...
006 (5003849.000.000) 04/06 10:59:21 Image size of job updated: 275016
	26  -  MemoryUsage of job (MB)
	26204  -  ResidentSetSize of job (KB)
...
006 (5003849.000.000) 04/06 11:04:22 Image size of job updated: 478536
	100  -  MemoryUsage of job (MB)
	101476  -  ResidentSetSize of job (KB)
...
040 (5003849.000.000) 04/06 11:07:12 Started transferring output files
...
040 (5003849.000.000) 04/06 11:07:12 Finished transferring output files
...
005 (5003849.000.000) 04/06 11:07:12 Job terminated.
	(1) Normal termination (return value 0)
		Usr 0 00:01:46, Sys 0 00:00:03  -  Run Remote Usage
		Usr 0 00:00:00, Sys 0 00:00:00  -  Run Local Usage
		Usr 0 00:01:46, Sys 0 00:00:03  -  Total Remote Usage
		Usr 0 00:00:00, Sys 0 00:00:00  -  Total Local Usage
	4154  -  Run Bytes Sent By Job
	696  -  Run Bytes Received By Job
	4154  -  Total Bytes Sent By Job
	696  -  Total Bytes Received By Job
	Partitionable Resources :    Usage  Request Allocated 
	   Cpus                 :     0.19        1         1 
	   Disk (KB)            :    25           1    280204 
	   Memory (MB)          :   100        2000      2000 
...
