000 (5003845.000.000) 04/06 10:47:09 Job submitted from host: <137.138.156.150:9618?addrs=137.138.156.150-9618+[2001-1458-d00-14--9a]-9618&alias=bigbird13.cern.ch&noUDP&sock=schedd_1774_6519_19>
...
040 (5003845.000.000) 04/06 10:59:09 Started transferring input files
	Transferring to host: <128.142.69.114:9618?addrs=128.142.69.114-9618+[2001-1458-301-52--100-10c]-9618&alias=b7s10n0555.cern.ch&noUDP&sock=slot1_8_4231_df45_3605>
...
040 (5003845.000.000) 04/06 10:59:09 Finished transferring input files
...
001 (5003845.000.000) 04/06 10:59:10 Job executing on host: <128.142.69.114:9618?addrs=128.142.69.114-9618+[2001-1458-301-52--100-10c]-9618&alias=b7s10n0555.cern.ch&noUDP&sock=startd_3836_c162>
...
006 (5003845.000.000) 04/06 10:59:19 Image size of job updated: 411504
	83  -  MemoryUsage of job (MB)
	84148  -  ResidentSetSize of job (KB)
...
006 (5003845.000.000) 04/06 10:59:48 Image size of job updated: 471732
	83  -  MemoryUsage of job (MB)
	84148  -  ResidentSetSize of job (KB)
...
040 (5003845.000.000) 04/06 10:59:48 Started transferring output files
...
040 (5003845.000.000) 04/06 10:59:48 Finished transferring output files
...
005 (5003845.000.000) 04/06 10:59:48 Job terminated.
	(1) Normal termination (return value 0)
		Usr 0 00:00:16, Sys 0 00:00:00  -  Run Remote Usage
		Usr 0 00:00:00, Sys 0 00:00:00  -  Run Local Usage
		Usr 0 00:00:16, Sys 0 00:00:00  -  Total Remote Usage
		Usr 0 00:00:00, Sys 0 00:00:00  -  Total Local Usage
	4154  -  Run Bytes Sent By Job
	696  -  Run Bytes Received By Job
	4154  -  Total Bytes Sent By Job
	696  -  Total Bytes Received By Job
	Partitionable Resources :    Usage  Request Allocated 
	   Cpus                 :                 1         1 
	   Disk (KB)            :       18        1    235856 
	   Memory (MB)          :       83     2000      2000 
...
