000 (5003846.000.000) 04/06 10:47:10 Job submitted from host: <137.138.156.150:9618?addrs=137.138.156.150-9618+[2001-1458-d00-14--9a]-9618&alias=bigbird13.cern.ch&noUDP&sock=schedd_1774_6519_19>
...
040 (5003846.000.000) 04/06 10:59:09 Started transferring input files
	Transferring to host: <128.142.67.137:9618?addrs=128.142.67.137-9618+[2001-1458-301-4c--100-2de]-9618&alias=b7s09n1330.cern.ch&noUDP&sock=slot1_5_12146_b4a7_44394>
...
040 (5003846.000.000) 04/06 10:59:09 Finished transferring input files
...
001 (5003846.000.000) 04/06 10:59:10 Job executing on host: <128.142.67.137:9618?addrs=128.142.67.137-9618+[2001-1458-301-4c--100-2de]-9618&alias=b7s09n1330.cern.ch&noUDP&sock=startd_2104_bf5a>
...
006 (5003846.000.000) 04/06 10:59:19 Image size of job updated: 411528
	95  -  MemoryUsage of job (MB)
	96304  -  ResidentSetSize of job (KB)
...
006 (5003846.000.000) 04/06 11:01:44 Image size of job updated: 478248
	95  -  MemoryUsage of job (MB)
	96304  -  ResidentSetSize of job (KB)
...
040 (5003846.000.000) 04/06 11:01:44 Started transferring output files
...
040 (5003846.000.000) 04/06 11:01:44 Finished transferring output files
...
005 (5003846.000.000) 04/06 11:01:44 Job terminated.
	(1) Normal termination (return value 0)
		Usr 0 00:01:25, Sys 0 00:00:02  -  Run Remote Usage
		Usr 0 00:00:00, Sys 0 00:00:00  -  Run Local Usage
		Usr 0 00:01:25, Sys 0 00:00:02  -  Total Remote Usage
		Usr 0 00:00:00, Sys 0 00:00:00  -  Total Local Usage
	4154  -  Run Bytes Sent By Job
	696  -  Run Bytes Received By Job
	4154  -  Total Bytes Sent By Job
	696  -  Total Bytes Received By Job
	Partitionable Resources :    Usage  Request Allocated 
	   Cpus                 :     0.69        1         1 
	   Disk (KB)            :    25           1    280978 
	   Memory (MB)          :    95        2000      2000 
...
