000 (5003860.000.000) 04/06 10:47:32 Job submitted from host: <137.138.156.150:9618?addrs=137.138.156.150-9618+[2001-1458-d00-14--9a]-9618&alias=bigbird13.cern.ch&noUDP&sock=schedd_1774_6519_19>
...
040 (5003860.000.000) 04/06 10:59:16 Started transferring input files
	Transferring to host: <128.142.77.242:9618?addrs=128.142.77.242-9618+[2001-1458-301-f4--100-518]-9618&noUDP&sock=5164_414b_3514>
...
040 (5003860.000.000) 04/06 10:59:16 Finished transferring input files
...
001 (5003860.000.000) 04/06 10:59:17 Job executing on host: <128.142.77.242:9618?addrs=128.142.77.242-9618+[2001-1458-301-f4--100-518]-9618&noUDP&sock=4034_9123_3>
...
006 (5003860.000.000) 04/06 10:59:26 Image size of job updated: 157836
	93  -  MemoryUsage of job (MB)
	94276  -  ResidentSetSize of job (KB)
...
006 (5003860.000.000) 04/06 11:00:32 Image size of job updated: 161396
	93  -  MemoryUsage of job (MB)
	94276  -  ResidentSetSize of job (KB)
...
040 (5003860.000.000) 04/06 11:00:32 Started transferring output files
...
040 (5003860.000.000) 04/06 11:00:32 Finished transferring output files
...
005 (5003860.000.000) 04/06 11:00:32 Job terminated.
	(1) Normal termination (return value 0)
		Usr 0 00:00:29, Sys 0 00:00:00  -  Run Remote Usage
		Usr 0 00:00:00, Sys 0 00:00:00  -  Run Local Usage
		Usr 0 00:00:29, Sys 0 00:00:00  -  Total Remote Usage
		Usr 0 00:00:00, Sys 0 00:00:00  -  Total Local Usage
	4154  -  Run Bytes Sent By Job
	731  -  Run Bytes Received By Job
	4154  -  Total Bytes Sent By Job
	731  -  Total Bytes Received By Job
	Partitionable Resources :    Usage  Request Allocated 
	   Cpus                 :        0        1         1 
	   Disk (KB)            :       26        1    285275 
	   Memory (MB)          :       93     2000      2000 
...
