000 (5003864.000.000) 04/06 10:47:42 Job submitted from host: <137.138.156.150:9618?addrs=137.138.156.150-9618+[2001-1458-d00-14--9a]-9618&alias=bigbird13.cern.ch&noUDP&sock=schedd_1774_6519_19>
...
040 (5003864.000.000) 04/06 10:59:17 Started transferring input files
	Transferring to host: <128.142.87.26:9618?addrs=128.142.87.26-9618+[2001-1458-301-f6--100-296]-9618&alias=b7s14n6807.cern.ch&noUDP&sock=slot1_7_28541_7762_44014>
...
040 (5003864.000.000) 04/06 10:59:17 Finished transferring input files
...
001 (5003864.000.000) 04/06 10:59:18 Job executing on host: <128.142.87.26:9618?addrs=128.142.87.26-9618+[2001-1458-301-f6--100-296]-9618&alias=b7s14n6807.cern.ch&noUDP&sock=startd_16697_54e8>
...
006 (5003864.000.000) 04/06 10:59:27 Image size of job updated: 415700
	86  -  MemoryUsage of job (MB)
	87984  -  ResidentSetSize of job (KB)
...
006 (5003864.000.000) 04/06 11:00:14 Image size of job updated: 474120
	86  -  MemoryUsage of job (MB)
	87984  -  ResidentSetSize of job (KB)
...
040 (5003864.000.000) 04/06 11:00:14 Started transferring output files
...
040 (5003864.000.000) 04/06 11:00:14 Finished transferring output files
...
005 (5003864.000.000) 04/06 11:00:14 Job terminated.
	(1) Normal termination (return value 0)
		Usr 0 00:00:23, Sys 0 00:00:00  -  Run Remote Usage
		Usr 0 00:00:00, Sys 0 00:00:00  -  Run Local Usage
		Usr 0 00:00:23, Sys 0 00:00:00  -  Total Remote Usage
		Usr 0 00:00:00, Sys 0 00:00:00  -  Total Local Usage
	4154  -  Run Bytes Sent By Job
	731  -  Run Bytes Received By Job
	4154  -  Total Bytes Sent By Job
	731  -  Total Bytes Received By Job
	Partitionable Resources :    Usage  Request Allocated 
	   Cpus                 :                 1         1 
	   Disk (KB)            :       18        1    293880 
	   Memory (MB)          :       86     2000      2000 
...
