000 (5003865.000.000) 04/06 10:47:44 Job submitted from host: <137.138.156.150:9618?addrs=137.138.156.150-9618+[2001-1458-d00-14--9a]-9618&alias=bigbird13.cern.ch&noUDP&sock=schedd_1774_6519_19>
...
040 (5003865.000.000) 04/06 10:59:19 Started transferring input files
	Transferring to host: <128.142.66.82:9618?addrs=128.142.66.82-9618+[2001-1458-301-4c--100-42d]-9618&alias=b7s09n6710.cern.ch&noUDP&sock=slot1_5_14767_6ff2_11103>
...
040 (5003865.000.000) 04/06 10:59:19 Finished transferring input files
...
001 (5003865.000.000) 04/06 10:59:20 Job executing on host: <128.142.66.82:9618?addrs=128.142.66.82-9618+[2001-1458-301-4c--100-42d]-9618&alias=b7s09n6710.cern.ch&noUDP&sock=startd_4780_42c9>
...
006 (5003865.000.000) 04/06 10:59:28 Image size of job updated: 158200
	93  -  MemoryUsage of job (MB)
	94648  -  ResidentSetSize of job (KB)
...
006 (5003865.000.000) 04/06 11:00:01 Image size of job updated: 472540
	93  -  MemoryUsage of job (MB)
	94648  -  ResidentSetSize of job (KB)
...
040 (5003865.000.000) 04/06 11:00:01 Started transferring output files
...
040 (5003865.000.000) 04/06 11:00:01 Finished transferring output files
...
005 (5003865.000.000) 04/06 11:00:01 Job terminated.
	(1) Normal termination (return value 0)
		Usr 0 00:00:20, Sys 0 00:00:01  -  Run Remote Usage
		Usr 0 00:00:00, Sys 0 00:00:00  -  Run Local Usage
		Usr 0 00:00:20, Sys 0 00:00:01  -  Total Remote Usage
		Usr 0 00:00:00, Sys 0 00:00:00  -  Total Local Usage
	4154  -  Run Bytes Sent By Job
	731  -  Run Bytes Received By Job
	4154  -  Total Bytes Sent By Job
	731  -  Total Bytes Received By Job
	Partitionable Resources :    Usage  Request Allocated 
	   Cpus                 :                 1         1 
	   Disk (KB)            :       18        1    282094 
	   Memory (MB)          :       93     2000      2000 
...
