000 (5003862.000.000) 04/06 10:47:37 Job submitted from host: <137.138.156.150:9618?addrs=137.138.156.150-9618+[2001-1458-d00-14--9a]-9618&alias=bigbird13.cern.ch&noUDP&sock=schedd_1774_6519_19>
...
040 (5003862.000.000) 04/06 10:59:17 Started transferring input files
	Transferring to host: <128.142.87.171:9618?addrs=128.142.87.171-9618+[2001-1458-301-f6--100-cc]-9618&noUDP&sock=8304_ab4b_3598>
...
040 (5003862.000.000) 04/06 10:59:17 Finished transferring input files
...
001 (5003862.000.000) 04/06 10:59:18 Job executing on host: <128.142.87.171:9618?addrs=128.142.87.171-9618+[2001-1458-301-f6--100-cc]-9618&noUDP&sock=6759_b0b6_3>
...
006 (5003862.000.000) 04/06 10:59:27 Image size of job updated: 157404
	92  -  MemoryUsage of job (MB)
	93900  -  ResidentSetSize of job (KB)
...
006 (5003862.000.000) 04/06 11:00:19 Image size of job updated: 159620
	92  -  MemoryUsage of job (MB)
	93900  -  ResidentSetSize of job (KB)
...
040 (5003862.000.000) 04/06 11:00:19 Started transferring output files
...
040 (5003862.000.000) 04/06 11:00:19 Finished transferring output files
...
005 (5003862.000.000) 04/06 11:00:19 Job terminated.
	(1) Normal termination (return value 0)
		Usr 0 00:00:21, Sys 0 00:00:00  -  Run Remote Usage
		Usr 0 00:00:00, Sys 0 00:00:00  -  Run Local Usage
		Usr 0 00:00:21, Sys 0 00:00:00  -  Total Remote Usage
		Usr 0 00:00:00, Sys 0 00:00:00  -  Total Local Usage
	4154  -  Run Bytes Sent By Job
	731  -  Run Bytes Received By Job
	4154  -  Total Bytes Sent By Job
	731  -  Total Bytes Received By Job
	Partitionable Resources :    Usage  Request Allocated 
	   Cpus                 :     0.03        1         1 
	   Disk (KB)            :    26           1    240693 
	   Memory (MB)          :    92        2000      2000 
...
