000 (5003861.000.000) 04/06 10:47:34 Job submitted from host: <137.138.156.150:9618?addrs=137.138.156.150-9618+[2001-1458-d00-14--9a]-9618&alias=bigbird13.cern.ch&noUDP&sock=schedd_1774_6519_19>
...
040 (5003861.000.000) 04/06 10:59:16 Started transferring input files
	Transferring to host: <128.142.78.110:9618?addrs=128.142.78.110-9618+[2001-1458-301-f4--100-566]-9618&alias=b7s12n3200.cern.ch&noUDP&sock=slot1_8_4290_7168_3588>
...
040 (5003861.000.000) 04/06 10:59:16 Finished transferring input files
...
001 (5003861.000.000) 04/06 10:59:17 Job executing on host: <128.142.78.110:9618?addrs=128.142.78.110-9618+[2001-1458-301-f4--100-566]-9618&alias=b7s12n3200.cern.ch&noUDP&sock=startd_3697_69b8>
...
006 (5003861.000.000) 04/06 10:59:26 Image size of job updated: 156748
	92  -  MemoryUsage of job (MB)
	93192  -  ResidentSetSize of job (KB)
...
006 (5003861.000.000) 04/06 10:59:47 Image size of job updated: 474224
	92  -  MemoryUsage of job (MB)
	93192  -  ResidentSetSize of job (KB)
...
040 (5003861.000.000) 04/06 10:59:47 Started transferring output files
...
040 (5003861.000.000) 04/06 10:59:47 Finished transferring output files
...
005 (5003861.000.000) 04/06 10:59:47 Job terminated.
	(1) Normal termination (return value 0)
		Usr 0 00:00:12, Sys 0 00:00:00  -  Run Remote Usage
		Usr 0 00:00:00, Sys 0 00:00:00  -  Run Local Usage
		Usr 0 00:00:12, Sys 0 00:00:00  -  Total Remote Usage
		Usr 0 00:00:00, Sys 0 00:00:00  -  Total Local Usage
	4154  -  Run Bytes Sent By Job
	731  -  Run Bytes Received By Job
	4154  -  Total Bytes Sent By Job
	731  -  Total Bytes Received By Job
	Partitionable Resources :    Usage  Request Allocated 
	   Cpus                 :                 1         1 
	   Disk (KB)            :       18        1    287619 
	   Memory (MB)          :       92     2000      2000 
...
