000 (5018701.000.000) 04/07 10:54:15 Job submitted from host: <137.138.156.150:9618?addrs=137.138.156.150-9618+[2001-1458-d00-14--9a]-9618&alias=bigbird13.cern.ch&noUDP&sock=schedd_1774_6519_19>
...
040 (5018701.000.000) 04/07 10:57:58 Started transferring input files
	Transferring to host: <128.142.69.39:9618?addrs=128.142.69.39-9618&noUDP&sock=3267_a59e_140223>
...
040 (5018701.000.000) 04/07 10:57:58 Finished transferring input files
...
001 (5018701.000.000) 04/07 10:57:59 Job executing on host: <128.142.69.39:9618?addrs=128.142.69.39-9618&noUDP&sock=2160_28a8_3>
...
006 (5018701.000.000) 04/07 10:58:07 Image size of job updated: 99008
	49  -  MemoryUsage of job (MB)
	49596  -  ResidentSetSize of job (KB)
...
006 (5018701.000.000) 04/07 11:02:57 Image size of job updated: 170884
	49  -  MemoryUsage of job (MB)
	49596  -  ResidentSetSize of job (KB)
...
040 (5018701.000.000) 04/07 11:02:57 Started transferring output files
...
040 (5018701.000.000) 04/07 11:02:57 Finished transferring output files
...
005 (5018701.000.000) 04/07 11:02:57 Job terminated.
	(1) Normal termination (return value 0)
		Usr 0 00:02:13, Sys 0 00:00:03  -  Run Remote Usage
		Usr 0 00:00:00, Sys 0 00:00:00  -  Run Local Usage
		Usr 0 00:02:13, Sys 0 00:00:03  -  Total Remote Usage
		Usr 0 00:00:00, Sys 0 00:00:00  -  Total Local Usage
	4154  -  Run Bytes Sent By Job
	686  -  Run Bytes Received By Job
	4154  -  Total Bytes Sent By Job
	686  -  Total Bytes Received By Job
	Partitionable Resources :    Usage  Request Allocated 
	   Cpus                 :     0.37        1         1 
	   Disk (KB)            :    26           1    285992 
	   Memory (MB)          :    49        2000      2000 
...
