000 (5018608.000.000) 04/07 10:52:21 Job submitted from host: <137.138.156.150:9618?addrs=137.138.156.150-9618+[2001-1458-d00-14--9a]-9618&alias=bigbird13.cern.ch&noUDP&sock=schedd_1774_6519_19>
...
040 (5018608.000.000) 04/07 10:57:55 Started transferring input files
	Transferring to host: <128.142.193.215:9618?addrs=128.142.193.215-9618+[2001-1458-301-cc--100-3a6]-9618&noUDP&sock=18142_6e1b_109872>
...
040 (5018608.000.000) 04/07 10:57:55 Finished transferring input files
...
001 (5018608.000.000) 04/07 10:57:56 Job executing on host: <128.142.193.215:9618?addrs=128.142.193.215-9618+[2001-1458-301-cc--100-3a6]-9618&noUDP&sock=18007_e1f9_3>
...
006 (5018608.000.000) 04/07 10:58:05 Image size of job updated: 92952
	46  -  MemoryUsage of job (MB)
	46484  -  ResidentSetSize of job (KB)
...
006 (5018608.000.000) 04/07 10:58:27 Image size of job updated: 92992
	46  -  MemoryUsage of job (MB)
	46484  -  ResidentSetSize of job (KB)
...
040 (5018608.000.000) 04/07 10:58:27 Started transferring output files
...
040 (5018608.000.000) 04/07 10:58:27 Finished transferring output files
...
005 (5018608.000.000) 04/07 10:58:27 Job terminated.
	(1) Normal termination (return value 3)
		Usr 0 00:00:01, Sys 0 00:00:02  -  Run Remote Usage
		Usr 0 00:00:00, Sys 0 00:00:00  -  Run Local Usage
		Usr 0 00:00:01, Sys 0 00:00:02  -  Total Remote Usage
		Usr 0 00:00:00, Sys 0 00:00:00  -  Total Local Usage
	4154  -  Run Bytes Sent By Job
	683  -  Run Bytes Received By Job
	4154  -  Total Bytes Sent By Job
	683  -  Total Bytes Received By Job
	Partitionable Resources :    Usage  Request Allocated 
	   Cpus                 :     0.02        1         1 
	   Disk (KB)            :    26           1    281332 
	   Memory (MB)          :    46        2000      2000 
...
