000 (5018655.000.000) 04/07 10:53:35 Job submitted from host: <137.138.156.150:9618?addrs=137.138.156.150-9618+[2001-1458-d00-14--9a]-9618&alias=bigbird13.cern.ch&noUDP&sock=schedd_1774_6519_19>
...
040 (5018655.000.000) 04/07 10:59:08 Started transferring input files
	Transferring to host: <128.142.72.153:9618?addrs=128.142.72.153-9618+[2001-1458-301-75--100-40b]-9618&alias=b7s11n7493.cern.ch&noUDP&sock=slot1_1_30136_49c3_45016>
...
040 (5018655.000.000) 04/07 10:59:08 Finished transferring input files
...
001 (5018655.000.000) 04/07 10:59:09 Job executing on host: <128.142.72.153:9618?addrs=128.142.72.153-9618+[2001-1458-301-75--100-40b]-9618&alias=b7s11n7493.cern.ch&noUDP&sock=startd_16683_ba95>
...
006 (5018655.000.000) 04/07 10:59:17 Image size of job updated: 161624
	96  -  MemoryUsage of job (MB)
	98052  -  ResidentSetSize of job (KB)
...
006 (5018655.000.000) 04/07 11:02:22 Image size of job updated: 478412
	96  -  MemoryUsage of job (MB)
	98052  -  ResidentSetSize of job (KB)
...
040 (5018655.000.000) 04/07 11:02:22 Started transferring output files
...
040 (5018655.000.000) 04/07 11:02:22 Finished transferring output files
...
005 (5018655.000.000) 04/07 11:02:22 Job terminated.
	(1) Normal termination (return value 0)
		Usr 0 00:01:32, Sys 0 00:00:01  -  Run Remote Usage
		Usr 0 00:00:00, Sys 0 00:00:00  -  Run Local Usage
		Usr 0 00:01:32, Sys 0 00:00:01  -  Total Remote Usage
		Usr 0 00:00:00, Sys 0 00:00:00  -  Total Local Usage
	4154  -  Run Bytes Sent By Job
	686  -  Run Bytes Received By Job
	4154  -  Total Bytes Sent By Job
	686  -  Total Bytes Received By Job
	Partitionable Resources :    Usage  Request Allocated 
	   Cpus                 :                 1         1 
	   Disk (KB)            :       18        1    214079 
	   Memory (MB)          :       96     2000      2000 
...
