000 (5018613.000.000) 04/07 10:52:40 Job submitted from host: <137.138.156.150:9618?addrs=137.138.156.150-9618+[2001-1458-d00-14--9a]-9618&alias=bigbird13.cern.ch&noUDP&sock=schedd_1774_6519_19>
...
040 (5018613.000.000) 04/07 10:57:55 Started transferring input files
	Transferring to host: <128.142.80.207:9618?addrs=128.142.80.207-9618+[2001-1458-301-f5--100-3fc]-9618&alias=b7s13n8453.cern.ch&noUDP&sock=slot1_6_20866_bc0a_39907>
...
040 (5018613.000.000) 04/07 10:57:55 Finished transferring input files
...
001 (5018613.000.000) 04/07 10:57:56 Job executing on host: <128.142.80.207:9618?addrs=128.142.80.207-9618+[2001-1458-301-f5--100-3fc]-9618&alias=b7s13n8453.cern.ch&noUDP&sock=startd_16684_6a2d>
...
006 (5018613.000.000) 04/07 10:58:05 Image size of job updated: 163840
	98  -  MemoryUsage of job (MB)
	100280  -  ResidentSetSize of job (KB)
...
006 (5018613.000.000) 04/07 11:01:24 Image size of job updated: 479176
	98  -  MemoryUsage of job (MB)
	100280  -  ResidentSetSize of job (KB)
...
040 (5018613.000.000) 04/07 11:01:24 Started transferring output files
...
040 (5018613.000.000) 04/07 11:01:24 Finished transferring output files
...
005 (5018613.000.000) 04/07 11:01:24 Job terminated.
	(1) Normal termination (return value 0)
		Usr 0 00:01:58, Sys 0 00:00:01  -  Run Remote Usage
		Usr 0 00:00:00, Sys 0 00:00:00  -  Run Local Usage
		Usr 0 00:01:58, Sys 0 00:00:01  -  Total Remote Usage
		Usr 0 00:00:00, Sys 0 00:00:00  -  Total Local Usage
	4154  -  Run Bytes Sent By Job
	683  -  Run Bytes Received By Job
	4154  -  Total Bytes Sent By Job
	683  -  Total Bytes Received By Job
	Partitionable Resources :    Usage  Request Allocated 
	   Cpus                 :                 1         1 
	   Disk (KB)            :       18        1    275845 
	   Memory (MB)          :       98     2000      2000 
...
