000 (5018627.000.000) 04/07 10:53:06 Job submitted from host: <137.138.156.150:9618?addrs=137.138.156.150-9618+[2001-1458-d00-14--9a]-9618&alias=bigbird13.cern.ch&noUDP&sock=schedd_1774_6519_19>
...
040 (5018627.000.000) 04/07 10:59:15 Started transferring input files
	Transferring to host: <128.142.77.56:9618?addrs=128.142.77.56-9618+[2001-1458-301-f4--100-272]-9618&alias=b7s12n8562.cern.ch&noUDP&sock=slot1_5_25439_d3a4_44455>
...
040 (5018627.000.000) 04/07 10:59:15 Finished transferring input files
...
001 (5018627.000.000) 04/07 10:59:16 Job executing on host: <128.142.77.56:9618?addrs=128.142.77.56-9618+[2001-1458-301-f4--100-272]-9618&alias=b7s12n8562.cern.ch&noUDP&sock=startd_16780_4345>
...
006 (5018627.000.000) 04/07 10:59:25 Image size of job updated: 287644
	23  -  MemoryUsage of job (MB)
	23332  -  ResidentSetSize of job (KB)
...
006 (5018627.000.000) 04/07 11:04:26 Image size of job updated: 478972
	102  -  MemoryUsage of job (MB)
	103608  -  ResidentSetSize of job (KB)
...
040 (5018627.000.000) 04/07 11:05:35 Started transferring output files
...
040 (5018627.000.000) 04/07 11:05:35 Finished transferring output files
...
005 (5018627.000.000) 04/07 11:05:35 Job terminated.
	(1) Normal termination (return value 0)
		Usr 0 00:02:23, Sys 0 00:00:02  -  Run Remote Usage
		Usr 0 00:00:00, Sys 0 00:00:00  -  Run Local Usage
		Usr 0 00:02:23, Sys 0 00:00:02  -  Total Remote Usage
		Usr 0 00:00:00, Sys 0 00:00:00  -  Total Local Usage
	4154  -  Run Bytes Sent By Job
	686  -  Run Bytes Received By Job
	4154  -  Total Bytes Sent By Job
	686  -  Total Bytes Received By Job
	Partitionable Resources :    Usage  Request Allocated 
	   Cpus                 :                 1         1 
	   Disk (KB)            :       18        1    272339 
	   Memory (MB)          :      102     2000      2000 
...
