000 (5018610.000.000) 04/07 10:52:26 Job submitted from host: <137.138.156.150:9618?addrs=137.138.156.150-9618+[2001-1458-d00-14--9a]-9618&alias=bigbird13.cern.ch&noUDP&sock=schedd_1774_6519_19>
...
040 (5018610.000.000) 04/07 10:59:02 Started transferring input files
	Transferring to host: <128.142.80.194:9618?addrs=128.142.80.194-9618+[2001-1458-301-f5--100-1eb]-9618&noUDP&sock=16248_ef8e_64460>
...
040 (5018610.000.000) 04/07 10:59:02 Finished transferring input files
...
001 (5018610.000.000) 04/07 10:59:03 Job executing on host: <128.142.80.194:9618?addrs=128.142.80.194-9618+[2001-1458-301-f5--100-1eb]-9618&noUDP&sock=16098_77ae_3>
...
006 (5018610.000.000) 04/07 10:59:11 Image size of job updated: 160756
	96  -  MemoryUsage of job (MB)
	97544  -  ResidentSetSize of job (KB)
...
006 (5018610.000.000) 04/07 11:03:30 Image size of job updated: 168836
	96  -  MemoryUsage of job (MB)
	97544  -  ResidentSetSize of job (KB)
...
040 (5018610.000.000) 04/07 11:03:30 Started transferring output files
...
040 (5018610.000.000) 04/07 11:03:30 Finished transferring output files
...
005 (5018610.000.000) 04/07 11:03:30 Job terminated.
	(1) Normal termination (return value 0)
		Usr 0 00:02:40, Sys 0 00:00:02  -  Run Remote Usage
		Usr 0 00:00:00, Sys 0 00:00:00  -  Run Local Usage
		Usr 0 00:02:40, Sys 0 00:00:02  -  Total Remote Usage
		Usr 0 00:00:00, Sys 0 00:00:00  -  Total Local Usage
	4154  -  Run Bytes Sent By Job
	683  -  Run Bytes Received By Job
	4154  -  Total Bytes Sent By Job
	683  -  Total Bytes Received By Job
	Partitionable Resources :    Usage  Request Allocated 
	   Cpus                 :     0.56        1         1 
	   Disk (KB)            :    27           1    281700 
	   Memory (MB)          :    96        2000      2000 
...
