000 (5018666.000.000) 04/07 10:53:47 Job submitted from host: <137.138.156.150:9618?addrs=137.138.156.150-9618+[2001-1458-d00-14--9a]-9618&alias=bigbird13.cern.ch&noUDP&sock=schedd_1774_6519_19>
...
040 (5018666.000.000) 04/07 10:59:14 Started transferring input files
	Transferring to host: <128.142.77.130:9618?addrs=128.142.77.130-9618+[2001-1458-301-f4--100-2e5]-9618&noUDP&sock=4786_eb7c_4571>
...
040 (5018666.000.000) 04/07 10:59:14 Finished transferring input files
...
001 (5018666.000.000) 04/07 10:59:15 Job executing on host: <128.142.77.130:9618?addrs=128.142.77.130-9618+[2001-1458-301-f4--100-2e5]-9618&noUDP&sock=3779_a87c_3>
...
006 (5018666.000.000) 04/07 10:59:24 Image size of job updated: 162272
	97  -  MemoryUsage of job (MB)
	98700  -  ResidentSetSize of job (KB)
...
006 (5018666.000.000) 04/07 11:04:07 Image size of job updated: 166388
	97  -  MemoryUsage of job (MB)
	98700  -  ResidentSetSize of job (KB)
...
040 (5018666.000.000) 04/07 11:04:07 Started transferring output files
...
040 (5018666.000.000) 04/07 11:04:07 Finished transferring output files
...
005 (5018666.000.000) 04/07 11:04:07 Job terminated.
	(1) Normal termination (return value 0)
		Usr 0 00:01:35, Sys 0 00:00:01  -  Run Remote Usage
		Usr 0 00:00:00, Sys 0 00:00:00  -  Run Local Usage
		Usr 0 00:01:35, Sys 0 00:00:01  -  Total Remote Usage
		Usr 0 00:00:00, Sys 0 00:00:00  -  Total Local Usage
	4154  -  Run Bytes Sent By Job
	686  -  Run Bytes Received By Job
	4154  -  Total Bytes Sent By Job
	686  -  Total Bytes Received By Job
	Partitionable Resources :    Usage  Request Allocated 
	   Cpus                 :     0.71        1         1 
	   Disk (KB)            :    26           1    286024 
	   Memory (MB)          :    97        2000      2000 
...
