000 (5018660.000.000) 04/07 10:53:43 Job submitted from host: <137.138.156.150:9618?addrs=137.138.156.150-9618+[2001-1458-d00-14--9a]-9618&alias=bigbird13.cern.ch&noUDP&sock=schedd_1774_6519_19>
...
040 (5018660.000.000) 04/07 10:59:13 Started transferring input files
	Transferring to host: <128.142.70.191:9618?addrs=128.142.70.191-9618+[2001-1458-301-52--100-ba]-9618&noUDP&sock=6492_f381_4249>
...
040 (5018660.000.000) 04/07 10:59:13 Finished transferring input files
...
001 (5018660.000.000) 04/07 10:59:14 Job executing on host: <128.142.70.191:9618?addrs=128.142.70.191-9618+[2001-1458-301-52--100-ba]-9618&noUDP&sock=4447_d9c0_3>
...
006 (5018660.000.000) 04/07 10:59:23 Image size of job updated: 163728
	98  -  MemoryUsage of job (MB)
	100160  -  ResidentSetSize of job (KB)
...
006 (5018660.000.000) 04/07 11:04:20 Image size of job updated: 168780
	98  -  MemoryUsage of job (MB)
	100160  -  ResidentSetSize of job (KB)
...
040 (5018660.000.000) 04/07 11:04:21 Started transferring output files
...
040 (5018660.000.000) 04/07 11:04:21 Finished transferring output files
...
005 (5018660.000.000) 04/07 11:04:21 Job terminated.
	(1) Normal termination (return value 0)
		Usr 0 00:02:20, Sys 0 00:00:02  -  Run Remote Usage
		Usr 0 00:00:00, Sys 0 00:00:00  -  Run Local Usage
		Usr 0 00:02:20, Sys 0 00:00:02  -  Total Remote Usage
		Usr 0 00:00:00, Sys 0 00:00:00  -  Total Local Usage
	4154  -  Run Bytes Sent By Job
	686  -  Run Bytes Received By Job
	4154  -  Total Bytes Sent By Job
	686  -  Total Bytes Received By Job
	Partitionable Resources :    Usage  Request Allocated 
	   Cpus                 :     0.06        1         1 
	   Disk (KB)            :    26           1    276205 
	   Memory (MB)          :    98        2000      2000 
...
