000 (5018669.000.000) 04/07 10:53:54 Job submitted from host: <137.138.156.150:9618?addrs=137.138.156.150-9618+[2001-1458-d00-14--9a]-9618&alias=bigbird13.cern.ch&noUDP&sock=schedd_1774_6519_19>
...
040 (5018669.000.000) 04/07 10:59:26 Started transferring input files
	Transferring to host: <188.184.169.53:9618?addrs=188.184.169.53-9618+[2001-1458-301-c0--100-588]-9618&alias=b7g52n9865.cern.ch&noUDP&sock=slot1_3_25052_2674_45797>
...
040 (5018669.000.000) 04/07 10:59:26 Finished transferring input files
...
001 (5018669.000.000) 04/07 10:59:27 Job executing on host: <188.184.169.53:9618?addrs=188.184.169.53-9618+[2001-1458-301-c0--100-588]-9618&alias=b7g52n9865.cern.ch&noUDP&sock=startd_17575_9110>
...
006 (5018669.000.000) 04/07 10:59:36 Image size of job updated: 162216
	97  -  MemoryUsage of job (MB)
	98984  -  ResidentSetSize of job (KB)
...
006 (5018669.000.000) 04/07 11:04:23 Image size of job updated: 478884
	97  -  MemoryUsage of job (MB)
	98984  -  ResidentSetSize of job (KB)
...
040 (5018669.000.000) 04/07 11:04:23 Started transferring output files
...
040 (5018669.000.000) 04/07 11:04:23 Finished transferring output files
...
005 (5018669.000.000) 04/07 11:04:23 Job terminated.
	(1) Normal termination (return value 0)
		Usr 0 00:02:45, Sys 0 00:00:02  -  Run Remote Usage
		Usr 0 00:00:00, Sys 0 00:00:00  -  Run Local Usage
		Usr 0 00:02:45, Sys 0 00:00:02  -  Total Remote Usage
		Usr 0 00:00:00, Sys 0 00:00:00  -  Total Local Usage
	4154  -  Run Bytes Sent By Job
	686  -  Run Bytes Received By Job
	4154  -  Total Bytes Sent By Job
	686  -  Total Bytes Received By Job
	Partitionable Resources :    Usage  Request Allocated 
	   Cpus                 :                 1         1 
	   Disk (KB)            :       19        1    280571 
	   Memory (MB)          :       97     2000      2000 
...
