000 (5018607.000.000) 04/07 10:52:18 Job submitted from host: <137.138.156.150:9618?addrs=137.138.156.150-9618+[2001-1458-d00-14--9a]-9618&alias=bigbird13.cern.ch&noUDP&sock=schedd_1774_6519_19>
...
040 (5018607.000.000) 04/07 10:57:55 Started transferring input files
	Transferring to host: <128.142.68.146:9618?addrs=128.142.68.146-9618&noUDP&sock=3368_cf82_140492>
...
040 (5018607.000.000) 04/07 10:57:55 Finished transferring input files
...
001 (5018607.000.000) 04/07 10:57:56 Job executing on host: <128.142.68.146:9618?addrs=128.142.68.146-9618&noUDP&sock=2225_be50_3>
...
006 (5018607.000.000) 04/07 10:58:05 Image size of job updated: 92960
	46  -  MemoryUsage of job (MB)
	46488  -  ResidentSetSize of job (KB)
...
006 (5018607.000.000) 04/07 11:00:32 Image size of job updated: 163280
	46  -  MemoryUsage of job (MB)
	46488  -  ResidentSetSize of job (KB)
...
040 (5018607.000.000) 04/07 11:00:33 Started transferring output files
...
040 (5018607.000.000) 04/07 11:00:33 Finished transferring output files
...
005 (5018607.000.000) 04/07 11:00:33 Job terminated.
	(1) Normal termination (return value 0)
		Usr 0 00:00:46, Sys 0 00:00:02  -  Run Remote Usage
		Usr 0 00:00:00, Sys 0 00:00:00  -  Run Local Usage
		Usr 0 00:00:46, Sys 0 00:00:02  -  Total Remote Usage
		Usr 0 00:00:00, Sys 0 00:00:00  -  Total Local Usage
	4154  -  Run Bytes Sent By Job
	683  -  Run Bytes Received By Job
	4154  -  Total Bytes Sent By Job
	683  -  Total Bytes Received By Job
	Partitionable Resources :    Usage  Request Allocated 
	   Cpus                 :     0.18        1         1 
	   Disk (KB)            :    26           1    281837 
	   Memory (MB)          :    46        2000      2000 
...
