000 (5018618.000.000) 04/07 10:52:52 Job submitted from host: <137.138.156.150:9618?addrs=137.138.156.150-9618+[2001-1458-d00-14--9a]-9618&alias=bigbird13.cern.ch&noUDP&sock=schedd_1774_6519_19>
...
040 (5018618.000.000) 04/07 10:57:56 Started transferring input files
	Transferring to host: <128.142.69.150:9618?addrs=128.142.69.150-9618+[2001-1458-301-52--100-344]-9618&noUDP&sock=2505_bfbf_98951>
...
040 (5018618.000.000) 04/07 10:57:56 Finished transferring input files
...
001 (5018618.000.000) 04/07 10:57:57 Job executing on host: <128.142.69.150:9618?addrs=128.142.69.150-9618+[2001-1458-301-52--100-344]-9618&noUDP&sock=2295_c1f1_3>
...
006 (5018618.000.000) 04/07 10:58:06 Image size of job updated: 161992
	97  -  MemoryUsage of job (MB)
	98412  -  ResidentSetSize of job (KB)
...
006 (5018618.000.000) 04/07 11:01:14 Image size of job updated: 502876
	97  -  MemoryUsage of job (MB)
	98412  -  ResidentSetSize of job (KB)
...
040 (5018618.000.000) 04/07 11:01:14 Started transferring output files
...
040 (5018618.000.000) 04/07 11:01:14 Finished transferring output files
...
005 (5018618.000.000) 04/07 11:01:14 Job terminated.
	(1) Normal termination (return value 0)
		Usr 0 00:01:50, Sys 0 00:00:02  -  Run Remote Usage
		Usr 0 00:00:00, Sys 0 00:00:00  -  Run Local Usage
		Usr 0 00:01:50, Sys 0 00:00:02  -  Total Remote Usage
		Usr 0 00:00:00, Sys 0 00:00:00  -  Total Local Usage
	4154  -  Run Bytes Sent By Job
	686  -  Run Bytes Received By Job
	4154  -  Total Bytes Sent By Job
	686  -  Total Bytes Received By Job
	Partitionable Resources :    Usage  Request Allocated 
	   Cpus                 :     0.77        1         1 
	   Disk (KB)            :    26           1    286065 
	   Memory (MB)          :    97        2000      2000 
...
