000 (5018606.000.000) 04/07 10:52:15 Job submitted from host: <137.138.156.150:9618?addrs=137.138.156.150-9618+[2001-1458-d00-14--9a]-9618&alias=bigbird13.cern.ch&noUDP&sock=schedd_1774_6519_19>
...
040 (5018606.000.000) 04/07 10:58:50 Started transferring input files
	Transferring to host: <188.184.190.229:9618?addrs=188.184.190.229-9618+[2001-1458-301-4b--100-ca]-9618&noUDP&sock=16276_aa0f_106897>
...
040 (5018606.000.000) 04/07 10:58:50 Finished transferring input files
...
001 (5018606.000.000) 04/07 10:58:51 Job executing on host: <188.184.190.229:9618?addrs=188.184.190.229-9618+[2001-1458-301-4b--100-ca]-9618&noUDP&sock=16239_2e88_3>
...
006 (5018606.000.000) 04/07 10:59:00 Image size of job updated: 148280
	85  -  MemoryUsage of job (MB)
	86060  -  ResidentSetSize of job (KB)
...
006 (5018606.000.000) 04/07 11:01:57 Image size of job updated: 503532
	85  -  MemoryUsage of job (MB)
	86060  -  ResidentSetSize of job (KB)
...
040 (5018606.000.000) 04/07 11:01:57 Started transferring output files
...
040 (5018606.000.000) 04/07 11:01:57 Finished transferring output files
...
005 (5018606.000.000) 04/07 11:01:57 Job terminated.
	(1) Normal termination (return value 0)
		Usr 0 00:01:15, Sys 0 00:00:02  -  Run Remote Usage
		Usr 0 00:00:00, Sys 0 00:00:00  -  Run Local Usage
		Usr 0 00:01:15, Sys 0 00:00:02  -  Total Remote Usage
		Usr 0 00:00:00, Sys 0 00:00:00  -  Total Local Usage
	4154  -  Run Bytes Sent By Job
	683  -  Run Bytes Received By Job
	4154  -  Total Bytes Sent By Job
	683  -  Total Bytes Received By Job
	Partitionable Resources :    Usage  Request Allocated 
	   Cpus                 :     0.66        1         1 
	   Disk (KB)            :    27           1    299276 
	   Memory (MB)          :    85        2000      2000 
...
