000 (5018642.000.000) 04/07 10:53:20 Job submitted from host: <137.138.156.150:9618?addrs=137.138.156.150-9618+[2001-1458-d00-14--9a]-9618&alias=bigbird13.cern.ch&noUDP&sock=schedd_1774_6519_19>
...
040 (5018642.000.000) 04/07 10:57:58 Started transferring input files
	Transferring to host: <128.142.67.131:9618?addrs=128.142.67.131-9618&noUDP&sock=2471_cafe_139629>
...
040 (5018642.000.000) 04/07 10:57:58 Finished transferring input files
...
001 (5018642.000.000) 04/07 10:57:59 Job executing on host: <128.142.67.131:9618?addrs=128.142.67.131-9618&noUDP&sock=1919_da55_3>
...
006 (5018642.000.000) 04/07 10:58:07 Image size of job updated: 161396
	96  -  MemoryUsage of job (MB)
	97828  -  ResidentSetSize of job (KB)
...
006 (5018642.000.000) 04/07 11:01:12 Image size of job updated: 167384
	96  -  MemoryUsage of job (MB)
	97844  -  ResidentSetSize of job (KB)
...
040 (5018642.000.000) 04/07 11:01:12 Started transferring output files
...
040 (5018642.000.000) 04/07 11:01:12 Finished transferring output files
...
005 (5018642.000.000) 04/07 11:01:12 Job terminated.
	(1) Normal termination (return value 0)
		Usr 0 00:01:49, Sys 0 00:00:02  -  Run Remote Usage
		Usr 0 00:00:00, Sys 0 00:00:00  -  Run Local Usage
		Usr 0 00:01:49, Sys 0 00:00:02  -  Total Remote Usage
		Usr 0 00:00:00, Sys 0 00:00:00  -  Total Local Usage
	4154  -  Run Bytes Sent By Job
	686  -  Run Bytes Received By Job
	4154  -  Total Bytes Sent By Job
	686  -  Total Bytes Received By Job
	Partitionable Resources :    Usage  Request Allocated 
	   Cpus                 :     0.35        1         1 
	   Disk (KB)            :    26           1    278430 
	   Memory (MB)          :    96        2000      2000 
...
