000 (5018616.000.000) 04/07 10:52:50 Job submitted from host: <137.138.156.150:9618?addrs=137.138.156.150-9618+[2001-1458-d00-14--9a]-9618&alias=bigbird13.cern.ch&noUDP&sock=schedd_1774_6519_19>
...
040 (5018616.000.000) 04/07 10:59:07 Started transferring input files
	Transferring to host: <128.142.73.157:9618?addrs=128.142.73.157-9618+[2001-1458-301-75--100-3cf]-9618&alias=b7s11n6636.cern.ch&noUDP&sock=slot1_3_16205_a36c_39946>
...
040 (5018616.000.000) 04/07 10:59:07 Finished transferring input files
...
001 (5018616.000.000) 04/07 10:59:08 Job executing on host: <128.142.73.157:9618?addrs=128.142.73.157-9618+[2001-1458-301-75--100-3cf]-9618&alias=b7s11n6636.cern.ch&noUDP&sock=startd_16685_19c5>
...
006 (5018616.000.000) 04/07 10:59:16 Image size of job updated: 387800
	86  -  MemoryUsage of job (MB)
	87392  -  ResidentSetSize of job (KB)
...
006 (5018616.000.000) 04/07 11:02:28 Image size of job updated: 479736
	86  -  MemoryUsage of job (MB)
	87392  -  ResidentSetSize of job (KB)
...
040 (5018616.000.000) 04/07 11:02:28 Started transferring output files
...
040 (5018616.000.000) 04/07 11:02:28 Finished transferring output files
...
005 (5018616.000.000) 04/07 11:02:29 Job terminated.
	(1) Normal termination (return value 0)
		Usr 0 00:01:08, Sys 0 00:00:01  -  Run Remote Usage
		Usr 0 00:00:00, Sys 0 00:00:00  -  Run Local Usage
		Usr 0 00:01:08, Sys 0 00:00:01  -  Total Remote Usage
		Usr 0 00:00:00, Sys 0 00:00:00  -  Total Local Usage
	4154  -  Run Bytes Sent By Job
	683  -  Run Bytes Received By Job
	4154  -  Total Bytes Sent By Job
	683  -  Total Bytes Received By Job
	Partitionable Resources :    Usage  Request Allocated 
	   Cpus                 :                 1         1 
	   Disk (KB)            :       18        1    273873 
	   Memory (MB)          :       86     2000      2000 
...
