000 (5018623.000.000) 04/07 10:53:00 Job submitted from host: <137.138.156.150:9618?addrs=137.138.156.150-9618+[2001-1458-d00-14--9a]-9618&alias=bigbird13.cern.ch&noUDP&sock=schedd_1774_6519_19>
...
040 (5018623.000.000) 04/07 10:57:56 Started transferring input files
	Transferring to host: <128.142.67.254:9618?addrs=128.142.67.254-9618&noUDP&sock=2548_0be1_139530>
...
040 (5018623.000.000) 04/07 10:57:56 Finished transferring input files
...
001 (5018623.000.000) 04/07 10:57:57 Job executing on host: <128.142.67.254:9618?addrs=128.142.67.254-9618&noUDP&sock=1878_baf3_3>
...
006 (5018623.000.000) 04/07 10:58:06 Image size of job updated: 92932
	46  -  MemoryUsage of job (MB)
	46472  -  ResidentSetSize of job (KB)
...
006 (5018623.000.000) 04/07 11:00:33 Image size of job updated: 502856
	46  -  MemoryUsage of job (MB)
	46472  -  ResidentSetSize of job (KB)
...
040 (5018623.000.000) 04/07 11:00:33 Started transferring output files
...
040 (5018623.000.000) 04/07 11:00:33 Finished transferring output files
...
005 (5018623.000.000) 04/07 11:00:33 Job terminated.
	(1) Normal termination (return value 0)
		Usr 0 00:00:53, Sys 0 00:00:02  -  Run Remote Usage
		Usr 0 00:00:00, Sys 0 00:00:00  -  Run Local Usage
		Usr 0 00:00:53, Sys 0 00:00:02  -  Total Remote Usage
		Usr 0 00:00:00, Sys 0 00:00:00  -  Total Local Usage
	4154  -  Run Bytes Sent By Job
	686  -  Run Bytes Received By Job
	4154  -  Total Bytes Sent By Job
	686  -  Total Bytes Received By Job
	Partitionable Resources :    Usage  Request Allocated 
	   Cpus                 :        0        1         1 
	   Disk (KB)            :       26        1    285891 
	   Memory (MB)          :       46     2000      2000 
...
