000 (5018615.000.000) 04/07 10:52:46 Job submitted from host: <137.138.156.150:9618?addrs=137.138.156.150-9618+[2001-1458-d00-14--9a]-9618&alias=bigbird13.cern.ch&noUDP&sock=schedd_1774_6519_19>
...
040 (5018615.000.000) 04/07 10:57:56 Started transferring input files
	Transferring to host: <128.142.83.100:9618?addrs=128.142.83.100-9618+[2001-1458-301-f5--100-567]-9618&noUDP&sock=16312_0790_66150>
...
040 (5018615.000.000) 04/07 10:57:56 Finished transferring input files
...
001 (5018615.000.000) 04/07 10:57:57 Job executing on host: <128.142.83.100:9618?addrs=128.142.83.100-9618+[2001-1458-301-f5--100-567]-9618&noUDP&sock=16155_9094_3>
...
006 (5018615.000.000) 04/07 10:58:05 Image size of job updated: 162796
	97  -  MemoryUsage of job (MB)
	99236  -  ResidentSetSize of job (KB)
...
006 (5018615.000.000) 04/07 10:59:22 Image size of job updated: 165468
	97  -  MemoryUsage of job (MB)
	99236  -  ResidentSetSize of job (KB)
...
040 (5018615.000.000) 04/07 10:59:22 Started transferring output files
...
040 (5018615.000.000) 04/07 10:59:22 Finished transferring output files
...
005 (5018615.000.000) 04/07 10:59:23 Job terminated.
	(1) Normal termination (return value 0)
		Usr 0 00:00:54, Sys 0 00:00:01  -  Run Remote Usage
		Usr 0 00:00:00, Sys 0 00:00:00  -  Run Local Usage
		Usr 0 00:00:54, Sys 0 00:00:01  -  Total Remote Usage
		Usr 0 00:00:00, Sys 0 00:00:00  -  Total Local Usage
	4154  -  Run Bytes Sent By Job
	683  -  Run Bytes Received By Job
	4154  -  Total Bytes Sent By Job
	683  -  Total Bytes Received By Job
	Partitionable Resources :    Usage  Request Allocated 
	   Cpus                 :        0        1         1 
	   Disk (KB)            :       26        1    277318 
	   Memory (MB)          :       97     2000      2000 
...
