000 (5018720.000.000) 04/07 10:54:34 Job submitted from host: <137.138.156.150:9618?addrs=137.138.156.150-9618+[2001-1458-d00-14--9a]-9618&alias=bigbird13.cern.ch&noUDP&sock=schedd_1774_6519_19>
...
040 (5018720.000.000) 04/07 10:59:31 Started transferring input files
	Transferring to host: <128.142.75.67:9618?addrs=128.142.75.67-9618+[2001-1458-301-75--100-354]-9618&noUDP&sock=16926_a5e9_63927>
...
040 (5018720.000.000) 04/07 10:59:31 Finished transferring input files
...
001 (5018720.000.000) 04/07 10:59:32 Job executing on host: <128.142.75.67:9618?addrs=128.142.75.67-9618+[2001-1458-301-75--100-354]-9618&noUDP&sock=16769_b7ba_3>
...
006 (5018720.000.000) 04/07 10:59:41 Image size of job updated: 162036
	97  -  MemoryUsage of job (MB)
	98472  -  ResidentSetSize of job (KB)
...
006 (5018720.000.000) 04/07 11:01:28 Image size of job updated: 163516
	97  -  MemoryUsage of job (MB)
	98472  -  ResidentSetSize of job (KB)
...
040 (5018720.000.000) 04/07 11:01:29 Started transferring output files
...
040 (5018720.000.000) 04/07 11:01:29 Finished transferring output files
...
005 (5018720.000.000) 04/07 11:01:29 Job terminated.
	(1) Normal termination (return value 0)
		Usr 0 00:00:57, Sys 0 00:00:01  -  Run Remote Usage
		Usr 0 00:00:00, Sys 0 00:00:00  -  Run Local Usage
		Usr 0 00:00:57, Sys 0 00:00:01  -  Total Remote Usage
		Usr 0 00:00:00, Sys 0 00:00:00  -  Total Local Usage
	4154  -  Run Bytes Sent By Job
	686  -  Run Bytes Received By Job
	4154  -  Total Bytes Sent By Job
	686  -  Total Bytes Received By Job
	Partitionable Resources :    Usage  Request Allocated 
	   Cpus                 :     0.27        1         1 
	   Disk (KB)            :    26           1    279552 
	   Memory (MB)          :    97        2000      2000 
...
