000 (5018636.000.000) 04/07 10:53:14 Job submitted from host: <137.138.156.150:9618?addrs=137.138.156.150-9618+[2001-1458-d00-14--9a]-9618&alias=bigbird13.cern.ch&noUDP&sock=schedd_1774_6519_19>
...
040 (5018636.000.000) 04/07 10:59:23 Started transferring input files
	Transferring to host: <128.142.74.43:9618?addrs=128.142.74.43-9618+[2001-1458-301-75--100-262]-9618&alias=b7s11n2567.cern.ch&noUDP&sock=slot1_6_2574_5da2_44565>
...
040 (5018636.000.000) 04/07 10:59:23 Finished transferring input files
...
001 (5018636.000.000) 04/07 10:59:25 Job executing on host: <128.142.74.43:9618?addrs=128.142.74.43-9618+[2001-1458-301-75--100-262]-9618&alias=b7s11n2567.cern.ch&noUDP&sock=startd_16730_f789>
...
006 (5018636.000.000) 04/07 10:59:33 Image size of job updated: 387932
	47  -  MemoryUsage of job (MB)
	47140  -  ResidentSetSize of job (KB)
...
006 (5018636.000.000) 04/07 11:04:33 Image size of job updated: 479068
	102  -  MemoryUsage of job (MB)
	104352  -  ResidentSetSize of job (KB)
...
040 (5018636.000.000) 04/07 11:07:00 Started transferring output files
...
040 (5018636.000.000) 04/07 11:07:00 Finished transferring output files
...
005 (5018636.000.000) 04/07 11:07:00 Job terminated.
	(1) Normal termination (return value 0)
		Usr 0 00:02:16, Sys 0 00:00:02  -  Run Remote Usage
		Usr 0 00:00:00, Sys 0 00:00:00  -  Run Local Usage
		Usr 0 00:02:16, Sys 0 00:00:02  -  Total Remote Usage
		Usr 0 00:00:00, Sys 0 00:00:00  -  Total Local Usage
	4154  -  Run Bytes Sent By Job
	686  -  Run Bytes Received By Job
	4154  -  Total Bytes Sent By Job
	686  -  Total Bytes Received By Job
	Partitionable Resources :    Usage  Request Allocated 
	   Cpus                 :     0.35        1         1 
	   Disk (KB)            :    25           1    269256 
	   Memory (MB)          :   102        2000      2000 
...
