000 (5018614.000.000) 04/07 10:52:44 Job submitted from host: <137.138.156.150:9618?addrs=137.138.156.150-9618+[2001-1458-d00-14--9a]-9618&alias=bigbird13.cern.ch&noUDP&sock=schedd_1774_6519_19>
...
040 (5018614.000.000) 04/07 10:59:07 Started transferring input files
	Transferring to host: <128.142.68.171:9618?addrs=128.142.68.171-9618+[2001-1458-301-52--100-26d]-9618&alias=b7s10n2982.cern.ch&noUDP&sock=slot1_2_9172_40ee_40210>
...
040 (5018614.000.000) 04/07 10:59:07 Finished transferring input files
...
001 (5018614.000.000) 04/07 10:59:08 Job executing on host: <128.142.68.171:9618?addrs=128.142.68.171-9618+[2001-1458-301-52--100-26d]-9618&alias=b7s10n2982.cern.ch&noUDP&sock=startd_2137_61fa>
...
006 (5018614.000.000) 04/07 10:59:16 Image size of job updated: 147808
	84  -  MemoryUsage of job (MB)
	85452  -  ResidentSetSize of job (KB)
...
006 (5018614.000.000) 04/07 11:03:52 Image size of job updated: 478248
	84  -  MemoryUsage of job (MB)
	85452  -  ResidentSetSize of job (KB)
...
040 (5018614.000.000) 04/07 11:03:52 Started transferring output files
...
040 (5018614.000.000) 04/07 11:03:52 Finished transferring output files
...
005 (5018614.000.000) 04/07 11:03:52 Job terminated.
	(1) Normal termination (return value 0)
		Usr 0 00:02:02, Sys 0 00:00:02  -  Run Remote Usage
		Usr 0 00:00:00, Sys 0 00:00:00  -  Run Local Usage
		Usr 0 00:02:02, Sys 0 00:00:02  -  Total Remote Usage
		Usr 0 00:00:00, Sys 0 00:00:00  -  Total Local Usage
	4154  -  Run Bytes Sent By Job
	683  -  Run Bytes Received By Job
	4154  -  Total Bytes Sent By Job
	683  -  Total Bytes Received By Job
	Partitionable Resources :    Usage  Request Allocated 
	   Cpus                 :                 1         1 
	   Disk (KB)            :       18        1    241340 
	   Memory (MB)          :       84     2000      2000 
...
