000 (5018659.000.000) 04/07 10:53:41 Job submitted from host: <137.138.156.150:9618?addrs=137.138.156.150-9618+[2001-1458-d00-14--9a]-9618&alias=bigbird13.cern.ch&noUDP&sock=schedd_1774_6519_19>
...
040 (5018659.000.000) 04/07 10:57:58 Started transferring input files
	Transferring to host: <128.142.68.30:9618?addrs=128.142.68.30-9618+[2001-1458-301-52--100-f9]-9618&noUDP&sock=24139_dbef_106497>
...
040 (5018659.000.000) 04/07 10:57:58 Finished transferring input files
...
001 (5018659.000.000) 04/07 10:57:59 Job executing on host: <128.142.68.30:9618?addrs=128.142.68.30-9618+[2001-1458-301-52--100-f9]-9618&noUDP&sock=24101_dc1e_3>
...
006 (5018659.000.000) 04/07 10:58:07 Image size of job updated: 160308
	95  -  MemoryUsage of job (MB)
	96808  -  ResidentSetSize of job (KB)
...
006 (5018659.000.000) 04/07 11:03:07 Image size of job updated: 169000
	103  -  MemoryUsage of job (MB)
	105420  -  ResidentSetSize of job (KB)
...
006 (5018659.000.000) 04/07 11:04:36 Image size of job updated: 171256
	103  -  MemoryUsage of job (MB)
	105420  -  ResidentSetSize of job (KB)
...
040 (5018659.000.000) 04/07 11:04:36 Started transferring output files
...
040 (5018659.000.000) 04/07 11:04:36 Finished transferring output files
...
005 (5018659.000.000) 04/07 11:04:37 Job terminated.
	(1) Normal termination (return value 0)
		Usr 0 00:02:17, Sys 0 00:00:03  -  Run Remote Usage
		Usr 0 00:00:00, Sys 0 00:00:00  -  Run Local Usage
		Usr 0 00:02:17, Sys 0 00:00:03  -  Total Remote Usage
		Usr 0 00:00:00, Sys 0 00:00:00  -  Total Local Usage
	4154  -  Run Bytes Sent By Job
	686  -  Run Bytes Received By Job
	4154  -  Total Bytes Sent By Job
	686  -  Total Bytes Received By Job
	Partitionable Resources :    Usage  Request Allocated 
	   Cpus                 :     0.34        1         1 
	   Disk (KB)            :    26           1    260163 
	   Memory (MB)          :   103        2000      2000 
...
