000 (5003679.000.000) 04/06 10:42:32 Job submitted from host: <137.138.156.150:9618?addrs=137.138.156.150-9618+[2001-1458-d00-14--9a]-9618&alias=bigbird13.cern.ch&noUDP&sock=schedd_1774_6519_19>
...
040 (5003679.000.000) 04/06 10:55:54 Started transferring input files
	Transferring to host: <128.142.68.80:9618?addrs=128.142.68.80-9618&noUDP&sock=3265_3cde_139343>
...
040 (5003679.000.000) 04/06 10:55:54 Finished transferring input files
...
001 (5003679.000.000) 04/06 10:55:55 Job executing on host: <128.142.68.80:9618?addrs=128.142.68.80-9618&noUDP&sock=2179_30f4_3>
...
006 (5003679.000.000) 04/06 10:56:03 Image size of job updated: 150032
	85  -  MemoryUsage of job (MB)
	86640  -  ResidentSetSize of job (KB)
...
006 (5003679.000.000) 04/06 10:57:57 Image size of job updated: 164760
	85  -  MemoryUsage of job (MB)
	86640  -  ResidentSetSize of job (KB)
...
040 (5003679.000.000) 04/06 10:57:57 Started transferring output files
...
040 (5003679.000.000) 04/06 10:57:57 Finished transferring output files
...
005 (5003679.000.000) 04/06 10:57:57 Job terminated.
	(1) Normal termination (return value 0)
		Usr 0 00:01:02, Sys 0 00:00:02  -  Run Remote Usage
		Usr 0 00:00:00, Sys 0 00:00:00  -  Run Local Usage
		Usr 0 00:01:02, Sys 0 00:00:02  -  Total Remote Usage
		Usr 0 00:00:00, Sys 0 00:00:00  -  Total Local Usage
	4154  -  Run Bytes Sent By Job
	684  -  Run Bytes Received By Job
	4154  -  Total Bytes Sent By Job
	684  -  Total Bytes Received By Job
	Partitionable Resources :    Usage  Request Allocated 
	   Cpus                 :     0.16        1         1 
	   Disk (KB)            :    26           1    283405 
	   Memory (MB)          :    85        2000      2000 
...
