000 (5003684.000.000) 04/06 10:42:41 Job submitted from host: <137.138.156.150:9618?addrs=137.138.156.150-9618+[2001-1458-d00-14--9a]-9618&alias=bigbird13.cern.ch&noUDP&sock=schedd_1774_6519_19>
...
040 (5003684.000.000) 04/06 10:55:56 Started transferring input files
	Transferring to host: <128.142.72.214:9618?addrs=128.142.72.214-9618+[2001-1458-301-75--100-46d]-9618&alias=b7s11n9714.cern.ch&noUDP&sock=slot1_5_4968_27c3_40088>
...
040 (5003684.000.000) 04/06 10:55:56 Finished transferring input files
...
001 (5003684.000.000) 04/06 10:55:57 Job executing on host: <128.142.72.214:9618?addrs=128.142.72.214-9618+[2001-1458-301-75--100-46d]-9618&alias=b7s11n9714.cern.ch&noUDP&sock=startd_15639_a1b5>
...
006 (5003684.000.000) 04/06 10:56:05 Image size of job updated: 412972
	45  -  MemoryUsage of job (MB)
	46080  -  ResidentSetSize of job (KB)
...
006 (5003684.000.000) 04/06 10:58:50 Image size of job updated: 478956
	45  -  MemoryUsage of job (MB)
	46080  -  ResidentSetSize of job (KB)
...
040 (5003684.000.000) 04/06 10:58:50 Started transferring output files
...
040 (5003684.000.000) 04/06 10:58:50 Finished transferring output files
...
005 (5003684.000.000) 04/06 10:58:50 Job terminated.
	(1) Normal termination (return value 0)
		Usr 0 00:01:20, Sys 0 00:00:02  -  Run Remote Usage
		Usr 0 00:00:00, Sys 0 00:00:00  -  Run Local Usage
		Usr 0 00:01:20, Sys 0 00:00:02  -  Total Remote Usage
		Usr 0 00:00:00, Sys 0 00:00:00  -  Total Local Usage
	4154  -  Run Bytes Sent By Job
	684  -  Run Bytes Received By Job
	4154  -  Total Bytes Sent By Job
	684  -  Total Bytes Received By Job
	Partitionable Resources :    Usage  Request Allocated 
	   Cpus                 :                 1         1 
	   Disk (KB)            :       18        1    261538 
	   Memory (MB)          :       45     2000      2000 
...
