000 (5003673.000.000) 04/06 10:42:23 Job submitted from host: <137.138.156.150:9618?addrs=137.138.156.150-9618+[2001-1458-d00-14--9a]-9618&alias=bigbird13.cern.ch&noUDP&sock=schedd_1774_6519_19>
...
040 (5003673.000.000) 04/06 10:56:17 Started transferring input files
	Transferring to host: <128.142.82.218:9618?addrs=128.142.82.218-9618+[2001-1458-301-f5--100-44b]-9618&noUDP&sock=16637_057e_64459>
...
040 (5003673.000.000) 04/06 10:56:17 Finished transferring input files
...
001 (5003673.000.000) 04/06 10:56:18 Job executing on host: <128.142.82.218:9618?addrs=128.142.82.218-9618+[2001-1458-301-f5--100-44b]-9618&noUDP&sock=16480_7cdb_3>
...
006 (5003673.000.000) 04/06 10:56:26 Image size of job updated: 24636
	7  -  MemoryUsage of job (MB)
	7132  -  ResidentSetSize of job (KB)
...
006 (5003673.000.000) 04/06 11:01:26 Image size of job updated: 163436
	98  -  MemoryUsage of job (MB)
	99856  -  ResidentSetSize of job (KB)
...
006 (5003673.000.000) 04/06 11:06:26 Image size of job updated: 167236
	98  -  MemoryUsage of job (MB)
	99856  -  ResidentSetSize of job (KB)
...
040 (5003673.000.000) 04/06 11:06:26 Started transferring output files
...
040 (5003673.000.000) 04/06 11:06:26 Finished transferring output files
...
005 (5003673.000.000) 04/06 11:06:26 Job terminated.
	(1) Normal termination (return value 0)
		Usr 0 00:02:31, Sys 0 00:00:03  -  Run Remote Usage
		Usr 0 00:00:00, Sys 0 00:00:00  -  Run Local Usage
		Usr 0 00:02:31, Sys 0 00:00:03  -  Total Remote Usage
		Usr 0 00:00:00, Sys 0 00:00:00  -  Total Local Usage
	4154  -  Run Bytes Sent By Job
	684  -  Run Bytes Received By Job
	4154  -  Total Bytes Sent By Job
	684  -  Total Bytes Received By Job
	Partitionable Resources :    Usage  Request Allocated 
	   Cpus                 :     0.24        1         1 
	   Disk (KB)            :    26           1    275055 
	   Memory (MB)          :    98        2000      2000 
...
