000 (5003658.000.000) 04/06 10:41:59 Job submitted from host: <137.138.156.150:9618?addrs=137.138.156.150-9618+[2001-1458-d00-14--9a]-9618&alias=bigbird13.cern.ch&noUDP&sock=schedd_1774_6519_19>
...
040 (5003658.000.000) 04/06 10:55:49 Started transferring input files
	Transferring to host: <188.184.168.254:9618?addrs=188.184.168.254-9618+[2001-1458-301-c0--100-424]-9618&alias=b7g52n2811.cern.ch&noUDP&sock=slot1_5_15282_4d27_45828>
...
040 (5003658.000.000) 04/06 10:55:49 Finished transferring input files
...
001 (5003658.000.000) 04/06 10:55:50 Job executing on host: <188.184.168.254:9618?addrs=188.184.168.254-9618+[2001-1458-301-c0--100-424]-9618&alias=b7g52n2811.cern.ch&noUDP&sock=startd_15906_c57f>
...
006 (5003658.000.000) 04/06 10:55:59 Image size of job updated: 136344
	75  -  MemoryUsage of job (MB)
	76208  -  ResidentSetSize of job (KB)
...
006 (5003658.000.000) 04/06 10:58:44 Image size of job updated: 478512
	75  -  MemoryUsage of job (MB)
	76444  -  ResidentSetSize of job (KB)
...
040 (5003658.000.000) 04/06 10:58:44 Started transferring output files
...
040 (5003658.000.000) 04/06 10:58:44 Finished transferring output files
...
005 (5003658.000.000) 04/06 10:58:44 Job terminated.
	(1) Normal termination (return value 0)
		Usr 0 00:01:12, Sys 0 00:00:03  -  Run Remote Usage
		Usr 0 00:00:00, Sys 0 00:00:00  -  Run Local Usage
		Usr 0 00:01:12, Sys 0 00:00:03  -  Total Remote Usage
		Usr 0 00:00:00, Sys 0 00:00:00  -  Total Local Usage
	4154  -  Run Bytes Sent By Job
	681  -  Run Bytes Received By Job
	4154  -  Total Bytes Sent By Job
	681  -  Total Bytes Received By Job
	Partitionable Resources :    Usage  Request Allocated 
	   Cpus                 :     0.25        1         1 
	   Disk (KB)            :    25           1    274249 
	   Memory (MB)          :    75        2000      2000 
...
