000 (5003676.000.000) 04/06 10:42:27 Job submitted from host: <137.138.156.150:9618?addrs=137.138.156.150-9618+[2001-1458-d00-14--9a]-9618&alias=bigbird13.cern.ch&noUDP&sock=schedd_1774_6519_19>
...
040 (5003676.000.000) 04/06 10:56:09 Started transferring input files
	Transferring to host: <128.142.79.35:9618?addrs=128.142.79.35-9618+[2001-1458-301-f4--100-39b]-9618&alias=b7s12n2216.cern.ch&noUDP&sock=slot1_7_20108_a7ab_43264>
...
040 (5003676.000.000) 04/06 10:56:09 Finished transferring input files
...
001 (5003676.000.000) 04/06 10:56:10 Job executing on host: <128.142.79.35:9618?addrs=128.142.79.35-9618+[2001-1458-301-f4--100-39b]-9618&alias=b7s12n2216.cern.ch&noUDP&sock=startd_16571_e7fa>
...
006 (5003676.000.000) 04/06 10:56:19 Image size of job updated: 423564
	66  -  MemoryUsage of job (MB)
	67328  -  ResidentSetSize of job (KB)
...
006 (5003676.000.000) 04/06 11:01:20 Image size of job updated: 479108
	103  -  MemoryUsage of job (MB)
	104452  -  ResidentSetSize of job (KB)
...
040 (5003676.000.000) 04/06 11:03:54 Started transferring output files
...
040 (5003676.000.000) 04/06 11:03:54 Finished transferring output files
...
005 (5003676.000.000) 04/06 11:03:54 Job terminated.
	(1) Normal termination (return value 0)
		Usr 0 00:03:08, Sys 0 00:00:03  -  Run Remote Usage
		Usr 0 00:00:00, Sys 0 00:00:00  -  Run Local Usage
		Usr 0 00:03:08, Sys 0 00:00:03  -  Total Remote Usage
		Usr 0 00:00:00, Sys 0 00:00:00  -  Total Local Usage
	4154  -  Run Bytes Sent By Job
	684  -  Run Bytes Received By Job
	4154  -  Total Bytes Sent By Job
	684  -  Total Bytes Received By Job
	Partitionable Resources :    Usage  Request Allocated 
	   Cpus                 :     0.48        1         1 
	   Disk (KB)            :    25           1    183253 
	   Memory (MB)          :   103        2000      2000 
...
