000 (5003682.000.000) 04/06 10:42:38 Job submitted from host: <137.138.156.150:9618?addrs=137.138.156.150-9618+[2001-1458-d00-14--9a]-9618&alias=bigbird13.cern.ch&noUDP&sock=schedd_1774_6519_19>
...
040 (5003682.000.000) 04/06 10:55:56 Started transferring input files
	Transferring to host: <128.142.65.245:9618?addrs=128.142.65.245-9618+[2001-1458-301-4c--100-5b6]-9618&alias=b7s09n0744.cern.ch&noUDP&sock=slot1_4_18722_17b2_61253>
...
040 (5003682.000.000) 04/06 10:55:56 Finished transferring input files
...
001 (5003682.000.000) 04/06 10:55:57 Job executing on host: <128.142.65.245:9618?addrs=128.142.65.245-9618+[2001-1458-301-4c--100-5b6]-9618&alias=b7s09n0744.cern.ch&noUDP&sock=startd_1953_2c8d>
...
006 (5003682.000.000) 04/06 10:56:05 Image size of job updated: 468260
	90  -  MemoryUsage of job (MB)
	91492  -  ResidentSetSize of job (KB)
...
006 (5003682.000.000) 04/06 10:59:32 Image size of job updated: 478236
	90  -  MemoryUsage of job (MB)
	91492  -  ResidentSetSize of job (KB)
...
040 (5003682.000.000) 04/06 10:59:32 Started transferring output files
...
040 (5003682.000.000) 04/06 10:59:32 Finished transferring output files
...
005 (5003682.000.000) 04/06 10:59:32 Job terminated.
	(1) Normal termination (return value 0)
		Usr 0 00:01:46, Sys 0 00:00:03  -  Run Remote Usage
		Usr 0 00:00:00, Sys 0 00:00:00  -  Run Local Usage
		Usr 0 00:01:46, Sys 0 00:00:03  -  Total Remote Usage
		Usr 0 00:00:00, Sys 0 00:00:00  -  Total Local Usage
	4154  -  Run Bytes Sent By Job
	684  -  Run Bytes Received By Job
	4154  -  Total Bytes Sent By Job
	684  -  Total Bytes Received By Job
	Partitionable Resources :    Usage  Request Allocated 
	   Cpus                 :                 1         1 
	   Disk (KB)            :       18        1    226525 
	   Memory (MB)          :       90     2000      2000 
...
