000 (5003675.000.000) 04/06 10:42:25 Job submitted from host: <137.138.156.150:9618?addrs=137.138.156.150-9618+[2001-1458-d00-14--9a]-9618&alias=bigbird13.cern.ch&noUDP&sock=schedd_1774_6519_19>
...
040 (5003675.000.000) 04/06 10:55:54 Started transferring input files
	Transferring to host: <128.142.68.111:9618?addrs=128.142.68.111-9618&noUDP&sock=3195_ea9b_138633>
...
040 (5003675.000.000) 04/06 10:55:54 Finished transferring input files
...
001 (5003675.000.000) 04/06 10:55:55 Job executing on host: <128.142.68.111:9618?addrs=128.142.68.111-9618&noUDP&sock=2140_70c3_3>
...
006 (5003675.000.000) 04/06 10:56:03 Image size of job updated: 165080
	100  -  MemoryUsage of job (MB)
	101500  -  ResidentSetSize of job (KB)
...
006 (5003675.000.000) 04/06 11:01:03 Image size of job updated: 165080
	103  -  MemoryUsage of job (MB)
	105020  -  ResidentSetSize of job (KB)
...
040 (5003675.000.000) 04/06 11:01:46 Started transferring output files
...
040 (5003675.000.000) 04/06 11:01:46 Finished transferring output files
...
005 (5003675.000.000) 04/06 11:01:46 Job terminated.
	(1) Normal termination (return value 0)
		Usr 0 00:02:16, Sys 0 00:00:03  -  Run Remote Usage
		Usr 0 00:00:00, Sys 0 00:00:00  -  Run Local Usage
		Usr 0 00:02:16, Sys 0 00:00:03  -  Total Remote Usage
		Usr 0 00:00:00, Sys 0 00:00:00  -  Total Local Usage
	4154  -  Run Bytes Sent By Job
	684  -  Run Bytes Received By Job
	4154  -  Total Bytes Sent By Job
	684  -  Total Bytes Received By Job
	Partitionable Resources :    Usage  Request Allocated 
	   Cpus                 :     0.44        1         1 
	   Disk (KB)            :    26           1    281018 
	   Memory (MB)          :   103        2000      2000 
...
