000 (5003659.000.000) 04/06 10:42:02 Job submitted from host: <137.138.156.150:9618?addrs=137.138.156.150-9618+[2001-1458-d00-14--9a]-9618&alias=bigbird13.cern.ch&noUDP&sock=schedd_1774_6519_19>
...
040 (5003659.000.000) 04/06 10:55:49 Started transferring input files
	Transferring to host: <128.142.66.105:9618?addrs=128.142.66.105-9618+[2001-1458-301-4c--100-163]-9618&noUDP&sock=2501_ee3f_96691>
...
040 (5003659.000.000) 04/06 10:55:49 Finished transferring input files
...
001 (5003659.000.000) 04/06 10:55:50 Job executing on host: <128.142.66.105:9618?addrs=128.142.66.105-9618+[2001-1458-301-4c--100-163]-9618&noUDP&sock=2289_a45f_3>
...
006 (5003659.000.000) 04/06 10:55:59 Image size of job updated: 92948
	46  -  MemoryUsage of job (MB)
	46480  -  ResidentSetSize of job (KB)
...
006 (5003659.000.000) 04/06 11:00:38 Image size of job updated: 163492
	46  -  MemoryUsage of job (MB)
	46480  -  ResidentSetSize of job (KB)
...
040 (5003659.000.000) 04/06 11:00:39 Started transferring output files
...
040 (5003659.000.000) 04/06 11:00:39 Finished transferring output files
...
005 (5003659.000.000) 04/06 11:00:39 Job terminated.
	(1) Normal termination (return value 0)
		Usr 0 00:00:57, Sys 0 00:00:02  -  Run Remote Usage
		Usr 0 00:00:00, Sys 0 00:00:00  -  Run Local Usage
		Usr 0 00:00:57, Sys 0 00:00:02  -  Total Remote Usage
		Usr 0 00:00:00, Sys 0 00:00:00  -  Total Local Usage
	4154  -  Run Bytes Sent By Job
	681  -  Run Bytes Received By Job
	4154  -  Total Bytes Sent By Job
	681  -  Total Bytes Received By Job
	Partitionable Resources :    Usage  Request Allocated 
	   Cpus                 :     0.16        1         1 
	   Disk (KB)            :    26           1    246687 
	   Memory (MB)          :    46        2000      2000 
...
