000 (5003672.000.000) 04/06 10:42:21 Job submitted from host: <137.138.156.150:9618?addrs=137.138.156.150-9618+[2001-1458-d00-14--9a]-9618&alias=bigbird13.cern.ch&noUDP&sock=schedd_1774_6519_19>
...
040 (5003672.000.000) 04/06 10:56:08 Started transferring input files
	Transferring to host: <128.142.75.51:9618?addrs=128.142.75.51-9618+[2001-1458-301-75--100-4c7]-9618&alias=b7s11n9674.cern.ch&noUDP&sock=slot1_6_12038_9c23_45658>
...
040 (5003672.000.000) 04/06 10:56:08 Finished transferring input files
...
001 (5003672.000.000) 04/06 10:56:09 Job executing on host: <128.142.75.51:9618?addrs=128.142.75.51-9618+[2001-1458-301-75--100-4c7]-9618&alias=b7s11n9674.cern.ch&noUDP&sock=startd_16467_9220>
...
006 (5003672.000.000) 04/06 10:56:18 Image size of job updated: 148072
	84  -  MemoryUsage of job (MB)
	85704  -  ResidentSetSize of job (KB)
...
006 (5003672.000.000) 04/06 11:01:18 Image size of job updated: 478276
	84  -  MemoryUsage of job (MB)
	85704  -  ResidentSetSize of job (KB)
...
040 (5003672.000.000) 04/06 11:01:18 Started transferring output files
...
040 (5003672.000.000) 04/06 11:01:18 Finished transferring output files
...
005 (5003672.000.000) 04/06 11:01:18 Job terminated.
	(1) Normal termination (return value 0)
		Usr 0 00:02:11, Sys 0 00:00:02  -  Run Remote Usage
		Usr 0 00:00:00, Sys 0 00:00:00  -  Run Local Usage
		Usr 0 00:02:11, Sys 0 00:00:02  -  Total Remote Usage
		Usr 0 00:00:00, Sys 0 00:00:00  -  Total Local Usage
	4154  -  Run Bytes Sent By Job
	684  -  Run Bytes Received By Job
	4154  -  Total Bytes Sent By Job
	684  -  Total Bytes Received By Job
	Partitionable Resources :    Usage  Request Allocated 
	   Cpus                 :     0.09        1         1 
	   Disk (KB)            :    25           1    261961 
	   Memory (MB)          :    84        2000      2000 
...
