000 (5003668.000.000) 04/06 10:42:16 Job submitted from host: <137.138.156.150:9618?addrs=137.138.156.150-9618+[2001-1458-d00-14--9a]-9618&alias=bigbird13.cern.ch&noUDP&sock=schedd_1774_6519_19>
...
040 (5003668.000.000) 04/06 10:56:01 Started transferring input files
	Transferring to host: <128.142.69.152:9618?addrs=128.142.69.152-9618+[2001-1458-301-52--100-104]-9618&noUDP&sock=7255_8dc0_96429>
...
040 (5003668.000.000) 04/06 10:56:01 Finished transferring input files
...
001 (5003668.000.000) 04/06 10:56:02 Job executing on host: <128.142.69.152:9618?addrs=128.142.69.152-9618+[2001-1458-301-52--100-104]-9618&noUDP&sock=5602_15a3_3>
...
006 (5003668.000.000) 04/06 10:56:10 Image size of job updated: 103996
	54  -  MemoryUsage of job (MB)
	54560  -  ResidentSetSize of job (KB)
...
006 (5003668.000.000) 04/06 11:01:10 Image size of job updated: 166404
	101  -  MemoryUsage of job (MB)
	102824  -  ResidentSetSize of job (KB)
...
006 (5003668.000.000) 04/06 11:01:42 Image size of job updated: 166456
	101  -  MemoryUsage of job (MB)
	102824  -  ResidentSetSize of job (KB)
...
040 (5003668.000.000) 04/06 11:01:42 Started transferring output files
...
040 (5003668.000.000) 04/06 11:01:42 Finished transferring output files
...
005 (5003668.000.000) 04/06 11:01:42 Job terminated.
	(1) Normal termination (return value 0)
		Usr 0 00:02:22, Sys 0 00:00:03  -  Run Remote Usage
		Usr 0 00:00:00, Sys 0 00:00:00  -  Run Local Usage
		Usr 0 00:02:22, Sys 0 00:00:03  -  Total Remote Usage
		Usr 0 00:00:00, Sys 0 00:00:00  -  Total Local Usage
	4154  -  Run Bytes Sent By Job
	684  -  Run Bytes Received By Job
	4154  -  Total Bytes Sent By Job
	684  -  Total Bytes Received By Job
	Partitionable Resources :    Usage  Request Allocated 
	   Cpus                 :     0.49        1         1 
	   Disk (KB)            :    26           1    167645 
	   Memory (MB)          :   101        2000      2000 
...
