000 (5003680.000.000) 04/06 10:42:34 Job submitted from host: <137.138.156.150:9618?addrs=137.138.156.150-9618+[2001-1458-d00-14--9a]-9618&alias=bigbird13.cern.ch&noUDP&sock=schedd_1774_6519_19>
...
040 (5003680.000.000) 04/06 10:55:54 Started transferring input files
	Transferring to host: <128.142.76.212:9618?addrs=128.142.76.212-9618+[2001-1458-301-f4--100-282]-9618&alias=b7s12n2921.cern.ch&noUDP&sock=slot1_1_26607_c9d3_40220>
...
040 (5003680.000.000) 04/06 10:55:54 Finished transferring input files
...
001 (5003680.000.000) 04/06 10:55:55 Job executing on host: <128.142.76.212:9618?addrs=128.142.76.212-9618+[2001-1458-301-f4--100-282]-9618&alias=b7s12n2921.cern.ch&noUDP&sock=startd_16686_c95e>
...
006 (5003680.000.000) 04/06 10:56:03 Image size of job updated: 448740
	83  -  MemoryUsage of job (MB)
	84444  -  ResidentSetSize of job (KB)
...
006 (5003680.000.000) 04/06 11:00:19 Image size of job updated: 478272
	83  -  MemoryUsage of job (MB)
	84444  -  ResidentSetSize of job (KB)
...
040 (5003680.000.000) 04/06 11:00:20 Started transferring output files
...
040 (5003680.000.000) 04/06 11:00:20 Finished transferring output files
...
005 (5003680.000.000) 04/06 11:00:20 Job terminated.
	(1) Normal termination (return value 0)
		Usr 0 00:01:50, Sys 0 00:00:02  -  Run Remote Usage
		Usr 0 00:00:00, Sys 0 00:00:00  -  Run Local Usage
		Usr 0 00:01:50, Sys 0 00:00:02  -  Total Remote Usage
		Usr 0 00:00:00, Sys 0 00:00:00  -  Total Local Usage
	4154  -  Run Bytes Sent By Job
	684  -  Run Bytes Received By Job
	4154  -  Total Bytes Sent By Job
	684  -  Total Bytes Received By Job
	Partitionable Resources :    Usage  Request Allocated 
	   Cpus                 :                 1         1 
	   Disk (KB)            :       18        1    265156 
	   Memory (MB)          :       83     2000      2000 
...
