000 (5003689.000.000) 04/06 10:42:50 Job submitted from host: <137.138.156.150:9618?addrs=137.138.156.150-9618+[2001-1458-d00-14--9a]-9618&alias=bigbird13.cern.ch&noUDP&sock=schedd_1774_6519_19>
...
040 (5003689.000.000) 04/06 10:56:02 Started transferring input files
	Transferring to host: <188.184.169.26:9618?addrs=188.184.169.26-9618+[2001-1458-301-c0--100-4a3]-9618&noUDP&sock=18440_65e7_107135>
...
040 (5003689.000.000) 04/06 10:56:03 Finished transferring input files
...
001 (5003689.000.000) 04/06 10:56:04 Job executing on host: <188.184.169.26:9618?addrs=188.184.169.26-9618+[2001-1458-301-c0--100-4a3]-9618&noUDP&sock=18305_4932_3>
...
006 (5003689.000.000) 04/06 10:56:12 Image size of job updated: 146108
	82  -  MemoryUsage of job (MB)
	83688  -  ResidentSetSize of job (KB)
...
006 (5003689.000.000) 04/06 10:57:01 Image size of job updated: 161456
	82  -  MemoryUsage of job (MB)
	83688  -  ResidentSetSize of job (KB)
...
040 (5003689.000.000) 04/06 10:57:01 Started transferring output files
...
040 (5003689.000.000) 04/06 10:57:01 Finished transferring output files
...
005 (5003689.000.000) 04/06 10:57:01 Job terminated.
	(1) Normal termination (return value 0)
		Usr 0 00:00:10, Sys 0 00:00:01  -  Run Remote Usage
		Usr 0 00:00:00, Sys 0 00:00:00  -  Run Local Usage
		Usr 0 00:00:10, Sys 0 00:00:01  -  Total Remote Usage
		Usr 0 00:00:00, Sys 0 00:00:00  -  Total Local Usage
	4154  -  Run Bytes Sent By Job
	684  -  Run Bytes Received By Job
	4154  -  Total Bytes Sent By Job
	684  -  Total Bytes Received By Job
	Partitionable Resources :    Usage  Request Allocated 
	   Cpus                 :        0        1         1 
	   Disk (KB)            :       26        1    279759 
	   Memory (MB)          :       82     2000      2000 
...
