000 (5003688.000.000) 04/06 10:42:48 Job submitted from host: <137.138.156.150:9618?addrs=137.138.156.150-9618+[2001-1458-d00-14--9a]-9618&alias=bigbird13.cern.ch&noUDP&sock=schedd_1774_6519_19>
...
040 (5003688.000.000) 04/06 10:56:13 Started transferring input files
	Transferring to host: <128.142.73.176:9618?addrs=128.142.73.176-9618+[2001-1458-301-75--100-484]-9618&alias=b7s11n1072.cern.ch&noUDP&sock=slot1_1_10918_77f5_44184>
...
040 (5003688.000.000) 04/06 10:56:13 Finished transferring input files
...
001 (5003688.000.000) 04/06 10:56:14 Job executing on host: <128.142.73.176:9618?addrs=128.142.73.176-9618+[2001-1458-301-75--100-484]-9618&alias=b7s11n1072.cern.ch&noUDP&sock=startd_16682_0afd>
...
006 (5003688.000.000) 04/06 10:56:23 Image size of job updated: 468260
	90  -  MemoryUsage of job (MB)
	91624  -  ResidentSetSize of job (KB)
...
006 (5003688.000.000) 04/06 11:01:23 Image size of job updated: 478384
	97  -  MemoryUsage of job (MB)
	99016  -  ResidentSetSize of job (KB)
...
040 (5003688.000.000) 04/06 11:04:23 Started transferring output files
...
040 (5003688.000.000) 04/06 11:04:23 Finished transferring output files
...
005 (5003688.000.000) 04/06 11:04:23 Job terminated.
	(1) Normal termination (return value 0)
		Usr 0 00:01:03, Sys 0 00:00:01  -  Run Remote Usage
		Usr 0 00:00:00, Sys 0 00:00:00  -  Run Local Usage
		Usr 0 00:01:03, Sys 0 00:00:01  -  Total Remote Usage
		Usr 0 00:00:00, Sys 0 00:00:00  -  Total Local Usage
	4154  -  Run Bytes Sent By Job
	684  -  Run Bytes Received By Job
	4154  -  Total Bytes Sent By Job
	684  -  Total Bytes Received By Job
	Partitionable Resources :    Usage  Request Allocated 
	   Cpus                 :        0        1         1 
	   Disk (KB)            :       25        1    274721 
	   Memory (MB)          :       97     2000      2000 
...
