000 (5003690.000.000) 04/06 10:42:51 Job submitted from host: <137.138.156.150:9618?addrs=137.138.156.150-9618+[2001-1458-d00-14--9a]-9618&alias=bigbird13.cern.ch&noUDP&sock=schedd_1774_6519_19>
...
040 (5003690.000.000) 04/06 10:56:19 Started transferring input files
	Transferring to host: <128.142.193.231:9618?addrs=128.142.193.231-9618+[2001-1458-301-cc--100-3c5]-9618&noUDP&sock=17993_7235_108675>
...
040 (5003690.000.000) 04/06 10:56:19 Finished transferring input files
...
001 (5003690.000.000) 04/06 10:56:20 Job executing on host: <128.142.193.231:9618?addrs=128.142.193.231-9618+[2001-1458-301-cc--100-3c5]-9618&noUDP&sock=17857_fec5_3>
...
006 (5003690.000.000) 04/06 10:56:28 Image size of job updated: 43500
	24  -  MemoryUsage of job (MB)
	23724  -  ResidentSetSize of job (KB)
...
006 (5003690.000.000) 04/06 11:00:57 Image size of job updated: 163652
	24  -  MemoryUsage of job (MB)
	23724  -  ResidentSetSize of job (KB)
...
040 (5003690.000.000) 04/06 11:00:57 Started transferring output files
...
040 (5003690.000.000) 04/06 11:00:57 Finished transferring output files
...
005 (5003690.000.000) 04/06 11:00:58 Job terminated.
	(1) Normal termination (return value 0)
		Usr 0 00:01:06, Sys 0 00:00:01  -  Run Remote Usage
		Usr 0 00:00:00, Sys 0 00:00:00  -  Run Local Usage
		Usr 0 00:01:06, Sys 0 00:00:01  -  Total Remote Usage
		Usr 0 00:00:00, Sys 0 00:00:00  -  Total Local Usage
	4154  -  Run Bytes Sent By Job
	684  -  Run Bytes Received By Job
	4154  -  Total Bytes Sent By Job
	684  -  Total Bytes Received By Job
	Partitionable Resources :    Usage  Request Allocated 
	   Cpus                 :     0.23        1         1 
	   Disk (KB)            :    26           1    270864 
	   Memory (MB)          :    24        2000      2000 
...
