000 (5003686.000.000) 04/06 10:42:44 Job submitted from host: <137.138.156.150:9618?addrs=137.138.156.150-9618+[2001-1458-d00-14--9a]-9618&alias=bigbird13.cern.ch&noUDP&sock=schedd_1774_6519_19>
...
040 (5003686.000.000) 04/06 10:55:57 Started transferring input files
	Transferring to host: <128.142.78.184:9618?addrs=128.142.78.184-9618+[2001-1458-301-f4--100-3ba]-9618&alias=b7s12n3725.cern.ch&noUDP&sock=slot1_6_21574_95a6_39475>
...
040 (5003686.000.000) 04/06 10:55:57 Finished transferring input files
...
001 (5003686.000.000) 04/06 10:55:58 Job executing on host: <128.142.78.184:9618?addrs=128.142.78.184-9618+[2001-1458-301-f4--100-3ba]-9618&alias=b7s12n3725.cern.ch&noUDP&sock=startd_15757_91e2>
...
006 (5003686.000.000) 04/06 10:56:06 Image size of job updated: 44724
	23  -  MemoryUsage of job (MB)
	23448  -  ResidentSetSize of job (KB)
...
006 (5003686.000.000) 04/06 11:01:06 Image size of job updated: 478400
	102  -  MemoryUsage of job (MB)
	104392  -  ResidentSetSize of job (KB)
...
040 (5003686.000.000) 04/06 11:04:01 Started transferring output files
...
040 (5003686.000.000) 04/06 11:04:01 Finished transferring output files
...
005 (5003686.000.000) 04/06 11:04:01 Job terminated.
	(1) Normal termination (return value 0)
		Usr 0 00:02:57, Sys 0 00:00:04  -  Run Remote Usage
		Usr 0 00:00:00, Sys 0 00:00:00  -  Run Local Usage
		Usr 0 00:02:57, Sys 0 00:00:04  -  Total Remote Usage
		Usr 0 00:00:00, Sys 0 00:00:00  -  Total Local Usage
	4154  -  Run Bytes Sent By Job
	684  -  Run Bytes Received By Job
	4154  -  Total Bytes Sent By Job
	684  -  Total Bytes Received By Job
	Partitionable Resources :    Usage  Request Allocated 
	   Cpus                 :     0.41        1         1 
	   Disk (KB)            :    25           1    272617 
	   Memory (MB)          :   102        2000      2000 
...
