000 (5003661.000.000) 04/06 10:42:05 Job submitted from host: <137.138.156.150:9618?addrs=137.138.156.150-9618+[2001-1458-d00-14--9a]-9618&alias=bigbird13.cern.ch&noUDP&sock=schedd_1774_6519_19>
...
040 (5003661.000.000) 04/06 10:56:00 Started transferring input files
	Transferring to host: <128.142.68.160:9618?addrs=128.142.68.160-9618&noUDP&sock=3290_da3f_138140>
...
040 (5003661.000.000) 04/06 10:56:00 Finished transferring input files
...
001 (5003661.000.000) 04/06 10:56:01 Job executing on host: <128.142.68.160:9618?addrs=128.142.68.160-9618&noUDP&sock=2175_7293_3>
...
006 (5003661.000.000) 04/06 10:56:10 Image size of job updated: 104752
	44  -  MemoryUsage of job (MB)
	44140  -  ResidentSetSize of job (KB)
...
006 (5003661.000.000) 04/06 11:01:11 Image size of job updated: 166028
	101  -  MemoryUsage of job (MB)
	102480  -  ResidentSetSize of job (KB)
...
006 (5003661.000.000) 04/06 11:02:29 Image size of job updated: 166036
	101  -  MemoryUsage of job (MB)
	102480  -  ResidentSetSize of job (KB)
...
040 (5003661.000.000) 04/06 11:02:29 Started transferring output files
...
040 (5003661.000.000) 04/06 11:02:29 Finished transferring output files
...
005 (5003661.000.000) 04/06 11:02:29 Job terminated.
	(1) Normal termination (return value 0)
		Usr 0 00:01:53, Sys 0 00:00:05  -  Run Remote Usage
		Usr 0 00:00:00, Sys 0 00:00:00  -  Run Local Usage
		Usr 0 00:01:53, Sys 0 00:00:05  -  Total Remote Usage
		Usr 0 00:00:00, Sys 0 00:00:00  -  Total Local Usage
	4154  -  Run Bytes Sent By Job
	681  -  Run Bytes Received By Job
	4154  -  Total Bytes Sent By Job
	681  -  Total Bytes Received By Job
	Partitionable Resources :    Usage  Request Allocated 
	   Cpus                 :     0.37        1         1 
	   Disk (KB)            :    26           1    266807 
	   Memory (MB)          :   101        2000      2000 
...
