000 (5003665.000.000) 04/06 10:42:12 Job submitted from host: <137.138.156.150:9618?addrs=137.138.156.150-9618+[2001-1458-d00-14--9a]-9618&alias=bigbird13.cern.ch&noUDP&sock=schedd_1774_6519_19>
...
040 (5003665.000.000) 04/06 10:55:52 Started transferring input files
	Transferring to host: <188.184.198.110:9618?addrs=188.184.198.110-9618+[2001-1458-301-c1--100-437]-9618&alias=b7g52n1796.cern.ch&noUDP&sock=slot1_4_4874_ec7f_44461>
...
040 (5003665.000.000) 04/06 10:55:52 Finished transferring input files
...
001 (5003665.000.000) 04/06 10:55:53 Job executing on host: <188.184.198.110:9618?addrs=188.184.198.110-9618+[2001-1458-301-c1--100-437]-9618&alias=b7g52n1796.cern.ch&noUDP&sock=startd_17695_e06d>
...
006 (5003665.000.000) 04/06 10:56:02 Image size of job updated: 24228
	7  -  MemoryUsage of job (MB)
	6724  -  ResidentSetSize of job (KB)
...
006 (5003665.000.000) 04/06 11:01:03 Image size of job updated: 478360
	99  -  MemoryUsage of job (MB)
	101112  -  ResidentSetSize of job (KB)
...
006 (5003665.000.000) 04/06 11:06:03 Image size of job updated: 478360
	101  -  MemoryUsage of job (MB)
	102504  -  ResidentSetSize of job (KB)
...
040 (5003665.000.000) 04/06 11:07:49 Started transferring output files
...
040 (5003665.000.000) 04/06 11:07:49 Finished transferring output files
...
005 (5003665.000.000) 04/06 11:07:49 Job terminated.
	(1) Normal termination (return value 0)
		Usr 0 00:02:18, Sys 0 00:00:03  -  Run Remote Usage
		Usr 0 00:00:00, Sys 0 00:00:00  -  Run Local Usage
		Usr 0 00:02:18, Sys 0 00:00:03  -  Total Remote Usage
		Usr 0 00:00:00, Sys 0 00:00:00  -  Total Local Usage
	4154  -  Run Bytes Sent By Job
	681  -  Run Bytes Received By Job
	4154  -  Total Bytes Sent By Job
	681  -  Total Bytes Received By Job
	Partitionable Resources :    Usage  Request Allocated 
	   Cpus                 :     0.39        1         1 
	   Disk (KB)            :    25           1    252372 
	   Memory (MB)          :   101        2000      2000 
...
