000 (5003669.000.000) 04/06 10:42:17 Job submitted from host: <137.138.156.150:9618?addrs=137.138.156.150-9618+[2001-1458-d00-14--9a]-9618&alias=bigbird13.cern.ch&noUDP&sock=schedd_1774_6519_19>
...
040 (5003669.000.000) 04/06 10:56:07 Started transferring input files
	Transferring to host: <188.184.168.234:9618?addrs=188.184.168.234-9618+[2001-1458-301-c0--100-471]-9618&noUDP&sock=17179_e8d4_107947>
...
040 (5003669.000.000) 04/06 10:56:07 Finished transferring input files
...
001 (5003669.000.000) 04/06 10:56:08 Job executing on host: <188.184.168.234:9618?addrs=188.184.168.234-9618+[2001-1458-301-c0--100-471]-9618&noUDP&sock=17042_f915_3>
...
006 (5003669.000.000) 04/06 10:56:17 Image size of job updated: 92968
	46  -  MemoryUsage of job (MB)
	46496  -  ResidentSetSize of job (KB)
...
006 (5003669.000.000) 04/06 10:58:35 Image size of job updated: 163944
	46  -  MemoryUsage of job (MB)
	46496  -  ResidentSetSize of job (KB)
...
040 (5003669.000.000) 04/06 10:58:35 Started transferring output files
...
040 (5003669.000.000) 04/06 10:58:35 Finished transferring output files
...
005 (5003669.000.000) 04/06 10:58:35 Job terminated.
	(1) Normal termination (return value 0)
		Usr 0 00:00:53, Sys 0 00:00:02  -  Run Remote Usage
		Usr 0 00:00:00, Sys 0 00:00:00  -  Run Local Usage
		Usr 0 00:00:53, Sys 0 00:00:02  -  Total Remote Usage
		Usr 0 00:00:00, Sys 0 00:00:00  -  Total Local Usage
	4154  -  Run Bytes Sent By Job
	684  -  Run Bytes Received By Job
	4154  -  Total Bytes Sent By Job
	684  -  Total Bytes Received By Job
	Partitionable Resources :    Usage  Request Allocated 
	   Cpus                 :     0.69        1         1 
	   Disk (KB)            :    26           1    162146 
	   Memory (MB)          :    46        2000      2000 
...
