000 (5003666.000.000) 04/06 10:42:13 Job submitted from host: <137.138.156.150:9618?addrs=137.138.156.150-9618+[2001-1458-d00-14--9a]-9618&alias=bigbird13.cern.ch&noUDP&sock=schedd_1774_6519_19>
...
040 (5003666.000.000) 04/06 10:56:00 Started transferring input files
	Transferring to host: <128.142.66.19:9618?addrs=128.142.66.19-9618&noUDP&sock=2462_739d_139952>
...
040 (5003666.000.000) 04/06 10:56:00 Finished transferring input files
...
001 (5003666.000.000) 04/06 10:56:01 Job executing on host: <128.142.66.19:9618?addrs=128.142.66.19-9618&noUDP&sock=2044_97ab_3>
...
006 (5003666.000.000) 04/06 10:56:10 Image size of job updated: 162792
	97  -  MemoryUsage of job (MB)
	99228  -  ResidentSetSize of job (KB)
...
006 (5003666.000.000) 04/06 10:57:50 Image size of job updated: 167820
	97  -  MemoryUsage of job (MB)
	99228  -  ResidentSetSize of job (KB)
...
040 (5003666.000.000) 04/06 10:57:50 Started transferring output files
...
040 (5003666.000.000) 04/06 10:57:50 Finished transferring output files
...
005 (5003666.000.000) 04/06 10:57:50 Job terminated.
	(1) Normal termination (return value 0)
		Usr 0 00:00:57, Sys 0 00:00:01  -  Run Remote Usage
		Usr 0 00:00:00, Sys 0 00:00:00  -  Run Local Usage
		Usr 0 00:00:57, Sys 0 00:00:01  -  Total Remote Usage
		Usr 0 00:00:00, Sys 0 00:00:00  -  Total Local Usage
	4154  -  Run Bytes Sent By Job
	681  -  Run Bytes Received By Job
	4154  -  Total Bytes Sent By Job
	681  -  Total Bytes Received By Job
	Partitionable Resources :    Usage  Request Allocated 
	   Cpus                 :     0.52        1         1 
	   Disk (KB)            :    26           1    270424 
	   Memory (MB)          :    97        2000      2000 
...
