000 (5003670.000.000) 04/06 10:42:19 Job submitted from host: <137.138.156.150:9618?addrs=137.138.156.150-9618+[2001-1458-d00-14--9a]-9618&alias=bigbird13.cern.ch&noUDP&sock=schedd_1774_6519_19>
...
040 (5003670.000.000) 04/06 10:55:51 Started transferring input files
	Transferring to host: <128.142.77.142:9618?addrs=128.142.77.142-9618+[2001-1458-301-f4--100-33b]-9618&alias=b7s12n6852.cern.ch&noUDP&sock=slot1_8_21271_17fa_44541>
...
040 (5003670.000.000) 04/06 10:55:51 Finished transferring input files
...
001 (5003670.000.000) 04/06 10:55:52 Job executing on host: <128.142.77.142:9618?addrs=128.142.77.142-9618+[2001-1458-301-f4--100-33b]-9618&alias=b7s12n6852.cern.ch&noUDP&sock=startd_16432_9050>
...
006 (5003670.000.000) 04/06 10:56:01 Image size of job updated: 162756
	97  -  MemoryUsage of job (MB)
	99184  -  ResidentSetSize of job (KB)
...
006 (5003670.000.000) 04/06 11:00:40 Image size of job updated: 478924
	97  -  MemoryUsage of job (MB)
	99184  -  ResidentSetSize of job (KB)
...
040 (5003670.000.000) 04/06 11:00:41 Started transferring output files
...
040 (5003670.000.000) 04/06 11:00:41 Finished transferring output files
...
005 (5003670.000.000) 04/06 11:00:41 Job terminated.
	(1) Normal termination (return value 0)
		Usr 0 00:01:42, Sys 0 00:00:01  -  Run Remote Usage
		Usr 0 00:00:00, Sys 0 00:00:00  -  Run Local Usage
		Usr 0 00:01:42, Sys 0 00:00:01  -  Total Remote Usage
		Usr 0 00:00:00, Sys 0 00:00:00  -  Total Local Usage
	4154  -  Run Bytes Sent By Job
	684  -  Run Bytes Received By Job
	4154  -  Total Bytes Sent By Job
	684  -  Total Bytes Received By Job
	Partitionable Resources :    Usage  Request Allocated 
	   Cpus                 :     0.00        1         1 
	   Disk (KB)            :    25           1    177898 
	   Memory (MB)          :    97        2000      2000 
...
