000 (5003687.000.000) 04/06 10:42:46 Job submitted from host: <137.138.156.150:9618?addrs=137.138.156.150-9618+[2001-1458-d00-14--9a]-9618&alias=bigbird13.cern.ch&noUDP&sock=schedd_1774_6519_19>
...
040 (5003687.000.000) 04/06 10:56:02 Started transferring input files
	Transferring to host: <128.142.68.134:9618?addrs=128.142.68.134-9618&noUDP&sock=3337_f7e1_138725>
...
040 (5003687.000.000) 04/06 10:56:02 Finished transferring input files
...
001 (5003687.000.000) 04/06 10:56:03 Job executing on host: <128.142.68.134:9618?addrs=128.142.68.134-9618&noUDP&sock=2193_cb48_3>
...
006 (5003687.000.000) 04/06 10:56:12 Image size of job updated: 98748
	38  -  MemoryUsage of job (MB)
	38276  -  ResidentSetSize of job (KB)
...
006 (5003687.000.000) 04/06 11:01:13 Image size of job updated: 169112
	104  -  MemoryUsage of job (MB)
	105528  -  ResidentSetSize of job (KB)
...
006 (5003687.000.000) 04/06 11:06:13 Image size of job updated: 169120
	104  -  MemoryUsage of job (MB)
	105536  -  ResidentSetSize of job (KB)
...
040 (5003687.000.000) 04/06 11:07:30 Started transferring output files
...
040 (5003687.000.000) 04/06 11:07:30 Finished transferring output files
...
005 (5003687.000.000) 04/06 11:07:30 Job terminated.
	(1) Normal termination (return value 0)
		Usr 0 00:02:45, Sys 0 00:00:04  -  Run Remote Usage
		Usr 0 00:00:00, Sys 0 00:00:00  -  Run Local Usage
		Usr 0 00:02:45, Sys 0 00:00:04  -  Total Remote Usage
		Usr 0 00:00:00, Sys 0 00:00:00  -  Total Local Usage
	4154  -  Run Bytes Sent By Job
	684  -  Run Bytes Received By Job
	4154  -  Total Bytes Sent By Job
	684  -  Total Bytes Received By Job
	Partitionable Resources :    Usage  Request Allocated 
	   Cpus                 :     0.10        1         1 
	   Disk (KB)            :    26           1    276382 
	   Memory (MB)          :   104        2000      2000 
...
