000 (5003662.000.000) 04/06 10:42:08 Job submitted from host: <137.138.156.150:9618?addrs=137.138.156.150-9618+[2001-1458-d00-14--9a]-9618&alias=bigbird13.cern.ch&noUDP&sock=schedd_1774_6519_19>
...
040 (5003662.000.000) 04/06 10:55:50 Started transferring input files
	Transferring to host: <188.184.168.193:9618?addrs=188.184.168.193-9618+[2001-1458-301-c0--100-fc]-9618&alias=b7g52n5785.cern.ch&noUDP&sock=slot1_1_314_fdc6_45811>
...
040 (5003662.000.000) 04/06 10:55:50 Finished transferring input files
...
001 (5003662.000.000) 04/06 10:55:51 Job executing on host: <188.184.168.193:9618?addrs=188.184.168.193-9618+[2001-1458-301-c0--100-fc]-9618&alias=b7g52n5785.cern.ch&noUDP&sock=startd_17483_7659>
...
006 (5003662.000.000) 04/06 10:55:59 Image size of job updated: 458728
	91  -  MemoryUsage of job (MB)
	92476  -  ResidentSetSize of job (KB)
...
006 (5003662.000.000) 04/06 11:00:09 Image size of job updated: 479316
	91  -  MemoryUsage of job (MB)
	92476  -  ResidentSetSize of job (KB)
...
040 (5003662.000.000) 04/06 11:00:09 Started transferring output files
...
040 (5003662.000.000) 04/06 11:00:09 Finished transferring output files
...
005 (5003662.000.000) 04/06 11:00:09 Job terminated.
	(1) Normal termination (return value 0)
		Usr 0 00:02:08, Sys 0 00:00:02  -  Run Remote Usage
		Usr 0 00:00:00, Sys 0 00:00:00  -  Run Local Usage
		Usr 0 00:02:08, Sys 0 00:00:02  -  Total Remote Usage
		Usr 0 00:00:00, Sys 0 00:00:00  -  Total Local Usage
	4154  -  Run Bytes Sent By Job
	681  -  Run Bytes Received By Job
	4154  -  Total Bytes Sent By Job
	681  -  Total Bytes Received By Job
	Partitionable Resources :    Usage  Request Allocated 
	   Cpus                 :                 1         1 
	   Disk (KB)            :       18        1    197939 
	   Memory (MB)          :       91     2000      2000 
...
