000 (5018972.000.000) 04/07 11:06:21 Job submitted from host: <137.138.156.150:9618?addrs=137.138.156.150-9618+[2001-1458-d00-14--9a]-9618&alias=bigbird13.cern.ch&noUDP&sock=schedd_1774_6519_19>
...
040 (5018972.000.000) 04/07 11:06:36 Started transferring input files
	Transferring to host: <188.184.168.75:9618?addrs=188.184.168.75-9618+[2001-1458-301-c0--100-253]-9618&noUDP&sock=16854_eae6_103330>
...
040 (5018972.000.000) 04/07 11:06:36 Finished transferring input files
...
001 (5018972.000.000) 04/07 11:06:37 Job executing on host: <188.184.168.75:9618?addrs=188.184.168.75-9618+[2001-1458-301-c0--100-253]-9618&noUDP&sock=16701_1349_3>
...
006 (5018972.000.000) 04/07 11:06:46 Image size of job updated: 157168
	92  -  MemoryUsage of job (MB)
	93932  -  ResidentSetSize of job (KB)
...
006 (5018972.000.000) 04/07 11:07:08 Image size of job updated: 158856
	92  -  MemoryUsage of job (MB)
	93932  -  ResidentSetSize of job (KB)
...
040 (5018972.000.000) 04/07 11:07:08 Started transferring output files
...
040 (5018972.000.000) 04/07 11:07:08 Finished transferring output files
...
005 (5018972.000.000) 04/07 11:07:08 Job terminated.
	(1) Normal termination (return value 0)
		Usr 0 00:00:15, Sys 0 00:00:00  -  Run Remote Usage
		Usr 0 00:00:00, Sys 0 00:00:00  -  Run Local Usage
		Usr 0 00:00:15, Sys 0 00:00:00  -  Total Remote Usage
		Usr 0 00:00:00, Sys 0 00:00:00  -  Total Local Usage
	4154  -  Run Bytes Sent By Job
	753  -  Run Bytes Received By Job
	4154  -  Total Bytes Sent By Job
	753  -  Total Bytes Received By Job
	Partitionable Resources :    Usage  Request Allocated 
	   Cpus                 :        0        1         1 
	   Disk (KB)            :       27        1    280414 
	   Memory (MB)          :       92     2000      2000 
...
