000 (5018968.000.000) 04/07 11:06:03 Job submitted from host: <137.138.156.150:9618?addrs=137.138.156.150-9618+[2001-1458-d00-14--9a]-9618&alias=bigbird13.cern.ch&noUDP&sock=schedd_1774_6519_19>
...
040 (5018968.000.000) 04/07 11:06:06 Started transferring input files
	Transferring to host: <128.142.70.49:9618?addrs=128.142.70.49-9618+[2001-1458-301-52--100-ad]-9618&alias=b7s10n6444.cern.ch&noUDP&sock=slot1_8_18750_d234_38900>
...
040 (5018968.000.000) 04/07 11:06:06 Finished transferring input files
...
001 (5018968.000.000) 04/07 11:06:07 Job executing on host: <128.142.70.49:9618?addrs=128.142.70.49-9618+[2001-1458-301-52--100-ad]-9618&alias=b7s10n6444.cern.ch&noUDP&sock=startd_2016_6304>
...
006 (5018968.000.000) 04/07 11:06:15 Image size of job updated: 428584
	94  -  MemoryUsage of job (MB)
	95236  -  ResidentSetSize of job (KB)
...
006 (5018968.000.000) 04/07 11:07:19 Image size of job updated: 475640
	94  -  MemoryUsage of job (MB)
	95236  -  ResidentSetSize of job (KB)
...
040 (5018968.000.000) 04/07 11:07:19 Started transferring output files
...
040 (5018968.000.000) 04/07 11:07:19 Finished transferring output files
...
005 (5018968.000.000) 04/07 11:07:19 Job terminated.
	(1) Normal termination (return value 0)
		Usr 0 00:00:39, Sys 0 00:00:01  -  Run Remote Usage
		Usr 0 00:00:00, Sys 0 00:00:00  -  Run Local Usage
		Usr 0 00:00:39, Sys 0 00:00:01  -  Total Remote Usage
		Usr 0 00:00:00, Sys 0 00:00:00  -  Total Local Usage
	4154  -  Run Bytes Sent By Job
	753  -  Run Bytes Received By Job
	4154  -  Total Bytes Sent By Job
	753  -  Total Bytes Received By Job
	Partitionable Resources :    Usage  Request Allocated 
	   Cpus                 :                 1         1 
	   Disk (KB)            :       19        1    288017 
	   Memory (MB)          :       94     2000      2000 
...
