000 (5018961.000.000) 04/07 11:05:31 Job submitted from host: <137.138.156.150:9618?addrs=137.138.156.150-9618+[2001-1458-d00-14--9a]-9618&alias=bigbird13.cern.ch&noUDP&sock=schedd_1774_6519_19>
...
040 (5018961.000.000) 04/07 11:05:37 Started transferring input files
	Transferring to host: <128.142.77.56:9618?addrs=128.142.77.56-9618+[2001-1458-301-f4--100-272]-9618&alias=b7s12n8562.cern.ch&noUDP&sock=slot1_5_25439_d3a4_44464>
...
040 (5018961.000.000) 04/07 11:05:37 Finished transferring input files
...
001 (5018961.000.000) 04/07 11:05:38 Job executing on host: <128.142.77.56:9618?addrs=128.142.77.56-9618+[2001-1458-301-f4--100-272]-9618&alias=b7s12n8562.cern.ch&noUDP&sock=startd_16780_4345>
...
006 (5018961.000.000) 04/07 11:05:46 Image size of job updated: 444072
	96  -  MemoryUsage of job (MB)
	97772  -  ResidentSetSize of job (KB)
...
006 (5018961.000.000) 04/07 11:08:10 Image size of job updated: 478760
	96  -  MemoryUsage of job (MB)
	97772  -  ResidentSetSize of job (KB)
...
040 (5018961.000.000) 04/07 11:08:10 Started transferring output files
...
040 (5018961.000.000) 04/07 11:08:10 Finished transferring output files
...
005 (5018961.000.000) 04/07 11:08:10 Job terminated.
	(1) Normal termination (return value 0)
		Usr 0 00:01:12, Sys 0 00:00:01  -  Run Remote Usage
		Usr 0 00:00:00, Sys 0 00:00:00  -  Run Local Usage
		Usr 0 00:01:12, Sys 0 00:00:01  -  Total Remote Usage
		Usr 0 00:00:00, Sys 0 00:00:00  -  Total Local Usage
	4154  -  Run Bytes Sent By Job
	718  -  Run Bytes Received By Job
	4154  -  Total Bytes Sent By Job
	718  -  Total Bytes Received By Job
	Partitionable Resources :    Usage  Request Allocated 
	   Cpus                 :                 1         1 
	   Disk (KB)            :       19        1    274384 
	   Memory (MB)          :       96     2000      2000 
...
