000 (5018965.000.000) 04/07 11:05:52 Job submitted from host: <137.138.156.150:9618?addrs=137.138.156.150-9618+[2001-1458-d00-14--9a]-9618&alias=bigbird13.cern.ch&noUDP&sock=schedd_1774_6519_19>
...
040 (5018965.000.000) 04/07 11:05:54 Started transferring input files
	Transferring to host: <128.142.73.157:9618?addrs=128.142.73.157-9618+[2001-1458-301-75--100-3cf]-9618&alias=b7s11n6636.cern.ch&noUDP&sock=slot1_3_16205_a36c_39953>
...
040 (5018965.000.000) 04/07 11:05:54 Finished transferring input files
...
001 (5018965.000.000) 04/07 11:05:55 Job executing on host: <128.142.73.157:9618?addrs=128.142.73.157-9618+[2001-1458-301-75--100-3cf]-9618&alias=b7s11n6636.cern.ch&noUDP&sock=startd_16685_19c5>
...
006 (5018965.000.000) 04/07 11:06:04 Image size of job updated: 457892
	95  -  MemoryUsage of job (MB)
	97272  -  ResidentSetSize of job (KB)
...
006 (5018965.000.000) 04/07 11:07:25 Image size of job updated: 478204
	95  -  MemoryUsage of job (MB)
	97272  -  ResidentSetSize of job (KB)
...
040 (5018965.000.000) 04/07 11:07:25 Started transferring output files
...
040 (5018965.000.000) 04/07 11:07:25 Finished transferring output files
...
005 (5018965.000.000) 04/07 11:07:26 Job terminated.
	(1) Normal termination (return value 0)
		Usr 0 00:00:36, Sys 0 00:00:00  -  Run Remote Usage
		Usr 0 00:00:00, Sys 0 00:00:00  -  Run Local Usage
		Usr 0 00:00:36, Sys 0 00:00:00  -  Total Remote Usage
		Usr 0 00:00:00, Sys 0 00:00:00  -  Total Local Usage
	4154  -  Run Bytes Sent By Job
	718  -  Run Bytes Received By Job
	4154  -  Total Bytes Sent By Job
	718  -  Total Bytes Received By Job
	Partitionable Resources :    Usage  Request Allocated 
	   Cpus                 :     0.68        1         1 
	   Disk (KB)            :    26           1    274285 
	   Memory (MB)          :    95        2000      2000 
...
