000 (5018959.000.000) 04/07 11:05:28 Job submitted from host: <137.138.156.150:9618?addrs=137.138.156.150-9618+[2001-1458-d00-14--9a]-9618&alias=bigbird13.cern.ch&noUDP&sock=schedd_1774_6519_19>
...
040 (5018959.000.000) 04/07 11:05:35 Started transferring input files
	Transferring to host: <188.184.169.98:9618?addrs=188.184.169.98-9618+[2001-1458-301-c0--100-5a]-9618&alias=b7g52n2794.cern.ch&noUDP&sock=slot1_10_12335_df8f_40130>
...
040 (5018959.000.000) 04/07 11:05:35 Finished transferring input files
...
001 (5018959.000.000) 04/07 11:05:36 Job executing on host: <188.184.169.98:9618?addrs=188.184.169.98-9618+[2001-1458-301-c0--100-5a]-9618&alias=b7g52n2794.cern.ch&noUDP&sock=startd_16758_2c2f>
...
006 (5018959.000.000) 04/07 11:05:45 Image size of job updated: 473300
	96  -  MemoryUsage of job (MB)
	97908  -  ResidentSetSize of job (KB)
...
006 (5018959.000.000) 04/07 11:07:44 Image size of job updated: 478468
	96  -  MemoryUsage of job (MB)
	97908  -  ResidentSetSize of job (KB)
...
040 (5018959.000.000) 04/07 11:07:44 Started transferring output files
...
040 (5018959.000.000) 04/07 11:07:44 Finished transferring output files
...
005 (5018959.000.000) 04/07 11:07:44 Job terminated.
	(1) Normal termination (return value 0)
		Usr 0 00:01:03, Sys 0 00:00:01  -  Run Remote Usage
		Usr 0 00:00:00, Sys 0 00:00:00  -  Run Local Usage
		Usr 0 00:01:03, Sys 0 00:00:01  -  Total Remote Usage
		Usr 0 00:00:00, Sys 0 00:00:00  -  Total Local Usage
	4154  -  Run Bytes Sent By Job
	718  -  Run Bytes Received By Job
	4154  -  Total Bytes Sent By Job
	718  -  Total Bytes Received By Job
	Partitionable Resources :    Usage  Request Allocated 
	   Cpus                 :     0.62        1         1 
	   Disk (KB)            :    26           1    287259 
	   Memory (MB)          :    96        2000      2000 
...
