000 (5018958.000.000) 04/07 11:05:24 Job submitted from host: <137.138.156.150:9618?addrs=137.138.156.150-9618+[2001-1458-d00-14--9a]-9618&alias=bigbird13.cern.ch&noUDP&sock=schedd_1774_6519_19>
...
040 (5018958.000.000) 04/07 11:05:33 Started transferring input files
	Transferring to host: <128.142.78.56:9618?addrs=128.142.78.56-9618+[2001-1458-301-f4--100-298]-9618&noUDP&sock=16967_894b_66167>
...
040 (5018958.000.000) 04/07 11:05:33 Finished transferring input files
...
001 (5018958.000.000) 04/07 11:05:34 Job executing on host: <128.142.78.56:9618?addrs=128.142.78.56-9618+[2001-1458-301-f4--100-298]-9618&noUDP&sock=16811_86b4_3>
...
006 (5018958.000.000) 04/07 11:05:42 Image size of job updated: 161184
	96  -  MemoryUsage of job (MB)
	97952  -  ResidentSetSize of job (KB)
...
006 (5018958.000.000) 04/07 11:07:24 Image size of job updated: 164920
	96  -  MemoryUsage of job (MB)
	97952  -  ResidentSetSize of job (KB)
...
040 (5018958.000.000) 04/07 11:07:24 Started transferring output files
...
040 (5018958.000.000) 04/07 11:07:24 Finished transferring output files
...
005 (5018958.000.000) 04/07 11:07:24 Job terminated.
	(1) Normal termination (return value 0)
		Usr 0 00:00:57, Sys 0 00:00:01  -  Run Remote Usage
		Usr 0 00:00:00, Sys 0 00:00:00  -  Run Local Usage
		Usr 0 00:00:57, Sys 0 00:00:01  -  Total Remote Usage
		Usr 0 00:00:00, Sys 0 00:00:00  -  Total Local Usage
	4154  -  Run Bytes Sent By Job
	718  -  Run Bytes Received By Job
	4154  -  Total Bytes Sent By Job
	718  -  Total Bytes Received By Job
	Partitionable Resources :    Usage  Request Allocated 
	   Cpus                 :     0.52        1         1 
	   Disk (KB)            :    27           1    288278 
	   Memory (MB)          :    96        2000      2000 
...
