000 (5003844.000.000) 04/06 10:47:07 Job submitted from host: <137.138.156.150:9618?addrs=137.138.156.150-9618+[2001-1458-d00-14--9a]-9618&alias=bigbird13.cern.ch&noUDP&sock=schedd_1774_6519_19>
...
040 (5003844.000.000) 04/06 10:59:09 Started transferring input files
	Transferring to host: <128.142.76.95:9618?addrs=128.142.76.95-9618+[2001-1458-301-f4--100-45f]-9618&alias=b7s12n4050.cern.ch&noUDP&sock=slot1_2_32750_166d_39510>
...
040 (5003844.000.000) 04/06 10:59:09 Finished transferring input files
...
001 (5003844.000.000) 04/06 10:59:10 Job executing on host: <128.142.76.95:9618?addrs=128.142.76.95-9618+[2001-1458-301-f4--100-45f]-9618&alias=b7s12n4050.cern.ch&noUDP&sock=startd_16734_b5e9>
...
006 (5003844.000.000) 04/06 10:59:19 Image size of job updated: 469332
	92  -  MemoryUsage of job (MB)
	93336  -  ResidentSetSize of job (KB)
...
006 (5003844.000.000) 04/06 10:59:41 Image size of job updated: 474248
	92  -  MemoryUsage of job (MB)
	93336  -  ResidentSetSize of job (KB)
...
040 (5003844.000.000) 04/06 10:59:41 Started transferring output files
...
040 (5003844.000.000) 04/06 10:59:41 Finished transferring output files
...
005 (5003844.000.000) 04/06 10:59:42 Job terminated.
	(1) Normal termination (return value 0)
		Usr 0 00:00:11, Sys 0 00:00:00  -  Run Remote Usage
		Usr 0 00:00:00, Sys 0 00:00:00  -  Run Local Usage
		Usr 0 00:00:11, Sys 0 00:00:00  -  Total Remote Usage
		Usr 0 00:00:00, Sys 0 00:00:00  -  Total Local Usage
	4154  -  Run Bytes Sent By Job
	751  -  Run Bytes Received By Job
	4154  -  Total Bytes Sent By Job
	751  -  Total Bytes Received By Job
	Partitionable Resources :    Usage  Request Allocated 
	   Cpus                 :                 1         1 
	   Disk (KB)            :       18        1    280888 
	   Memory (MB)          :       92     2000      2000 
...
