000 (5003842.000.000) 04/06 10:47:01 Job submitted from host: <137.138.156.150:9618?addrs=137.138.156.150-9618+[2001-1458-d00-14--9a]-9618&alias=bigbird13.cern.ch&noUDP&sock=schedd_1774_6519_19>
...
040 (5003842.000.000) 04/06 10:59:25 Started transferring input files
	Transferring to host: <128.142.78.123:9618?addrs=128.142.78.123-9618+[2001-1458-301-f4--100-410]-9618&alias=b7s12n2483.cern.ch&noUDP&sock=slot1_5_22630_a1d1_43404>
...
040 (5003842.000.000) 04/06 10:59:25 Finished transferring input files
...
001 (5003842.000.000) 04/06 10:59:26 Job executing on host: <128.142.78.123:9618?addrs=128.142.78.123-9618+[2001-1458-301-f4--100-410]-9618&alias=b7s12n2483.cern.ch&noUDP&sock=startd_16858_c3a8>
...
006 (5003842.000.000) 04/06 10:59:35 Image size of job updated: 413032
	83  -  MemoryUsage of job (MB)
	84252  -  ResidentSetSize of job (KB)
...
006 (5003842.000.000) 04/06 11:00:37 Image size of job updated: 473124
	83  -  MemoryUsage of job (MB)
	84252  -  ResidentSetSize of job (KB)
...
040 (5003842.000.000) 04/06 11:00:37 Started transferring output files
...
040 (5003842.000.000) 04/06 11:00:37 Finished transferring output files
...
005 (5003842.000.000) 04/06 11:00:37 Job terminated.
	(1) Normal termination (return value 0)
		Usr 0 00:00:30, Sys 0 00:00:01  -  Run Remote Usage
		Usr 0 00:00:00, Sys 0 00:00:00  -  Run Local Usage
		Usr 0 00:00:30, Sys 0 00:00:01  -  Total Remote Usage
		Usr 0 00:00:00, Sys 0 00:00:00  -  Total Local Usage
	4154  -  Run Bytes Sent By Job
	751  -  Run Bytes Received By Job
	4154  -  Total Bytes Sent By Job
	751  -  Total Bytes Received By Job
	Partitionable Resources :    Usage  Request Allocated 
	   Cpus                 :                 1         1 
	   Disk (KB)            :       18        1    201297 
	   Memory (MB)          :       83     2000      2000 
...
