000 (5003841.000.000) 04/06 10:46:59 Job submitted from host: <137.138.156.150:9618?addrs=137.138.156.150-9618+[2001-1458-d00-14--9a]-9618&alias=bigbird13.cern.ch&noUDP&sock=schedd_1774_6519_19>
...
040 (5003841.000.000) 04/06 10:59:09 Started transferring input files
	Transferring to host: <188.184.169.33:9618?addrs=188.184.169.33-9618+[2001-1458-301-c0--100-463]-9618&alias=b7g52n9199.cern.ch&noUDP&sock=slot1_6_31495_d39a_44349>
...
040 (5003841.000.000) 04/06 10:59:09 Finished transferring input files
...
001 (5003841.000.000) 04/06 10:59:10 Job executing on host: <188.184.169.33:9618?addrs=188.184.169.33-9618+[2001-1458-301-c0--100-463]-9618&alias=b7g52n9199.cern.ch&noUDP&sock=startd_17754_5883>
...
006 (5003841.000.000) 04/06 10:59:18 Image size of job updated: 470676
	93  -  MemoryUsage of job (MB)
	95160  -  ResidentSetSize of job (KB)
...
006 (5003841.000.000) 04/06 11:00:23 Image size of job updated: 475708
	93  -  MemoryUsage of job (MB)
	95160  -  ResidentSetSize of job (KB)
...
040 (5003841.000.000) 04/06 11:00:23 Started transferring output files
...
040 (5003841.000.000) 04/06 11:00:23 Finished transferring output files
...
005 (5003841.000.000) 04/06 11:00:24 Job terminated.
	(1) Normal termination (return value 0)
		Usr 0 00:00:39, Sys 0 00:00:00  -  Run Remote Usage
		Usr 0 00:00:00, Sys 0 00:00:00  -  Run Local Usage
		Usr 0 00:00:39, Sys 0 00:00:00  -  Total Remote Usage
		Usr 0 00:00:00, Sys 0 00:00:00  -  Total Local Usage
	4154  -  Run Bytes Sent By Job
	751  -  Run Bytes Received By Job
	4154  -  Total Bytes Sent By Job
	751  -  Total Bytes Received By Job
	Partitionable Resources :    Usage  Request Allocated 
	   Cpus                 :     0.61        1         1 
	   Disk (KB)            :    25           1    285069 
	   Memory (MB)          :    93        2000      2000 
...
