000 (5018862.000.000) 04/07 10:59:06 Job submitted from host: <137.138.156.150:9618?addrs=137.138.156.150-9618+[2001-1458-d00-14--9a]-9618&alias=bigbird13.cern.ch&noUDP&sock=schedd_1774_6519_19>
...
040 (5018862.000.000) 04/07 11:00:05 Started transferring input files
	Transferring to host: <128.142.72.249:9618?addrs=128.142.72.249-9618+[2001-1458-301-75--100-46]-9618&alias=b7s11n8028.cern.ch&noUDP&sock=slot1_3_12616_dcfa_45995>
...
040 (5018862.000.000) 04/07 11:00:05 Finished transferring input files
...
001 (5018862.000.000) 04/07 11:00:06 Job executing on host: <128.142.72.249:9618?addrs=128.142.72.249-9618+[2001-1458-301-75--100-46]-9618&alias=b7s11n8028.cern.ch&noUDP&sock=startd_16493_6796>
...
006 (5018862.000.000) 04/07 11:00:15 Image size of job updated: 98544
	49  -  MemoryUsage of job (MB)
	49316  -  ResidentSetSize of job (KB)
...
006 (5018862.000.000) 04/07 11:03:18 Image size of job updated: 478796
	49  -  MemoryUsage of job (MB)
	49316  -  ResidentSetSize of job (KB)
...
040 (5018862.000.000) 04/07 11:03:18 Started transferring output files
...
040 (5018862.000.000) 04/07 11:03:18 Finished transferring output files
...
005 (5018862.000.000) 04/07 11:03:18 Job terminated.
	(1) Normal termination (return value 0)
		Usr 0 00:01:49, Sys 0 00:00:01  -  Run Remote Usage
		Usr 0 00:00:00, Sys 0 00:00:00  -  Run Local Usage
		Usr 0 00:01:49, Sys 0 00:00:01  -  Total Remote Usage
		Usr 0 00:00:00, Sys 0 00:00:00  -  Total Local Usage
	4154  -  Run Bytes Sent By Job
	721  -  Run Bytes Received By Job
	4154  -  Total Bytes Sent By Job
	721  -  Total Bytes Received By Job
	Partitionable Resources :    Usage  Request Allocated 
	   Cpus                 :                 1         1 
	   Disk (KB)            :       19        1    284210 
	   Memory (MB)          :       49     2000      2000 
...
