000 (5018762.000.000) 04/07 10:55:25 Job submitted from host: <137.138.156.150:9618?addrs=137.138.156.150-9618+[2001-1458-d00-14--9a]-9618&alias=bigbird13.cern.ch&noUDP&sock=schedd_1774_6519_19>
...
040 (5018762.000.000) 04/07 10:58:01 Started transferring input files
	Transferring to host: <188.184.212.12:9618?addrs=188.184.212.12-9618+[2001-1458-301-10c--100-22]-9618&alias=b7g24n0040.cern.ch&noUDP&sock=slot1_5_8906_d523_59781>
...
040 (5018762.000.000) 04/07 10:58:01 Finished transferring input files
...
001 (5018762.000.000) 04/07 10:58:02 Job executing on host: <188.184.212.12:9618?addrs=188.184.212.12-9618+[2001-1458-301-10c--100-22]-9618&alias=b7g24n0040.cern.ch&noUDP&sock=startd_20309_dcfd>
...
006 (5018762.000.000) 04/07 10:58:11 Image size of job updated: 229032
	95  -  MemoryUsage of job (MB)
	96348  -  ResidentSetSize of job (KB)
...
006 (5018762.000.000) 04/07 11:02:33 Image size of job updated: 478632
	95  -  MemoryUsage of job (MB)
	96348  -  ResidentSetSize of job (KB)
...
040 (5018762.000.000) 04/07 11:02:33 Started transferring output files
...
040 (5018762.000.000) 04/07 11:02:33 Finished transferring output files
...
005 (5018762.000.000) 04/07 11:02:34 Job terminated.
	(1) Normal termination (return value 0)
		Usr 0 00:02:16, Sys 0 00:00:02  -  Run Remote Usage
		Usr 0 00:00:00, Sys 0 00:00:00  -  Run Local Usage
		Usr 0 00:02:16, Sys 0 00:00:02  -  Total Remote Usage
		Usr 0 00:00:00, Sys 0 00:00:00  -  Total Local Usage
	4154  -  Run Bytes Sent By Job
	718  -  Run Bytes Received By Job
	4154  -  Total Bytes Sent By Job
	718  -  Total Bytes Received By Job
	Partitionable Resources :    Usage  Request Allocated 
	   Cpus                 :     0.67        1         1 
	   Disk (KB)            :    25           1    298277 
	   Memory (MB)          :    95        2000      2000 
...
