000 (5018841.000.000) 04/07 10:57:55 Job submitted from host: <137.138.156.150:9618?addrs=137.138.156.150-9618+[2001-1458-d00-14--9a]-9618&alias=bigbird13.cern.ch&noUDP&sock=schedd_1774_6519_19>
...
040 (5018841.000.000) 04/07 10:59:17 Started transferring input files
	Transferring to host: <128.142.84.214:9618?addrs=128.142.84.214-9618+[2001-1458-301-f6--100-bb]-9618&noUDP&sock=15658_3a36_56699>
...
040 (5018841.000.000) 04/07 10:59:17 Finished transferring input files
...
001 (5018841.000.000) 04/07 10:59:18 Job executing on host: <128.142.84.214:9618?addrs=128.142.84.214-9618+[2001-1458-301-f6--100-bb]-9618&noUDP&sock=15552_f4f8_3>
...
006 (5018841.000.000) 04/07 10:59:27 Image size of job updated: 161820
	96  -  MemoryUsage of job (MB)
	98248  -  ResidentSetSize of job (KB)
...
006 (5018841.000.000) 04/07 11:04:24 Image size of job updated: 168240
	96  -  MemoryUsage of job (MB)
	98248  -  ResidentSetSize of job (KB)
...
040 (5018841.000.000) 04/07 11:04:24 Started transferring output files
...
040 (5018841.000.000) 04/07 11:04:24 Finished transferring output files
...
005 (5018841.000.000) 04/07 11:04:24 Job terminated.
	(1) Normal termination (return value 0)
		Usr 0 00:01:50, Sys 0 00:00:01  -  Run Remote Usage
		Usr 0 00:00:00, Sys 0 00:00:00  -  Run Local Usage
		Usr 0 00:01:50, Sys 0 00:00:01  -  Total Remote Usage
		Usr 0 00:00:00, Sys 0 00:00:00  -  Total Local Usage
	4154  -  Run Bytes Sent By Job
	721  -  Run Bytes Received By Job
	4154  -  Total Bytes Sent By Job
	721  -  Total Bytes Received By Job
	Partitionable Resources :    Usage  Request Allocated 
	   Cpus                 :     0.55        1         1 
	   Disk (KB)            :    26           1    273664 
	   Memory (MB)          :    96        2000      2000 
...
