000 (5018822.000.000) 04/07 10:56:46 Job submitted from host: <137.138.156.150:9618?addrs=137.138.156.150-9618+[2001-1458-d00-14--9a]-9618&alias=bigbird13.cern.ch&noUDP&sock=schedd_1774_6519_19>
...
040 (5018822.000.000) 04/07 10:58:04 Started transferring input files
	Transferring to host: <188.184.139.123:9618?addrs=188.184.139.123-9618+[2001-1458-301-45--100-192]-9618&alias=b7g42n0653.cern.ch&noUDP&sock=slot1_4_15357_254a_40633>
...
040 (5018822.000.000) 04/07 10:58:04 Finished transferring input files
...
001 (5018822.000.000) 04/07 10:58:05 Job executing on host: <188.184.139.123:9618?addrs=188.184.139.123-9618+[2001-1458-301-45--100-192]-9618&alias=b7g42n0653.cern.ch&noUDP&sock=startd_5601_660a>
...
006 (5018822.000.000) 04/07 10:58:14 Image size of job updated: 161360
	96  -  MemoryUsage of job (MB)
	97800  -  ResidentSetSize of job (KB)
...
006 (5018822.000.000) 04/07 11:01:48 Image size of job updated: 478168
	96  -  MemoryUsage of job (MB)
	97800  -  ResidentSetSize of job (KB)
...
040 (5018822.000.000) 04/07 11:01:48 Started transferring output files
...
040 (5018822.000.000) 04/07 11:01:48 Finished transferring output files
...
005 (5018822.000.000) 04/07 11:01:48 Job terminated.
	(1) Normal termination (return value 0)
		Usr 0 00:01:52, Sys 0 00:00:02  -  Run Remote Usage
		Usr 0 00:00:00, Sys 0 00:00:00  -  Run Local Usage
		Usr 0 00:01:52, Sys 0 00:00:02  -  Total Remote Usage
		Usr 0 00:00:00, Sys 0 00:00:00  -  Total Local Usage
	4154  -  Run Bytes Sent By Job
	721  -  Run Bytes Received By Job
	4154  -  Total Bytes Sent By Job
	721  -  Total Bytes Received By Job
	Partitionable Resources :    Usage  Request Allocated 
	   Cpus                 :                 1         1 
	   Disk (KB)            :       18        1    288325 
	   Memory (MB)          :       96     2000      2000 
...
