000 (5018838.000.000) 04/07 10:57:43 Job submitted from host: <137.138.156.150:9618?addrs=137.138.156.150-9618+[2001-1458-d00-14--9a]-9618&alias=bigbird13.cern.ch&noUDP&sock=schedd_1774_6519_19>
...
040 (5018838.000.000) 04/07 10:58:09 Started transferring input files
	Transferring to host: <188.184.139.181:9618?addrs=188.184.139.181-9618+[2001-1458-301-45--100-1a7]-9618&alias=b7g42n0702.cern.ch&noUDP&sock=slot1_4_6972_2795_38602>
...
040 (5018838.000.000) 04/07 10:58:09 Finished transferring input files
...
001 (5018838.000.000) 04/07 10:58:10 Job executing on host: <188.184.139.181:9618?addrs=188.184.139.181-9618+[2001-1458-301-45--100-1a7]-9618&alias=b7g42n0702.cern.ch&noUDP&sock=startd_8152_2c23>
...
006 (5018838.000.000) 04/07 10:58:18 Image size of job updated: 409344
	96  -  MemoryUsage of job (MB)
	98116  -  ResidentSetSize of job (KB)
...
006 (5018838.000.000) 04/07 11:02:55 Image size of job updated: 478488
	96  -  MemoryUsage of job (MB)
	98116  -  ResidentSetSize of job (KB)
...
040 (5018838.000.000) 04/07 11:02:55 Started transferring output files
...
040 (5018838.000.000) 04/07 11:02:55 Finished transferring output files
...
005 (5018838.000.000) 04/07 11:02:56 Job terminated.
	(1) Normal termination (return value 0)
		Usr 0 00:02:22, Sys 0 00:00:02  -  Run Remote Usage
		Usr 0 00:00:00, Sys 0 00:00:00  -  Run Local Usage
		Usr 0 00:02:22, Sys 0 00:00:02  -  Total Remote Usage
		Usr 0 00:00:00, Sys 0 00:00:00  -  Total Local Usage
	4154  -  Run Bytes Sent By Job
	721  -  Run Bytes Received By Job
	4154  -  Total Bytes Sent By Job
	721  -  Total Bytes Received By Job
	Partitionable Resources :    Usage  Request Allocated 
	   Cpus                 :                 1         1 
	   Disk (KB)            :       18        1    287126 
	   Memory (MB)          :       96     2000      2000 
...
