000 (5018859.000.000) 04/07 10:58:54 Job submitted from host: <137.138.156.150:9618?addrs=137.138.156.150-9618+[2001-1458-d00-14--9a]-9618&alias=bigbird13.cern.ch&noUDP&sock=schedd_1774_6519_19>
...
040 (5018859.000.000) 04/07 10:59:20 Started transferring input files
	Transferring to host: <188.184.198.148:9618?addrs=188.184.198.148-9618+[2001-1458-301-c1--100-1cc]-9618&noUDP&sock=19440_fd10_107991>
...
040 (5018859.000.000) 04/07 10:59:20 Finished transferring input files
...
001 (5018859.000.000) 04/07 10:59:21 Job executing on host: <188.184.198.148:9618?addrs=188.184.198.148-9618+[2001-1458-301-c1--100-1cc]-9618&noUDP&sock=19303_d4b7_3>
...
006 (5018859.000.000) 04/07 10:59:30 Image size of job updated: 161380
	96  -  MemoryUsage of job (MB)
	97808  -  ResidentSetSize of job (KB)
...
006 (5018859.000.000) 04/07 11:02:31 Image size of job updated: 167076
	96  -  MemoryUsage of job (MB)
	97808  -  ResidentSetSize of job (KB)
...
040 (5018859.000.000) 04/07 11:02:31 Started transferring output files
...
040 (5018859.000.000) 04/07 11:02:31 Finished transferring output files
...
005 (5018859.000.000) 04/07 11:02:31 Job terminated.
	(1) Normal termination (return value 0)
		Usr 0 00:01:28, Sys 0 00:00:01  -  Run Remote Usage
		Usr 0 00:00:00, Sys 0 00:00:00  -  Run Local Usage
		Usr 0 00:01:28, Sys 0 00:00:01  -  Total Remote Usage
		Usr 0 00:00:00, Sys 0 00:00:00  -  Total Local Usage
	4154  -  Run Bytes Sent By Job
	721  -  Run Bytes Received By Job
	4154  -  Total Bytes Sent By Job
	721  -  Total Bytes Received By Job
	Partitionable Resources :    Usage  Request Allocated 
	   Cpus                 :     0.43        1         1 
	   Disk (KB)            :    26           1    274301 
	   Memory (MB)          :    96        2000      2000 
...
