000 (5018830.000.000) 04/07 10:57:19 Job submitted from host: <137.138.156.150:9618?addrs=137.138.156.150-9618+[2001-1458-d00-14--9a]-9618&alias=bigbird13.cern.ch&noUDP&sock=schedd_1774_6519_19>
...
040 (5018830.000.000) 04/07 11:00:03 Started transferring input files
	Transferring to host: <128.142.71.131:9618?addrs=128.142.71.131-9618+[2001-1458-301-52--100-39]-9618&alias=b7s10n1867.cern.ch&noUDP&sock=slot1_6_18235_f4ff_44852>
...
040 (5018830.000.000) 04/07 11:00:03 Finished transferring input files
...
001 (5018830.000.000) 04/07 11:00:04 Job executing on host: <128.142.71.131:9618?addrs=128.142.71.131-9618+[2001-1458-301-52--100-39]-9618&alias=b7s10n1867.cern.ch&noUDP&sock=startd_2119_0946>
...
006 (5018830.000.000) 04/07 11:00:13 Image size of job updated: 163352
	98  -  MemoryUsage of job (MB)
	100112  -  ResidentSetSize of job (KB)
...
006 (5018830.000.000) 04/07 11:05:10 Image size of job updated: 478836
	98  -  MemoryUsage of job (MB)
	100112  -  ResidentSetSize of job (KB)
...
040 (5018830.000.000) 04/07 11:05:10 Started transferring output files
...
040 (5018830.000.000) 04/07 11:05:10 Finished transferring output files
...
005 (5018830.000.000) 04/07 11:05:10 Job terminated.
	(1) Normal termination (return value 0)
		Usr 0 00:01:50, Sys 0 00:00:02  -  Run Remote Usage
		Usr 0 00:00:00, Sys 0 00:00:00  -  Run Local Usage
		Usr 0 00:01:50, Sys 0 00:00:02  -  Total Remote Usage
		Usr 0 00:00:00, Sys 0 00:00:00  -  Total Local Usage
	4154  -  Run Bytes Sent By Job
	721  -  Run Bytes Received By Job
	4154  -  Total Bytes Sent By Job
	721  -  Total Bytes Received By Job
	Partitionable Resources :    Usage  Request Allocated 
	   Cpus                 :     0.65        1         1 
	   Disk (KB)            :    26           1    262098 
	   Memory (MB)          :    98        2000      2000 
...
