000 (5018789.000.000) 04/07 10:55:57 Job submitted from host: <137.138.156.150:9618?addrs=137.138.156.150-9618+[2001-1458-d00-14--9a]-9618&alias=bigbird13.cern.ch&noUDP&sock=schedd_1774_6519_19>
...
040 (5018789.000.000) 04/07 10:59:16 Started transferring input files
	Transferring to host: <128.142.83.21:9618?addrs=128.142.83.21-9618+[2001-1458-301-f5--100-317]-9618&noUDP&sock=586_a3d1_37302>
...
040 (5018789.000.000) 04/07 10:59:16 Finished transferring input files
...
001 (5018789.000.000) 04/07 10:59:17 Job executing on host: <128.142.83.21:9618?addrs=128.142.83.21-9618+[2001-1458-301-f5--100-317]-9618&noUDP&sock=16726_3928_43>
...
006 (5018789.000.000) 04/07 10:59:25 Image size of job updated: 162264
	97  -  MemoryUsage of job (MB)
	98692  -  ResidentSetSize of job (KB)
...
006 (5018789.000.000) 04/07 11:02:21 Image size of job updated: 167148
	97  -  MemoryUsage of job (MB)
	98692  -  ResidentSetSize of job (KB)
...
040 (5018789.000.000) 04/07 11:02:21 Started transferring output files
...
040 (5018789.000.000) 04/07 11:02:21 Finished transferring output files
...
005 (5018789.000.000) 04/07 11:02:21 Job terminated.
	(1) Normal termination (return value 0)
		Usr 0 00:01:35, Sys 0 00:00:01  -  Run Remote Usage
		Usr 0 00:00:00, Sys 0 00:00:00  -  Run Local Usage
		Usr 0 00:01:35, Sys 0 00:00:01  -  Total Remote Usage
		Usr 0 00:00:00, Sys 0 00:00:00  -  Total Local Usage
	4154  -  Run Bytes Sent By Job
	718  -  Run Bytes Received By Job
	4154  -  Total Bytes Sent By Job
	718  -  Total Bytes Received By Job
	Partitionable Resources :    Usage  Request Allocated 
	   Cpus                 :     0.56        1         1 
	   Disk (KB)            :    26           1    275592 
	   Memory (MB)          :    97        2000      2000 
...
