000 (5018869.000.000) 04/07 10:59:32 Job submitted from host: <137.138.156.150:9618?addrs=137.138.156.150-9618+[2001-1458-d00-14--9a]-9618&alias=bigbird13.cern.ch&noUDP&sock=schedd_1774_6519_19>
...
040 (5018869.000.000) 04/07 11:00:35 Started transferring input files
	Transferring to host: <128.142.67.254:9618?addrs=128.142.67.254-9618&noUDP&sock=2548_0be1_139531>
...
040 (5018869.000.000) 04/07 11:00:35 Finished transferring input files
...
001 (5018869.000.000) 04/07 11:00:36 Job executing on host: <128.142.67.254:9618?addrs=128.142.67.254-9618&noUDP&sock=1878_baf3_3>
...
006 (5018869.000.000) 04/07 11:00:44 Image size of job updated: 160900
	96  -  MemoryUsage of job (MB)
	97660  -  ResidentSetSize of job (KB)
...
006 (5018869.000.000) 04/07 11:05:44 Image size of job updated: 167560
	102  -  MemoryUsage of job (MB)
	104320  -  ResidentSetSize of job (KB)
...
006 (5018869.000.000) 04/07 11:14:18 Image size of job updated: 502604
	102  -  MemoryUsage of job (MB)
	104320  -  ResidentSetSize of job (KB)
...
040 (5018869.000.000) 04/07 11:14:18 Started transferring output files
...
040 (5018869.000.000) 04/07 11:14:18 Finished transferring output files
...
005 (5018869.000.000) 04/07 11:14:18 Job terminated.
	(1) Normal termination (return value 0)
		Usr 0 00:01:51, Sys 0 00:00:02  -  Run Remote Usage
		Usr 0 00:00:00, Sys 0 00:00:00  -  Run Local Usage
		Usr 0 00:01:51, Sys 0 00:00:02  -  Total Remote Usage
		Usr 0 00:00:00, Sys 0 00:00:00  -  Total Local Usage
	4154  -  Run Bytes Sent By Job
	721  -  Run Bytes Received By Job
	4154  -  Total Bytes Sent By Job
	721  -  Total Bytes Received By Job
	Partitionable Resources :    Usage  Request Allocated 
	   Cpus                 :     0.03        1         1 
	   Disk (KB)            :    27           1    288755 
	   Memory (MB)          :   102        2000      2000 
...
