000 (5018809.000.000) 04/07 10:56:12 Job submitted from host: <137.138.156.150:9618?addrs=137.138.156.150-9618+[2001-1458-d00-14--9a]-9618&alias=bigbird13.cern.ch&noUDP&sock=schedd_1774_6519_19>
...
040 (5018809.000.000) 04/07 10:59:43 Started transferring input files
	Transferring to host: <188.184.138.7:9618?addrs=188.184.138.7-9618+[2001-1458-301-45--100-2]-9618&alias=b7g42n0010.cern.ch&noUDP&sock=slot1_1_31583_d49d_61061>
...
040 (5018809.000.000) 04/07 10:59:43 Finished transferring input files
...
001 (5018809.000.000) 04/07 10:59:44 Job executing on host: <188.184.138.7:9618?addrs=188.184.138.7-9618+[2001-1458-301-45--100-2]-9618&alias=b7g42n0010.cern.ch&noUDP&sock=startd_5605_246b>
...
006 (5018809.000.000) 04/07 10:59:53 Image size of job updated: 162916
	98  -  MemoryUsage of job (MB)
	99680  -  ResidentSetSize of job (KB)
...
006 (5018809.000.000) 04/07 11:03:57 Image size of job updated: 478884
	98  -  MemoryUsage of job (MB)
	99680  -  ResidentSetSize of job (KB)
...
040 (5018809.000.000) 04/07 11:03:57 Started transferring output files
...
040 (5018809.000.000) 04/07 11:03:57 Finished transferring output files
...
005 (5018809.000.000) 04/07 11:03:57 Job terminated.
	(1) Normal termination (return value 0)
		Usr 0 00:02:17, Sys 0 00:00:02  -  Run Remote Usage
		Usr 0 00:00:00, Sys 0 00:00:00  -  Run Local Usage
		Usr 0 00:02:17, Sys 0 00:00:02  -  Total Remote Usage
		Usr 0 00:00:00, Sys 0 00:00:00  -  Total Local Usage
	4154  -  Run Bytes Sent By Job
	721  -  Run Bytes Received By Job
	4154  -  Total Bytes Sent By Job
	721  -  Total Bytes Received By Job
	Partitionable Resources :    Usage  Request Allocated 
	   Cpus                 :                 1         1 
	   Disk (KB)            :       19        1    303646 
	   Memory (MB)          :       98     2000      2000 
...
