000 (5018806.000.000) 04/07 10:56:10 Job submitted from host: <137.138.156.150:9618?addrs=137.138.156.150-9618+[2001-1458-d00-14--9a]-9618&alias=bigbird13.cern.ch&noUDP&sock=schedd_1774_6519_19>
...
040 (5018806.000.000) 04/07 10:58:03 Started transferring input files
	Transferring to host: <188.184.212.23:9618?addrs=188.184.212.23-9618+[2001-1458-301-10c--100-2b]-9618&alias=b7g24n0070.cern.ch&noUDP&sock=slot1_3_25704_8b0e_61440>
...
040 (5018806.000.000) 04/07 10:58:03 Finished transferring input files
...
001 (5018806.000.000) 04/07 10:58:04 Job executing on host: <188.184.212.23:9618?addrs=188.184.212.23-9618+[2001-1458-301-10c--100-2b]-9618&alias=b7g24n0070.cern.ch&noUDP&sock=startd_1860_623e>
...
006 (5018806.000.000) 04/07 10:58:12 Image size of job updated: 152364
	87  -  MemoryUsage of job (MB)
	88932  -  ResidentSetSize of job (KB)
...
006 (5018806.000.000) 04/07 11:03:07 Image size of job updated: 478564
	87  -  MemoryUsage of job (MB)
	88932  -  ResidentSetSize of job (KB)
...
040 (5018806.000.000) 04/07 11:03:07 Started transferring output files
...
040 (5018806.000.000) 04/07 11:03:07 Finished transferring output files
...
005 (5018806.000.000) 04/07 11:03:07 Job terminated.
	(1) Normal termination (return value 0)
		Usr 0 00:02:23, Sys 0 00:00:02  -  Run Remote Usage
		Usr 0 00:00:00, Sys 0 00:00:00  -  Run Local Usage
		Usr 0 00:02:23, Sys 0 00:00:02  -  Total Remote Usage
		Usr 0 00:00:00, Sys 0 00:00:00  -  Total Local Usage
	4154  -  Run Bytes Sent By Job
	721  -  Run Bytes Received By Job
	4154  -  Total Bytes Sent By Job
	721  -  Total Bytes Received By Job
	Partitionable Resources :    Usage  Request Allocated 
	   Cpus                 :     0.44        1         1 
	   Disk (KB)            :    25           1    287905 
	   Memory (MB)          :    87        2000      2000 
...
