000 (5018870.000.000) 04/07 10:59:35 Job submitted from host: <137.138.156.150:9618?addrs=137.138.156.150-9618+[2001-1458-d00-14--9a]-9618&alias=bigbird13.cern.ch&noUDP&sock=schedd_1774_6519_19>
...
040 (5018870.000.000) 04/07 11:00:36 Started transferring input files
	Transferring to host: <128.142.84.8:9618?addrs=128.142.84.8-9618+[2001-1458-301-f6--100-512]-9618&alias=b7s14n6692.cern.ch&noUDP&sock=slot1_10_4265_d407_4393>
...
040 (5018870.000.000) 04/07 11:00:36 Finished transferring input files
...
001 (5018870.000.000) 04/07 11:00:37 Job executing on host: <128.142.84.8:9618?addrs=128.142.84.8-9618+[2001-1458-301-f6--100-512]-9618&alias=b7s14n6692.cern.ch&noUDP&sock=startd_3820_c7de>
...
006 (5018870.000.000) 04/07 11:00:46 Image size of job updated: 162440
	97  -  MemoryUsage of job (MB)
	99204  -  ResidentSetSize of job (KB)
...
006 (5018870.000.000) 04/07 11:03:54 Image size of job updated: 479616
	97  -  MemoryUsage of job (MB)
	99204  -  ResidentSetSize of job (KB)
...
040 (5018870.000.000) 04/07 11:03:54 Started transferring output files
...
040 (5018870.000.000) 04/07 11:03:54 Finished transferring output files
...
005 (5018870.000.000) 04/07 11:03:54 Job terminated.
	(1) Normal termination (return value 0)
		Usr 0 00:02:00, Sys 0 00:00:02  -  Run Remote Usage
		Usr 0 00:00:00, Sys 0 00:00:00  -  Run Local Usage
		Usr 0 00:02:00, Sys 0 00:00:02  -  Total Remote Usage
		Usr 0 00:00:00, Sys 0 00:00:00  -  Total Local Usage
	4154  -  Run Bytes Sent By Job
	721  -  Run Bytes Received By Job
	4154  -  Total Bytes Sent By Job
	721  -  Total Bytes Received By Job
	Partitionable Resources :    Usage  Request Allocated 
	   Cpus                 :                 1         1 
	   Disk (KB)            :       19        1    284640 
	   Memory (MB)          :       97     2000      2000 
...
