000 (5018844.000.000) 04/07 10:58:07 Job submitted from host: <137.138.156.150:9618?addrs=137.138.156.150-9618+[2001-1458-d00-14--9a]-9618&alias=bigbird13.cern.ch&noUDP&sock=schedd_1774_6519_19>
...
040 (5018844.000.000) 04/07 10:59:17 Started transferring input files
	Transferring to host: <128.142.71.55:9618?addrs=128.142.71.55-9618+[2001-1458-301-52--100-373]-9618&noUDP&sock=2834_8f2c_102236>
...
040 (5018844.000.000) 04/07 10:59:17 Finished transferring input files
...
001 (5018844.000.000) 04/07 10:59:18 Job executing on host: <128.142.71.55:9618?addrs=128.142.71.55-9618+[2001-1458-301-52--100-373]-9618&noUDP&sock=2796_66e3_3>
...
006 (5018844.000.000) 04/07 10:59:27 Image size of job updated: 161924
	97  -  MemoryUsage of job (MB)
	98360  -  ResidentSetSize of job (KB)
...
006 (5018844.000.000) 04/07 11:03:29 Image size of job updated: 167868
	97  -  MemoryUsage of job (MB)
	98360  -  ResidentSetSize of job (KB)
...
040 (5018844.000.000) 04/07 11:03:29 Started transferring output files
...
040 (5018844.000.000) 04/07 11:03:29 Finished transferring output files
...
005 (5018844.000.000) 04/07 11:03:29 Job terminated.
	(1) Normal termination (return value 0)
		Usr 0 00:01:59, Sys 0 00:00:02  -  Run Remote Usage
		Usr 0 00:00:00, Sys 0 00:00:00  -  Run Local Usage
		Usr 0 00:01:59, Sys 0 00:00:02  -  Total Remote Usage
		Usr 0 00:00:00, Sys 0 00:00:00  -  Total Local Usage
	4154  -  Run Bytes Sent By Job
	721  -  Run Bytes Received By Job
	4154  -  Total Bytes Sent By Job
	721  -  Total Bytes Received By Job
	Partitionable Resources :    Usage  Request Allocated 
	   Cpus                 :     0.73        1         1 
	   Disk (KB)            :    26           1    225025 
	   Memory (MB)          :    97        2000      2000 
...
