000 (5018772.000.000) 04/07 10:55:42 Job submitted from host: <137.138.156.150:9618?addrs=137.138.156.150-9618+[2001-1458-d00-14--9a]-9618&alias=bigbird13.cern.ch&noUDP&sock=schedd_1774_6519_19>
...
040 (5018772.000.000) 04/07 10:58:23 Started transferring input files
	Transferring to host: <188.184.190.229:9618?addrs=188.184.190.229-9618+[2001-1458-301-4b--100-ca]-9618&noUDP&sock=16276_aa0f_106893>
...
040 (5018772.000.000) 04/07 10:58:23 Finished transferring input files
...
001 (5018772.000.000) 04/07 10:58:24 Job executing on host: <188.184.190.229:9618?addrs=188.184.190.229-9618+[2001-1458-301-4b--100-ca]-9618&noUDP&sock=16239_2e88_3>
...
006 (5018772.000.000) 04/07 10:58:33 Image size of job updated: 148276
	83  -  MemoryUsage of job (MB)
	84856  -  ResidentSetSize of job (KB)
...
006 (5018772.000.000) 04/07 10:58:49 Image size of job updated: 158408
	83  -  MemoryUsage of job (MB)
	84856  -  ResidentSetSize of job (KB)
...
040 (5018772.000.000) 04/07 10:58:49 Started transferring output files
...
040 (5018772.000.000) 04/07 10:58:49 Finished transferring output files
...
005 (5018772.000.000) 04/07 10:58:49 Job terminated.
	(1) Normal termination (return value 0)
		Usr 0 00:00:12, Sys 0 00:00:00  -  Run Remote Usage
		Usr 0 00:00:00, Sys 0 00:00:00  -  Run Local Usage
		Usr 0 00:00:12, Sys 0 00:00:00  -  Total Remote Usage
		Usr 0 00:00:00, Sys 0 00:00:00  -  Total Local Usage
	4154  -  Run Bytes Sent By Job
	718  -  Run Bytes Received By Job
	4154  -  Total Bytes Sent By Job
	718  -  Total Bytes Received By Job
	Partitionable Resources :    Usage  Request Allocated 
	   Cpus                 :     0.09        1         1 
	   Disk (KB)            :    26           1    299576 
	   Memory (MB)          :    83        2000      2000 
...
