000 (5018834.000.000) 04/07 10:57:31 Job submitted from host: <137.138.156.150:9618?addrs=137.138.156.150-9618+[2001-1458-d00-14--9a]-9618&alias=bigbird13.cern.ch&noUDP&sock=schedd_1774_6519_19>
...
040 (5018834.000.000) 04/07 10:58:08 Started transferring input files
	Transferring to host: <188.184.196.42:9618?addrs=188.184.196.42-9618+[2001-1458-301-102--100-28]-9618&alias=b7g24n0081.cern.ch&noUDP&sock=slot1_7_5272_59cf_40439>
...
040 (5018834.000.000) 04/07 10:58:08 Finished transferring input files
...
001 (5018834.000.000) 04/07 10:58:09 Job executing on host: <188.184.196.42:9618?addrs=188.184.196.42-9618+[2001-1458-301-102--100-28]-9618&alias=b7g24n0081.cern.ch&noUDP&sock=startd_20383_9eff>
...
006 (5018834.000.000) 04/07 10:58:18 Image size of job updated: 283224
	97  -  MemoryUsage of job (MB)
	99136  -  ResidentSetSize of job (KB)
...
006 (5018834.000.000) 04/07 11:03:19 Image size of job updated: 478960
	103  -  MemoryUsage of job (MB)
	104480  -  ResidentSetSize of job (KB)
...
006 (5018834.000.000) 04/07 11:04:12 Image size of job updated: 479028
	103  -  MemoryUsage of job (MB)
	104480  -  ResidentSetSize of job (KB)
...
040 (5018834.000.000) 04/07 11:04:12 Started transferring output files
...
040 (5018834.000.000) 04/07 11:04:12 Finished transferring output files
...
005 (5018834.000.000) 04/07 11:04:12 Job terminated.
	(1) Normal termination (return value 0)
		Usr 0 00:03:02, Sys 0 00:00:02  -  Run Remote Usage
		Usr 0 00:00:00, Sys 0 00:00:00  -  Run Local Usage
		Usr 0 00:03:02, Sys 0 00:00:02  -  Total Remote Usage
		Usr 0 00:00:00, Sys 0 00:00:00  -  Total Local Usage
	4154  -  Run Bytes Sent By Job
	721  -  Run Bytes Received By Job
	4154  -  Total Bytes Sent By Job
	721  -  Total Bytes Received By Job
	Partitionable Resources :    Usage  Request Allocated 
	   Cpus                 :     0.22        1         1 
	   Disk (KB)            :    25           1    305264 
	   Memory (MB)          :   103        2000      2000 
...
