000 (5018839.000.000) 04/07 10:57:46 Job submitted from host: <137.138.156.150:9618?addrs=137.138.156.150-9618+[2001-1458-d00-14--9a]-9618&alias=bigbird13.cern.ch&noUDP&sock=schedd_1774_6519_19>
...
040 (5018839.000.000) 04/07 10:59:33 Started transferring input files
	Transferring to host: <128.142.78.65:9618?addrs=128.142.78.65-9618+[2001-1458-301-f4--100-401]-9618&noUDP&sock=16589_337c_65580>
...
040 (5018839.000.000) 04/07 10:59:33 Finished transferring input files
...
001 (5018839.000.000) 04/07 10:59:34 Job executing on host: <128.142.78.65:9618?addrs=128.142.78.65-9618+[2001-1458-301-f4--100-401]-9618&noUDP&sock=16433_3fe8_3>
...
006 (5018839.000.000) 04/07 10:59:42 Image size of job updated: 148432
	85  -  MemoryUsage of job (MB)
	86068  -  ResidentSetSize of job (KB)
...
006 (5018839.000.000) 04/07 11:03:24 Image size of job updated: 166636
	85  -  MemoryUsage of job (MB)
	86068  -  ResidentSetSize of job (KB)
...
040 (5018839.000.000) 04/07 11:03:24 Started transferring output files
...
040 (5018839.000.000) 04/07 11:03:24 Finished transferring output files
...
005 (5018839.000.000) 04/07 11:03:24 Job terminated.
	(1) Normal termination (return value 0)
		Usr 0 00:01:47, Sys 0 00:00:02  -  Run Remote Usage
		Usr 0 00:00:00, Sys 0 00:00:00  -  Run Local Usage
		Usr 0 00:01:47, Sys 0 00:00:02  -  Total Remote Usage
		Usr 0 00:00:00, Sys 0 00:00:00  -  Total Local Usage
	4154  -  Run Bytes Sent By Job
	721  -  Run Bytes Received By Job
	4154  -  Total Bytes Sent By Job
	721  -  Total Bytes Received By Job
	Partitionable Resources :    Usage  Request Allocated 
	   Cpus                 :     0.46        1         1 
	   Disk (KB)            :    26           1    282037 
	   Memory (MB)          :    85        2000      2000 
...
