000 (5018759.000.000) 04/07 10:55:22 Job submitted from host: <137.138.156.150:9618?addrs=137.138.156.150-9618+[2001-1458-d00-14--9a]-9618&alias=bigbird13.cern.ch&noUDP&sock=schedd_1774_6519_19>
...
040 (5018759.000.000) 04/07 10:59:31 Started transferring input files
	Transferring to host: <128.142.78.56:9618?addrs=128.142.78.56-9618+[2001-1458-301-f4--100-298]-9618&noUDP&sock=16967_894b_66163>
...
040 (5018759.000.000) 04/07 10:59:31 Finished transferring input files
...
001 (5018759.000.000) 04/07 10:59:32 Job executing on host: <128.142.78.56:9618?addrs=128.142.78.56-9618+[2001-1458-301-f4--100-298]-9618&noUDP&sock=16811_86b4_3>
...
006 (5018759.000.000) 04/07 10:59:40 Image size of job updated: 148716
	85  -  MemoryUsage of job (MB)
	86364  -  ResidentSetSize of job (KB)
...
006 (5018759.000.000) 04/07 11:04:40 Image size of job updated: 167860
	102  -  MemoryUsage of job (MB)
	104292  -  ResidentSetSize of job (KB)
...
040 (5018759.000.000) 04/07 11:05:32 Started transferring output files
...
040 (5018759.000.000) 04/07 11:05:32 Finished transferring output files
...
005 (5018759.000.000) 04/07 11:05:32 Job terminated.
	(1) Normal termination (return value 0)
		Usr 0 00:01:50, Sys 0 00:00:02  -  Run Remote Usage
		Usr 0 00:00:00, Sys 0 00:00:00  -  Run Local Usage
		Usr 0 00:01:50, Sys 0 00:00:02  -  Total Remote Usage
		Usr 0 00:00:00, Sys 0 00:00:00  -  Total Local Usage
	4154  -  Run Bytes Sent By Job
	718  -  Run Bytes Received By Job
	4154  -  Total Bytes Sent By Job
	718  -  Total Bytes Received By Job
	Partitionable Resources :    Usage  Request Allocated 
	   Cpus                 :     0.31        1         1 
	   Disk (KB)            :    26           1    288218 
	   Memory (MB)          :   102        2000      2000 
...
