000 (5018833.000.000) 04/07 10:57:28 Job submitted from host: <137.138.156.150:9618?addrs=137.138.156.150-9618+[2001-1458-d00-14--9a]-9618&alias=bigbird13.cern.ch&noUDP&sock=schedd_1774_6519_19>
...
040 (5018833.000.000) 04/07 10:58:25 Started transferring input files
	Transferring to host: <188.184.196.108:9618?addrs=188.184.196.108-9618+[2001-1458-301-102--100-61]-9618&noUDP&sock=25947_c238_192367>
...
040 (5018833.000.000) 04/07 10:58:25 Finished transferring input files
...
001 (5018833.000.000) 04/07 10:58:26 Job executing on host: <188.184.196.108:9618?addrs=188.184.196.108-9618+[2001-1458-301-102--100-61]-9618&noUDP&sock=20328_e54a_3>
...
006 (5018833.000.000) 04/07 10:58:35 Image size of job updated: 155276
	90  -  MemoryUsage of job (MB)
	91872  -  ResidentSetSize of job (KB)
...
006 (5018833.000.000) 04/07 11:02:29 Image size of job updated: 165768
	90  -  MemoryUsage of job (MB)
	91872  -  ResidentSetSize of job (KB)
...
040 (5018833.000.000) 04/07 11:02:29 Started transferring output files
...
040 (5018833.000.000) 04/07 11:02:29 Finished transferring output files
...
005 (5018833.000.000) 04/07 11:02:30 Job terminated.
	(1) Normal termination (return value 0)
		Usr 0 00:02:07, Sys 0 00:00:02  -  Run Remote Usage
		Usr 0 00:00:00, Sys 0 00:00:00  -  Run Local Usage
		Usr 0 00:02:07, Sys 0 00:00:02  -  Total Remote Usage
		Usr 0 00:00:00, Sys 0 00:00:00  -  Total Local Usage
	4154  -  Run Bytes Sent By Job
	721  -  Run Bytes Received By Job
	4154  -  Total Bytes Sent By Job
	721  -  Total Bytes Received By Job
	Partitionable Resources :    Usage  Request Allocated 
	   Cpus                 :     0.49        1         1 
	   Disk (KB)            :    26           1    311661 
	   Memory (MB)          :    90        2000      2000 
...
