000 (5018765.000.000) 04/07 10:55:28 Job submitted from host: <137.138.156.150:9618?addrs=137.138.156.150-9618+[2001-1458-d00-14--9a]-9618&alias=bigbird13.cern.ch&noUDP&sock=schedd_1774_6519_19>
...
040 (5018765.000.000) 04/07 10:59:32 Started transferring input files
	Transferring to host: <128.142.83.20:9618?addrs=128.142.83.20-9618+[2001-1458-301-f5--100-20]-9618&noUDP&sock=16788_6a24_64052>
...
040 (5018765.000.000) 04/07 10:59:32 Finished transferring input files
...
001 (5018765.000.000) 04/07 10:59:33 Job executing on host: <128.142.83.20:9618?addrs=128.142.83.20-9618+[2001-1458-301-f5--100-20]-9618&noUDP&sock=16632_bf41_3>
...
006 (5018765.000.000) 04/07 10:59:41 Image size of job updated: 163416
	98  -  MemoryUsage of job (MB)
	99844  -  ResidentSetSize of job (KB)
...
006 (5018765.000.000) 04/07 11:04:41 Image size of job updated: 164948
	99  -  MemoryUsage of job (MB)
	101376  -  ResidentSetSize of job (KB)
...
006 (5018765.000.000) 04/07 11:06:58 Image size of job updated: 168144
	99  -  MemoryUsage of job (MB)
	101376  -  ResidentSetSize of job (KB)
...
040 (5018765.000.000) 04/07 11:06:58 Started transferring output files
...
040 (5018765.000.000) 04/07 11:06:58 Finished transferring output files
...
005 (5018765.000.000) 04/07 11:06:58 Job terminated.
	(1) Normal termination (return value 0)
		Usr 0 00:01:50, Sys 0 00:00:01  -  Run Remote Usage
		Usr 0 00:00:00, Sys 0 00:00:00  -  Run Local Usage
		Usr 0 00:01:50, Sys 0 00:00:01  -  Total Remote Usage
		Usr 0 00:00:00, Sys 0 00:00:00  -  Total Local Usage
	4154  -  Run Bytes Sent By Job
	718  -  Run Bytes Received By Job
	4154  -  Total Bytes Sent By Job
	718  -  Total Bytes Received By Job
	Partitionable Resources :    Usage  Request Allocated 
	   Cpus                 :     0.60        1         1 
	   Disk (KB)            :    26           1    287353 
	   Memory (MB)          :    99        2000      2000 
...
