000 (5018836.000.000) 04/07 10:57:36 Job submitted from host: <137.138.156.150:9618?addrs=137.138.156.150-9618+[2001-1458-d00-14--9a]-9618&alias=bigbird13.cern.ch&noUDP&sock=schedd_1774_6519_19>
...
040 (5018836.000.000) 04/07 10:58:24 Started transferring input files
	Transferring to host: <188.184.197.212:9618?addrs=188.184.197.212-9618+[2001-1458-301-103--100-24]-9618&noUDP&sock=20873_aaaa_106236>
...
040 (5018836.000.000) 04/07 10:58:24 Finished transferring input files
...
001 (5018836.000.000) 04/07 10:58:25 Job executing on host: <188.184.197.212:9618?addrs=188.184.197.212-9618+[2001-1458-301-103--100-24]-9618&noUDP&sock=20819_ae4a_3>
...
006 (5018836.000.000) 04/07 10:58:34 Image size of job updated: 162120
	97  -  MemoryUsage of job (MB)
	98560  -  ResidentSetSize of job (KB)
...
006 (5018836.000.000) 04/07 11:02:42 Image size of job updated: 168408
	97  -  MemoryUsage of job (MB)
	98560  -  ResidentSetSize of job (KB)
...
040 (5018836.000.000) 04/07 11:02:42 Started transferring output files
...
040 (5018836.000.000) 04/07 11:02:42 Finished transferring output files
...
005 (5018836.000.000) 04/07 11:02:42 Job terminated.
	(1) Normal termination (return value 0)
		Usr 0 00:02:05, Sys 0 00:00:02  -  Run Remote Usage
		Usr 0 00:00:00, Sys 0 00:00:00  -  Run Local Usage
		Usr 0 00:02:05, Sys 0 00:00:02  -  Total Remote Usage
		Usr 0 00:00:00, Sys 0 00:00:00  -  Total Local Usage
	4154  -  Run Bytes Sent By Job
	721  -  Run Bytes Received By Job
	4154  -  Total Bytes Sent By Job
	721  -  Total Bytes Received By Job
	Partitionable Resources :    Usage  Request Allocated 
	   Cpus                 :     0.63        1         1 
	   Disk (KB)            :    26           1    341031 
	   Memory (MB)          :    97        2000      2000 
...
