000 (5018850.000.000) 04/07 10:58:29 Job submitted from host: <137.138.156.150:9618?addrs=137.138.156.150-9618+[2001-1458-d00-14--9a]-9618&alias=bigbird13.cern.ch&noUDP&sock=schedd_1774_6519_19>
...
040 (5018850.000.000) 04/07 10:59:19 Started transferring input files
	Transferring to host: <188.184.168.99:9618?addrs=188.184.168.99-9618+[2001-1458-301-c0--100-277]-9618&noUDP&sock=10463_e143_105705>
...
040 (5018850.000.000) 04/07 10:59:19 Finished transferring input files
...
001 (5018850.000.000) 04/07 10:59:20 Job executing on host: <188.184.168.99:9618?addrs=188.184.168.99-9618+[2001-1458-301-c0--100-277]-9618&noUDP&sock=10425_42e8_3>
...
006 (5018850.000.000) 04/07 10:59:28 Image size of job updated: 163116
	98  -  MemoryUsage of job (MB)
	99552  -  ResidentSetSize of job (KB)
...
006 (5018850.000.000) 04/07 11:02:55 Image size of job updated: 167880
	98  -  MemoryUsage of job (MB)
	99552  -  ResidentSetSize of job (KB)
...
040 (5018850.000.000) 04/07 11:02:55 Started transferring output files
...
040 (5018850.000.000) 04/07 11:02:55 Finished transferring output files
...
005 (5018850.000.000) 04/07 11:02:55 Job terminated.
	(1) Normal termination (return value 0)
		Usr 0 00:01:50, Sys 0 00:00:01  -  Run Remote Usage
		Usr 0 00:00:00, Sys 0 00:00:00  -  Run Local Usage
		Usr 0 00:01:50, Sys 0 00:00:01  -  Total Remote Usage
		Usr 0 00:00:00, Sys 0 00:00:00  -  Total Local Usage
	4154  -  Run Bytes Sent By Job
	721  -  Run Bytes Received By Job
	4154  -  Total Bytes Sent By Job
	721  -  Total Bytes Received By Job
	Partitionable Resources :    Usage  Request Allocated 
	   Cpus                 :     0.64        1         1 
	   Disk (KB)            :    26           1    269859 
	   Memory (MB)          :    98        2000      2000 
...
