000 (5018821.000.000) 04/07 10:56:42 Job submitted from host: <137.138.156.150:9618?addrs=137.138.156.150-9618+[2001-1458-d00-14--9a]-9618&alias=bigbird13.cern.ch&noUDP&sock=schedd_1774_6519_19>
...
040 (5018821.000.000) 04/07 10:58:06 Started transferring input files
	Transferring to host: <188.184.139.57:9618?addrs=188.184.139.57-9618+[2001-1458-301-45--100-11b]-9618&alias=b7g42n0557.cern.ch&noUDP&sock=slot1_9_10956_3e37_47350>
...
040 (5018821.000.000) 04/07 10:58:06 Finished transferring input files
...
001 (5018821.000.000) 04/07 10:58:07 Job executing on host: <188.184.139.57:9618?addrs=188.184.139.57-9618+[2001-1458-301-45--100-11b]-9618&alias=b7g42n0557.cern.ch&noUDP&sock=startd_5686_b397>
...
006 (5018821.000.000) 04/07 10:58:15 Image size of job updated: 160164
	95  -  MemoryUsage of job (MB)
	96608  -  ResidentSetSize of job (KB)
...
006 (5018821.000.000) 04/07 11:01:22 Image size of job updated: 477964
	95  -  MemoryUsage of job (MB)
	96608  -  ResidentSetSize of job (KB)
...
040 (5018821.000.000) 04/07 11:01:22 Started transferring output files
...
040 (5018821.000.000) 04/07 11:01:22 Finished transferring output files
...
005 (5018821.000.000) 04/07 11:01:22 Job terminated.
	(1) Normal termination (return value 0)
		Usr 0 00:01:42, Sys 0 00:00:02  -  Run Remote Usage
		Usr 0 00:00:00, Sys 0 00:00:00  -  Run Local Usage
		Usr 0 00:01:42, Sys 0 00:00:02  -  Total Remote Usage
		Usr 0 00:00:00, Sys 0 00:00:00  -  Total Local Usage
	4154  -  Run Bytes Sent By Job
	721  -  Run Bytes Received By Job
	4154  -  Total Bytes Sent By Job
	721  -  Total Bytes Received By Job
	Partitionable Resources :    Usage  Request Allocated 
	   Cpus                 :                 1         1 
	   Disk (KB)            :       18        1    283205 
	   Memory (MB)          :       95     2000      2000 
...
