000 (5018826.000.000) 04/07 10:57:03 Job submitted from host: <137.138.156.150:9618?addrs=137.138.156.150-9618+[2001-1458-d00-14--9a]-9618&alias=bigbird13.cern.ch&noUDP&sock=schedd_1774_6519_19>
...
040 (5018826.000.000) 04/07 10:59:16 Started transferring input files
	Transferring to host: <128.142.81.128:9618?addrs=128.142.81.128-9618+[2001-1458-301-f5--100-40e]-9618&noUDP&sock=16748_3b22_64212>
...
040 (5018826.000.000) 04/07 10:59:16 Finished transferring input files
...
001 (5018826.000.000) 04/07 10:59:17 Job executing on host: <128.142.81.128:9618?addrs=128.142.81.128-9618+[2001-1458-301-f5--100-40e]-9618&noUDP&sock=16601_7bd1_3>
...
006 (5018826.000.000) 04/07 10:59:25 Image size of job updated: 163600
	98  -  MemoryUsage of job (MB)
	100040  -  ResidentSetSize of job (KB)
...
006 (5018826.000.000) 04/07 11:02:54 Image size of job updated: 167524
	98  -  MemoryUsage of job (MB)
	100040  -  ResidentSetSize of job (KB)
...
040 (5018826.000.000) 04/07 11:02:54 Started transferring output files
...
040 (5018826.000.000) 04/07 11:02:54 Finished transferring output files
...
005 (5018826.000.000) 04/07 11:02:55 Job terminated.
	(1) Normal termination (return value 0)
		Usr 0 00:01:45, Sys 0 00:00:01  -  Run Remote Usage
		Usr 0 00:00:00, Sys 0 00:00:00  -  Run Local Usage
		Usr 0 00:01:45, Sys 0 00:00:01  -  Total Remote Usage
		Usr 0 00:00:00, Sys 0 00:00:00  -  Total Local Usage
	4154  -  Run Bytes Sent By Job
	721  -  Run Bytes Received By Job
	4154  -  Total Bytes Sent By Job
	721  -  Total Bytes Received By Job
	Partitionable Resources :    Usage  Request Allocated 
	   Cpus                 :     0.54        1         1 
	   Disk (KB)            :    26           1    267056 
	   Memory (MB)          :    98        2000      2000 
...
