000 (5018752.000.000) 04/07 10:55:14 Job submitted from host: <137.138.156.150:9618?addrs=137.138.156.150-9618+[2001-1458-d00-14--9a]-9618&alias=bigbird13.cern.ch&noUDP&sock=schedd_1774_6519_19>
...
040 (5018752.000.000) 04/07 10:59:10 Started transferring input files
	Transferring to host: <128.142.84.8:9618?addrs=128.142.84.8-9618+[2001-1458-301-f6--100-512]-9618&alias=b7s14n6692.cern.ch&noUDP&sock=slot1_10_4265_d407_4392>
...
040 (5018752.000.000) 04/07 10:59:10 Finished transferring input files
...
001 (5018752.000.000) 04/07 10:59:11 Job executing on host: <128.142.84.8:9618?addrs=128.142.84.8-9618+[2001-1458-301-f6--100-512]-9618&alias=b7s14n6692.cern.ch&noUDP&sock=startd_3820_c7de>
...
006 (5018752.000.000) 04/07 10:59:20 Image size of job updated: 457964
	84  -  MemoryUsage of job (MB)
	85500  -  ResidentSetSize of job (KB)
...
006 (5018752.000.000) 04/07 11:00:34 Image size of job updated: 473712
	84  -  MemoryUsage of job (MB)
	85500  -  ResidentSetSize of job (KB)
...
040 (5018752.000.000) 04/07 11:00:35 Started transferring output files
...
040 (5018752.000.000) 04/07 11:00:35 Finished transferring output files
...
005 (5018752.000.000) 04/07 11:00:35 Job terminated.
	(1) Normal termination (return value 0)
		Usr 0 00:00:42, Sys 0 00:00:01  -  Run Remote Usage
		Usr 0 00:00:00, Sys 0 00:00:00  -  Run Local Usage
		Usr 0 00:00:42, Sys 0 00:00:01  -  Total Remote Usage
		Usr 0 00:00:00, Sys 0 00:00:00  -  Total Local Usage
	4154  -  Run Bytes Sent By Job
	718  -  Run Bytes Received By Job
	4154  -  Total Bytes Sent By Job
	718  -  Total Bytes Received By Job
	Partitionable Resources :    Usage  Request Allocated 
	   Cpus                 :     0.03        1         1 
	   Disk (KB)            :    25           1    284917 
	   Memory (MB)          :    84        2000      2000 
...
