000 (5018845.000.000) 04/07 10:58:11 Job submitted from host: <137.138.156.150:9618?addrs=137.138.156.150-9618+[2001-1458-d00-14--9a]-9618&alias=bigbird13.cern.ch&noUDP&sock=schedd_1774_6519_19>
...
040 (5018845.000.000) 04/07 10:59:17 Started transferring input files
	Transferring to host: <128.142.193.207:9618?addrs=128.142.193.207-9618+[2001-1458-301-cc--100-21b]-9618&noUDP&sock=18972_3d7d_107442>
...
040 (5018845.000.000) 04/07 10:59:17 Finished transferring input files
...
001 (5018845.000.000) 04/07 10:59:18 Job executing on host: <128.142.193.207:9618?addrs=128.142.193.207-9618+[2001-1458-301-cc--100-21b]-9618&noUDP&sock=18835_d264_3>
...
006 (5018845.000.000) 04/07 10:59:27 Image size of job updated: 161092
	96  -  MemoryUsage of job (MB)
	97536  -  ResidentSetSize of job (KB)
...
006 (5018845.000.000) 04/07 11:04:27 Image size of job updated: 169044
	103  -  MemoryUsage of job (MB)
	105464  -  ResidentSetSize of job (KB)
...
040 (5018845.000.000) 04/07 11:05:09 Started transferring output files
...
040 (5018845.000.000) 04/07 11:05:09 Finished transferring output files
...
005 (5018845.000.000) 04/07 11:05:10 Job terminated.
	(1) Normal termination (return value 0)
		Usr 0 00:01:21, Sys 0 00:00:01  -  Run Remote Usage
		Usr 0 00:00:00, Sys 0 00:00:00  -  Run Local Usage
		Usr 0 00:01:21, Sys 0 00:00:01  -  Total Remote Usage
		Usr 0 00:00:00, Sys 0 00:00:00  -  Total Local Usage
	4154  -  Run Bytes Sent By Job
	721  -  Run Bytes Received By Job
	4154  -  Total Bytes Sent By Job
	721  -  Total Bytes Received By Job
	Partitionable Resources :    Usage  Request Allocated 
	   Cpus                 :     0.22        1         1 
	   Disk (KB)            :    26           1    259892 
	   Memory (MB)          :   103        2000      2000 
...
