000 (5018816.000.000) 04/07 10:56:25 Job submitted from host: <137.138.156.150:9618?addrs=137.138.156.150-9618+[2001-1458-d00-14--9a]-9618&alias=bigbird13.cern.ch&noUDP&sock=schedd_1774_6519_19>
...
040 (5018816.000.000) 04/07 10:58:06 Started transferring input files
	Transferring to host: <188.184.139.84:9618?addrs=188.184.139.84-9618&noUDP&sock=2916_55f0_197109>
...
040 (5018816.000.000) 04/07 10:58:06 Finished transferring input files
...
001 (5018816.000.000) 04/07 10:58:07 Job executing on host: <188.184.139.84:9618?addrs=188.184.139.84-9618&noUDP&sock=1959_4a1e_3>
...
006 (5018816.000.000) 04/07 10:58:16 Image size of job updated: 162448
	97  -  MemoryUsage of job (MB)
	98872  -  ResidentSetSize of job (KB)
...
006 (5018816.000.000) 04/07 11:02:16 Image size of job updated: 168056
	97  -  MemoryUsage of job (MB)
	98872  -  ResidentSetSize of job (KB)
...
040 (5018816.000.000) 04/07 11:02:16 Started transferring output files
...
040 (5018816.000.000) 04/07 11:02:16 Finished transferring output files
...
005 (5018816.000.000) 04/07 11:02:16 Job terminated.
	(1) Normal termination (return value 0)
		Usr 0 00:02:34, Sys 0 00:00:02  -  Run Remote Usage
		Usr 0 00:00:00, Sys 0 00:00:00  -  Run Local Usage
		Usr 0 00:02:34, Sys 0 00:00:02  -  Total Remote Usage
		Usr 0 00:00:00, Sys 0 00:00:00  -  Total Local Usage
	4154  -  Run Bytes Sent By Job
	721  -  Run Bytes Received By Job
	4154  -  Total Bytes Sent By Job
	721  -  Total Bytes Received By Job
	Partitionable Resources :    Usage  Request Allocated 
	   Cpus                 :     0.67        1         1 
	   Disk (KB)            :    26           1    290334 
	   Memory (MB)          :    97        2000      2000 
...
