000 (5018767.000.000) 04/07 10:55:31 Job submitted from host: <137.138.156.150:9618?addrs=137.138.156.150-9618+[2001-1458-d00-14--9a]-9618&alias=bigbird13.cern.ch&noUDP&sock=schedd_1774_6519_19>
...
040 (5018767.000.000) 04/07 10:58:05 Started transferring input files
	Transferring to host: <188.184.138.59:9618?addrs=188.184.138.59-9618+[2001-1458-301-45--100-19]-9618&noUDP&sock=22205_2e60_195797>
...
040 (5018767.000.000) 04/07 10:58:05 Finished transferring input files
...
001 (5018767.000.000) 04/07 10:58:06 Job executing on host: <188.184.138.59:9618?addrs=188.184.138.59-9618+[2001-1458-301-45--100-19]-9618&noUDP&sock=5580_fe8d_3>
...
006 (5018767.000.000) 04/07 10:58:14 Image size of job updated: 161516
	96  -  MemoryUsage of job (MB)
	97960  -  ResidentSetSize of job (KB)
...
006 (5018767.000.000) 04/07 11:03:14 Image size of job updated: 167980
	102  -  MemoryUsage of job (MB)
	104400  -  ResidentSetSize of job (KB)
...
006 (5018767.000.000) 04/07 11:04:28 Image size of job updated: 503080
	102  -  MemoryUsage of job (MB)
	104400  -  ResidentSetSize of job (KB)
...
040 (5018767.000.000) 04/07 11:04:28 Started transferring output files
...
040 (5018767.000.000) 04/07 11:04:28 Finished transferring output files
...
005 (5018767.000.000) 04/07 11:04:28 Job terminated.
	(1) Normal termination (return value 0)
		Usr 0 00:02:54, Sys 0 00:00:02  -  Run Remote Usage
		Usr 0 00:00:00, Sys 0 00:00:00  -  Run Local Usage
		Usr 0 00:02:54, Sys 0 00:00:02  -  Total Remote Usage
		Usr 0 00:00:00, Sys 0 00:00:00  -  Total Local Usage
	4154  -  Run Bytes Sent By Job
	718  -  Run Bytes Received By Job
	4154  -  Total Bytes Sent By Job
	718  -  Total Bytes Received By Job
	Partitionable Resources :    Usage  Request Allocated 
	   Cpus                 :     0.45        1         1 
	   Disk (KB)            :    26           1    294224 
	   Memory (MB)          :   102        2000      2000 
...
