000 (5018865.000.000) 04/07 10:59:18 Job submitted from host: <137.138.156.150:9618?addrs=137.138.156.150-9618+[2001-1458-d00-14--9a]-9618&alias=bigbird13.cern.ch&noUDP&sock=schedd_1774_6519_19>
...
040 (5018865.000.000) 04/07 11:00:21 Started transferring input files
	Transferring to host: <128.142.69.178:9618?addrs=128.142.69.178-9618&noUDP&sock=3232_fc7d_138708>
...
040 (5018865.000.000) 04/07 11:00:21 Finished transferring input files
...
001 (5018865.000.000) 04/07 11:00:22 Job executing on host: <128.142.69.178:9618?addrs=128.142.69.178-9618&noUDP&sock=2142_cff3_3>
...
006 (5018865.000.000) 04/07 11:00:31 Image size of job updated: 161444
	96  -  MemoryUsage of job (MB)
	98212  -  ResidentSetSize of job (KB)
...
006 (5018865.000.000) 04/07 11:04:44 Image size of job updated: 167096
	96  -  MemoryUsage of job (MB)
	98212  -  ResidentSetSize of job (KB)
...
040 (5018865.000.000) 04/07 11:04:44 Started transferring output files
...
040 (5018865.000.000) 04/07 11:04:44 Finished transferring output files
...
005 (5018865.000.000) 04/07 11:04:44 Job terminated.
	(1) Normal termination (return value 0)
		Usr 0 00:01:53, Sys 0 00:00:02  -  Run Remote Usage
		Usr 0 00:00:00, Sys 0 00:00:00  -  Run Local Usage
		Usr 0 00:01:53, Sys 0 00:00:02  -  Total Remote Usage
		Usr 0 00:00:00, Sys 0 00:00:00  -  Total Local Usage
	4154  -  Run Bytes Sent By Job
	721  -  Run Bytes Received By Job
	4154  -  Total Bytes Sent By Job
	721  -  Total Bytes Received By Job
	Partitionable Resources :    Usage  Request Allocated 
	   Cpus                 :     0.37        1         1 
	   Disk (KB)            :    27           1    271882 
	   Memory (MB)          :    96        2000      2000 
...
