000 (5018857.000.000) 04/07 10:58:46 Job submitted from host: <137.138.156.150:9618?addrs=137.138.156.150-9618+[2001-1458-d00-14--9a]-9618&alias=bigbird13.cern.ch&noUDP&sock=schedd_1774_6519_19>
...
040 (5018857.000.000) 04/07 10:59:20 Started transferring input files
	Transferring to host: <128.142.193.200:9618?addrs=128.142.193.200-9618+[2001-1458-301-cc--100-382]-9618&alias=b7g52n0095.cern.ch&noUDP&sock=slot1_2_7255_8dc0_46349>
...
040 (5018857.000.000) 04/07 10:59:20 Finished transferring input files
...
001 (5018857.000.000) 04/07 10:59:21 Job executing on host: <128.142.193.200:9618?addrs=128.142.193.200-9618+[2001-1458-301-cc--100-382]-9618&alias=b7g52n0095.cern.ch&noUDP&sock=startd_2915_06a9>
...
006 (5018857.000.000) 04/07 10:59:30 Image size of job updated: 463828
	97  -  MemoryUsage of job (MB)
	98996  -  ResidentSetSize of job (KB)
...
006 (5018857.000.000) 04/07 11:03:20 Image size of job updated: 479140
	97  -  MemoryUsage of job (MB)
	98996  -  ResidentSetSize of job (KB)
...
040 (5018857.000.000) 04/07 11:03:20 Started transferring output files
...
040 (5018857.000.000) 04/07 11:03:20 Finished transferring output files
...
005 (5018857.000.000) 04/07 11:03:20 Job terminated.
	(1) Normal termination (return value 0)
		Usr 0 00:02:10, Sys 0 00:00:02  -  Run Remote Usage
		Usr 0 00:00:00, Sys 0 00:00:00  -  Run Local Usage
		Usr 0 00:02:10, Sys 0 00:00:02  -  Total Remote Usage
		Usr 0 00:00:00, Sys 0 00:00:00  -  Total Local Usage
	4154  -  Run Bytes Sent By Job
	721  -  Run Bytes Received By Job
	4154  -  Total Bytes Sent By Job
	721  -  Total Bytes Received By Job
	Partitionable Resources :    Usage  Request Allocated 
	   Cpus                 :                 1         1 
	   Disk (KB)            :       18        1    267773 
	   Memory (MB)          :       97     2000      2000 
...
