000 (5018814.000.000) 04/07 10:56:16 Job submitted from host: <137.138.156.150:9618?addrs=137.138.156.150-9618+[2001-1458-d00-14--9a]-9618&alias=bigbird13.cern.ch&noUDP&sock=schedd_1774_6519_19>
...
040 (5018814.000.000) 04/07 10:59:10 Started transferring input files
	Transferring to host: <128.142.68.69:9618?addrs=128.142.68.69-9618+[2001-1458-301-52--100-50e]-9618&alias=b7s10n4720.cern.ch&noUDP&sock=slot1_5_2584_6962_43312>
...
040 (5018814.000.000) 04/07 10:59:10 Finished transferring input files
...
001 (5018814.000.000) 04/07 10:59:11 Job executing on host: <128.142.68.69:9618?addrs=128.142.68.69-9618+[2001-1458-301-52--100-50e]-9618&alias=b7s10n4720.cern.ch&noUDP&sock=startd_2135_02c9>
...
006 (5018814.000.000) 04/07 10:59:20 Image size of job updated: 162020
	97  -  MemoryUsage of job (MB)
	98456  -  ResidentSetSize of job (KB)
...
006 (5018814.000.000) 04/07 11:02:53 Image size of job updated: 485472
	97  -  MemoryUsage of job (MB)
	98456  -  ResidentSetSize of job (KB)
...
040 (5018814.000.000) 04/07 11:02:53 Started transferring output files
...
040 (5018814.000.000) 04/07 11:02:53 Finished transferring output files
...
005 (5018814.000.000) 04/07 11:02:53 Job terminated.
	(1) Normal termination (return value 0)
		Usr 0 00:01:49, Sys 0 00:00:02  -  Run Remote Usage
		Usr 0 00:00:00, Sys 0 00:00:00  -  Run Local Usage
		Usr 0 00:01:49, Sys 0 00:00:02  -  Total Remote Usage
		Usr 0 00:00:00, Sys 0 00:00:00  -  Total Local Usage
	4154  -  Run Bytes Sent By Job
	721  -  Run Bytes Received By Job
	4154  -  Total Bytes Sent By Job
	721  -  Total Bytes Received By Job
	Partitionable Resources :    Usage  Request Allocated 
	   Cpus                 :                 1         1 
	   Disk (KB)            :       18        1    226764 
	   Memory (MB)          :       97     2000      2000 
...
