000 (5018819.000.000) 04/07 10:56:39 Job submitted from host: <137.138.156.150:9618?addrs=137.138.156.150-9618+[2001-1458-d00-14--9a]-9618&alias=bigbird13.cern.ch&noUDP&sock=schedd_1774_6519_19>
...
040 (5018819.000.000) 04/07 10:58:04 Started transferring input files
	Transferring to host: <188.184.197.102:9618?addrs=188.184.197.102-9618+[2001-1458-301-103--100-d]-9618&alias=b7g23n8039.cern.ch&noUDP&sock=slot1_7_28162_6d32_39779>
...
040 (5018819.000.000) 04/07 10:58:04 Finished transferring input files
...
001 (5018819.000.000) 04/07 10:58:05 Job executing on host: <188.184.197.102:9618?addrs=188.184.197.102-9618+[2001-1458-301-103--100-d]-9618&alias=b7g23n8039.cern.ch&noUDP&sock=startd_19021_6702>
...
006 (5018819.000.000) 04/07 10:58:14 Image size of job updated: 158160
	93  -  MemoryUsage of job (MB)
	94588  -  ResidentSetSize of job (KB)
...
006 (5018819.000.000) 04/07 11:00:12 Image size of job updated: 475248
	93  -  MemoryUsage of job (MB)
	94588  -  ResidentSetSize of job (KB)
...
040 (5018819.000.000) 04/07 11:00:13 Started transferring output files
...
040 (5018819.000.000) 04/07 11:00:13 Finished transferring output files
...
005 (5018819.000.000) 04/07 11:00:13 Job terminated.
	(1) Normal termination (return value 0)
		Usr 0 00:01:07, Sys 0 00:00:01  -  Run Remote Usage
		Usr 0 00:00:00, Sys 0 00:00:00  -  Run Local Usage
		Usr 0 00:01:07, Sys 0 00:00:01  -  Total Remote Usage
		Usr 0 00:00:00, Sys 0 00:00:00  -  Total Local Usage
	4154  -  Run Bytes Sent By Job
	721  -  Run Bytes Received By Job
	4154  -  Total Bytes Sent By Job
	721  -  Total Bytes Received By Job
	Partitionable Resources :    Usage  Request Allocated 
	   Cpus                 :     0.55        1         1 
	   Disk (KB)            :    25           1    350655 
	   Memory (MB)          :    93        2000      2000 
...
