000 (5018849.000.000) 04/07 10:58:24 Job submitted from host: <137.138.156.150:9618?addrs=137.138.156.150-9618+[2001-1458-d00-14--9a]-9618&alias=bigbird13.cern.ch&noUDP&sock=schedd_1774_6519_19>
...
040 (5018849.000.000) 04/07 10:59:18 Started transferring input files
	Transferring to host: <128.142.72.225:9618?addrs=128.142.72.225-9618+[2001-1458-301-75--100-107]-9618&noUDP&sock=16898_eb68_64485>
...
040 (5018849.000.000) 04/07 10:59:18 Finished transferring input files
...
001 (5018849.000.000) 04/07 10:59:19 Job executing on host: <128.142.72.225:9618?addrs=128.142.72.225-9618+[2001-1458-301-75--100-107]-9618&noUDP&sock=16742_32ab_3>
...
006 (5018849.000.000) 04/07 10:59:28 Image size of job updated: 161644
	96  -  MemoryUsage of job (MB)
	98060  -  ResidentSetSize of job (KB)
...
006 (5018849.000.000) 04/07 11:02:02 Image size of job updated: 164708
	96  -  MemoryUsage of job (MB)
	98060  -  ResidentSetSize of job (KB)
...
040 (5018849.000.000) 04/07 11:02:02 Started transferring output files
...
040 (5018849.000.000) 04/07 11:02:02 Finished transferring output files
...
005 (5018849.000.000) 04/07 11:02:02 Job terminated.
	(1) Normal termination (return value 0)
		Usr 0 00:01:24, Sys 0 00:00:01  -  Run Remote Usage
		Usr 0 00:00:00, Sys 0 00:00:00  -  Run Local Usage
		Usr 0 00:01:24, Sys 0 00:00:01  -  Total Remote Usage
		Usr 0 00:00:00, Sys 0 00:00:00  -  Total Local Usage
	4154  -  Run Bytes Sent By Job
	721  -  Run Bytes Received By Job
	4154  -  Total Bytes Sent By Job
	721  -  Total Bytes Received By Job
	Partitionable Resources :    Usage  Request Allocated 
	   Cpus                 :     0.66        1         1 
	   Disk (KB)            :    26           1    278881 
	   Memory (MB)          :    96        2000      2000 
...
