000 (5003872.000.000) 04/06 10:47:54 Job submitted from host: <137.138.156.150:9618?addrs=137.138.156.150-9618+[2001-1458-d00-14--9a]-9618&alias=bigbird13.cern.ch&noUDP&sock=schedd_1774_6519_19>
...
040 (5003872.000.000) 04/06 10:59:36 Started transferring input files
	Transferring to host: <128.142.82.127:9618?addrs=128.142.82.127-9618+[2001-1458-301-f5--100-684]-9618&alias=b7s13n7111.cern.ch&noUDP&sock=slot1_6_21141_7f35_43905>
...
040 (5003872.000.000) 04/06 10:59:36 Finished transferring input files
...
001 (5003872.000.000) 04/06 10:59:37 Job executing on host: <128.142.82.127:9618?addrs=128.142.82.127-9618+[2001-1458-301-f5--100-684]-9618&alias=b7s13n7111.cern.ch&noUDP&sock=startd_16565_ca68>
...
006 (5003872.000.000) 04/06 10:59:46 Image size of job updated: 411524
	80  -  MemoryUsage of job (MB)
	81636  -  ResidentSetSize of job (KB)
...
006 (5003872.000.000) 04/06 11:00:12 Image size of job updated: 465348
	80  -  MemoryUsage of job (MB)
	81636  -  ResidentSetSize of job (KB)
...
040 (5003872.000.000) 04/06 11:00:12 Started transferring output files
...
040 (5003872.000.000) 04/06 11:00:12 Finished transferring output files
...
005 (5003872.000.000) 04/06 11:00:12 Job terminated.
	(1) Normal termination (return value 0)
		Usr 0 00:00:06, Sys 0 00:00:00  -  Run Remote Usage
		Usr 0 00:00:00, Sys 0 00:00:00  -  Run Local Usage
		Usr 0 00:00:06, Sys 0 00:00:00  -  Total Remote Usage
		Usr 0 00:00:00, Sys 0 00:00:00  -  Total Local Usage
	4154  -  Run Bytes Sent By Job
	706  -  Run Bytes Received By Job
	4154  -  Total Bytes Sent By Job
	706  -  Total Bytes Received By Job
	Partitionable Resources :    Usage  Request Allocated 
	   Cpus                 :                 1         1 
	   Disk (KB)            :       18        1    287722 
	   Memory (MB)          :       80     2000      2000 
...
