000 (5003875.000.000) 04/06 10:48:02 Job submitted from host: <137.138.156.150:9618?addrs=137.138.156.150-9618+[2001-1458-d00-14--9a]-9618&alias=bigbird13.cern.ch&noUDP&sock=schedd_1774_6519_19>
...
040 (5003875.000.000) 04/06 10:59:37 Started transferring input files
	Transferring to host: <128.142.79.219:9618?addrs=128.142.79.219-9618+[2001-1458-301-f4--100-363]-9618&alias=b7s12n7457.cern.ch&noUDP&sock=slot1_10_4443_3ece_44151>
...
040 (5003875.000.000) 04/06 10:59:37 Finished transferring input files
...
001 (5003875.000.000) 04/06 10:59:38 Job executing on host: <128.142.79.219:9618?addrs=128.142.79.219-9618+[2001-1458-301-f4--100-363]-9618&alias=b7s12n7457.cern.ch&noUDP&sock=startd_16767_588a>
...
006 (5003875.000.000) 04/06 10:59:46 Image size of job updated: 78124
	44  -  MemoryUsage of job (MB)
	44560  -  ResidentSetSize of job (KB)
...
006 (5003875.000.000) 04/06 11:00:16 Image size of job updated: 465396
	44  -  MemoryUsage of job (MB)
	44560  -  ResidentSetSize of job (KB)
...
040 (5003875.000.000) 04/06 11:00:16 Started transferring output files
...
040 (5003875.000.000) 04/06 11:00:16 Finished transferring output files
...
005 (5003875.000.000) 04/06 11:00:17 Job terminated.
	(1) Normal termination (return value 0)
		Usr 0 00:00:07, Sys 0 00:00:00  -  Run Remote Usage
		Usr 0 00:00:00, Sys 0 00:00:00  -  Run Local Usage
		Usr 0 00:00:07, Sys 0 00:00:00  -  Total Remote Usage
		Usr 0 00:00:00, Sys 0 00:00:00  -  Total Local Usage
	4154  -  Run Bytes Sent By Job
	706  -  Run Bytes Received By Job
	4154  -  Total Bytes Sent By Job
	706  -  Total Bytes Received By Job
	Partitionable Resources :    Usage  Request Allocated 
	   Cpus                 :                 1         1 
	   Disk (KB)            :       18        1    285481 
	   Memory (MB)          :       44     2000      2000 
...
