000 (5003874.000.000) 04/06 10:48:01 Job submitted from host: <137.138.156.150:9618?addrs=137.138.156.150-9618+[2001-1458-d00-14--9a]-9618&alias=bigbird13.cern.ch&noUDP&sock=schedd_1774_6519_19>
...
040 (5003874.000.000) 04/06 10:59:20 Started transferring input files
	Transferring to host: <188.184.198.26:9618?addrs=188.184.198.26-9618+[2001-1458-301-c1--100-1a8]-9618&alias=b7g52n8818.cern.ch&noUDP&sock=slot1_6_30967_cd84_44684>
...
040 (5003874.000.000) 04/06 10:59:20 Finished transferring input files
...
001 (5003874.000.000) 04/06 10:59:22 Job executing on host: <188.184.198.26:9618?addrs=188.184.198.26-9618+[2001-1458-301-c1--100-1a8]-9618&alias=b7g52n8818.cern.ch&noUDP&sock=startd_18332_ce41>
...
006 (5003874.000.000) 04/06 10:59:30 Image size of job updated: 411504
	80  -  MemoryUsage of job (MB)
	81644  -  ResidentSetSize of job (KB)
...
006 (5003874.000.000) 04/06 10:59:55 Image size of job updated: 465348
	80  -  MemoryUsage of job (MB)
	81644  -  ResidentSetSize of job (KB)
...
040 (5003874.000.000) 04/06 10:59:55 Started transferring output files
...
040 (5003874.000.000) 04/06 10:59:55 Finished transferring output files
...
005 (5003874.000.000) 04/06 10:59:55 Job terminated.
	(1) Normal termination (return value 0)
		Usr 0 00:00:06, Sys 0 00:00:00  -  Run Remote Usage
		Usr 0 00:00:00, Sys 0 00:00:00  -  Run Local Usage
		Usr 0 00:00:06, Sys 0 00:00:00  -  Total Remote Usage
		Usr 0 00:00:00, Sys 0 00:00:00  -  Total Local Usage
	4154  -  Run Bytes Sent By Job
	706  -  Run Bytes Received By Job
	4154  -  Total Bytes Sent By Job
	706  -  Total Bytes Received By Job
	Partitionable Resources :    Usage  Request Allocated 
	   Cpus                 :                 1         1 
	   Disk (KB)            :       18        1    278747 
	   Memory (MB)          :       80     2000      2000 
...
