000 (5003866.000.000) 04/06 10:47:45 Job submitted from host: <137.138.156.150:9618?addrs=137.138.156.150-9618+[2001-1458-d00-14--9a]-9618&alias=bigbird13.cern.ch&noUDP&sock=schedd_1774_6519_19>
...
040 (5003866.000.000) 04/06 10:59:19 Started transferring input files
	Transferring to host: <188.184.169.23:9618?addrs=188.184.169.23-9618+[2001-1458-301-c0--100-309]-9618&noUDP&sock=17829_e4ae_106308>
...
040 (5003866.000.000) 04/06 10:59:19 Finished transferring input files
...
001 (5003866.000.000) 04/06 10:59:20 Job executing on host: <188.184.169.23:9618?addrs=188.184.169.23-9618+[2001-1458-301-c0--100-309]-9618&noUDP&sock=17694_30d5_3>
...
006 (5003866.000.000) 04/06 10:59:28 Image size of job updated: 144408
	81  -  MemoryUsage of job (MB)
	82044  -  ResidentSetSize of job (KB)
...
006 (5003866.000.000) 04/06 10:59:56 Image size of job updated: 158204
	81  -  MemoryUsage of job (MB)
	82044  -  ResidentSetSize of job (KB)
...
040 (5003866.000.000) 04/06 10:59:56 Started transferring output files
...
040 (5003866.000.000) 04/06 10:59:56 Finished transferring output files
...
005 (5003866.000.000) 04/06 10:59:57 Job terminated.
	(1) Normal termination (return value 0)
		Usr 0 00:00:07, Sys 0 00:00:00  -  Run Remote Usage
		Usr 0 00:00:00, Sys 0 00:00:00  -  Run Local Usage
		Usr 0 00:00:07, Sys 0 00:00:00  -  Total Remote Usage
		Usr 0 00:00:00, Sys 0 00:00:00  -  Total Local Usage
	4154  -  Run Bytes Sent By Job
	706  -  Run Bytes Received By Job
	4154  -  Total Bytes Sent By Job
	706  -  Total Bytes Received By Job
	Partitionable Resources :    Usage  Request Allocated 
	   Cpus                 :        0        1         1 
	   Disk (KB)            :       26        1    281304 
	   Memory (MB)          :       81     2000      2000 
...
