000 (5003873.000.000) 04/06 10:47:56 Job submitted from host: <137.138.156.150:9618?addrs=137.138.156.150-9618+[2001-1458-d00-14--9a]-9618&alias=bigbird13.cern.ch&noUDP&sock=schedd_1774_6519_19>
...
040 (5003873.000.000) 04/06 10:59:20 Started transferring input files
	Transferring to host: <128.142.68.59:9618?addrs=128.142.68.59-9618+[2001-1458-301-52--100-286]-9618&alias=b7s10n4736.cern.ch&noUDP&sock=slot1_9_5568_e8db_38785>
...
040 (5003873.000.000) 04/06 10:59:20 Finished transferring input files
...
001 (5003873.000.000) 04/06 10:59:21 Job executing on host: <128.142.68.59:9618?addrs=128.142.68.59-9618+[2001-1458-301-52--100-286]-9618&alias=b7s10n4736.cern.ch&noUDP&sock=startd_4397_8e04>
...
006 (5003873.000.000) 04/06 10:59:30 Image size of job updated: 455140
	80  -  MemoryUsage of job (MB)
	81644  -  ResidentSetSize of job (KB)
...
006 (5003873.000.000) 04/06 11:00:00 Image size of job updated: 465344
	80  -  MemoryUsage of job (MB)
	81644  -  ResidentSetSize of job (KB)
...
040 (5003873.000.000) 04/06 11:00:00 Started transferring output files
...
040 (5003873.000.000) 04/06 11:00:00 Finished transferring output files
...
005 (5003873.000.000) 04/06 11:00:00 Job terminated.
	(1) Normal termination (return value 0)
		Usr 0 00:00:07, Sys 0 00:00:00  -  Run Remote Usage
		Usr 0 00:00:00, Sys 0 00:00:00  -  Run Local Usage
		Usr 0 00:00:07, Sys 0 00:00:00  -  Total Remote Usage
		Usr 0 00:00:00, Sys 0 00:00:00  -  Total Local Usage
	4154  -  Run Bytes Sent By Job
	706  -  Run Bytes Received By Job
	4154  -  Total Bytes Sent By Job
	706  -  Total Bytes Received By Job
	Partitionable Resources :    Usage  Request Allocated 
	   Cpus                 :                 1         1 
	   Disk (KB)            :       18        1    213514 
	   Memory (MB)          :       80     2000      2000 
...
