000 (5003655.000.000) 04/06 10:41:55 Job submitted from host: <137.138.156.150:9618?addrs=137.138.156.150-9618+[2001-1458-d00-14--9a]-9618&alias=bigbird13.cern.ch&noUDP&sock=schedd_1774_6519_19>
...
040 (5003655.000.000) 04/06 10:55:48 Started transferring input files
	Transferring to host: <128.142.65.217:9618?addrs=128.142.65.217-9618+[2001-1458-301-4c--100-25f]-9618&noUDP&sock=5499_4af9_3600>
...
040 (5003655.000.000) 04/06 10:55:48 Finished transferring input files
...
001 (5003655.000.000) 04/06 10:55:49 Job executing on host: <128.142.65.217:9618?addrs=128.142.65.217-9618+[2001-1458-301-4c--100-25f]-9618&noUDP&sock=4164_bc72_3>
...
006 (5003655.000.000) 04/06 10:55:58 Image size of job updated: 145364
	82  -  MemoryUsage of job (MB)
	82956  -  ResidentSetSize of job (KB)
...
006 (5003655.000.000) 04/06 10:56:16 Image size of job updated: 160596
	82  -  MemoryUsage of job (MB)
	82956  -  ResidentSetSize of job (KB)
...
040 (5003655.000.000) 04/06 10:56:16 Started transferring output files
...
040 (5003655.000.000) 04/06 10:56:16 Finished transferring output files
...
005 (5003655.000.000) 04/06 10:56:17 Job terminated.
	(1) Normal termination (return value 0)
		Usr 0 00:00:11, Sys 0 00:00:01  -  Run Remote Usage
		Usr 0 00:00:00, Sys 0 00:00:00  -  Run Local Usage
		Usr 0 00:00:11, Sys 0 00:00:01  -  Total Remote Usage
		Usr 0 00:00:00, Sys 0 00:00:00  -  Total Local Usage
	4154  -  Run Bytes Sent By Job
	696  -  Run Bytes Received By Job
	4154  -  Total Bytes Sent By Job
	696  -  Total Bytes Received By Job
	Partitionable Resources :    Usage  Request Allocated 
	   Cpus                 :        0        1         1 
	   Disk (KB)            :       26        1    275846 
	   Memory (MB)          :       82     2000      2000 
...
