000 (4988601.000.000) 04/04 14:23:56 Job submitted from host: <137.138.156.150:9618?addrs=137.138.156.150-9618+[2001-1458-d00-14--9a]-9618&alias=bigbird13.cern.ch&noUDP&sock=schedd_1774_6519_19>
...
040 (4988601.000.000) 04/04 14:27:55 Started transferring input files
	Transferring to host: <128.142.77.55:9618?addrs=128.142.77.55-9618+[2001-1458-301-f4--100-71]-9618&alias=b7s12n2597.cern.ch&noUDP&sock=slot1_4_25991_c2ba_38502>
...
040 (4988601.000.000) 04/04 14:27:55 Finished transferring input files
...
001 (4988601.000.000) 04/04 14:27:56 Job executing on host: <128.142.77.55:9618?addrs=128.142.77.55-9618+[2001-1458-301-f4--100-71]-9618&alias=b7s12n2597.cern.ch&noUDP&sock=startd_16606_e9ca>
...
006 (4988601.000.000) 04/04 14:28:05 Image size of job updated: 143496
	2  -  MemoryUsage of job (MB)
	1308  -  ResidentSetSize of job (KB)
...
006 (4988601.000.000) 04/04 14:31:21 Image size of job updated: 471964
	2  -  MemoryUsage of job (MB)
	1308  -  ResidentSetSize of job (KB)
...
040 (4988601.000.000) 04/04 14:31:22 Started transferring output files
...
040 (4988601.000.000) 04/04 14:31:22 Finished transferring output files
...
005 (4988601.000.000) 04/04 14:31:22 Job terminated.
	(1) Normal termination (return value 0)
		Usr 0 00:00:16, Sys 0 00:00:02  -  Run Remote Usage
		Usr 0 00:00:00, Sys 0 00:00:00  -  Run Local Usage
		Usr 0 00:00:16, Sys 0 00:00:02  -  Total Remote Usage
		Usr 0 00:00:00, Sys 0 00:00:00  -  Total Local Usage
	4154  -  Run Bytes Sent By Job
	680  -  Run Bytes Received By Job
	4154  -  Total Bytes Sent By Job
	680  -  Total Bytes Received By Job
	Partitionable Resources :    Usage  Request Allocated 
	   Cpus                 :                 1         1 
	   Disk (KB)            :       18        1    286076 
	   Memory (MB)          :        2     2000      2000 
...
