000 (4988591.000.000) 04/04 14:23:22 Job submitted from host: <137.138.156.150:9618?addrs=137.138.156.150-9618+[2001-1458-d00-14--9a]-9618&alias=bigbird13.cern.ch&noUDP&sock=schedd_1774_6519_19>
...
040 (4988591.000.000) 04/04 14:27:43 Started transferring input files
	Transferring to host: <128.142.67.211:9618?addrs=128.142.67.211-9618+[2001-1458-301-4c--100-257]-9618&noUDP&sock=5462_3917_2347>
...
040 (4988591.000.000) 04/04 14:27:43 Finished transferring input files
...
001 (4988591.000.000) 04/04 14:27:44 Job executing on host: <128.142.67.211:9618?addrs=128.142.67.211-9618+[2001-1458-301-4c--100-257]-9618&noUDP&sock=3736_29ea_3>
...
006 (4988591.000.000) 04/04 14:27:53 Image size of job updated: 153900
	89  -  MemoryUsage of job (MB)
	90412  -  ResidentSetSize of job (KB)
...
006 (4988591.000.000) 04/04 14:30:53 Image size of job updated: 164496
	89  -  MemoryUsage of job (MB)
	90480  -  ResidentSetSize of job (KB)
...
040 (4988591.000.000) 04/04 14:30:53 Started transferring output files
...
040 (4988591.000.000) 04/04 14:30:53 Finished transferring output files
...
005 (4988591.000.000) 04/04 14:30:53 Job terminated.
	(1) Normal termination (return value 0)
		Usr 0 00:01:08, Sys 0 00:00:02  -  Run Remote Usage
		Usr 0 00:00:00, Sys 0 00:00:00  -  Run Local Usage
		Usr 0 00:01:08, Sys 0 00:00:02  -  Total Remote Usage
		Usr 0 00:00:00, Sys 0 00:00:00  -  Total Local Usage
	4154  -  Run Bytes Sent By Job
	680  -  Run Bytes Received By Job
	4154  -  Total Bytes Sent By Job
	680  -  Total Bytes Received By Job
	Partitionable Resources :    Usage  Request Allocated 
	   Cpus                 :     0.17        1         1 
	   Disk (KB)            :    26           1    267242 
	   Memory (MB)          :    89        2000      2000 
...
