000 (4988570.000.000) 04/04 14:22:13 Job submitted from host: <137.138.156.150:9618?addrs=137.138.156.150-9618+[2001-1458-d00-14--9a]-9618&alias=bigbird13.cern.ch&noUDP&sock=schedd_1774_6519_19>
...
040 (4988570.000.000) 04/04 14:27:42 Started transferring input files
	Transferring to host: <128.142.71.247:9618?addrs=128.142.71.247-9618&noUDP&sock=3228_2afc_138198>
...
040 (4988570.000.000) 04/04 14:27:42 Finished transferring input files
...
001 (4988570.000.000) 04/04 14:27:43 Job executing on host: <128.142.71.247:9618?addrs=128.142.71.247-9618&noUDP&sock=2137_61fa_3>
...
006 (4988570.000.000) 04/04 14:27:52 Image size of job updated: 148464
	85  -  MemoryUsage of job (MB)
	86060  -  ResidentSetSize of job (KB)
...
006 (4988570.000.000) 04/04 14:32:42 Image size of job updated: 164536
	85  -  MemoryUsage of job (MB)
	86060  -  ResidentSetSize of job (KB)
...
040 (4988570.000.000) 04/04 14:32:42 Started transferring output files
...
040 (4988570.000.000) 04/04 14:32:42 Finished transferring output files
...
005 (4988570.000.000) 04/04 14:32:42 Job terminated.
	(1) Normal termination (return value 0)
		Usr 0 00:01:09, Sys 0 00:00:03  -  Run Remote Usage
		Usr 0 00:00:00, Sys 0 00:00:00  -  Run Local Usage
		Usr 0 00:01:09, Sys 0 00:00:03  -  Total Remote Usage
		Usr 0 00:00:00, Sys 0 00:00:00  -  Total Local Usage
	4154  -  Run Bytes Sent By Job
	677  -  Run Bytes Received By Job
	4154  -  Total Bytes Sent By Job
	677  -  Total Bytes Received By Job
	Partitionable Resources :    Usage  Request Allocated 
	   Cpus                 :     0.31        1         1 
	   Disk (KB)            :    26           1    269478 
	   Memory (MB)          :    85        2000      2000 
...
