000 (4988581.000.000) 04/04 14:22:50 Job submitted from host: <137.138.156.150:9618?addrs=137.138.156.150-9618+[2001-1458-d00-14--9a]-9618&alias=bigbird13.cern.ch&noUDP&sock=schedd_1774_6519_19>
...
040 (4988581.000.000) 04/04 14:27:44 Started transferring input files
	Transferring to host: <128.142.71.119:9618?addrs=128.142.71.119-9618+[2001-1458-301-52--100-161]-9618&noUDP&sock=5890_c9a9_96379>
...
040 (4988581.000.000) 04/04 14:27:44 Finished transferring input files
...
001 (4988581.000.000) 04/04 14:27:45 Job executing on host: <128.142.71.119:9618?addrs=128.142.71.119-9618+[2001-1458-301-52--100-161]-9618&noUDP&sock=4156_3fb1_3>
...
006 (4988581.000.000) 04/04 14:27:53 Image size of job updated: 1664
	2  -  MemoryUsage of job (MB)
	1492  -  ResidentSetSize of job (KB)
...
006 (4988581.000.000) 04/04 14:32:53 Image size of job updated: 162432
	97  -  MemoryUsage of job (MB)
	98872  -  ResidentSetSize of job (KB)
...
006 (4988581.000.000) 04/04 14:35:57 Image size of job updated: 162456
	97  -  MemoryUsage of job (MB)
	98872  -  ResidentSetSize of job (KB)
...
040 (4988581.000.000) 04/04 14:35:57 Started transferring output files
...
040 (4988581.000.000) 04/04 14:35:57 Finished transferring output files
...
005 (4988581.000.000) 04/04 14:35:58 Job terminated.
	(1) Normal termination (return value 0)
		Usr 0 00:01:08, Sys 0 00:00:03  -  Run Remote Usage
		Usr 0 00:00:00, Sys 0 00:00:00  -  Run Local Usage
		Usr 0 00:01:08, Sys 0 00:00:03  -  Total Remote Usage
		Usr 0 00:00:00, Sys 0 00:00:00  -  Total Local Usage
	4154  -  Run Bytes Sent By Job
	680  -  Run Bytes Received By Job
	4154  -  Total Bytes Sent By Job
	680  -  Total Bytes Received By Job
	Partitionable Resources :    Usage  Request Allocated 
	   Cpus                 :     0.15        1         1 
	   Disk (KB)            :    26           1    280200 
	   Memory (MB)          :    97        2000      2000 
...
