000 (4988594.000.000) 04/04 14:23:34 Job submitted from host: <137.138.156.150:9618?addrs=137.138.156.150-9618+[2001-1458-d00-14--9a]-9618&alias=bigbird13.cern.ch&noUDP&sock=schedd_1774_6519_19>
...
040 (4988594.000.000) 04/04 14:27:46 Started transferring input files
	Transferring to host: <128.142.79.179:9618?addrs=128.142.79.179-9618+[2001-1458-301-f4--100-15]-9618&noUDP&sock=16801_9304_64092>
...
040 (4988594.000.000) 04/04 14:27:46 Finished transferring input files
...
001 (4988594.000.000) 04/04 14:27:47 Job executing on host: <128.142.79.179:9618?addrs=128.142.79.179-9618+[2001-1458-301-f4--100-15]-9618&noUDP&sock=16645_a9fc_3>
...
006 (4988594.000.000) 04/04 14:27:55 Image size of job updated: 92624
	46  -  MemoryUsage of job (MB)
	46484  -  ResidentSetSize of job (KB)
...
006 (4988594.000.000) 04/04 14:32:22 Image size of job updated: 164196
	46  -  MemoryUsage of job (MB)
	46492  -  ResidentSetSize of job (KB)
...
040 (4988594.000.000) 04/04 14:32:22 Started transferring output files
...
040 (4988594.000.000) 04/04 14:32:22 Finished transferring output files
...
005 (4988594.000.000) 04/04 14:32:23 Job terminated.
	(1) Normal termination (return value 0)
		Usr 0 00:01:52, Sys 0 00:00:02  -  Run Remote Usage
		Usr 0 00:00:00, Sys 0 00:00:00  -  Run Local Usage
		Usr 0 00:01:52, Sys 0 00:00:02  -  Total Remote Usage
		Usr 0 00:00:00, Sys 0 00:00:00  -  Total Local Usage
	4154  -  Run Bytes Sent By Job
	680  -  Run Bytes Received By Job
	4154  -  Total Bytes Sent By Job
	680  -  Total Bytes Received By Job
	Partitionable Resources :    Usage  Request Allocated 
	   Cpus                 :     0.49        1         1 
	   Disk (KB)            :    26           1    274716 
	   Memory (MB)          :    46        2000      2000 
...
