000 (4988580.000.000) 04/04 14:22:48 Job submitted from host: <137.138.156.150:9618?addrs=137.138.156.150-9618+[2001-1458-d00-14--9a]-9618&alias=bigbird13.cern.ch&noUDP&sock=schedd_1774_6519_19>
...
040 (4988580.000.000) 04/04 14:27:38 Started transferring input files
	Transferring to host: <188.184.169.203:9618?addrs=188.184.169.203-9618+[2001-1458-301-c0--100-4d]-9618&alias=b7g52n9489.cern.ch&noUDP&sock=slot1_13_12501_d5d5_44634>
...
040 (4988580.000.000) 04/04 14:27:38 Finished transferring input files
...
001 (4988580.000.000) 04/04 14:27:39 Job executing on host: <188.184.169.203:9618?addrs=188.184.169.203-9618+[2001-1458-301-c0--100-4d]-9618&alias=b7g52n9489.cern.ch&noUDP&sock=startd_17394_6a6b>
...
006 (4988580.000.000) 04/04 14:27:48 Image size of job updated: 463276
	96  -  MemoryUsage of job (MB)
	97692  -  ResidentSetSize of job (KB)
...
006 (4988580.000.000) 04/04 14:31:41 Image size of job updated: 478148
	96  -  MemoryUsage of job (MB)
	97692  -  ResidentSetSize of job (KB)
...
040 (4988580.000.000) 04/04 14:31:41 Started transferring output files
...
040 (4988580.000.000) 04/04 14:31:41 Finished transferring output files
...
005 (4988580.000.000) 04/04 14:31:41 Job terminated.
	(1) Normal termination (return value 0)
		Usr 0 00:02:06, Sys 0 00:00:02  -  Run Remote Usage
		Usr 0 00:00:00, Sys 0 00:00:00  -  Run Local Usage
		Usr 0 00:02:06, Sys 0 00:00:02  -  Total Remote Usage
		Usr 0 00:00:00, Sys 0 00:00:00  -  Total Local Usage
	4154  -  Run Bytes Sent By Job
	680  -  Run Bytes Received By Job
	4154  -  Total Bytes Sent By Job
	680  -  Total Bytes Received By Job
	Partitionable Resources :    Usage  Request Allocated 
	   Cpus                 :                 1         1 
	   Disk (KB)            :       18        1    257904 
	   Memory (MB)          :       96     2000      2000 
...
