000 (4988579.000.000) 04/04 14:22:46 Job submitted from host: <137.138.156.150:9618?addrs=137.138.156.150-9618+[2001-1458-d00-14--9a]-9618&alias=bigbird13.cern.ch&noUDP&sock=schedd_1774_6519_19>
...
040 (4988579.000.000) 04/04 14:27:38 Started transferring input files
	Transferring to host: <128.142.66.145:9618?addrs=128.142.66.145-9618+[2001-1458-301-4c--100-41]-9618&alias=b7s09n8572.cern.ch&noUDP&sock=slot1_2_5803_7d05_38202>
...
040 (4988579.000.000) 04/04 14:27:38 Finished transferring input files
...
001 (4988579.000.000) 04/04 14:27:39 Job executing on host: <128.142.66.145:9618?addrs=128.142.66.145-9618+[2001-1458-301-4c--100-41]-9618&alias=b7s09n8572.cern.ch&noUDP&sock=startd_4509_609f>
...
006 (4988579.000.000) 04/04 14:27:47 Image size of job updated: 459724
	86  -  MemoryUsage of job (MB)
	87408  -  ResidentSetSize of job (KB)
...
006 (4988579.000.000) 04/04 14:31:26 Image size of job updated: 474536
	86  -  MemoryUsage of job (MB)
	87408  -  ResidentSetSize of job (KB)
...
040 (4988579.000.000) 04/04 14:31:26 Started transferring output files
...
040 (4988579.000.000) 04/04 14:31:26 Finished transferring output files
...
005 (4988579.000.000) 04/04 14:31:26 Job terminated.
	(1) Normal termination (return value 0)
		Usr 0 00:01:26, Sys 0 00:00:02  -  Run Remote Usage
		Usr 0 00:00:00, Sys 0 00:00:00  -  Run Local Usage
		Usr 0 00:01:26, Sys 0 00:00:02  -  Total Remote Usage
		Usr 0 00:00:00, Sys 0 00:00:00  -  Total Local Usage
	4154  -  Run Bytes Sent By Job
	677  -  Run Bytes Received By Job
	4154  -  Total Bytes Sent By Job
	677  -  Total Bytes Received By Job
	Partitionable Resources :    Usage  Request Allocated 
	   Cpus                 :                 1         1 
	   Disk (KB)            :       18        1    280830 
	   Memory (MB)          :       86     2000      2000 
...
