000 (4988571.000.000) 04/04 14:22:15 Job submitted from host: <137.138.156.150:9618?addrs=137.138.156.150-9618+[2001-1458-d00-14--9a]-9618&alias=bigbird13.cern.ch&noUDP&sock=schedd_1774_6519_19>
...
040 (4988571.000.000) 04/04 14:27:36 Started transferring input files
	Transferring to host: <188.184.169.243:9618?addrs=188.184.169.243-9618+[2001-1458-301-c0--100-1f4]-9618&alias=b7g52n4647.cern.ch&noUDP&sock=slot1_5_31028_c867_40060>
...
040 (4988571.000.000) 04/04 14:27:36 Finished transferring input files
...
001 (4988571.000.000) 04/04 14:27:37 Job executing on host: <188.184.169.243:9618?addrs=188.184.169.243-9618+[2001-1458-301-c0--100-1f4]-9618&alias=b7g52n4647.cern.ch&noUDP&sock=startd_17610_92e0>
...
006 (4988571.000.000) 04/04 14:27:46 Image size of job updated: 391912
	45  -  MemoryUsage of job (MB)
	46072  -  ResidentSetSize of job (KB)
...
006 (4988571.000.000) 04/04 14:29:27 Image size of job updated: 473332
	45  -  MemoryUsage of job (MB)
	46072  -  ResidentSetSize of job (KB)
...
040 (4988571.000.000) 04/04 14:29:27 Started transferring output files
...
040 (4988571.000.000) 04/04 14:29:27 Finished transferring output files
...
005 (4988571.000.000) 04/04 14:29:27 Job terminated.
	(1) Normal termination (return value 0)
		Usr 0 00:00:52, Sys 0 00:00:02  -  Run Remote Usage
		Usr 0 00:00:00, Sys 0 00:00:00  -  Run Local Usage
		Usr 0 00:00:52, Sys 0 00:00:02  -  Total Remote Usage
		Usr 0 00:00:00, Sys 0 00:00:00  -  Total Local Usage
	4154  -  Run Bytes Sent By Job
	677  -  Run Bytes Received By Job
	4154  -  Total Bytes Sent By Job
	677  -  Total Bytes Received By Job
	Partitionable Resources :    Usage  Request Allocated 
	   Cpus                 :                 1         1 
	   Disk (KB)            :       18        1    286400 
	   Memory (MB)          :       45     2000      2000 
...
