000 (4988582.000.000) 04/04 14:22:57 Job submitted from host: <137.138.156.150:9618?addrs=137.138.156.150-9618+[2001-1458-d00-14--9a]-9618&alias=bigbird13.cern.ch&noUDP&sock=schedd_1774_6519_19>
...
040 (4988582.000.000) 04/04 14:27:59 Started transferring input files
	Transferring to host: <128.142.83.93:9618?addrs=128.142.83.93-9618+[2001-1458-301-f5--100-3da]-9618&noUDP&sock=16818_8d65_64109>
...
040 (4988582.000.000) 04/04 14:27:59 Finished transferring input files
...
001 (4988582.000.000) 04/04 14:28:00 Job executing on host: <128.142.83.93:9618?addrs=128.142.83.93-9618+[2001-1458-301-f5--100-3da]-9618&noUDP&sock=16660_f3e7_3>
...
006 (4988582.000.000) 04/04 14:28:08 Image size of job updated: 84104
	44  -  MemoryUsage of job (MB)
	45028  -  ResidentSetSize of job (KB)
...
006 (4988582.000.000) 04/04 14:33:08 Image size of job updated: 163052
	98  -  MemoryUsage of job (MB)
	99496  -  ResidentSetSize of job (KB)
...
006 (4988582.000.000) 04/04 14:38:09 Image size of job updated: 163136
	98  -  MemoryUsage of job (MB)
	99580  -  ResidentSetSize of job (KB)
...
006 (4988582.000.000) 04/04 14:43:10 Image size of job updated: 166088
	101  -  MemoryUsage of job (MB)
	102532  -  ResidentSetSize of job (KB)
...
006 (4988582.000.000) 04/04 14:44:02 Image size of job updated: 169248
	101  -  MemoryUsage of job (MB)
	102532  -  ResidentSetSize of job (KB)
...
040 (4988582.000.000) 04/04 14:44:02 Started transferring output files
...
040 (4988582.000.000) 04/04 14:44:02 Finished transferring output files
...
005 (4988582.000.000) 04/04 14:44:02 Job terminated.
	(1) Normal termination (return value 0)
		Usr 0 00:02:31, Sys 0 00:00:03  -  Run Remote Usage
		Usr 0 00:00:00, Sys 0 00:00:00  -  Run Local Usage
		Usr 0 00:02:31, Sys 0 00:00:03  -  Total Remote Usage
		Usr 0 00:00:00, Sys 0 00:00:00  -  Total Local Usage
	4154  -  Run Bytes Sent By Job
	680  -  Run Bytes Received By Job
	4154  -  Total Bytes Sent By Job
	680  -  Total Bytes Received By Job
	Partitionable Resources :    Usage  Request Allocated 
	   Cpus                 :     0.39        1         1 
	   Disk (KB)            :    26           1    281683 
	   Memory (MB)          :   101        2000      2000 
...
