000 (4988578.000.000) 04/04 14:22:43 Job submitted from host: <137.138.156.150:9618?addrs=137.138.156.150-9618+[2001-1458-d00-14--9a]-9618&alias=bigbird13.cern.ch&noUDP&sock=schedd_1774_6519_19>
...
040 (4988578.000.000) 04/04 14:27:37 Started transferring input files
	Transferring to host: <128.142.76.30:9618?addrs=128.142.76.30-9618+[2001-1458-301-f4--100-4eb]-9618&alias=b7s12n8105.cern.ch&noUDP&sock=slot1_3_19975_f1c5_37382>
...
040 (4988578.000.000) 04/04 14:27:37 Finished transferring input files
...
001 (4988578.000.000) 04/04 14:27:38 Job executing on host: <128.142.76.30:9618?addrs=128.142.76.30-9618+[2001-1458-301-f4--100-4eb]-9618&alias=b7s12n8105.cern.ch&noUDP&sock=startd_14902_1c69>
...
006 (4988578.000.000) 04/04 14:27:46 Image size of job updated: 101300
	40  -  MemoryUsage of job (MB)
	40692  -  ResidentSetSize of job (KB)
...
006 (4988578.000.000) 04/04 14:31:44 Image size of job updated: 473416
	40  -  MemoryUsage of job (MB)
	40780  -  ResidentSetSize of job (KB)
...
040 (4988578.000.000) 04/04 14:31:44 Started transferring output files
...
040 (4988578.000.000) 04/04 14:31:44 Finished transferring output files
...
005 (4988578.000.000) 04/04 14:31:44 Job terminated.
	(1) Normal termination (return value 0)
		Usr 0 00:01:25, Sys 0 00:00:02  -  Run Remote Usage
		Usr 0 00:00:00, Sys 0 00:00:00  -  Run Local Usage
		Usr 0 00:01:25, Sys 0 00:00:02  -  Total Remote Usage
		Usr 0 00:00:00, Sys 0 00:00:00  -  Total Local Usage
	4154  -  Run Bytes Sent By Job
	677  -  Run Bytes Received By Job
	4154  -  Total Bytes Sent By Job
	677  -  Total Bytes Received By Job
	Partitionable Resources :    Usage  Request Allocated 
	   Cpus                 :                 1         1 
	   Disk (KB)            :       18        1    282202 
	   Memory (MB)          :       40     2000      2000 
...
