000 (4988602.000.000) 04/04 14:24:00 Job submitted from host: <137.138.156.150:9618?addrs=137.138.156.150-9618+[2001-1458-d00-14--9a]-9618&alias=bigbird13.cern.ch&noUDP&sock=schedd_1774_6519_19>
...
040 (4988602.000.000) 04/04 14:27:47 Started transferring input files
	Transferring to host: <128.142.77.201:9618?addrs=128.142.77.201-9618+[2001-1458-301-f4--100-ae]-9618&noUDP&sock=16275_f5af_64224>
...
040 (4988602.000.000) 04/04 14:27:47 Finished transferring input files
...
001 (4988602.000.000) 04/04 14:27:48 Job executing on host: <128.142.77.201:9618?addrs=128.142.77.201-9618+[2001-1458-301-f4--100-ae]-9618&noUDP&sock=16118_2f93_3>
...
006 (4988602.000.000) 04/04 14:27:57 Image size of job updated: 155224
	90  -  MemoryUsage of job (MB)
	91848  -  ResidentSetSize of job (KB)
...
006 (4988602.000.000) 04/04 14:32:58 Image size of job updated: 161972
	97  -  MemoryUsage of job (MB)
	98436  -  ResidentSetSize of job (KB)
...
006 (4988602.000.000) 04/04 14:42:59 Image size of job updated: 162100
	97  -  MemoryUsage of job (MB)
	98564  -  ResidentSetSize of job (KB)
...
006 (4988602.000.000) 04/04 14:48:00 Image size of job updated: 162156
	97  -  MemoryUsage of job (MB)
	98620  -  ResidentSetSize of job (KB)
...
006 (4988602.000.000) 04/04 14:58:01 Image size of job updated: 162312
	97  -  MemoryUsage of job (MB)
	98776  -  ResidentSetSize of job (KB)
...
006 (4988602.000.000) 04/04 15:10:55 Image size of job updated: 162408
	97  -  MemoryUsage of job (MB)
	98776  -  ResidentSetSize of job (KB)
...
040 (4988602.000.000) 04/04 15:10:55 Started transferring output files
...
040 (4988602.000.000) 04/04 15:10:55 Finished transferring output files
...
005 (4988602.000.000) 04/04 15:10:55 Job terminated.
	(1) Normal termination (return value 0)
		Usr 0 00:01:09, Sys 0 00:00:02  -  Run Remote Usage
		Usr 0 00:00:00, Sys 0 00:00:00  -  Run Local Usage
		Usr 0 00:01:09, Sys 0 00:00:02  -  Total Remote Usage
		Usr 0 00:00:00, Sys 0 00:00:00  -  Total Local Usage
	4154  -  Run Bytes Sent By Job
	680  -  Run Bytes Received By Job
	4154  -  Total Bytes Sent By Job
	680  -  Total Bytes Received By Job
	Partitionable Resources :    Usage  Request Allocated 
	   Cpus                 :     0.05        1         1 
	   Disk (KB)            :    26           1    275049 
	   Memory (MB)          :    97        2000      2000 
...
