000 (4988575.000.000) 04/04 14:22:36 Job submitted from host: <137.138.156.150:9618?addrs=137.138.156.150-9618+[2001-1458-d00-14--9a]-9618&alias=bigbird13.cern.ch&noUDP&sock=schedd_1774_6519_19>
...
040 (4988575.000.000) 04/04 14:27:36 Started transferring input files
	Transferring to host: <128.142.74.111:9618?addrs=128.142.74.111-9618+[2001-1458-301-75--100-1a0]-9618&alias=b7s11n6808.cern.ch&noUDP&sock=slot1_3_25837_40f4_38156>
...
040 (4988575.000.000) 04/04 14:27:36 Finished transferring input files
...
001 (4988575.000.000) 04/04 14:27:37 Job executing on host: <128.142.74.111:9618?addrs=128.142.74.111-9618+[2001-1458-301-75--100-1a0]-9618&alias=b7s11n6808.cern.ch&noUDP&sock=startd_16699_b419>
...
006 (4988575.000.000) 04/04 14:27:46 Image size of job updated: 287612
	95  -  MemoryUsage of job (MB)
	96648  -  ResidentSetSize of job (KB)
...
006 (4988575.000.000) 04/04 14:32:46 Image size of job updated: 479296
	99  -  MemoryUsage of job (MB)
	101104  -  ResidentSetSize of job (KB)
...
040 (4988575.000.000) 04/04 14:34:44 Started transferring output files
...
040 (4988575.000.000) 04/04 14:34:44 Finished transferring output files
...
005 (4988575.000.000) 04/04 14:34:44 Job terminated.
	(1) Normal termination (return value 0)
		Usr 0 00:02:05, Sys 0 00:00:02  -  Run Remote Usage
		Usr 0 00:00:00, Sys 0 00:00:00  -  Run Local Usage
		Usr 0 00:02:05, Sys 0 00:00:02  -  Total Remote Usage
		Usr 0 00:00:00, Sys 0 00:00:00  -  Total Local Usage
	4154  -  Run Bytes Sent By Job
	677  -  Run Bytes Received By Job
	4154  -  Total Bytes Sent By Job
	677  -  Total Bytes Received By Job
	Partitionable Resources :    Usage  Request Allocated 
	   Cpus                 :     0.26        1         1 
	   Disk (KB)            :    25           1    274369 
	   Memory (MB)          :    99        2000      2000 
...
