000 (4988585.000.000) 04/04 14:23:05 Job submitted from host: <137.138.156.150:9618?addrs=137.138.156.150-9618+[2001-1458-d00-14--9a]-9618&alias=bigbird13.cern.ch&noUDP&sock=schedd_1774_6519_19>
...
040 (4988585.000.000) 04/04 14:27:46 Started transferring input files
	Transferring to host: <128.142.75.99:9618?addrs=128.142.75.99-9618+[2001-1458-301-75--100-236]-9618&noUDP&sock=16758_46e3_63587>
...
040 (4988585.000.000) 04/04 14:27:46 Finished transferring input files
...
001 (4988585.000.000) 04/04 14:27:47 Job executing on host: <128.142.75.99:9618?addrs=128.142.75.99-9618+[2001-1458-301-75--100-236]-9618&noUDP&sock=16602_2b69_3>
...
006 (4988585.000.000) 04/04 14:27:56 Image size of job updated: 105580
	44  -  MemoryUsage of job (MB)
	44828  -  ResidentSetSize of job (KB)
...
006 (4988585.000.000) 04/04 14:32:57 Image size of job updated: 161600
	96  -  MemoryUsage of job (MB)
	98052  -  ResidentSetSize of job (KB)
...
006 (4988585.000.000) 04/04 14:37:58 Image size of job updated: 161720
	96  -  MemoryUsage of job (MB)
	98172  -  ResidentSetSize of job (KB)
...
006 (4988585.000.000) 04/04 14:42:58 Image size of job updated: 164412
	99  -  MemoryUsage of job (MB)
	100864  -  ResidentSetSize of job (KB)
...
040 (4988585.000.000) 04/04 14:45:29 Started transferring output files
...
040 (4988585.000.000) 04/04 14:45:29 Finished transferring output files
...
005 (4988585.000.000) 04/04 14:45:29 Job terminated.
	(1) Normal termination (return value 0)
		Usr 0 00:02:15, Sys 0 00:00:02  -  Run Remote Usage
		Usr 0 00:00:00, Sys 0 00:00:00  -  Run Local Usage
		Usr 0 00:02:15, Sys 0 00:00:02  -  Total Remote Usage
		Usr 0 00:00:00, Sys 0 00:00:00  -  Total Local Usage
	4154  -  Run Bytes Sent By Job
	680  -  Run Bytes Received By Job
	4154  -  Total Bytes Sent By Job
	680  -  Total Bytes Received By Job
	Partitionable Resources :    Usage  Request Allocated 
	   Cpus                 :     0.24        1         1 
	   Disk (KB)            :    26           1    286247 
	   Memory (MB)          :    99        2000      2000 
...
