000 (4988586.000.000) 04/04 14:23:08 Job submitted from host: <137.138.156.150:9618?addrs=137.138.156.150-9618+[2001-1458-d00-14--9a]-9618&alias=bigbird13.cern.ch&noUDP&sock=schedd_1774_6519_19>
...
040 (4988586.000.000) 04/04 14:27:40 Started transferring input files
	Transferring to host: <128.142.68.134:9618?addrs=128.142.68.134-9618&noUDP&sock=3337_f7e1_137428>
...
040 (4988586.000.000) 04/04 14:27:40 Finished transferring input files
...
001 (4988586.000.000) 04/04 14:27:41 Job executing on host: <128.142.68.134:9618?addrs=128.142.68.134-9618&noUDP&sock=2193_cb48_3>
...
006 (4988586.000.000) 04/04 14:27:50 Image size of job updated: 94048
	46  -  MemoryUsage of job (MB)
	46740  -  ResidentSetSize of job (KB)
...
006 (4988586.000.000) 04/04 14:32:51 Image size of job updated: 162576
	97  -  MemoryUsage of job (MB)
	99028  -  ResidentSetSize of job (KB)
...
006 (4988586.000.000) 04/04 14:37:52 Image size of job updated: 164476
	99  -  MemoryUsage of job (MB)
	100928  -  ResidentSetSize of job (KB)
...
006 (4988586.000.000) 04/04 14:41:40 Image size of job updated: 164480
	99  -  MemoryUsage of job (MB)
	100928  -  ResidentSetSize of job (KB)
...
040 (4988586.000.000) 04/04 14:41:40 Started transferring output files
...
040 (4988586.000.000) 04/04 14:41:40 Finished transferring output files
...
005 (4988586.000.000) 04/04 14:41:40 Job terminated.
	(1) Normal termination (return value 0)
		Usr 0 00:02:02, Sys 0 00:00:03  -  Run Remote Usage
		Usr 0 00:00:00, Sys 0 00:00:00  -  Run Local Usage
		Usr 0 00:02:02, Sys 0 00:00:03  -  Total Remote Usage
		Usr 0 00:00:00, Sys 0 00:00:00  -  Total Local Usage
	4154  -  Run Bytes Sent By Job
	680  -  Run Bytes Received By Job
	4154  -  Total Bytes Sent By Job
	680  -  Total Bytes Received By Job
	Partitionable Resources :    Usage  Request Allocated 
	   Cpus                 :     0.28        1         1 
	   Disk (KB)            :    26           1    258888 
	   Memory (MB)          :    99        2000      2000 
...
