000 (4988576.000.000) 04/04 14:22:38 Job submitted from host: <137.138.156.150:9618?addrs=137.138.156.150-9618+[2001-1458-d00-14--9a]-9618&alias=bigbird13.cern.ch&noUDP&sock=schedd_1774_6519_19>
...
040 (4988576.000.000) 04/04 14:27:39 Started transferring input files
	Transferring to host: <128.142.68.174:9618?addrs=128.142.68.174-9618+[2001-1458-301-52--100-3a0]-9618&noUDP&sock=2654_bba5_95773>
...
040 (4988576.000.000) 04/04 14:27:39 Finished transferring input files
...
001 (4988576.000.000) 04/04 14:27:40 Job executing on host: <128.142.68.174:9618?addrs=128.142.68.174-9618+[2001-1458-301-52--100-3a0]-9618&noUDP&sock=2442_965d_3>
...
006 (4988576.000.000) 04/04 14:27:49 Image size of job updated: 105644
	44  -  MemoryUsage of job (MB)
	44852  -  ResidentSetSize of job (KB)
...
006 (4988576.000.000) 04/04 14:32:50 Image size of job updated: 164688
	99  -  MemoryUsage of job (MB)
	101148  -  ResidentSetSize of job (KB)
...
006 (4988576.000.000) 04/04 14:37:50 Image size of job updated: 167232
	102  -  MemoryUsage of job (MB)
	103692  -  ResidentSetSize of job (KB)
...
006 (4988576.000.000) 04/04 14:44:38 Image size of job updated: 169512
	102  -  MemoryUsage of job (MB)
	103692  -  ResidentSetSize of job (KB)
...
040 (4988576.000.000) 04/04 14:44:38 Started transferring output files
...
040 (4988576.000.000) 04/04 14:44:38 Finished transferring output files
...
005 (4988576.000.000) 04/04 14:44:38 Job terminated.
	(1) Normal termination (return value 0)
		Usr 0 00:02:49, Sys 0 00:00:04  -  Run Remote Usage
		Usr 0 00:00:00, Sys 0 00:00:00  -  Run Local Usage
		Usr 0 00:02:49, Sys 0 00:00:04  -  Total Remote Usage
		Usr 0 00:00:00, Sys 0 00:00:00  -  Total Local Usage
	4154  -  Run Bytes Sent By Job
	677  -  Run Bytes Received By Job
	4154  -  Total Bytes Sent By Job
	677  -  Total Bytes Received By Job
	Partitionable Resources :    Usage  Request Allocated 
	   Cpus                 :     0.18        1         1 
	   Disk (KB)            :    26           1    276519 
	   Memory (MB)          :   102        2000      2000 
...
