000 (4988583.000.000) 04/04 14:22:59 Job submitted from host: <137.138.156.150:9618?addrs=137.138.156.150-9618+[2001-1458-d00-14--9a]-9618&alias=bigbird13.cern.ch&noUDP&sock=schedd_1774_6519_19>
...
040 (4988583.000.000) 04/04 14:27:38 Started transferring input files
	Transferring to host: <128.142.78.43:9618?addrs=128.142.78.43-9618+[2001-1458-301-f4--100-105]-9618&alias=b7s12n6918.cern.ch&noUDP&sock=slot1_7_12635_401b_41364>
...
040 (4988583.000.000) 04/04 14:27:38 Finished transferring input files
...
001 (4988583.000.000) 04/04 14:27:39 Job executing on host: <128.142.78.43:9618?addrs=128.142.78.43-9618+[2001-1458-301-f4--100-105]-9618&alias=b7s12n6918.cern.ch&noUDP&sock=startd_16206_8be8>
...
006 (4988583.000.000) 04/04 14:27:48 Image size of job updated: 163836
	98  -  MemoryUsage of job (MB)
	100288  -  ResidentSetSize of job (KB)
...
006 (4988583.000.000) 04/04 14:32:49 Image size of job updated: 479068
	101  -  MemoryUsage of job (MB)
	102996  -  ResidentSetSize of job (KB)
...
040 (4988583.000.000) 04/04 14:34:20 Started transferring output files
...
040 (4988583.000.000) 04/04 14:34:20 Finished transferring output files
...
005 (4988583.000.000) 04/04 14:34:20 Job terminated.
	(1) Normal termination (return value 0)
		Usr 0 00:02:17, Sys 0 00:00:02  -  Run Remote Usage
		Usr 0 00:00:00, Sys 0 00:00:00  -  Run Local Usage
		Usr 0 00:02:17, Sys 0 00:00:02  -  Total Remote Usage
		Usr 0 00:00:00, Sys 0 00:00:00  -  Total Local Usage
	4154  -  Run Bytes Sent By Job
	680  -  Run Bytes Received By Job
	4154  -  Total Bytes Sent By Job
	680  -  Total Bytes Received By Job
	Partitionable Resources :    Usage  Request Allocated 
	   Cpus                 :     0.42        1         1 
	   Disk (KB)            :    25           1    273198 
	   Memory (MB)          :   101        2000      2000 
...
