000 (4988596.000.000) 04/04 14:23:42 Job submitted from host: <137.138.156.150:9618?addrs=137.138.156.150-9618+[2001-1458-d00-14--9a]-9618&alias=bigbird13.cern.ch&noUDP&sock=schedd_1774_6519_19>
...
040 (4988596.000.000) 04/04 14:27:47 Started transferring input files
	Transferring to host: <128.142.70.121:9618?addrs=128.142.70.121-9618+[2001-1458-301-52--100-5aa]-9618&noUDP&sock=2651_9e85_95501>
...
040 (4988596.000.000) 04/04 14:27:47 Finished transferring input files
...
001 (4988596.000.000) 04/04 14:27:48 Job executing on host: <128.142.70.121:9618?addrs=128.142.70.121-9618+[2001-1458-301-52--100-5aa]-9618&noUDP&sock=2441_e6c4_3>
...
006 (4988596.000.000) 04/04 14:27:57 Image size of job updated: 1400
	2  -  MemoryUsage of job (MB)
	1352  -  ResidentSetSize of job (KB)
...
006 (4988596.000.000) 04/04 14:32:58 Image size of job updated: 162584
	97  -  MemoryUsage of job (MB)
	99020  -  ResidentSetSize of job (KB)
...
006 (4988596.000.000) 04/04 14:37:58 Image size of job updated: 162596
	97  -  MemoryUsage of job (MB)
	99032  -  ResidentSetSize of job (KB)
...
006 (4988596.000.000) 04/04 14:42:59 Image size of job updated: 162636
	97  -  MemoryUsage of job (MB)
	99072  -  ResidentSetSize of job (KB)
...
040 (4988596.000.000) 04/04 14:44:11 Started transferring output files
...
040 (4988596.000.000) 04/04 14:44:11 Finished transferring output files
...
005 (4988596.000.000) 04/04 14:44:11 Job terminated.
	(1) Normal termination (return value 0)
		Usr 0 00:01:27, Sys 0 00:00:03  -  Run Remote Usage
		Usr 0 00:00:00, Sys 0 00:00:00  -  Run Local Usage
		Usr 0 00:01:27, Sys 0 00:00:03  -  Total Remote Usage
		Usr 0 00:00:00, Sys 0 00:00:00  -  Total Local Usage
	4154  -  Run Bytes Sent By Job
	680  -  Run Bytes Received By Job
	4154  -  Total Bytes Sent By Job
	680  -  Total Bytes Received By Job
	Partitionable Resources :    Usage  Request Allocated 
	   Cpus                 :     0.16        1         1 
	   Disk (KB)            :    26           1    284356 
	   Memory (MB)          :    97        2000      2000 
...
