000 (4988593.000.000) 04/04 14:23:31 Job submitted from host: <137.138.156.150:9618?addrs=137.138.156.150-9618+[2001-1458-d00-14--9a]-9618&alias=bigbird13.cern.ch&noUDP&sock=schedd_1774_6519_19>
...
040 (4988593.000.000) 04/04 14:27:41 Started transferring input files
	Transferring to host: <128.142.78.173:9618?addrs=128.142.78.173-9618+[2001-1458-301-f4--100-55b]-9618&alias=b7s12n4882.cern.ch&noUDP&sock=slot1_9_15133_5140_38885>
...
040 (4988593.000.000) 04/04 14:27:41 Finished transferring input files
...
001 (4988593.000.000) 04/04 14:27:42 Job executing on host: <128.142.78.173:9618?addrs=128.142.78.173-9618+[2001-1458-301-f4--100-55b]-9618&alias=b7s12n4882.cern.ch&noUDP&sock=startd_16776_84e4>
...
006 (4988593.000.000) 04/04 14:27:51 Image size of job updated: 285268
	43  -  MemoryUsage of job (MB)
	43728  -  ResidentSetSize of job (KB)
...
006 (4988593.000.000) 04/04 14:32:52 Image size of job updated: 478396
	99  -  MemoryUsage of job (MB)
	100812  -  ResidentSetSize of job (KB)
...
006 (4988593.000.000) 04/04 14:37:52 Image size of job updated: 478396
	99  -  MemoryUsage of job (MB)
	100816  -  ResidentSetSize of job (KB)
...
040 (4988593.000.000) 04/04 14:51:32 Started transferring output files
...
040 (4988593.000.000) 04/04 14:51:32 Finished transferring output files
...
005 (4988593.000.000) 04/04 14:51:32 Job terminated.
	(1) Normal termination (return value 0)
		Usr 0 00:02:19, Sys 0 00:00:03  -  Run Remote Usage
		Usr 0 00:00:00, Sys 0 00:00:00  -  Run Local Usage
		Usr 0 00:02:19, Sys 0 00:00:03  -  Total Remote Usage
		Usr 0 00:00:00, Sys 0 00:00:00  -  Total Local Usage
	4154  -  Run Bytes Sent By Job
	680  -  Run Bytes Received By Job
	4154  -  Total Bytes Sent By Job
	680  -  Total Bytes Received By Job
	Partitionable Resources :    Usage  Request Allocated 
	   Cpus                 :     0.05        1         1 
	   Disk (KB)            :    25           1    272937 
	   Memory (MB)          :    99        2000      2000 
...
