000 (4988592.000.000) 04/04 14:23:25 Job submitted from host: <137.138.156.150:9618?addrs=137.138.156.150-9618+[2001-1458-d00-14--9a]-9618&alias=bigbird13.cern.ch&noUDP&sock=schedd_1774_6519_19>
...
040 (4988592.000.000) 04/04 14:27:45 Started transferring input files
	Transferring to host: <128.142.71.107:9618?addrs=128.142.71.107-9618+[2001-1458-301-52--100-111]-9618&noUDP&sock=4922_be81_2253>
...
040 (4988592.000.000) 04/04 14:27:45 Finished transferring input files
...
001 (4988592.000.000) 04/04 14:27:46 Job executing on host: <128.142.71.107:9618?addrs=128.142.71.107-9618+[2001-1458-301-52--100-111]-9618&noUDP&sock=3809_3c54_3>
...
006 (4988592.000.000) 04/04 14:27:55 Image size of job updated: 92672
	46  -  MemoryUsage of job (MB)
	46480  -  ResidentSetSize of job (KB)
...
006 (4988592.000.000) 04/04 14:32:34 Image size of job updated: 163904
	46  -  MemoryUsage of job (MB)
	46480  -  ResidentSetSize of job (KB)
...
040 (4988592.000.000) 04/04 14:32:34 Started transferring output files
...
040 (4988592.000.000) 04/04 14:32:35 Finished transferring output files
...
005 (4988592.000.000) 04/04 14:32:35 Job terminated.
	(1) Normal termination (return value 0)
		Usr 0 00:02:03, Sys 0 00:00:04  -  Run Remote Usage
		Usr 0 00:00:00, Sys 0 00:00:00  -  Run Local Usage
		Usr 0 00:02:03, Sys 0 00:00:04  -  Total Remote Usage
		Usr 0 00:00:00, Sys 0 00:00:00  -  Total Local Usage
	4154  -  Run Bytes Sent By Job
	680  -  Run Bytes Received By Job
	4154  -  Total Bytes Sent By Job
	680  -  Total Bytes Received By Job
	Partitionable Resources :    Usage  Request Allocated 
	   Cpus                 :     0.22        1         1 
	   Disk (KB)            :    26           1    277268 
	   Memory (MB)          :    46        2000      2000 
...
