000 (4988573.000.000) 04/04 14:22:28 Job submitted from host: <137.138.156.150:9618?addrs=137.138.156.150-9618+[2001-1458-d00-14--9a]-9618&alias=bigbird13.cern.ch&noUDP&sock=schedd_1774_6519_19>
...
040 (4988573.000.000) 04/04 14:27:53 Started transferring input files
	Transferring to host: <128.142.79.131:9618?addrs=128.142.79.131-9618+[2001-1458-301-f4--100-4b]-9618&alias=b7s12n4557.cern.ch&noUDP&sock=slot1_12_27482_4e17_37908>
...
040 (4988573.000.000) 04/04 14:27:53 Finished transferring input files
...
001 (4988573.000.000) 04/04 14:27:54 Job executing on host: <128.142.79.131:9618?addrs=128.142.79.131-9618+[2001-1458-301-f4--100-4b]-9618&alias=b7s12n4557.cern.ch&noUDP&sock=startd_16121_3e5b>
...
006 (4988573.000.000) 04/04 14:28:02 Image size of job updated: 412944
	45  -  MemoryUsage of job (MB)
	46068  -  ResidentSetSize of job (KB)
...
006 (4988573.000.000) 04/04 14:32:38 Image size of job updated: 479824
	45  -  MemoryUsage of job (MB)
	46068  -  ResidentSetSize of job (KB)
...
040 (4988573.000.000) 04/04 14:32:38 Started transferring output files
...
040 (4988573.000.000) 04/04 14:32:38 Finished transferring output files
...
005 (4988573.000.000) 04/04 14:32:38 Job terminated.
	(1) Normal termination (return value 0)
		Usr 0 00:01:38, Sys 0 00:00:03  -  Run Remote Usage
		Usr 0 00:00:00, Sys 0 00:00:00  -  Run Local Usage
		Usr 0 00:01:38, Sys 0 00:00:03  -  Total Remote Usage
		Usr 0 00:00:00, Sys 0 00:00:00  -  Total Local Usage
	4154  -  Run Bytes Sent By Job
	677  -  Run Bytes Received By Job
	4154  -  Total Bytes Sent By Job
	677  -  Total Bytes Received By Job
	Partitionable Resources :    Usage  Request Allocated 
	   Cpus                 :                 1         1 
	   Disk (KB)            :       18        1    272685 
	   Memory (MB)          :       45     2000      2000 
...
