000 (4988577.000.000) 04/04 14:22:40 Job submitted from host: <137.138.156.150:9618?addrs=137.138.156.150-9618+[2001-1458-d00-14--9a]-9618&alias=bigbird13.cern.ch&noUDP&sock=schedd_1774_6519_19>
...
040 (4988577.000.000) 04/04 14:28:02 Started transferring input files
	Transferring to host: <188.184.169.160:9618?addrs=188.184.169.160-9618+[2001-1458-301-c0--100-3af]-9618&noUDP&sock=17116_8531_102000>
...
040 (4988577.000.000) 04/04 14:28:02 Finished transferring input files
...
001 (4988577.000.000) 04/04 14:28:03 Job executing on host: <188.184.169.160:9618?addrs=188.184.169.160-9618+[2001-1458-301-c0--100-3af]-9618&noUDP&sock=16963_c91a_3>
...
006 (4988577.000.000) 04/04 14:28:11 Image size of job updated: 79860
	44  -  MemoryUsage of job (MB)
	44976  -  ResidentSetSize of job (KB)
...
006 (4988577.000.000) 04/04 14:33:11 Image size of job updated: 164856
	99  -  MemoryUsage of job (MB)
	101304  -  ResidentSetSize of job (KB)
...
040 (4988577.000.000) 04/04 14:34:29 Started transferring output files
...
040 (4988577.000.000) 04/04 14:34:29 Finished transferring output files
...
005 (4988577.000.000) 04/04 14:34:29 Job terminated.
	(1) Normal termination (return value 0)
		Usr 0 00:01:57, Sys 0 00:00:02  -  Run Remote Usage
		Usr 0 00:00:00, Sys 0 00:00:00  -  Run Local Usage
		Usr 0 00:01:57, Sys 0 00:00:02  -  Total Remote Usage
		Usr 0 00:00:00, Sys 0 00:00:00  -  Total Local Usage
	4154  -  Run Bytes Sent By Job
	677  -  Run Bytes Received By Job
	4154  -  Total Bytes Sent By Job
	677  -  Total Bytes Received By Job
	Partitionable Resources :    Usage  Request Allocated 
	   Cpus                 :     0.48        1         1 
	   Disk (KB)            :    26           1    272023 
	   Memory (MB)          :    99        2000      2000 
...
