000 (4988588.000.000) 04/04 14:23:15 Job submitted from host: <137.138.156.150:9618?addrs=137.138.156.150-9618+[2001-1458-d00-14--9a]-9618&alias=bigbird13.cern.ch&noUDP&sock=schedd_1774_6519_19>
...
040 (4988588.000.000) 04/04 14:28:00 Started transferring input files
	Transferring to host: <128.142.74.151:9618?addrs=128.142.74.151-9618+[2001-1458-301-75--100-4db]-9618&noUDP&sock=14882_7716_64556>
...
040 (4988588.000.000) 04/04 14:28:00 Finished transferring input files
...
001 (4988588.000.000) 04/04 14:28:01 Job executing on host: <128.142.74.151:9618?addrs=128.142.74.151-9618+[2001-1458-301-75--100-4db]-9618&noUDP&sock=14725_b425_3>
...
006 (4988588.000.000) 04/04 14:28:10 Image size of job updated: 155216
	90  -  MemoryUsage of job (MB)
	91828  -  ResidentSetSize of job (KB)
...
006 (4988588.000.000) 04/04 14:33:11 Image size of job updated: 167256
	102  -  MemoryUsage of job (MB)
	103708  -  ResidentSetSize of job (KB)
...
006 (4988588.000.000) 04/04 14:38:12 Image size of job updated: 167420
	102  -  MemoryUsage of job (MB)
	103872  -  ResidentSetSize of job (KB)
...
006 (4988588.000.000) 04/04 14:43:12 Image size of job updated: 167428
	102  -  MemoryUsage of job (MB)
	103880  -  ResidentSetSize of job (KB)
...
006 (4988588.000.000) 04/04 15:09:33 Image size of job updated: 503288
	102  -  MemoryUsage of job (MB)
	103880  -  ResidentSetSize of job (KB)
...
040 (4988588.000.000) 04/04 15:09:33 Started transferring output files
...
040 (4988588.000.000) 04/04 15:09:33 Finished transferring output files
...
005 (4988588.000.000) 04/04 15:09:33 Job terminated.
	(1) Normal termination (return value 0)
		Usr 0 00:02:50, Sys 0 00:00:04  -  Run Remote Usage
		Usr 0 00:00:00, Sys 0 00:00:00  -  Run Local Usage
		Usr 0 00:02:50, Sys 0 00:00:04  -  Total Remote Usage
		Usr 0 00:00:00, Sys 0 00:00:00  -  Total Local Usage
	4154  -  Run Bytes Sent By Job
	680  -  Run Bytes Received By Job
	4154  -  Total Bytes Sent By Job
	680  -  Total Bytes Received By Job
	Partitionable Resources :    Usage  Request Allocated 
	   Cpus                 :     0.03        1         1 
	   Disk (KB)            :    26           1    273469 
	   Memory (MB)          :   102        2000      2000 
...
