000 (4988589.000.000) 04/04 14:23:17 Job submitted from host: <137.138.156.150:9618?addrs=137.138.156.150-9618+[2001-1458-d00-14--9a]-9618&alias=bigbird13.cern.ch&noUDP&sock=schedd_1774_6519_19>
...
040 (4988589.000.000) 04/04 14:27:45 Started transferring input files
	Transferring to host: <188.184.169.202:9618?addrs=188.184.169.202-9618+[2001-1458-301-c0--100-1c4]-9618&noUDP&sock=5167_5e6b_86657>
...
040 (4988589.000.000) 04/04 14:27:45 Finished transferring input files
...
001 (4988589.000.000) 04/04 14:27:46 Job executing on host: <188.184.169.202:9618?addrs=188.184.169.202-9618+[2001-1458-301-c0--100-1c4]-9618&noUDP&sock=3528_7e37_3>
...
006 (4988589.000.000) 04/04 14:27:55 Image size of job updated: 80932
	31  -  MemoryUsage of job (MB)
	31708  -  ResidentSetSize of job (KB)
...
006 (4988589.000.000) 04/04 14:32:56 Image size of job updated: 162344
	97  -  MemoryUsage of job (MB)
	98792  -  ResidentSetSize of job (KB)
...
006 (4988589.000.000) 04/04 14:37:57 Image size of job updated: 164448
	99  -  MemoryUsage of job (MB)
	100896  -  ResidentSetSize of job (KB)
...
040 (4988589.000.000) 04/04 14:38:03 Started transferring output files
...
040 (4988589.000.000) 04/04 14:38:03 Finished transferring output files
...
005 (4988589.000.000) 04/04 14:38:03 Job terminated.
	(1) Normal termination (return value 0)
		Usr 0 00:02:22, Sys 0 00:00:02  -  Run Remote Usage
		Usr 0 00:00:00, Sys 0 00:00:00  -  Run Local Usage
		Usr 0 00:02:22, Sys 0 00:00:02  -  Total Remote Usage
		Usr 0 00:00:00, Sys 0 00:00:00  -  Total Local Usage
	4154  -  Run Bytes Sent By Job
	680  -  Run Bytes Received By Job
	4154  -  Total Bytes Sent By Job
	680  -  Total Bytes Received By Job
	Partitionable Resources :    Usage  Request Allocated 
	   Cpus                 :     0.35        1         1 
	   Disk (KB)            :    26           1    268997 
	   Memory (MB)          :    99        2000      2000 
...
