000 (4988587.000.000) 04/04 14:23:12 Job submitted from host: <137.138.156.150:9618?addrs=137.138.156.150-9618+[2001-1458-d00-14--9a]-9618&alias=bigbird13.cern.ch&noUDP&sock=schedd_1774_6519_19>
...
040 (4988587.000.000) 04/04 14:27:56 Started transferring input files
	Transferring to host: <128.142.79.26:9618?addrs=128.142.79.26-9618+[2001-1458-301-f4--100-39c]-9618&alias=b7s12n7267.cern.ch&noUDP&sock=slot1_2_7949_8a1c_43206>
...
040 (4988587.000.000) 04/04 14:27:56 Finished transferring input files
...
001 (4988587.000.000) 04/04 14:27:57 Job executing on host: <128.142.79.26:9618?addrs=128.142.79.26-9618+[2001-1458-301-f4--100-39c]-9618&alias=b7s12n7267.cern.ch&noUDP&sock=startd_16494_172f>
...
006 (4988587.000.000) 04/04 14:28:05 Image size of job updated: 24220
	7  -  MemoryUsage of job (MB)
	6720  -  ResidentSetSize of job (KB)
...
006 (4988587.000.000) 04/04 14:33:05 Image size of job updated: 479520
	99  -  MemoryUsage of job (MB)
	100944  -  ResidentSetSize of job (KB)
...
006 (4988587.000.000) 04/04 14:38:06 Image size of job updated: 479520
	99  -  MemoryUsage of job (MB)
	101084  -  ResidentSetSize of job (KB)
...
006 (4988587.000.000) 04/04 14:43:06 Image size of job updated: 479520
	101  -  MemoryUsage of job (MB)
	103300  -  ResidentSetSize of job (KB)
...
040 (4988587.000.000) 04/04 14:54:11 Started transferring output files
...
040 (4988587.000.000) 04/04 14:54:11 Finished transferring output files
...
005 (4988587.000.000) 04/04 14:54:11 Job terminated.
	(1) Normal termination (return value 0)
		Usr 0 00:03:00, Sys 0 00:00:03  -  Run Remote Usage
		Usr 0 00:00:00, Sys 0 00:00:00  -  Run Local Usage
		Usr 0 00:03:00, Sys 0 00:00:03  -  Total Remote Usage
		Usr 0 00:00:00, Sys 0 00:00:00  -  Total Local Usage
	4154  -  Run Bytes Sent By Job
	680  -  Run Bytes Received By Job
	4154  -  Total Bytes Sent By Job
	680  -  Total Bytes Received By Job
	Partitionable Resources :    Usage  Request Allocated 
	   Cpus                 :     0.12        1         1 
	   Disk (KB)            :    25           1    252070 
	   Memory (MB)          :   101        2000      2000 
...
