000 (4988590.000.000) 04/04 14:23:19 Job submitted from host: <137.138.156.150:9618?addrs=137.138.156.150-9618+[2001-1458-d00-14--9a]-9618&alias=bigbird13.cern.ch&noUDP&sock=schedd_1774_6519_19>
...
040 (4988590.000.000) 04/04 14:27:56 Started transferring input files
	Transferring to host: <188.184.169.248:9618?addrs=188.184.169.248-9618+[2001-1458-301-c0--100-40f]-9618&alias=b7g52n6346.cern.ch&noUDP&sock=slot1_6_19219_4627_37295>
...
040 (4988590.000.000) 04/04 14:27:56 Finished transferring input files
...
001 (4988590.000.000) 04/04 14:27:57 Job executing on host: <188.184.169.248:9618?addrs=188.184.169.248-9618+[2001-1458-301-c0--100-40f]-9618&alias=b7g52n6346.cern.ch&noUDP&sock=startd_17833_887f>
...
006 (4988590.000.000) 04/04 14:28:05 Image size of job updated: 342048
	23  -  MemoryUsage of job (MB)
	23452  -  ResidentSetSize of job (KB)
...
006 (4988590.000.000) 04/04 14:33:05 Image size of job updated: 478816
	97  -  MemoryUsage of job (MB)
	98592  -  ResidentSetSize of job (KB)
...
006 (4988590.000.000) 04/04 14:38:06 Image size of job updated: 478816
	101  -  MemoryUsage of job (MB)
	103228  -  ResidentSetSize of job (KB)
...
040 (4988590.000.000) 04/04 14:40:30 Started transferring output files
...
040 (4988590.000.000) 04/04 14:40:30 Finished transferring output files
...
005 (4988590.000.000) 04/04 14:40:30 Job terminated.
	(1) Normal termination (return value 0)
		Usr 0 00:03:09, Sys 0 00:00:04  -  Run Remote Usage
		Usr 0 00:00:00, Sys 0 00:00:00  -  Run Local Usage
		Usr 0 00:03:09, Sys 0 00:00:04  -  Total Remote Usage
		Usr 0 00:00:00, Sys 0 00:00:00  -  Total Local Usage
	4154  -  Run Bytes Sent By Job
	680  -  Run Bytes Received By Job
	4154  -  Total Bytes Sent By Job
	680  -  Total Bytes Received By Job
	Partitionable Resources :    Usage  Request Allocated 
	   Cpus                 :     0.31        1         1 
	   Disk (KB)            :    25           1    267475 
	   Memory (MB)          :   101        2000      2000 
...
