000 (5019037.000.000) 04/07 11:08:41 Job submitted from host: <137.138.156.150:9618?addrs=137.138.156.150-9618+[2001-1458-d00-14--9a]-9618&alias=bigbird13.cern.ch&noUDP&sock=schedd_1774_6519_19>
...
040 (5019037.000.000) 04/07 11:08:56 Started transferring input files
	Transferring to host: <128.142.68.171:9618?addrs=128.142.68.171-9618+[2001-1458-301-52--100-26d]-9618&alias=b7s10n2982.cern.ch&noUDP&sock=slot1_2_9172_40ee_40217>
...
040 (5019037.000.000) 04/07 11:08:56 Finished transferring input files
...
001 (5019037.000.000) 04/07 11:08:57 Job executing on host: <128.142.68.171:9618?addrs=128.142.68.171-9618+[2001-1458-301-52--100-26d]-9618&alias=b7s10n2982.cern.ch&noUDP&sock=startd_2137_61fa>
...
006 (5019037.000.000) 04/07 11:09:06 Image size of job updated: 458976
	84  -  MemoryUsage of job (MB)
	85292  -  ResidentSetSize of job (KB)
...
006 (5019037.000.000) 04/07 11:10:48 Image size of job updated: 474568
	84  -  MemoryUsage of job (MB)
	85292  -  ResidentSetSize of job (KB)
...
040 (5019037.000.000) 04/07 11:10:48 Started transferring output files
...
040 (5019037.000.000) 04/07 11:10:48 Finished transferring output files
...
005 (5019037.000.000) 04/07 11:10:48 Job terminated.
	(1) Normal termination (return value 0)
		Usr 0 00:00:33, Sys 0 00:00:01  -  Run Remote Usage
		Usr 0 00:00:00, Sys 0 00:00:00  -  Run Local Usage
		Usr 0 00:00:33, Sys 0 00:00:01  -  Total Remote Usage
		Usr 0 00:00:00, Sys 0 00:00:00  -  Total Local Usage
	4154  -  Run Bytes Sent By Job
	733  -  Run Bytes Received By Job
	4154  -  Total Bytes Sent By Job
	733  -  Total Bytes Received By Job
	Partitionable Resources :    Usage  Request Allocated 
	   Cpus                 :     0.46        1         1 
	   Disk (KB)            :    26           1    241281 
	   Memory (MB)          :    84        2000      2000 
...
