000 (5019019.000.000) 04/07 11:08:16 Job submitted from host: <137.138.156.150:9618?addrs=137.138.156.150-9618+[2001-1458-d00-14--9a]-9618&alias=bigbird13.cern.ch&noUDP&sock=schedd_1774_6519_19>
...
040 (5019019.000.000) 04/07 11:08:39 Started transferring input files
	Transferring to host: <128.142.84.173:9618?addrs=128.142.84.173-9618+[2001-1458-301-f6--100-1f0]-9618&alias=b7s14n1779.cern.ch&noUDP&sock=slot1_6_28650_4446_44787>
...
040 (5019019.000.000) 04/07 11:08:39 Finished transferring input files
...
001 (5019019.000.000) 04/07 11:08:40 Job executing on host: <128.142.84.173:9618?addrs=128.142.84.173-9618+[2001-1458-301-f6--100-1f0]-9618&alias=b7s14n1779.cern.ch&noUDP&sock=startd_16739_23e3>
...
006 (5019019.000.000) 04/07 11:08:48 Image size of job updated: 470300
	92  -  MemoryUsage of job (MB)
	93916  -  ResidentSetSize of job (KB)
...
006 (5019019.000.000) 04/07 11:09:36 Image size of job updated: 474492
	92  -  MemoryUsage of job (MB)
	93916  -  ResidentSetSize of job (KB)
...
040 (5019019.000.000) 04/07 11:09:37 Started transferring output files
...
040 (5019019.000.000) 04/07 11:09:37 Finished transferring output files
...
005 (5019019.000.000) 04/07 11:09:37 Job terminated.
	(1) Normal termination (return value 0)
		Usr 0 00:00:31, Sys 0 00:00:00  -  Run Remote Usage
		Usr 0 00:00:00, Sys 0 00:00:00  -  Run Local Usage
		Usr 0 00:00:31, Sys 0 00:00:00  -  Total Remote Usage
		Usr 0 00:00:00, Sys 0 00:00:00  -  Total Local Usage
	4154  -  Run Bytes Sent By Job
	733  -  Run Bytes Received By Job
	4154  -  Total Bytes Sent By Job
	733  -  Total Bytes Received By Job
	Partitionable Resources :    Usage  Request Allocated 
	   Cpus                 :                 1         1 
	   Disk (KB)            :       19        1    272368 
	   Memory (MB)          :       92     2000      2000 
...
