000 (5019023.000.000) 04/07 11:08:20 Job submitted from host: <137.138.156.150:9618?addrs=137.138.156.150-9618+[2001-1458-d00-14--9a]-9618&alias=bigbird13.cern.ch&noUDP&sock=schedd_1774_6519_19>
...
040 (5019023.000.000) 04/07 11:08:39 Started transferring input files
	Transferring to host: <128.142.73.157:9618?addrs=128.142.73.157-9618+[2001-1458-301-75--100-3cf]-9618&alias=b7s11n6636.cern.ch&noUDP&sock=slot1_3_16205_a36c_39958>
...
040 (5019023.000.000) 04/07 11:08:39 Finished transferring input files
...
001 (5019023.000.000) 04/07 11:08:40 Job executing on host: <128.142.73.157:9618?addrs=128.142.73.157-9618+[2001-1458-301-75--100-3cf]-9618&alias=b7s11n6636.cern.ch&noUDP&sock=startd_16685_19c5>
...
006 (5019023.000.000) 04/07 11:08:48 Image size of job updated: 472228
	92  -  MemoryUsage of job (MB)
	93488  -  ResidentSetSize of job (KB)
...
040 (5019023.000.000) 04/07 11:09:00 Started transferring output files
...
040 (5019023.000.000) 04/07 11:09:00 Finished transferring output files
...
005 (5019023.000.000) 04/07 11:09:01 Job terminated.
	(1) Normal termination (return value 0)
		Usr 0 00:00:11, Sys 0 00:00:00  -  Run Remote Usage
		Usr 0 00:00:00, Sys 0 00:00:00  -  Run Local Usage
		Usr 0 00:00:11, Sys 0 00:00:00  -  Total Remote Usage
		Usr 0 00:00:00, Sys 0 00:00:00  -  Total Local Usage
	4154  -  Run Bytes Sent By Job
	733  -  Run Bytes Received By Job
	4154  -  Total Bytes Sent By Job
	733  -  Total Bytes Received By Job
	Partitionable Resources :    Usage  Request Allocated 
	   Cpus                 :                 1         1 
	   Disk (KB)            :       19        1    274166 
	   Memory (MB)          :       92     2000      2000 
...
