000 (5019042.000.000) 04/07 11:08:48 Job submitted from host: <137.138.156.150:9618?addrs=137.138.156.150-9618+[2001-1458-d00-14--9a]-9618&alias=bigbird13.cern.ch&noUDP&sock=schedd_1774_6519_19>
...
040 (5019042.000.000) 04/07 11:09:03 Started transferring input files
	Transferring to host: <188.184.197.13:9618?addrs=188.184.197.13-9618+[2001-1458-301-103--100-3a4]-9618&alias=b7g23n0676.cern.ch&noUDP&sock=slot1_4_22728_ae95_36555>
...
040 (5019042.000.000) 04/07 11:09:03 Finished transferring input files
...
001 (5019042.000.000) 04/07 11:09:04 Job executing on host: <188.184.197.13:9618?addrs=188.184.197.13-9618+[2001-1458-301-103--100-3a4]-9618&alias=b7g23n0676.cern.ch&noUDP&sock=startd_18078_9533>
...
006 (5019042.000.000) 04/07 11:09:13 Image size of job updated: 472188
	93  -  MemoryUsage of job (MB)
	94496  -  ResidentSetSize of job (KB)
...
040 (5019042.000.000) 04/07 11:10:06 Started transferring output files
...
040 (5019042.000.000) 04/07 11:10:06 Finished transferring output files
...
005 (5019042.000.000) 04/07 11:10:06 Job terminated.
	(1) Normal termination (return value 0)
		Usr 0 00:00:30, Sys 0 00:00:01  -  Run Remote Usage
		Usr 0 00:00:00, Sys 0 00:00:00  -  Run Local Usage
		Usr 0 00:00:30, Sys 0 00:00:01  -  Total Remote Usage
		Usr 0 00:00:00, Sys 0 00:00:00  -  Total Local Usage
	4154  -  Run Bytes Sent By Job
	733  -  Run Bytes Received By Job
	4154  -  Total Bytes Sent By Job
	733  -  Total Bytes Received By Job
	Partitionable Resources :    Usage  Request Allocated 
	   Cpus                 :                 1         1 
	   Disk (KB)            :       19        1    355751 
	   Memory (MB)          :       93     2000      2000 
...
