000 (5019027.000.000) 04/07 11:08:27 Job submitted from host: <137.138.156.150:9618?addrs=137.138.156.150-9618+[2001-1458-d00-14--9a]-9618&alias=bigbird13.cern.ch&noUDP&sock=schedd_1774_6519_19>
...
040 (5019027.000.000) 04/07 11:08:40 Started transferring input files
	Transferring to host: <188.184.197.212:9618?addrs=188.184.197.212-9618+[2001-1458-301-103--100-24]-9618&noUDP&sock=20873_aaaa_106245>
...
040 (5019027.000.000) 04/07 11:08:40 Finished transferring input files
...
001 (5019027.000.000) 04/07 11:08:41 Job executing on host: <188.184.197.212:9618?addrs=188.184.197.212-9618+[2001-1458-301-103--100-24]-9618&noUDP&sock=20819_ae4a_3>
...
006 (5019027.000.000) 04/07 11:08:50 Image size of job updated: 158344
	93  -  MemoryUsage of job (MB)
	95104  -  ResidentSetSize of job (KB)
...
006 (5019027.000.000) 04/07 11:09:58 Image size of job updated: 159400
	93  -  MemoryUsage of job (MB)
	95104  -  ResidentSetSize of job (KB)
...
040 (5019027.000.000) 04/07 11:09:58 Started transferring output files
...
040 (5019027.000.000) 04/07 11:09:58 Finished transferring output files
...
005 (5019027.000.000) 04/07 11:09:58 Job terminated.
	(1) Normal termination (return value 0)
		Usr 0 00:00:35, Sys 0 00:00:01  -  Run Remote Usage
		Usr 0 00:00:00, Sys 0 00:00:00  -  Run Local Usage
		Usr 0 00:00:35, Sys 0 00:00:01  -  Total Remote Usage
		Usr 0 00:00:00, Sys 0 00:00:00  -  Total Local Usage
	4154  -  Run Bytes Sent By Job
	733  -  Run Bytes Received By Job
	4154  -  Total Bytes Sent By Job
	733  -  Total Bytes Received By Job
	Partitionable Resources :    Usage  Request Allocated 
	   Cpus                 :        0        1         1 
	   Disk (KB)            :       27        1    341958 
	   Memory (MB)          :       93     2000      2000 
...
