000 (5019031.000.000) 04/07 11:08:31 Job submitted from host: <137.138.156.150:9618?addrs=137.138.156.150-9618+[2001-1458-d00-14--9a]-9618&alias=bigbird13.cern.ch&noUDP&sock=schedd_1774_6519_19>
...
040 (5019031.000.000) 04/07 11:08:41 Started transferring input files
	Transferring to host: <128.142.84.8:9618?addrs=128.142.84.8-9618+[2001-1458-301-f6--100-512]-9618&alias=b7s14n6692.cern.ch&noUDP&sock=slot1_10_4265_d407_4401>
...
040 (5019031.000.000) 04/07 11:08:41 Finished transferring input files
...
001 (5019031.000.000) 04/07 11:08:42 Job executing on host: <128.142.84.8:9618?addrs=128.142.84.8-9618+[2001-1458-301-f6--100-512]-9618&alias=b7s14n6692.cern.ch&noUDP&sock=startd_3820_c7de>
...
006 (5019031.000.000) 04/07 11:08:50 Image size of job updated: 158268
	93  -  MemoryUsage of job (MB)
	95024  -  ResidentSetSize of job (KB)
...
006 (5019031.000.000) 04/07 11:09:28 Image size of job updated: 476336
	93  -  MemoryUsage of job (MB)
	95024  -  ResidentSetSize of job (KB)
...
040 (5019031.000.000) 04/07 11:09:28 Started transferring output files
...
040 (5019031.000.000) 04/07 11:09:28 Finished transferring output files
...
005 (5019031.000.000) 04/07 11:09:28 Job terminated.
	(1) Normal termination (return value 0)
		Usr 0 00:00:25, Sys 0 00:00:00  -  Run Remote Usage
		Usr 0 00:00:00, Sys 0 00:00:00  -  Run Local Usage
		Usr 0 00:00:25, Sys 0 00:00:00  -  Total Remote Usage
		Usr 0 00:00:00, Sys 0 00:00:00  -  Total Local Usage
	4154  -  Run Bytes Sent By Job
	733  -  Run Bytes Received By Job
	4154  -  Total Bytes Sent By Job
	733  -  Total Bytes Received By Job
	Partitionable Resources :    Usage  Request Allocated 
	   Cpus                 :                 1         1 
	   Disk (KB)            :       19        1    282313 
	   Memory (MB)          :       93     2000      2000 
...
