000 (5018983.000.000) 04/07 11:07:05 Job submitted from host: <137.138.156.150:9618?addrs=137.138.156.150-9618+[2001-1458-d00-14--9a]-9618&alias=bigbird13.cern.ch&noUDP&sock=schedd_1774_6519_19>
...
040 (5018983.000.000) 04/07 11:07:07 Started transferring input files
	Transferring to host: <128.142.78.65:9618?addrs=128.142.78.65-9618+[2001-1458-301-f4--100-401]-9618&noUDP&sock=16589_337c_65589>
...
040 (5018983.000.000) 04/07 11:07:07 Finished transferring input files
...
001 (5018983.000.000) 04/07 11:07:08 Job executing on host: <128.142.78.65:9618?addrs=128.142.78.65-9618+[2001-1458-301-f4--100-401]-9618&noUDP&sock=16433_3fe8_3>
...
006 (5018983.000.000) 04/07 11:07:16 Image size of job updated: 149176
	85  -  MemoryUsage of job (MB)
	86952  -  ResidentSetSize of job (KB)
...
006 (5018983.000.000) 04/07 11:08:06 Image size of job updated: 159976
	85  -  MemoryUsage of job (MB)
	86952  -  ResidentSetSize of job (KB)
...
040 (5018983.000.000) 04/07 11:08:06 Started transferring output files
...
040 (5018983.000.000) 04/07 11:08:06 Finished transferring output files
...
005 (5018983.000.000) 04/07 11:08:07 Job terminated.
	(1) Normal termination (return value 0)
		Usr 0 00:00:25, Sys 0 00:00:01  -  Run Remote Usage
		Usr 0 00:00:00, Sys 0 00:00:00  -  Run Local Usage
		Usr 0 00:00:25, Sys 0 00:00:01  -  Total Remote Usage
		Usr 0 00:00:00, Sys 0 00:00:00  -  Total Local Usage
	4154  -  Run Bytes Sent By Job
	713  -  Run Bytes Received By Job
	4154  -  Total Bytes Sent By Job
	713  -  Total Bytes Received By Job
	Partitionable Resources :    Usage  Request Allocated 
	   Cpus                 :     0.27        1         1 
	   Disk (KB)            :    27           1    281551 
	   Memory (MB)          :    85        2000      2000 
...
