000 (5019009.000.000) 04/07 11:07:53 Job submitted from host: <137.138.156.150:9618?addrs=137.138.156.150-9618+[2001-1458-d00-14--9a]-9618&alias=bigbird13.cern.ch&noUDP&sock=schedd_1774_6519_19>
...
040 (5019009.000.000) 04/07 11:08:06 Started transferring input files
	Transferring to host: <128.142.81.29:9618?addrs=128.142.81.29-9618+[2001-1458-301-f5--100-615]-9618&alias=b7s13n0140.cern.ch&noUDP&sock=slot1_1_27137_38a9_60437>
...
040 (5019009.000.000) 04/07 11:08:06 Finished transferring input files
...
001 (5019009.000.000) 04/07 11:08:07 Job executing on host: <128.142.81.29:9618?addrs=128.142.81.29-9618+[2001-1458-301-f5--100-615]-9618&alias=b7s13n0140.cern.ch&noUDP&sock=startd_16490_58ce>
...
006 (5019009.000.000) 04/07 11:08:16 Image size of job updated: 478940
	97  -  MemoryUsage of job (MB)
	98488  -  ResidentSetSize of job (KB)
...
040 (5019009.000.000) 04/07 11:12:01 Started transferring output files
...
040 (5019009.000.000) 04/07 11:12:01 Finished transferring output files
...
005 (5019009.000.000) 04/07 11:12:01 Job terminated.
	(1) Normal termination (return value 0)
		Usr 0 00:02:23, Sys 0 00:00:02  -  Run Remote Usage
		Usr 0 00:00:00, Sys 0 00:00:00  -  Run Local Usage
		Usr 0 00:02:23, Sys 0 00:00:02  -  Total Remote Usage
		Usr 0 00:00:00, Sys 0 00:00:00  -  Total Local Usage
	4154  -  Run Bytes Sent By Job
	713  -  Run Bytes Received By Job
	4154  -  Total Bytes Sent By Job
	713  -  Total Bytes Received By Job
	Partitionable Resources :    Usage  Request Allocated 
	   Cpus                 :                 1         1 
	   Disk (KB)            :       19        1    272931 
	   Memory (MB)          :       97     2000      2000 
...
