000 (5018985.000.000) 04/07 11:07:09 Job submitted from host: <137.138.156.150:9618?addrs=137.138.156.150-9618+[2001-1458-d00-14--9a]-9618&alias=bigbird13.cern.ch&noUDP&sock=schedd_1774_6519_19>
...
040 (5018985.000.000) 04/07 11:07:13 Started transferring input files
	Transferring to host: <128.142.84.8:9618?addrs=128.142.84.8-9618+[2001-1458-301-f6--100-512]-9618&alias=b7s14n6692.cern.ch&noUDP&sock=slot1_10_4265_d407_4399>
...
040 (5018985.000.000) 04/07 11:07:13 Finished transferring input files
...
001 (5018985.000.000) 04/07 11:07:14 Job executing on host: <128.142.84.8:9618?addrs=128.142.84.8-9618+[2001-1458-301-f6--100-512]-9618&alias=b7s14n6692.cern.ch&noUDP&sock=startd_3820_c7de>
...
006 (5018985.000.000) 04/07 11:07:22 Image size of job updated: 92344
	45  -  MemoryUsage of job (MB)
	46068  -  ResidentSetSize of job (KB)
...
006 (5018985.000.000) 04/07 11:08:40 Image size of job updated: 478320
	45  -  MemoryUsage of job (MB)
	46068  -  ResidentSetSize of job (KB)
...
040 (5018985.000.000) 04/07 11:08:40 Started transferring output files
...
040 (5018985.000.000) 04/07 11:08:40 Finished transferring output files
...
005 (5018985.000.000) 04/07 11:08:40 Job terminated.
	(1) Normal termination (return value 0)
		Usr 0 00:00:39, Sys 0 00:00:01  -  Run Remote Usage
		Usr 0 00:00:00, Sys 0 00:00:00  -  Run Local Usage
		Usr 0 00:00:39, Sys 0 00:00:01  -  Total Remote Usage
		Usr 0 00:00:00, Sys 0 00:00:00  -  Total Local Usage
	4154  -  Run Bytes Sent By Job
	713  -  Run Bytes Received By Job
	4154  -  Total Bytes Sent By Job
	713  -  Total Bytes Received By Job
	Partitionable Resources :    Usage  Request Allocated 
	   Cpus                 :                 1         1 
	   Disk (KB)            :       19        1    284178 
	   Memory (MB)          :       45     2000      2000 
...
