000 (5018998.000.000) 04/07 11:07:35 Job submitted from host: <137.138.156.150:9618?addrs=137.138.156.150-9618+[2001-1458-d00-14--9a]-9618&alias=bigbird13.cern.ch&noUDP&sock=schedd_1774_6519_19>
...
040 (5018998.000.000) 04/07 11:07:37 Started transferring input files
	Transferring to host: <188.184.139.181:9618?addrs=188.184.139.181-9618+[2001-1458-301-45--100-1a7]-9618&alias=b7g42n0702.cern.ch&noUDP&sock=slot1_4_6972_2795_38608>
...
040 (5018998.000.000) 04/07 11:07:37 Finished transferring input files
...
001 (5018998.000.000) 04/07 11:07:38 Job executing on host: <188.184.139.181:9618?addrs=188.184.139.181-9618+[2001-1458-301-45--100-1a7]-9618&alias=b7g42n0702.cern.ch&noUDP&sock=startd_8152_2c23>
...
006 (5018998.000.000) 04/07 11:07:46 Image size of job updated: 478764
	97  -  MemoryUsage of job (MB)
	98324  -  ResidentSetSize of job (KB)
...
006 (5018998.000.000) 04/07 11:12:46 Image size of job updated: 478764
	101  -  MemoryUsage of job (MB)
	102872  -  ResidentSetSize of job (KB)
...
040 (5018998.000.000) 04/07 11:14:04 Started transferring output files
...
040 (5018998.000.000) 04/07 11:14:04 Finished transferring output files
...
005 (5018998.000.000) 04/07 11:14:04 Job terminated.
	(1) Normal termination (return value 0)
		Usr 0 00:02:32, Sys 0 00:00:02  -  Run Remote Usage
		Usr 0 00:00:00, Sys 0 00:00:00  -  Run Local Usage
		Usr 0 00:02:32, Sys 0 00:00:02  -  Total Remote Usage
		Usr 0 00:00:00, Sys 0 00:00:00  -  Total Local Usage
	4154  -  Run Bytes Sent By Job
	713  -  Run Bytes Received By Job
	4154  -  Total Bytes Sent By Job
	713  -  Total Bytes Received By Job
	Partitionable Resources :    Usage  Request Allocated 
	   Cpus                 :                 1         1 
	   Disk (KB)            :       19        1    286626 
	   Memory (MB)          :      101     2000      2000 
...
