000 (5018991.000.000) 04/07 11:07:25 Job submitted from host: <137.138.156.150:9618?addrs=137.138.156.150-9618+[2001-1458-d00-14--9a]-9618&alias=bigbird13.cern.ch&noUDP&sock=schedd_1774_6519_19>
...
040 (5018991.000.000) 04/07 11:07:27 Started transferring input files
	Transferring to host: <128.142.73.157:9618?addrs=128.142.73.157-9618+[2001-1458-301-75--100-3cf]-9618&alias=b7s11n6636.cern.ch&noUDP&sock=slot1_3_16205_a36c_39957>
...
040 (5018991.000.000) 04/07 11:07:27 Finished transferring input files
...
001 (5018991.000.000) 04/07 11:07:28 Job executing on host: <128.142.73.157:9618?addrs=128.142.73.157-9618+[2001-1458-301-75--100-3cf]-9618&alias=b7s11n6636.cern.ch&noUDP&sock=startd_16685_19c5>
...
006 (5018991.000.000) 04/07 11:07:37 Image size of job updated: 402616
	94  -  MemoryUsage of job (MB)
	96220  -  ResidentSetSize of job (KB)
...
006 (5018991.000.000) 04/07 11:08:20 Image size of job updated: 473148
	94  -  MemoryUsage of job (MB)
	96220  -  ResidentSetSize of job (KB)
...
040 (5018991.000.000) 04/07 11:08:20 Started transferring output files
...
040 (5018991.000.000) 04/07 11:08:20 Finished transferring output files
...
005 (5018991.000.000) 04/07 11:08:20 Job terminated.
	(1) Normal termination (return value 0)
		Usr 0 00:00:30, Sys 0 00:00:00  -  Run Remote Usage
		Usr 0 00:00:00, Sys 0 00:00:00  -  Run Local Usage
		Usr 0 00:00:30, Sys 0 00:00:00  -  Total Remote Usage
		Usr 0 00:00:00, Sys 0 00:00:00  -  Total Local Usage
	4154  -  Run Bytes Sent By Job
	713  -  Run Bytes Received By Job
	4154  -  Total Bytes Sent By Job
	713  -  Total Bytes Received By Job
	Partitionable Resources :    Usage  Request Allocated 
	   Cpus                 :                 1         1 
	   Disk (KB)            :       19        1    274221 
	   Memory (MB)          :       94     2000      2000 
...
