000 (5018986.000.000) 04/07 11:07:11 Job submitted from host: <137.138.156.150:9618?addrs=137.138.156.150-9618+[2001-1458-d00-14--9a]-9618&alias=bigbird13.cern.ch&noUDP&sock=schedd_1774_6519_19>
...
040 (5018986.000.000) 04/07 11:07:16 Started transferring input files
	Transferring to host: <188.184.183.161:9618?addrs=188.184.183.161-9618+[2001-1458-301-2b--100-4bf]-9618&alias=b7g41n1171.cern.ch&noUDP&sock=slot1_4_30740_dc5b_60301>
...
040 (5018986.000.000) 04/07 11:07:16 Finished transferring input files
...
001 (5018986.000.000) 04/07 11:07:17 Job executing on host: <188.184.183.161:9618?addrs=188.184.183.161-9618+[2001-1458-301-2b--100-4bf]-9618&alias=b7g41n1171.cern.ch&noUDP&sock=startd_6639_6159>
...
006 (5018986.000.000) 04/07 11:07:26 Image size of job updated: 157428
	92  -  MemoryUsage of job (MB)
	93864  -  ResidentSetSize of job (KB)
...
006 (5018986.000.000) 04/07 11:09:33 Image size of job updated: 478920
	92  -  MemoryUsage of job (MB)
	93864  -  ResidentSetSize of job (KB)
...
040 (5018986.000.000) 04/07 11:09:33 Started transferring output files
...
040 (5018986.000.000) 04/07 11:09:33 Finished transferring output files
...
005 (5018986.000.000) 04/07 11:09:33 Job terminated.
	(1) Normal termination (return value 0)
		Usr 0 00:00:53, Sys 0 00:00:01  -  Run Remote Usage
		Usr 0 00:00:00, Sys 0 00:00:00  -  Run Local Usage
		Usr 0 00:00:53, Sys 0 00:00:01  -  Total Remote Usage
		Usr 0 00:00:00, Sys 0 00:00:00  -  Total Local Usage
	4154  -  Run Bytes Sent By Job
	713  -  Run Bytes Received By Job
	4154  -  Total Bytes Sent By Job
	713  -  Total Bytes Received By Job
	Partitionable Resources :    Usage  Request Allocated 
	   Cpus                 :                 1         1 
	   Disk (KB)            :       18        1    349749 
	   Memory (MB)          :       92     2000      2000 
...
