000 (5019068.000.000) 04/07 11:09:18 Job submitted from host: <137.138.156.150:9618?addrs=137.138.156.150-9618+[2001-1458-d00-14--9a]-9618&alias=bigbird13.cern.ch&noUDP&sock=schedd_1774_6519_19>
...
040 (5019068.000.000) 04/07 11:09:26 Started transferring input files
	Transferring to host: <188.184.211.169:9618?addrs=188.184.211.169-9618+[2001-1458-301-10b--100-f3]-9618&noUDP&sock=18623_568e_118478>
...
040 (5019068.000.000) 04/07 11:09:26 Finished transferring input files
...
001 (5019068.000.000) 04/07 11:09:27 Job executing on host: <188.184.211.169:9618?addrs=188.184.211.169-9618+[2001-1458-301-10b--100-f3]-9618&noUDP&sock=18488_cf07_3>
...
006 (5019068.000.000) 04/07 11:09:36 Image size of job updated: 135040
	73  -  MemoryUsage of job (MB)
	74560  -  ResidentSetSize of job (KB)
...
006 (5019068.000.000) 04/07 11:10:11 Image size of job updated: 489800
	74  -  MemoryUsage of job (MB)
	75044  -  ResidentSetSize of job (KB)
...
040 (5019068.000.000) 04/07 11:10:12 Started transferring output files
...
040 (5019068.000.000) 04/07 11:10:12 Finished transferring output files
...
005 (5019068.000.000) 04/07 11:10:12 Job terminated.
	(1) Normal termination (return value 0)
		Usr 0 00:00:11, Sys 0 00:00:01  -  Run Remote Usage
		Usr 0 00:00:00, Sys 0 00:00:00  -  Run Local Usage
		Usr 0 00:00:11, Sys 0 00:00:01  -  Total Remote Usage
		Usr 0 00:00:00, Sys 0 00:00:00  -  Total Local Usage
	4154  -  Run Bytes Sent By Job
	708  -  Run Bytes Received By Job
	4154  -  Total Bytes Sent By Job
	708  -  Total Bytes Received By Job
	Partitionable Resources :    Usage  Request Allocated 
	   Cpus                 :        0        1         1 
	   Disk (KB)            :       26        1    359999 
	   Memory (MB)          :       74     2000      2000 
...
