000 (5019055.000.000) 04/07 11:09:05 Job submitted from host: <137.138.156.150:9618?addrs=137.138.156.150-9618+[2001-1458-d00-14--9a]-9618&alias=bigbird13.cern.ch&noUDP&sock=schedd_1774_6519_19>
...
040 (5019055.000.000) 04/07 11:09:17 Started transferring input files
	Transferring to host: <128.142.64.108:9618?addrs=128.142.64.108-9618&noUDP&sock=5825_fd46_84791>
...
040 (5019055.000.000) 04/07 11:09:17 Finished transferring input files
...
001 (5019055.000.000) 04/07 11:09:18 Job executing on host: <128.142.64.108:9618?addrs=128.142.64.108-9618&noUDP&sock=4785_b0c3_3>
...
006 (5019055.000.000) 04/07 11:09:27 Image size of job updated: 144236
	81  -  MemoryUsage of job (MB)
	82068  -  ResidentSetSize of job (KB)
...
006 (5019055.000.000) 04/07 11:09:46 Image size of job updated: 157928
	81  -  MemoryUsage of job (MB)
	82068  -  ResidentSetSize of job (KB)
...
040 (5019055.000.000) 04/07 11:09:46 Started transferring output files
...
040 (5019055.000.000) 04/07 11:09:46 Finished transferring output files
...
005 (5019055.000.000) 04/07 11:09:46 Job terminated.
	(1) Normal termination (return value 0)
		Usr 0 00:00:08, Sys 0 00:00:01  -  Run Remote Usage
		Usr 0 00:00:00, Sys 0 00:00:00  -  Run Local Usage
		Usr 0 00:00:08, Sys 0 00:00:01  -  Total Remote Usage
		Usr 0 00:00:00, Sys 0 00:00:00  -  Total Local Usage
	4154  -  Run Bytes Sent By Job
	708  -  Run Bytes Received By Job
	4154  -  Total Bytes Sent By Job
	708  -  Total Bytes Received By Job
	Partitionable Resources :    Usage  Request Allocated 
	   Cpus                 :        0        1         1 
	   Disk (KB)            :       26        1    242691 
	   Memory (MB)          :       81     2000      2000 
...
