000 (5019050.000.000) 04/07 11:08:59 Job submitted from host: <137.138.156.150:9618?addrs=137.138.156.150-9618+[2001-1458-d00-14--9a]-9618&alias=bigbird13.cern.ch&noUDP&sock=schedd_1774_6519_19>
...
040 (5019050.000.000) 04/07 11:09:15 Started transferring input files
	Transferring to host: <128.142.69.3:9618?addrs=128.142.69.3-9618+[2001-1458-301-52--100-4b0]-9618&alias=b7s10n2285.cern.ch&noUDP&sock=slot1_12_22133_735d_39797>
...
040 (5019050.000.000) 04/07 11:09:15 Finished transferring input files
...
001 (5019050.000.000) 04/07 11:09:16 Job executing on host: <128.142.69.3:9618?addrs=128.142.69.3-9618+[2001-1458-301-52--100-4b0]-9618&alias=b7s10n2285.cern.ch&noUDP&sock=startd_2299_8052>
...
006 (5019050.000.000) 04/07 11:09:25 Image size of job updated: 143828
	80  -  MemoryUsage of job (MB)
	81656  -  ResidentSetSize of job (KB)
...
006 (5019050.000.000) 04/07 11:09:40 Image size of job updated: 455136
	80  -  MemoryUsage of job (MB)
	81656  -  ResidentSetSize of job (KB)
...
040 (5019050.000.000) 04/07 11:09:40 Started transferring output files
...
040 (5019050.000.000) 04/07 11:09:40 Finished transferring output files
...
005 (5019050.000.000) 04/07 11:09:41 Job terminated.
	(1) Normal termination (return value 0)
		Usr 0 00:00:07, Sys 0 00:00:00  -  Run Remote Usage
		Usr 0 00:00:00, Sys 0 00:00:00  -  Run Local Usage
		Usr 0 00:00:07, Sys 0 00:00:00  -  Total Remote Usage
		Usr 0 00:00:00, Sys 0 00:00:00  -  Total Local Usage
	4154  -  Run Bytes Sent By Job
	708  -  Run Bytes Received By Job
	4154  -  Total Bytes Sent By Job
	708  -  Total Bytes Received By Job
	Partitionable Resources :    Usage  Request Allocated 
	   Cpus                 :                 1         1 
	   Disk (KB)            :       19        1    278754 
	   Memory (MB)          :       80     2000      2000 
...
