000 (5019056.000.000) 04/07 11:09:07 Job submitted from host: <137.138.156.150:9618?addrs=137.138.156.150-9618+[2001-1458-d00-14--9a]-9618&alias=bigbird13.cern.ch&noUDP&sock=schedd_1774_6519_19>
...
040 (5019056.000.000) 04/07 11:09:25 Started transferring input files
	Transferring to host: <137.138.119.92:9618?addrs=137.138.119.92-9618+[2001-1458-d00-4--120]-9618&alias=b7g37s3989.cern.ch&noUDP&sock=slot1_14_16449_8ef6_45381>
...
040 (5019056.000.000) 04/07 11:09:25 Finished transferring input files
...
001 (5019056.000.000) 04/07 11:09:26 Job executing on host: <137.138.119.92:9618?addrs=137.138.119.92-9618+[2001-1458-d00-4--120]-9618&alias=b7g37s3989.cern.ch&noUDP&sock=startd_17020_e200>
...
006 (5019056.000.000) 04/07 11:09:34 Image size of job updated: 144020
	80  -  MemoryUsage of job (MB)
	81660  -  ResidentSetSize of job (KB)
...
006 (5019056.000.000) 04/07 11:10:01 Image size of job updated: 465368
	80  -  MemoryUsage of job (MB)
	81660  -  ResidentSetSize of job (KB)
...
040 (5019056.000.000) 04/07 11:10:01 Started transferring output files
...
040 (5019056.000.000) 04/07 11:10:01 Finished transferring output files
...
005 (5019056.000.000) 04/07 11:10:01 Job terminated.
	(1) Normal termination (return value 0)
		Usr 0 00:00:10, Sys 0 00:00:01  -  Run Remote Usage
		Usr 0 00:00:00, Sys 0 00:00:00  -  Run Local Usage
		Usr 0 00:00:10, Sys 0 00:00:01  -  Total Remote Usage
		Usr 0 00:00:00, Sys 0 00:00:00  -  Total Local Usage
	4154  -  Run Bytes Sent By Job
	708  -  Run Bytes Received By Job
	4154  -  Total Bytes Sent By Job
	708  -  Total Bytes Received By Job
	Partitionable Resources :    Usage  Request Allocated 
	   Cpus                 :                 1         1 
	   Disk (KB)            :       18        1    428510 
	   Memory (MB)          :       80     2000      2000 
...
