000 (5019064.000.000) 04/07 11:09:14 Job submitted from host: <137.138.156.150:9618?addrs=137.138.156.150-9618+[2001-1458-d00-14--9a]-9618&alias=bigbird13.cern.ch&noUDP&sock=schedd_1774_6519_19>
...
040 (5019064.000.000) 04/07 11:09:26 Started transferring input files
	Transferring to host: <137.138.119.157:9618?addrs=137.138.119.157-9618+[2001-1458-d00-4--2f1]-9618&alias=b7g37s7905.cern.ch&noUDP&sock=slot1_8_7313_6b82_42848>
...
040 (5019064.000.000) 04/07 11:09:26 Finished transferring input files
...
001 (5019064.000.000) 04/07 11:09:27 Job executing on host: <137.138.119.157:9618?addrs=137.138.119.157-9618+[2001-1458-d00-4--2f1]-9618&alias=b7g37s7905.cern.ch&noUDP&sock=startd_17406_a58e>
...
006 (5019064.000.000) 04/07 11:09:35 Image size of job updated: 449748
	80  -  MemoryUsage of job (MB)
	81656  -  ResidentSetSize of job (KB)
...
006 (5019064.000.000) 04/07 11:10:11 Image size of job updated: 465352
	80  -  MemoryUsage of job (MB)
	81656  -  ResidentSetSize of job (KB)
...
040 (5019064.000.000) 04/07 11:10:12 Started transferring output files
...
040 (5019064.000.000) 04/07 11:10:12 Finished transferring output files
...
005 (5019064.000.000) 04/07 11:10:12 Job terminated.
	(1) Normal termination (return value 0)
		Usr 0 00:00:11, Sys 0 00:00:01  -  Run Remote Usage
		Usr 0 00:00:00, Sys 0 00:00:00  -  Run Local Usage
		Usr 0 00:00:11, Sys 0 00:00:01  -  Total Remote Usage
		Usr 0 00:00:00, Sys 0 00:00:00  -  Total Local Usage
	4154  -  Run Bytes Sent By Job
	708  -  Run Bytes Received By Job
	4154  -  Total Bytes Sent By Job
	708  -  Total Bytes Received By Job
	Partitionable Resources :    Usage  Request Allocated 
	   Cpus                 :                 1         1 
	   Disk (KB)            :       18        1    418520 
	   Memory (MB)          :       80     2000      2000 
...
