000 (5019081.000.000) 04/07 11:09:36 Job submitted from host: <137.138.156.150:9618?addrs=137.138.156.150-9618+[2001-1458-d00-14--9a]-9618&alias=bigbird13.cern.ch&noUDP&sock=schedd_1774_6519_19>
...
040 (5019081.000.000) 04/07 11:09:37 Started transferring input files
	Transferring to host: <128.142.193.207:9618?addrs=128.142.193.207-9618+[2001-1458-301-cc--100-21b]-9618&noUDP&sock=18972_3d7d_107450>
...
040 (5019081.000.000) 04/07 11:09:37 Finished transferring input files
...
001 (5019081.000.000) 04/07 11:09:38 Job executing on host: <128.142.193.207:9618?addrs=128.142.193.207-9618+[2001-1458-301-cc--100-21b]-9618&noUDP&sock=18835_d264_3>
...
006 (5019081.000.000) 04/07 11:09:47 Image size of job updated: 144236
	81  -  MemoryUsage of job (MB)
	82068  -  ResidentSetSize of job (KB)
...
006 (5019081.000.000) 04/07 11:10:00 Image size of job updated: 155344
	81  -  MemoryUsage of job (MB)
	82068  -  ResidentSetSize of job (KB)
...
040 (5019081.000.000) 04/07 11:10:00 Started transferring output files
...
040 (5019081.000.000) 04/07 11:10:00 Finished transferring output files
...
005 (5019081.000.000) 04/07 11:10:00 Job terminated.
	(1) Normal termination (return value 0)
		Usr 0 00:00:06, Sys 0 00:00:00  -  Run Remote Usage
		Usr 0 00:00:00, Sys 0 00:00:00  -  Run Local Usage
		Usr 0 00:00:06, Sys 0 00:00:00  -  Total Remote Usage
		Usr 0 00:00:00, Sys 0 00:00:00  -  Total Local Usage
	4154  -  Run Bytes Sent By Job
	708  -  Run Bytes Received By Job
	4154  -  Total Bytes Sent By Job
	708  -  Total Bytes Received By Job
	Partitionable Resources :    Usage  Request Allocated 
	   Cpus                 :        0        1         1 
	   Disk (KB)            :       27        1    276299 
	   Memory (MB)          :       81     2000      2000 
...
