000 (5019077.000.000) 04/07 11:09:33 Job submitted from host: <137.138.156.150:9618?addrs=137.138.156.150-9618+[2001-1458-d00-14--9a]-9618&alias=bigbird13.cern.ch&noUDP&sock=schedd_1774_6519_19>
...
040 (5019077.000.000) 04/07 11:09:38 Started transferring input files
	Transferring to host: <128.142.75.208:9618?addrs=128.142.75.208-9618+[2001-1458-301-75--100-e]-9618&alias=b7s11n0280.cern.ch&noUDP&sock=slot1_7_4247_2546_39458>
...
040 (5019077.000.000) 04/07 11:09:38 Finished transferring input files
...
001 (5019077.000.000) 04/07 11:09:39 Job executing on host: <128.142.75.208:9618?addrs=128.142.75.208-9618+[2001-1458-301-75--100-e]-9618&alias=b7s11n0280.cern.ch&noUDP&sock=startd_3478_327a>
...
006 (5019077.000.000) 04/07 11:09:48 Image size of job updated: 78124
	44  -  MemoryUsage of job (MB)
	44564  -  ResidentSetSize of job (KB)
...
006 (5019077.000.000) 04/07 11:10:19 Image size of job updated: 465364
	44  -  MemoryUsage of job (MB)
	44564  -  ResidentSetSize of job (KB)
...
040 (5019077.000.000) 04/07 11:10:19 Started transferring output files
...
040 (5019077.000.000) 04/07 11:10:19 Finished transferring output files
...
005 (5019077.000.000) 04/07 11:10:19 Job terminated.
	(1) Normal termination (return value 0)
		Usr 0 00:00:08, Sys 0 00:00:00  -  Run Remote Usage
		Usr 0 00:00:00, Sys 0 00:00:00  -  Run Local Usage
		Usr 0 00:00:08, Sys 0 00:00:00  -  Total Remote Usage
		Usr 0 00:00:00, Sys 0 00:00:00  -  Total Local Usage
	4154  -  Run Bytes Sent By Job
	708  -  Run Bytes Received By Job
	4154  -  Total Bytes Sent By Job
	708  -  Total Bytes Received By Job
	Partitionable Resources :    Usage  Request Allocated 
	   Cpus                 :                 1         1 
	   Disk (KB)            :       18        1    270785 
	   Memory (MB)          :       44     2000      2000 
...
