000 (5019070.000.000) 04/07 11:09:21 Job submitted from host: <137.138.156.150:9618?addrs=137.138.156.150-9618+[2001-1458-d00-14--9a]-9618&alias=bigbird13.cern.ch&noUDP&sock=schedd_1774_6519_19>
...
040 (5019070.000.000) 04/07 11:09:33 Started transferring input files
	Transferring to host: <188.184.183.161:9618?addrs=188.184.183.161-9618+[2001-1458-301-2b--100-4bf]-9618&alias=b7g41n1171.cern.ch&noUDP&sock=slot1_4_30740_dc5b_60306>
...
040 (5019070.000.000) 04/07 11:09:33 Finished transferring input files
...
001 (5019070.000.000) 04/07 11:09:34 Job executing on host: <188.184.183.161:9618?addrs=188.184.183.161-9618+[2001-1458-301-2b--100-4bf]-9618&alias=b7g41n1171.cern.ch&noUDP&sock=startd_6639_6159>
...
006 (5019070.000.000) 04/07 11:09:43 Image size of job updated: 143840
	80  -  MemoryUsage of job (MB)
	81660  -  ResidentSetSize of job (KB)
...
006 (5019070.000.000) 04/07 11:09:57 Image size of job updated: 465352
	80  -  MemoryUsage of job (MB)
	81660  -  ResidentSetSize of job (KB)
...
040 (5019070.000.000) 04/07 11:09:57 Started transferring output files
...
040 (5019070.000.000) 04/07 11:09:57 Finished transferring output files
...
005 (5019070.000.000) 04/07 11:09:57 Job terminated.
	(1) Normal termination (return value 0)
		Usr 0 00:00:07, Sys 0 00:00:00  -  Run Remote Usage
		Usr 0 00:00:00, Sys 0 00:00:00  -  Run Local Usage
		Usr 0 00:00:07, Sys 0 00:00:00  -  Total Remote Usage
		Usr 0 00:00:00, Sys 0 00:00:00  -  Total Local Usage
	4154  -  Run Bytes Sent By Job
	708  -  Run Bytes Received By Job
	4154  -  Total Bytes Sent By Job
	708  -  Total Bytes Received By Job
	Partitionable Resources :    Usage  Request Allocated 
	   Cpus                 :                 1         1 
	   Disk (KB)            :       19        1    347948 
	   Memory (MB)          :       80     2000      2000 
...
