000 (5019045.000.000) 04/07 11:08:52 Job submitted from host: <137.138.156.150:9618?addrs=137.138.156.150-9618+[2001-1458-d00-14--9a]-9618&alias=bigbird13.cern.ch&noUDP&sock=schedd_1774_6519_19>
...
040 (5019045.000.000) 04/07 11:09:11 Started transferring input files
	Transferring to host: <188.184.169.182:9618?addrs=188.184.169.182-9618+[2001-1458-301-c0--100-3f8]-9618&alias=b7g52n3016.cern.ch&noUDP&sock=slot1_5_30309_2eaa_45391>
...
040 (5019045.000.000) 04/07 11:09:11 Finished transferring input files
...
001 (5019045.000.000) 04/07 11:09:12 Job executing on host: <188.184.169.182:9618?addrs=188.184.169.182-9618+[2001-1458-301-c0--100-3f8]-9618&alias=b7g52n3016.cern.ch&noUDP&sock=startd_16275_dff1>
...
006 (5019045.000.000) 04/07 11:09:20 Image size of job updated: 143812
	80  -  MemoryUsage of job (MB)
	81636  -  ResidentSetSize of job (KB)
...
006 (5019045.000.000) 04/07 11:09:44 Image size of job updated: 465352
	80  -  MemoryUsage of job (MB)
	81636  -  ResidentSetSize of job (KB)
...
040 (5019045.000.000) 04/07 11:09:45 Started transferring output files
...
040 (5019045.000.000) 04/07 11:09:45 Finished transferring output files
...
005 (5019045.000.000) 04/07 11:09:45 Job terminated.
	(1) Normal termination (return value 0)
		Usr 0 00:00:09, Sys 0 00:00:00  -  Run Remote Usage
		Usr 0 00:00:00, Sys 0 00:00:00  -  Run Local Usage
		Usr 0 00:00:09, Sys 0 00:00:00  -  Total Remote Usage
		Usr 0 00:00:00, Sys 0 00:00:00  -  Total Local Usage
	4154  -  Run Bytes Sent By Job
	708  -  Run Bytes Received By Job
	4154  -  Total Bytes Sent By Job
	708  -  Total Bytes Received By Job
	Partitionable Resources :    Usage  Request Allocated 
	   Cpus                 :                 1         1 
	   Disk (KB)            :       19        1    254137 
	   Memory (MB)          :       80     2000      2000 
...
