000 (5018604.000.000) 04/07 10:52:12 Job submitted from host: <137.138.156.150:9618?addrs=137.138.156.150-9618+[2001-1458-d00-14--9a]-9618&alias=bigbird13.cern.ch&noUDP&sock=schedd_1774_6519_19>
...
040 (5018604.000.000) 04/07 10:57:54 Started transferring input files
	Transferring to host: <128.142.69.178:9618?addrs=128.142.69.178-9618&noUDP&sock=3232_fc7d_138706>
...
040 (5018604.000.000) 04/07 10:57:54 Finished transferring input files
...
001 (5018604.000.000) 04/07 10:57:55 Job executing on host: <128.142.69.178:9618?addrs=128.142.69.178-9618&noUDP&sock=2142_cff3_3>
...
006 (5018604.000.000) 04/07 10:58:04 Image size of job updated: 92948
	46  -  MemoryUsage of job (MB)
	46484  -  ResidentSetSize of job (KB)
...
006 (5018604.000.000) 04/07 11:00:20 Image size of job updated: 164484
	46  -  MemoryUsage of job (MB)
	46484  -  ResidentSetSize of job (KB)
...
040 (5018604.000.000) 04/07 11:00:20 Started transferring output files
...
040 (5018604.000.000) 04/07 11:00:20 Finished transferring output files
...
005 (5018604.000.000) 04/07 11:00:21 Job terminated.
	(1) Normal termination (return value 0)
		Usr 0 00:01:01, Sys 0 00:00:03  -  Run Remote Usage
		Usr 0 00:00:00, Sys 0 00:00:00  -  Run Local Usage
		Usr 0 00:01:01, Sys 0 00:00:03  -  Total Remote Usage
		Usr 0 00:00:00, Sys 0 00:00:00  -  Total Local Usage
	4154  -  Run Bytes Sent By Job
	698  -  Run Bytes Received By Job
	4154  -  Total Bytes Sent By Job
	698  -  Total Bytes Received By Job
	Partitionable Resources :    Usage  Request Allocated 
	   Cpus                 :     0.18        1         1 
	   Disk (KB)            :    26           1    272909 
	   Memory (MB)          :    46        2000      2000 
...
