000 (5018748.000.000) 04/07 10:55:09 Job submitted from host: <137.138.156.150:9618?addrs=137.138.156.150-9618+[2001-1458-d00-14--9a]-9618&alias=bigbird13.cern.ch&noUDP&sock=schedd_1774_6519_19>
...
040 (5018748.000.000) 04/07 10:59:10 Started transferring input files
	Transferring to host: <128.142.71.131:9618?addrs=128.142.71.131-9618+[2001-1458-301-52--100-39]-9618&alias=b7s10n1867.cern.ch&noUDP&sock=slot1_6_18235_f4ff_44850>
...
040 (5018748.000.000) 04/07 10:59:10 Finished transferring input files
...
001 (5018748.000.000) 04/07 10:59:11 Job executing on host: <128.142.71.131:9618?addrs=128.142.71.131-9618+[2001-1458-301-52--100-39]-9618&alias=b7s10n1867.cern.ch&noUDP&sock=startd_2119_0946>
...
006 (5018748.000.000) 04/07 10:59:19 Image size of job updated: 387820
	88  -  MemoryUsage of job (MB)
	90040  -  ResidentSetSize of job (KB)
...
006 (5018748.000.000) 04/07 11:00:03 Image size of job updated: 472324
	88  -  MemoryUsage of job (MB)
	90040  -  ResidentSetSize of job (KB)
...
040 (5018748.000.000) 04/07 11:00:03 Started transferring output files
...
040 (5018748.000.000) 04/07 11:00:03 Finished transferring output files
...
005 (5018748.000.000) 04/07 11:00:03 Job terminated.
	(1) Normal termination (return value 0)
		Usr 0 00:00:24, Sys 0 00:00:01  -  Run Remote Usage
		Usr 0 00:00:00, Sys 0 00:00:00  -  Run Local Usage
		Usr 0 00:00:24, Sys 0 00:00:01  -  Total Remote Usage
		Usr 0 00:00:00, Sys 0 00:00:00  -  Total Local Usage
	4154  -  Run Bytes Sent By Job
	673  -  Run Bytes Received By Job
	4154  -  Total Bytes Sent By Job
	673  -  Total Bytes Received By Job
	Partitionable Resources :    Usage  Request Allocated 
	   Cpus                 :                 1         1 
	   Disk (KB)            :       18        1    262329 
	   Memory (MB)          :       88     2000      2000 
...
