000 (5018731.000.000) 04/07 10:54:49 Job submitted from host: <137.138.156.150:9618?addrs=137.138.156.150-9618+[2001-1458-d00-14--9a]-9618&alias=bigbird13.cern.ch&noUDP&sock=schedd_1774_6519_19>
...
040 (5018731.000.000) 04/07 10:58:00 Started transferring input files
	Transferring to host: <128.142.82.253:9618?addrs=128.142.82.253-9618+[2001-1458-301-f5--100-3b]-9618&noUDP&sock=16233_5ded_65643>
...
040 (5018731.000.000) 04/07 10:58:00 Finished transferring input files
...
001 (5018731.000.000) 04/07 10:58:01 Job executing on host: <128.142.82.253:9618?addrs=128.142.82.253-9618+[2001-1458-301-f5--100-3b]-9618&noUDP&sock=16076_6098_3>
...
006 (5018731.000.000) 04/07 10:58:09 Image size of job updated: 154436
	89  -  MemoryUsage of job (MB)
	91004  -  ResidentSetSize of job (KB)
...
006 (5018731.000.000) 04/07 11:01:49 Image size of job updated: 166936
	89  -  MemoryUsage of job (MB)
	91004  -  ResidentSetSize of job (KB)
...
040 (5018731.000.000) 04/07 11:01:49 Started transferring output files
...
040 (5018731.000.000) 04/07 11:01:49 Finished transferring output files
...
005 (5018731.000.000) 04/07 11:01:49 Job terminated.
	(1) Normal termination (return value 0)
		Usr 0 00:01:34, Sys 0 00:00:01  -  Run Remote Usage
		Usr 0 00:00:00, Sys 0 00:00:00  -  Run Local Usage
		Usr 0 00:01:34, Sys 0 00:00:01  -  Total Remote Usage
		Usr 0 00:00:00, Sys 0 00:00:00  -  Total Local Usage
	4154  -  Run Bytes Sent By Job
	673  -  Run Bytes Received By Job
	4154  -  Total Bytes Sent By Job
	673  -  Total Bytes Received By Job
	Partitionable Resources :    Usage  Request Allocated 
	   Cpus                 :     0.00        1         1 
	   Disk (KB)            :    26           1    286381 
	   Memory (MB)          :    89        2000      2000 
...
