000 (5018727.000.000) 04/07 10:54:46 Job submitted from host: <137.138.156.150:9618?addrs=137.138.156.150-9618+[2001-1458-d00-14--9a]-9618&alias=bigbird13.cern.ch&noUDP&sock=schedd_1774_6519_19>
...
040 (5018727.000.000) 04/07 10:58:15 Started transferring input files
	Transferring to host: <128.142.80.194:9618?addrs=128.142.80.194-9618+[2001-1458-301-f5--100-1eb]-9618&noUDP&sock=16248_ef8e_64458>
...
040 (5018727.000.000) 04/07 10:58:15 Finished transferring input files
...
001 (5018727.000.000) 04/07 10:58:16 Job executing on host: <128.142.80.194:9618?addrs=128.142.80.194-9618+[2001-1458-301-f5--100-1eb]-9618&noUDP&sock=16098_77ae_3>
...
006 (5018727.000.000) 04/07 10:58:24 Image size of job updated: 148364
	83  -  MemoryUsage of job (MB)
	84952  -  ResidentSetSize of job (KB)
...
006 (5018727.000.000) 04/07 10:59:00 Image size of job updated: 161200
	83  -  MemoryUsage of job (MB)
	84952  -  ResidentSetSize of job (KB)
...
040 (5018727.000.000) 04/07 10:59:00 Started transferring output files
...
040 (5018727.000.000) 04/07 10:59:00 Finished transferring output files
...
005 (5018727.000.000) 04/07 10:59:00 Job terminated.
	(1) Normal termination (return value 0)
		Usr 0 00:00:22, Sys 0 00:00:00  -  Run Remote Usage
		Usr 0 00:00:00, Sys 0 00:00:00  -  Run Local Usage
		Usr 0 00:00:22, Sys 0 00:00:00  -  Total Remote Usage
		Usr 0 00:00:00, Sys 0 00:00:00  -  Total Local Usage
	4154  -  Run Bytes Sent By Job
	673  -  Run Bytes Received By Job
	4154  -  Total Bytes Sent By Job
	673  -  Total Bytes Received By Job
	Partitionable Resources :    Usage  Request Allocated 
	   Cpus                 :     0.41        1         1 
	   Disk (KB)            :    26           1    282019 
	   Memory (MB)          :    83        2000      2000 
...
