000 (5018738.000.000) 04/07 10:54:56 Job submitted from host: <137.138.156.150:9618?addrs=137.138.156.150-9618+[2001-1458-d00-14--9a]-9618&alias=bigbird13.cern.ch&noUDP&sock=schedd_1774_6519_19>
...
040 (5018738.000.000) 04/07 10:58:16 Started transferring input files
	Transferring to host: <188.184.169.53:9618?addrs=188.184.169.53-9618+[2001-1458-301-c0--100-588]-9618&alias=b7g52n9865.cern.ch&noUDP&sock=slot1_3_25052_2674_45794>
...
040 (5018738.000.000) 04/07 10:58:16 Finished transferring input files
...
001 (5018738.000.000) 04/07 10:58:17 Job executing on host: <188.184.169.53:9618?addrs=188.184.169.53-9618+[2001-1458-301-c0--100-588]-9618&alias=b7g52n9865.cern.ch&noUDP&sock=startd_17575_9110>
...
006 (5018738.000.000) 04/07 10:58:26 Image size of job updated: 412976
	45  -  MemoryUsage of job (MB)
	46080  -  ResidentSetSize of job (KB)
...
006 (5018738.000.000) 04/07 10:59:15 Image size of job updated: 475884
	45  -  MemoryUsage of job (MB)
	46080  -  ResidentSetSize of job (KB)
...
040 (5018738.000.000) 04/07 10:59:15 Started transferring output files
...
040 (5018738.000.000) 04/07 10:59:15 Finished transferring output files
...
005 (5018738.000.000) 04/07 10:59:16 Job terminated.
	(1) Normal termination (return value 0)
		Usr 0 00:00:24, Sys 0 00:00:01  -  Run Remote Usage
		Usr 0 00:00:00, Sys 0 00:00:00  -  Run Local Usage
		Usr 0 00:00:24, Sys 0 00:00:01  -  Total Remote Usage
		Usr 0 00:00:00, Sys 0 00:00:00  -  Total Local Usage
	4154  -  Run Bytes Sent By Job
	673  -  Run Bytes Received By Job
	4154  -  Total Bytes Sent By Job
	673  -  Total Bytes Received By Job
	Partitionable Resources :    Usage  Request Allocated 
	   Cpus                 :                 1         1 
	   Disk (KB)            :       18        1    280919 
	   Memory (MB)          :       45     2000      2000 
...
