000 (5003703.000.000) 04/06 10:43:10 Job submitted from host: <137.138.156.150:9618?addrs=137.138.156.150-9618+[2001-1458-d00-14--9a]-9618&alias=bigbird13.cern.ch&noUDP&sock=schedd_1774_6519_19>
...
040 (5003703.000.000) 04/06 10:56:07 Started transferring input files
	Transferring to host: <128.142.69.245:9618?addrs=128.142.69.245-9618&noUDP&sock=3200_707b_137953>
...
040 (5003703.000.000) 04/06 10:56:07 Finished transferring input files
...
001 (5003703.000.000) 04/06 10:56:08 Job executing on host: <128.142.69.245:9618?addrs=128.142.69.245-9618&noUDP&sock=2175_7293_3>
...
006 (5003703.000.000) 04/06 10:56:16 Image size of job updated: 148764
	85  -  MemoryUsage of job (MB)
	86404  -  ResidentSetSize of job (KB)
...
006 (5003703.000.000) 04/06 11:01:16 Image size of job updated: 169060
	104  -  MemoryUsage of job (MB)
	105484  -  ResidentSetSize of job (KB)
...
006 (5003703.000.000) 04/06 11:03:05 Image size of job updated: 169064
	104  -  MemoryUsage of job (MB)
	105484  -  ResidentSetSize of job (KB)
...
040 (5003703.000.000) 04/06 11:03:05 Started transferring output files
...
040 (5003703.000.000) 04/06 11:03:05 Finished transferring output files
...
005 (5003703.000.000) 04/06 11:03:05 Job terminated.
	(1) Normal termination (return value 0)
		Usr 0 00:02:42, Sys 0 00:00:03  -  Run Remote Usage
		Usr 0 00:00:00, Sys 0 00:00:00  -  Run Local Usage
		Usr 0 00:02:42, Sys 0 00:00:03  -  Total Remote Usage
		Usr 0 00:00:00, Sys 0 00:00:00  -  Total Local Usage
	4154  -  Run Bytes Sent By Job
	716  -  Run Bytes Received By Job
	4154  -  Total Bytes Sent By Job
	716  -  Total Bytes Received By Job
	Partitionable Resources :    Usage  Request Allocated 
	   Cpus                 :     0.46        1         1 
	   Disk (KB)            :    26           1    272631 
	   Memory (MB)          :   104        2000      2000 
...
