000 (5003751.000.000) 04/06 10:44:35 Job submitted from host: <137.138.156.150:9618?addrs=137.138.156.150-9618+[2001-1458-d00-14--9a]-9618&alias=bigbird13.cern.ch&noUDP&sock=schedd_1774_6519_19>
...
040 (5003751.000.000) 04/06 10:57:41 Started transferring input files
	Transferring to host: <128.142.69.37:9618?addrs=128.142.69.37-9618+[2001-1458-301-52--100-ab]-9618&noUDP&sock=2504_0b5f_97197>
...
040 (5003751.000.000) 04/06 10:57:41 Finished transferring input files
...
001 (5003751.000.000) 04/06 10:57:42 Job executing on host: <128.142.69.37:9618?addrs=128.142.69.37-9618+[2001-1458-301-52--100-ab]-9618&noUDP&sock=2295_c1f1_3>
...
006 (5003751.000.000) 04/06 10:57:51 Image size of job updated: 162924
	98  -  MemoryUsage of job (MB)
	99688  -  ResidentSetSize of job (KB)
...
006 (5003751.000.000) 04/06 11:02:52 Image size of job updated: 167028
	102  -  MemoryUsage of job (MB)
	103792  -  ResidentSetSize of job (KB)
...
006 (5003751.000.000) 04/06 11:05:08 Image size of job updated: 167032
	102  -  MemoryUsage of job (MB)
	103792  -  ResidentSetSize of job (KB)
...
040 (5003751.000.000) 04/06 11:05:08 Started transferring output files
...
040 (5003751.000.000) 04/06 11:05:08 Finished transferring output files
...
005 (5003751.000.000) 04/06 11:05:08 Job terminated.
	(1) Normal termination (return value 0)
		Usr 0 00:02:25, Sys 0 00:00:03  -  Run Remote Usage
		Usr 0 00:00:00, Sys 0 00:00:00  -  Run Local Usage
		Usr 0 00:02:25, Sys 0 00:00:03  -  Total Remote Usage
		Usr 0 00:00:00, Sys 0 00:00:00  -  Total Local Usage
	4154  -  Run Bytes Sent By Job
	719  -  Run Bytes Received By Job
	4154  -  Total Bytes Sent By Job
	719  -  Total Bytes Received By Job
	Partitionable Resources :    Usage  Request Allocated 
	   Cpus                 :     0.47        1         1 
	   Disk (KB)            :    27           1    269368 
	   Memory (MB)          :   102        2000      2000 
...
