000 (5003722.000.000) 04/06 10:43:44 Job submitted from host: <137.138.156.150:9618?addrs=137.138.156.150-9618+[2001-1458-d00-14--9a]-9618&alias=bigbird13.cern.ch&noUDP&sock=schedd_1774_6519_19>
...
040 (5003722.000.000) 04/06 10:56:10 Started transferring input files
	Transferring to host: <188.184.168.58:9618?addrs=188.184.168.58-9618+[2001-1458-301-c0--100-24a]-9618&noUDP&sock=18529_1b4b_108317>
...
040 (5003722.000.000) 04/06 10:56:10 Finished transferring input files
...
001 (5003722.000.000) 04/06 10:56:11 Job executing on host: <188.184.168.58:9618?addrs=188.184.168.58-9618+[2001-1458-301-c0--100-24a]-9618&noUDP&sock=18394_5520_3>
...
006 (5003722.000.000) 04/06 10:56:20 Image size of job updated: 162492
	99  -  MemoryUsage of job (MB)
	100516  -  ResidentSetSize of job (KB)
...
040 (5003722.000.000) 04/06 11:01:19 Started transferring output files
...
040 (5003722.000.000) 04/06 11:01:19 Finished transferring output files
...
005 (5003722.000.000) 04/06 11:01:20 Job terminated.
	(1) Normal termination (return value 0)
		Usr 0 00:01:56, Sys 0 00:00:02  -  Run Remote Usage
		Usr 0 00:00:00, Sys 0 00:00:00  -  Run Local Usage
		Usr 0 00:01:56, Sys 0 00:00:02  -  Total Remote Usage
		Usr 0 00:00:00, Sys 0 00:00:00  -  Total Local Usage
	4154  -  Run Bytes Sent By Job
	719  -  Run Bytes Received By Job
	4154  -  Total Bytes Sent By Job
	719  -  Total Bytes Received By Job
	Partitionable Resources :    Usage  Request Allocated 
	   Cpus                 :     0.60        1         1 
	   Disk (KB)            :    26           1    280571 
	   Memory (MB)          :    99        2000      2000 
...
