000 (5003723.000.000) 04/06 10:43:47 Job submitted from host: <137.138.156.150:9618?addrs=137.138.156.150-9618+[2001-1458-d00-14--9a]-9618&alias=bigbird13.cern.ch&noUDP&sock=schedd_1774_6519_19>
...
040 (5003723.000.000) 04/06 10:56:31 Started transferring input files
	Transferring to host: <188.184.183.67:9618?addrs=188.184.183.67-9618+[2001-1458-301-2b--100-1b2]-9618&noUDP&sock=6005_d0cd_200660>
...
040 (5003723.000.000) 04/06 10:56:31 Finished transferring input files
...
001 (5003723.000.000) 04/06 10:56:32 Job executing on host: <188.184.183.67:9618?addrs=188.184.183.67-9618+[2001-1458-301-2b--100-1b2]-9618&noUDP&sock=6490_2dbc_3>
...
006 (5003723.000.000) 04/06 10:56:41 Image size of job updated: 118664
	84  -  MemoryUsage of job (MB)
	85936  -  ResidentSetSize of job (KB)
...
006 (5003723.000.000) 04/06 10:59:59 Image size of job updated: 135300
	84  -  MemoryUsage of job (MB)
	85936  -  ResidentSetSize of job (KB)
...
040 (5003723.000.000) 04/06 10:59:59 Started transferring output files
...
040 (5003723.000.000) 04/06 10:59:59 Finished transferring output files
...
005 (5003723.000.000) 04/06 10:59:59 Job terminated.
	(1) Normal termination (return value 0)
		Usr 0 00:01:24, Sys 0 00:00:02  -  Run Remote Usage
		Usr 0 00:00:00, Sys 0 00:00:00  -  Run Local Usage
		Usr 0 00:01:24, Sys 0 00:00:02  -  Total Remote Usage
		Usr 0 00:00:00, Sys 0 00:00:00  -  Total Local Usage
	4154  -  Run Bytes Sent By Job
	719  -  Run Bytes Received By Job
	4154  -  Total Bytes Sent By Job
	719  -  Total Bytes Received By Job
	Partitionable Resources :    Usage  Request Allocated 
	   Cpus                 :     0.63        1         1 
	   Disk (KB)            :    26           1    356861 
	   Memory (MB)          :    84        2000      2000 
...
