000 (5003748.000.000) 04/06 10:44:31 Job submitted from host: <137.138.156.150:9618?addrs=137.138.156.150-9618+[2001-1458-d00-14--9a]-9618&alias=bigbird13.cern.ch&noUDP&sock=schedd_1774_6519_19>
...
040 (5003748.000.000) 04/06 10:57:12 Started transferring input files
	Transferring to host: <128.142.87.21:9618?addrs=128.142.87.21-9618+[2001-1458-301-f6--100-53b]-9618&noUDP&sock=16024_1b85_56186>
...
040 (5003748.000.000) 04/06 10:57:12 Finished transferring input files
...
001 (5003748.000.000) 04/06 10:57:13 Job executing on host: <128.142.87.21:9618?addrs=128.142.87.21-9618+[2001-1458-301-f6--100-53b]-9618&noUDP&sock=15868_b4e5_3>
...
006 (5003748.000.000) 04/06 10:57:22 Image size of job updated: 163556
	98  -  MemoryUsage of job (MB)
	100320  -  ResidentSetSize of job (KB)
...
006 (5003748.000.000) 04/06 11:02:23 Image size of job updated: 167684
	102  -  MemoryUsage of job (MB)
	104448  -  ResidentSetSize of job (KB)
...
040 (5003748.000.000) 04/06 11:04:55 Started transferring output files
...
040 (5003748.000.000) 04/06 11:04:55 Finished transferring output files
...
005 (5003748.000.000) 04/06 11:04:55 Job terminated.
	(1) Normal termination (return value 0)
		Usr 0 00:03:03, Sys 0 00:00:03  -  Run Remote Usage
		Usr 0 00:00:00, Sys 0 00:00:00  -  Run Local Usage
		Usr 0 00:03:03, Sys 0 00:00:03  -  Total Remote Usage
		Usr 0 00:00:00, Sys 0 00:00:00  -  Total Local Usage
	4154  -  Run Bytes Sent By Job
	719  -  Run Bytes Received By Job
	4154  -  Total Bytes Sent By Job
	719  -  Total Bytes Received By Job
	Partitionable Resources :    Usage  Request Allocated 
	   Cpus                 :     0.48        1         1 
	   Disk (KB)            :    27           1    271262 
	   Memory (MB)          :   102        2000      2000 
...
