000 (5003716.000.000) 04/06 10:43:33 Job submitted from host: <137.138.156.150:9618?addrs=137.138.156.150-9618+[2001-1458-d00-14--9a]-9618&alias=bigbird13.cern.ch&noUDP&sock=schedd_1774_6519_19>
...
040 (5003716.000.000) 04/06 10:56:11 Started transferring input files
	Transferring to host: <128.142.71.18:9618?addrs=128.142.71.18-9618&noUDP&sock=3041_68d5_137544>
...
040 (5003716.000.000) 04/06 10:56:11 Finished transferring input files
...
001 (5003716.000.000) 04/06 10:56:12 Job executing on host: <128.142.71.18:9618?addrs=128.142.71.18-9618&noUDP&sock=2173_1363_3>
...
006 (5003716.000.000) 04/06 10:56:21 Image size of job updated: 132448
	72  -  MemoryUsage of job (MB)
	73504  -  ResidentSetSize of job (KB)
...
006 (5003716.000.000) 04/06 11:00:50 Image size of job updated: 502700
	73  -  MemoryUsage of job (MB)
	73956  -  ResidentSetSize of job (KB)
...
040 (5003716.000.000) 04/06 11:00:51 Started transferring output files
...
040 (5003716.000.000) 04/06 11:00:51 Finished transferring output files
...
005 (5003716.000.000) 04/06 11:00:52 Job terminated.
	(1) Normal termination (return value 0)
		Usr 0 00:01:51, Sys 0 00:00:03  -  Run Remote Usage
		Usr 0 00:00:00, Sys 0 00:00:00  -  Run Local Usage
		Usr 0 00:01:51, Sys 0 00:00:03  -  Total Remote Usage
		Usr 0 00:00:00, Sys 0 00:00:00  -  Total Local Usage
	4154  -  Run Bytes Sent By Job
	719  -  Run Bytes Received By Job
	4154  -  Total Bytes Sent By Job
	719  -  Total Bytes Received By Job
	Partitionable Resources :    Usage  Request Allocated 
	   Cpus                 :     0.29        1         1 
	   Disk (KB)            :    26           1    280401 
	   Memory (MB)          :    73        2000      2000 
...
