000 (5003724.000.000) 04/06 10:43:48 Job submitted from host: <137.138.156.150:9618?addrs=137.138.156.150-9618+[2001-1458-d00-14--9a]-9618&alias=bigbird13.cern.ch&noUDP&sock=schedd_1774_6519_19>
...
040 (5003724.000.000) 04/06 10:56:17 Started transferring input files
	Transferring to host: <188.184.212.218:9618?addrs=188.184.212.218-9618+[2001-1458-301-10c--100-d1]-9618&noUDP&sock=16227_23ad_106950>
...
040 (5003724.000.000) 04/06 10:56:17 Finished transferring input files
...
001 (5003724.000.000) 04/06 10:56:18 Job executing on host: <188.184.212.218:9618?addrs=188.184.212.218-9618+[2001-1458-301-10c--100-d1]-9618&noUDP&sock=16189_e2cc_3>
...
006 (5003724.000.000) 04/06 10:56:26 Image size of job updated: 44596
	24  -  MemoryUsage of job (MB)
	23812  -  ResidentSetSize of job (KB)
...
006 (5003724.000.000) 04/06 11:01:26 Image size of job updated: 165756
	100  -  MemoryUsage of job (MB)
	102176  -  ResidentSetSize of job (KB)
...
006 (5003724.000.000) 04/06 11:02:29 Image size of job updated: 165760
	100  -  MemoryUsage of job (MB)
	102176  -  ResidentSetSize of job (KB)
...
040 (5003724.000.000) 04/06 11:02:29 Started transferring output files
...
040 (5003724.000.000) 04/06 11:02:29 Finished transferring output files
...
005 (5003724.000.000) 04/06 11:02:29 Job terminated.
	(1) Normal termination (return value 0)
		Usr 0 00:02:13, Sys 0 00:00:03  -  Run Remote Usage
		Usr 0 00:00:00, Sys 0 00:00:00  -  Run Local Usage
		Usr 0 00:02:13, Sys 0 00:00:03  -  Total Remote Usage
		Usr 0 00:00:00, Sys 0 00:00:00  -  Total Local Usage
	4154  -  Run Bytes Sent By Job
	719  -  Run Bytes Received By Job
	4154  -  Total Bytes Sent By Job
	719  -  Total Bytes Received By Job
	Partitionable Resources :    Usage  Request Allocated 
	   Cpus                 :     0.14        1         1 
	   Disk (KB)            :    26           1    320018 
	   Memory (MB)          :   100        2000      2000 
...
