000 (5003701.000.000) 04/06 10:43:08 Job submitted from host: <137.138.156.150:9618?addrs=137.138.156.150-9618+[2001-1458-d00-14--9a]-9618&alias=bigbird13.cern.ch&noUDP&sock=schedd_1774_6519_19>
...
040 (5003701.000.000) 04/06 10:56:22 Started transferring input files
	Transferring to host: <128.142.80.79:9618?addrs=128.142.80.79-9618+[2001-1458-301-f5--100-221]-9618&noUDP&sock=16875_b6c7_65261>
...
040 (5003701.000.000) 04/06 10:56:22 Finished transferring input files
...
001 (5003701.000.000) 04/06 10:56:23 Job executing on host: <128.142.80.79:9618?addrs=128.142.80.79-9618+[2001-1458-301-f5--100-221]-9618&noUDP&sock=16719_6bfe_3>
...
006 (5003701.000.000) 04/06 10:56:32 Image size of job updated: 153032
	88  -  MemoryUsage of job (MB)
	89644  -  ResidentSetSize of job (KB)
...
006 (5003701.000.000) 04/06 11:01:02 Image size of job updated: 170180
	88  -  MemoryUsage of job (MB)
	89644  -  ResidentSetSize of job (KB)
...
040 (5003701.000.000) 04/06 11:01:02 Started transferring output files
...
040 (5003701.000.000) 04/06 11:01:02 Finished transferring output files
...
005 (5003701.000.000) 04/06 11:01:02 Job terminated.
	(1) Normal termination (return value 0)
		Usr 0 00:02:16, Sys 0 00:00:03  -  Run Remote Usage
		Usr 0 00:00:00, Sys 0 00:00:00  -  Run Local Usage
		Usr 0 00:02:16, Sys 0 00:00:03  -  Total Remote Usage
		Usr 0 00:00:00, Sys 0 00:00:00  -  Total Local Usage
	4154  -  Run Bytes Sent By Job
	716  -  Run Bytes Received By Job
	4154  -  Total Bytes Sent By Job
	716  -  Total Bytes Received By Job
	Partitionable Resources :    Usage  Request Allocated 
	   Cpus                 :     0.72        1         1 
	   Disk (KB)            :    26           1    171785 
	   Memory (MB)          :    88        2000      2000 
...
