000 (5003727.000.000) 04/06 10:43:59 Job submitted from host: <137.138.156.150:9618?addrs=137.138.156.150-9618+[2001-1458-d00-14--9a]-9618&alias=bigbird13.cern.ch&noUDP&sock=schedd_1774_6519_19>
...
040 (5003727.000.000) 04/06 10:56:29 Started transferring input files
	Transferring to host: <188.184.197.28:9618?addrs=188.184.197.28-9618+[2001-1458-301-103--100-16e]-9618&alias=b7g23n3150.cern.ch&noUDP&sock=slot1_2_8216_aa47_39501>
...
040 (5003727.000.000) 04/06 10:56:29 Finished transferring input files
...
001 (5003727.000.000) 04/06 10:56:30 Job executing on host: <188.184.197.28:9618?addrs=188.184.197.28-9618+[2001-1458-301-103--100-16e]-9618&alias=b7g23n3150.cern.ch&noUDP&sock=startd_16626_a1af>
...
006 (5003727.000.000) 04/06 10:56:39 Image size of job updated: 437776
	77  -  MemoryUsage of job (MB)
	78264  -  ResidentSetSize of job (KB)
...
006 (5003727.000.000) 04/06 11:01:40 Image size of job updated: 478080
	103  -  MemoryUsage of job (MB)
	105340  -  ResidentSetSize of job (KB)
...
040 (5003727.000.000) 04/06 11:03:27 Started transferring output files
...
040 (5003727.000.000) 04/06 11:03:27 Finished transferring output files
...
005 (5003727.000.000) 04/06 11:03:28 Job terminated.
	(1) Normal termination (return value 0)
		Usr 0 00:02:16, Sys 0 00:00:03  -  Run Remote Usage
		Usr 0 00:00:00, Sys 0 00:00:00  -  Run Local Usage
		Usr 0 00:02:16, Sys 0 00:00:03  -  Total Remote Usage
		Usr 0 00:00:00, Sys 0 00:00:00  -  Total Local Usage
	4154  -  Run Bytes Sent By Job
	719  -  Run Bytes Received By Job
	4154  -  Total Bytes Sent By Job
	719  -  Total Bytes Received By Job
	Partitionable Resources :    Usage  Request Allocated 
	   Cpus                 :     0.37        1         1 
	   Disk (KB)            :    25           1    339105 
	   Memory (MB)          :   103        2000      2000 
...
