000 (5003718.000.000) 04/06 10:43:37 Job submitted from host: <137.138.156.150:9618?addrs=137.138.156.150-9618+[2001-1458-d00-14--9a]-9618&alias=bigbird13.cern.ch&noUDP&sock=schedd_1774_6519_19>
...
040 (5003718.000.000) 04/06 10:55:59 Started transferring input files
	Transferring to host: <128.142.66.250:9618?addrs=128.142.66.250-9618&noUDP&sock=3262_1fbe_138500>
...
040 (5003718.000.000) 04/06 10:55:59 Finished transferring input files
...
001 (5003718.000.000) 04/06 10:56:00 Job executing on host: <128.142.66.250:9618?addrs=128.142.66.250-9618&noUDP&sock=2232_8b79_3>
...
006 (5003718.000.000) 04/06 10:56:08 Image size of job updated: 79412
	44  -  MemoryUsage of job (MB)
	44976  -  ResidentSetSize of job (KB)
...
006 (5003718.000.000) 04/06 10:59:49 Image size of job updated: 165728
	44  -  MemoryUsage of job (MB)
	44976  -  ResidentSetSize of job (KB)
...
040 (5003718.000.000) 04/06 10:59:49 Started transferring output files
...
040 (5003718.000.000) 04/06 10:59:49 Finished transferring output files
...
005 (5003718.000.000) 04/06 10:59:49 Job terminated.
	(1) Normal termination (return value 0)
		Usr 0 00:01:45, Sys 0 00:00:03  -  Run Remote Usage
		Usr 0 00:00:00, Sys 0 00:00:00  -  Run Local Usage
		Usr 0 00:01:45, Sys 0 00:00:03  -  Total Remote Usage
		Usr 0 00:00:00, Sys 0 00:00:00  -  Total Local Usage
	4154  -  Run Bytes Sent By Job
	719  -  Run Bytes Received By Job
	4154  -  Total Bytes Sent By Job
	719  -  Total Bytes Received By Job
	Partitionable Resources :    Usage  Request Allocated 
	   Cpus                 :     0.04        1         1 
	   Disk (KB)            :    26           1    166976 
	   Memory (MB)          :    44        2000      2000 
...
