000 (5003750.000.000) 04/06 10:44:35 Job submitted from host: <137.138.156.150:9618?addrs=137.138.156.150-9618+[2001-1458-d00-14--9a]-9618&alias=bigbird13.cern.ch&noUDP&sock=schedd_1774_6519_19>
...
040 (5003750.000.000) 04/06 10:57:37 Started transferring input files
	Transferring to host: <188.184.198.89:9618?addrs=188.184.198.89-9618+[2001-1458-301-c1--100-6e]-9618&alias=b7g52n7097.cern.ch&noUDP&sock=slot1_8_24216_1cd2_40053>
...
040 (5003750.000.000) 04/06 10:57:37 Finished transferring input files
...
001 (5003750.000.000) 04/06 10:57:38 Job executing on host: <188.184.198.89:9618?addrs=188.184.198.89-9618+[2001-1458-301-c1--100-6e]-9618&alias=b7g52n7097.cern.ch&noUDP&sock=startd_19338_d687>
...
006 (5003750.000.000) 04/06 10:57:47 Image size of job updated: 468176
	94  -  MemoryUsage of job (MB)
	95712  -  ResidentSetSize of job (KB)
...
006 (5003750.000.000) 04/06 11:02:48 Image size of job updated: 478228
	102  -  MemoryUsage of job (MB)
	103744  -  ResidentSetSize of job (KB)
...
040 (5003750.000.000) 04/06 11:05:39 Started transferring output files
...
040 (5003750.000.000) 04/06 11:05:39 Finished transferring output files
...
005 (5003750.000.000) 04/06 11:05:39 Job terminated.
	(1) Normal termination (return value 0)
		Usr 0 00:02:17, Sys 0 00:00:03  -  Run Remote Usage
		Usr 0 00:00:00, Sys 0 00:00:00  -  Run Local Usage
		Usr 0 00:02:17, Sys 0 00:00:03  -  Total Remote Usage
		Usr 0 00:00:00, Sys 0 00:00:00  -  Total Local Usage
	4154  -  Run Bytes Sent By Job
	719  -  Run Bytes Received By Job
	4154  -  Total Bytes Sent By Job
	719  -  Total Bytes Received By Job
	Partitionable Resources :    Usage  Request Allocated 
	   Cpus                 :                 1         1 
	   Disk (KB)            :       19        1    278010 
	   Memory (MB)          :      102     2000      2000 
...
