000 (5003725.000.000) 04/06 10:43:54 Job submitted from host: <137.138.156.150:9618?addrs=137.138.156.150-9618+[2001-1458-d00-14--9a]-9618&alias=bigbird13.cern.ch&noUDP&sock=schedd_1774_6519_19>
...
040 (5003725.000.000) 04/06 10:56:16 Started transferring input files
	Transferring to host: <188.184.212.32:9618?addrs=188.184.212.32-9618&noUDP&sock=2533_7a40_124694>
...
040 (5003725.000.000) 04/06 10:56:16 Finished transferring input files
...
001 (5003725.000.000) 04/06 10:56:17 Job executing on host: <188.184.212.32:9618?addrs=188.184.212.32-9618&noUDP&sock=1965_67b0_3>
...
006 (5003725.000.000) 04/06 10:56:26 Image size of job updated: 162380
	97  -  MemoryUsage of job (MB)
	98824  -  ResidentSetSize of job (KB)
...
006 (5003725.000.000) 04/06 11:01:27 Image size of job updated: 168496
	103  -  MemoryUsage of job (MB)
	104912  -  ResidentSetSize of job (KB)
...
006 (5003725.000.000) 04/06 11:03:14 Image size of job updated: 168620
	103  -  MemoryUsage of job (MB)
	104912  -  ResidentSetSize of job (KB)
...
040 (5003725.000.000) 04/06 11:03:14 Started transferring output files
...
040 (5003725.000.000) 04/06 11:03:14 Finished transferring output files
...
005 (5003725.000.000) 04/06 11:03:14 Job terminated.
	(1) Normal termination (return value 0)
		Usr 0 00:03:06, Sys 0 00:00:03  -  Run Remote Usage
		Usr 0 00:00:00, Sys 0 00:00:00  -  Run Local Usage
		Usr 0 00:03:06, Sys 0 00:00:03  -  Total Remote Usage
		Usr 0 00:00:00, Sys 0 00:00:00  -  Total Local Usage
	4154  -  Run Bytes Sent By Job
	719  -  Run Bytes Received By Job
	4154  -  Total Bytes Sent By Job
	719  -  Total Bytes Received By Job
	Partitionable Resources :    Usage  Request Allocated 
	   Cpus                 :     0.68        1         1 
	   Disk (KB)            :    26           1    283539 
	   Memory (MB)          :   103        2000      2000 
...
