000 (5003747.000.000) 04/06 10:44:30 Job submitted from host: <137.138.156.150:9618?addrs=137.138.156.150-9618+[2001-1458-d00-14--9a]-9618&alias=bigbird13.cern.ch&noUDP&sock=schedd_1774_6519_19>
...
040 (5003747.000.000) 04/06 10:57:02 Started transferring input files
	Transferring to host: <188.184.169.26:9618?addrs=188.184.169.26-9618+[2001-1458-301-c0--100-4a3]-9618&noUDP&sock=18440_65e7_107136>
...
040 (5003747.000.000) 04/06 10:57:02 Finished transferring input files
...
001 (5003747.000.000) 04/06 10:57:03 Job executing on host: <188.184.169.26:9618?addrs=188.184.169.26-9618+[2001-1458-301-c0--100-4a3]-9618&noUDP&sock=18305_4932_3>
...
006 (5003747.000.000) 04/06 10:57:12 Image size of job updated: 161728
	97  -  MemoryUsage of job (MB)
	98492  -  ResidentSetSize of job (KB)
...
006 (5003747.000.000) 04/06 11:01:06 Image size of job updated: 502788
	97  -  MemoryUsage of job (MB)
	98492  -  ResidentSetSize of job (KB)
...
040 (5003747.000.000) 04/06 11:01:06 Started transferring output files
...
040 (5003747.000.000) 04/06 11:01:06 Finished transferring output files
...
005 (5003747.000.000) 04/06 11:01:07 Job terminated.
	(1) Normal termination (return value 0)
		Usr 0 00:01:40, Sys 0 00:00:01  -  Run Remote Usage
		Usr 0 00:00:00, Sys 0 00:00:00  -  Run Local Usage
		Usr 0 00:01:40, Sys 0 00:00:01  -  Total Remote Usage
		Usr 0 00:00:00, Sys 0 00:00:00  -  Total Local Usage
	4154  -  Run Bytes Sent By Job
	719  -  Run Bytes Received By Job
	4154  -  Total Bytes Sent By Job
	719  -  Total Bytes Received By Job
	Partitionable Resources :    Usage  Request Allocated 
	   Cpus                 :     0.40        1         1 
	   Disk (KB)            :    27           1    279503 
	   Memory (MB)          :    97        2000      2000 
...
