000 (5003734.000.000) 04/06 10:44:11 Job submitted from host: <137.138.156.150:9618?addrs=137.138.156.150-9618+[2001-1458-d00-14--9a]-9618&alias=bigbird13.cern.ch&noUDP&sock=schedd_1774_6519_19>
...
040 (5003734.000.000) 04/06 10:56:19 Started transferring input files
	Transferring to host: <188.184.139.62:9618?addrs=188.184.139.62-9618+[2001-1458-301-45--100-10d]-9618&noUDP&sock=10200_9298_200330>
...
040 (5003734.000.000) 04/06 10:56:19 Finished transferring input files
...
001 (5003734.000.000) 04/06 10:56:20 Job executing on host: <188.184.139.62:9618?addrs=188.184.139.62-9618+[2001-1458-301-45--100-10d]-9618&noUDP&sock=5600_b672_3>
...
006 (5003734.000.000) 04/06 10:56:28 Image size of job updated: 95412
	36  -  MemoryUsage of job (MB)
	36404  -  ResidentSetSize of job (KB)
...
006 (5003734.000.000) 04/06 11:01:28 Image size of job updated: 162928
	98  -  MemoryUsage of job (MB)
	99348  -  ResidentSetSize of job (KB)
...
006 (5003734.000.000) 04/06 11:06:29 Image size of job updated: 167980
	102  -  MemoryUsage of job (MB)
	104400  -  ResidentSetSize of job (KB)
...
006 (5003734.000.000) 04/06 11:07:41 Image size of job updated: 168056
	102  -  MemoryUsage of job (MB)
	104400  -  ResidentSetSize of job (KB)
...
040 (5003734.000.000) 04/06 11:07:41 Started transferring output files
...
040 (5003734.000.000) 04/06 11:07:41 Finished transferring output files
...
005 (5003734.000.000) 04/06 11:07:41 Job terminated.
	(1) Normal termination (return value 0)
		Usr 0 00:02:46, Sys 0 00:00:02  -  Run Remote Usage
		Usr 0 00:00:00, Sys 0 00:00:00  -  Run Local Usage
		Usr 0 00:02:46, Sys 0 00:00:02  -  Total Remote Usage
		Usr 0 00:00:00, Sys 0 00:00:00  -  Total Local Usage
	4154  -  Run Bytes Sent By Job
	719  -  Run Bytes Received By Job
	4154  -  Total Bytes Sent By Job
	719  -  Total Bytes Received By Job
	Partitionable Resources :    Usage  Request Allocated 
	   Cpus                 :     0.33        1         1 
	   Disk (KB)            :    26           1    286247 
	   Memory (MB)          :   102        2000      2000 
...
