000 (5003743.000.000) 04/06 10:44:24 Job submitted from host: <137.138.156.150:9618?addrs=137.138.156.150-9618+[2001-1458-d00-14--9a]-9618&alias=bigbird13.cern.ch&noUDP&sock=schedd_1774_6519_19>
...
040 (5003743.000.000) 04/06 10:56:17 Started transferring input files
	Transferring to host: <128.142.65.217:9618?addrs=128.142.65.217-9618+[2001-1458-301-4c--100-25f]-9618&noUDP&sock=5499_4af9_3601>
...
040 (5003743.000.000) 04/06 10:56:17 Finished transferring input files
...
001 (5003743.000.000) 04/06 10:56:18 Job executing on host: <128.142.65.217:9618?addrs=128.142.65.217-9618+[2001-1458-301-4c--100-25f]-9618&noUDP&sock=4164_bc72_3>
...
006 (5003743.000.000) 04/06 10:56:27 Image size of job updated: 160932
	96  -  MemoryUsage of job (MB)
	97692  -  ResidentSetSize of job (KB)
...
006 (5003743.000.000) 04/06 10:58:53 Image size of job updated: 165060
	96  -  MemoryUsage of job (MB)
	97692  -  ResidentSetSize of job (KB)
...
040 (5003743.000.000) 04/06 10:58:53 Started transferring output files
...
040 (5003743.000.000) 04/06 10:58:53 Finished transferring output files
...
005 (5003743.000.000) 04/06 10:58:54 Job terminated.
	(1) Normal termination (return value 0)
		Usr 0 00:01:22, Sys 0 00:00:02  -  Run Remote Usage
		Usr 0 00:00:00, Sys 0 00:00:00  -  Run Local Usage
		Usr 0 00:01:22, Sys 0 00:00:02  -  Total Remote Usage
		Usr 0 00:00:00, Sys 0 00:00:00  -  Total Local Usage
	4154  -  Run Bytes Sent By Job
	719  -  Run Bytes Received By Job
	4154  -  Total Bytes Sent By Job
	719  -  Total Bytes Received By Job
	Partitionable Resources :    Usage  Request Allocated 
	   Cpus                 :     0.54        1         1 
	   Disk (KB)            :    27           1    275810 
	   Memory (MB)          :    96        2000      2000 
...
