000 (5003714.000.000) 04/06 10:43:28 Job submitted from host: <137.138.156.150:9618?addrs=137.138.156.150-9618+[2001-1458-d00-14--9a]-9618&alias=bigbird13.cern.ch&noUDP&sock=schedd_1774_6519_19>
...
040 (5003714.000.000) 04/06 10:56:10 Started transferring input files
	Transferring to host: <188.184.169.244:9618?addrs=188.184.169.244-9618+[2001-1458-301-c0--100-374]-9618&noUDP&sock=15542_7eb1_102287>
...
040 (5003714.000.000) 04/06 10:56:10 Finished transferring input files
...
001 (5003714.000.000) 04/06 10:56:11 Job executing on host: <188.184.169.244:9618?addrs=188.184.169.244-9618+[2001-1458-301-c0--100-374]-9618&noUDP&sock=15389_2708_3>
...
006 (5003714.000.000) 04/06 10:56:19 Image size of job updated: 151108
	86  -  MemoryUsage of job (MB)
	87720  -  ResidentSetSize of job (KB)
...
006 (5003714.000.000) 04/06 10:57:49 Image size of job updated: 164484
	86  -  MemoryUsage of job (MB)
	87720  -  ResidentSetSize of job (KB)
...
040 (5003714.000.000) 04/06 10:57:49 Started transferring output files
...
040 (5003714.000.000) 04/06 10:57:49 Finished transferring output files
...
005 (5003714.000.000) 04/06 10:57:49 Job terminated.
	(1) Normal termination (return value 0)
		Usr 0 00:00:45, Sys 0 00:00:01  -  Run Remote Usage
		Usr 0 00:00:00, Sys 0 00:00:00  -  Run Local Usage
		Usr 0 00:00:45, Sys 0 00:00:01  -  Total Remote Usage
		Usr 0 00:00:00, Sys 0 00:00:00  -  Total Local Usage
	4154  -  Run Bytes Sent By Job
	719  -  Run Bytes Received By Job
	4154  -  Total Bytes Sent By Job
	719  -  Total Bytes Received By Job
	Partitionable Resources :    Usage  Request Allocated 
	   Cpus                 :        0        1         1 
	   Disk (KB)            :       26        1    278159 
	   Memory (MB)          :       86     2000      2000 
...
