000 (5003707.000.000) 04/06 10:43:15 Job submitted from host: <137.138.156.150:9618?addrs=137.138.156.150-9618+[2001-1458-d00-14--9a]-9618&alias=bigbird13.cern.ch&noUDP&sock=schedd_1774_6519_19>
...
040 (5003707.000.000) 04/06 10:56:08 Started transferring input files
	Transferring to host: <128.142.65.160:9618?addrs=128.142.65.160-9618+[2001-1458-301-4c--100-2ea]-9618&noUDP&sock=5379_bdf4_106702>
...
040 (5003707.000.000) 04/06 10:56:08 Finished transferring input files
...
001 (5003707.000.000) 04/06 10:56:09 Job executing on host: <128.142.65.160:9618?addrs=128.142.65.160-9618+[2001-1458-301-4c--100-2ea]-9618&noUDP&sock=5341_0f6b_3>
...
006 (5003707.000.000) 04/06 10:56:18 Image size of job updated: 161620
	96  -  MemoryUsage of job (MB)
	98040  -  ResidentSetSize of job (KB)
...
006 (5003707.000.000) 04/06 10:59:33 Image size of job updated: 167916
	96  -  MemoryUsage of job (MB)
	98040  -  ResidentSetSize of job (KB)
...
040 (5003707.000.000) 04/06 10:59:33 Started transferring output files
...
040 (5003707.000.000) 04/06 10:59:33 Finished transferring output files
...
005 (5003707.000.000) 04/06 10:59:33 Job terminated.
	(1) Normal termination (return value 0)
		Usr 0 00:01:45, Sys 0 00:00:02  -  Run Remote Usage
		Usr 0 00:00:00, Sys 0 00:00:00  -  Run Local Usage
		Usr 0 00:01:45, Sys 0 00:00:02  -  Total Remote Usage
		Usr 0 00:00:00, Sys 0 00:00:00  -  Total Local Usage
	4154  -  Run Bytes Sent By Job
	719  -  Run Bytes Received By Job
	4154  -  Total Bytes Sent By Job
	719  -  Total Bytes Received By Job
	Partitionable Resources :    Usage  Request Allocated 
	   Cpus                 :     0.03        1         1 
	   Disk (KB)            :    26           1    165731 
	   Memory (MB)          :    96        2000      2000 
...
