000 (5003712.000.000) 04/06 10:43:24 Job submitted from host: <137.138.156.150:9618?addrs=137.138.156.150-9618+[2001-1458-d00-14--9a]-9618&alias=bigbird13.cern.ch&noUDP&sock=schedd_1774_6519_19>
...
040 (5003712.000.000) 04/06 10:56:09 Started transferring input files
	Transferring to host: <128.142.82.233:9618?addrs=128.142.82.233-9618+[2001-1458-301-f5--100-85]-9618&noUDP&sock=5397_6cb5_3651>
...
040 (5003712.000.000) 04/06 10:56:09 Finished transferring input files
...
001 (5003712.000.000) 04/06 10:56:10 Job executing on host: <128.142.82.233:9618?addrs=128.142.82.233-9618+[2001-1458-301-f5--100-85]-9618&noUDP&sock=3933_4a12_3>
...
006 (5003712.000.000) 04/06 10:56:18 Image size of job updated: 98456
	38  -  MemoryUsage of job (MB)
	37996  -  ResidentSetSize of job (KB)
...
006 (5003712.000.000) 04/06 11:01:18 Image size of job updated: 163736
	98  -  MemoryUsage of job (MB)
	100152  -  ResidentSetSize of job (KB)
...
006 (5003712.000.000) 04/06 11:06:19 Image size of job updated: 168008
	102  -  MemoryUsage of job (MB)
	104424  -  ResidentSetSize of job (KB)
...
040 (5003712.000.000) 04/06 11:09:06 Started transferring output files
...
040 (5003712.000.000) 04/06 11:09:06 Finished transferring output files
...
005 (5003712.000.000) 04/06 11:09:06 Job terminated.
	(1) Normal termination (return value 0)
		Usr 0 00:02:48, Sys 0 00:00:04  -  Run Remote Usage
		Usr 0 00:00:00, Sys 0 00:00:00  -  Run Local Usage
		Usr 0 00:02:48, Sys 0 00:00:04  -  Total Remote Usage
		Usr 0 00:00:00, Sys 0 00:00:00  -  Total Local Usage
	4154  -  Run Bytes Sent By Job
	719  -  Run Bytes Received By Job
	4154  -  Total Bytes Sent By Job
	719  -  Total Bytes Received By Job
	Partitionable Resources :    Usage  Request Allocated 
	   Cpus                 :     0.25        1         1 
	   Disk (KB)            :    26           1    269387 
	   Memory (MB)          :   102        2000      2000 
...
