000 (5003737.000.000) 04/06 10:44:15 Job submitted from host: <137.138.156.150:9618?addrs=137.138.156.150-9618+[2001-1458-d00-14--9a]-9618&alias=bigbird13.cern.ch&noUDP&sock=schedd_1774_6519_19>
...
040 (5003737.000.000) 04/06 10:56:31 Started transferring input files
	Transferring to host: <188.184.212.70:9618?addrs=188.184.212.70-9618+[2001-1458-301-10c--100-3a]-9618&alias=b7g24n0134.cern.ch&noUDP&sock=slot1_2_14823_e4f4_45071>
...
040 (5003737.000.000) 04/06 10:56:31 Finished transferring input files
...
001 (5003737.000.000) 04/06 10:56:32 Job executing on host: <188.184.212.70:9618?addrs=188.184.212.70-9618+[2001-1458-301-10c--100-3a]-9618&alias=b7g24n0134.cern.ch&noUDP&sock=startd_5724_c431>
...
006 (5003737.000.000) 04/06 10:56:40 Image size of job updated: 148896
	84  -  MemoryUsage of job (MB)
	85852  -  ResidentSetSize of job (KB)
...
006 (5003737.000.000) 04/06 11:01:28 Image size of job updated: 478536
	84  -  MemoryUsage of job (MB)
	85852  -  ResidentSetSize of job (KB)
...
040 (5003737.000.000) 04/06 11:01:28 Started transferring output files
...
040 (5003737.000.000) 04/06 11:01:28 Finished transferring output files
...
005 (5003737.000.000) 04/06 11:01:29 Job terminated.
	(1) Normal termination (return value 0)
		Usr 0 00:02:07, Sys 0 00:00:02  -  Run Remote Usage
		Usr 0 00:00:00, Sys 0 00:00:00  -  Run Local Usage
		Usr 0 00:02:07, Sys 0 00:00:02  -  Total Remote Usage
		Usr 0 00:00:00, Sys 0 00:00:00  -  Total Local Usage
	4154  -  Run Bytes Sent By Job
	719  -  Run Bytes Received By Job
	4154  -  Total Bytes Sent By Job
	719  -  Total Bytes Received By Job
	Partitionable Resources :    Usage  Request Allocated 
	   Cpus                 :     0.53        1         1 
	   Disk (KB)            :    25           1    277099 
	   Memory (MB)          :    84        2000      2000 
...
