000 (5003726.000.000) 04/06 10:43:58 Job submitted from host: <137.138.156.150:9618?addrs=137.138.156.150-9618+[2001-1458-d00-14--9a]-9618&alias=bigbird13.cern.ch&noUDP&sock=schedd_1774_6519_19>
...
040 (5003726.000.000) 04/06 10:56:13 Started transferring input files
	Transferring to host: <188.184.212.7:9618?addrs=188.184.212.7-9618+[2001-1458-301-10c--100-16]-9618&alias=b7g24n0008.cern.ch&noUDP&sock=slot1_2_17249_3b17_60828>
...
040 (5003726.000.000) 04/06 10:56:13 Finished transferring input files
...
001 (5003726.000.000) 04/06 10:56:14 Job executing on host: <188.184.212.7:9618?addrs=188.184.212.7-9618+[2001-1458-301-10c--100-16]-9618&alias=b7g24n0008.cern.ch&noUDP&sock=startd_20330_447a>
...
006 (5003726.000.000) 04/06 10:56:23 Image size of job updated: 143508
	44  -  MemoryUsage of job (MB)
	44560  -  ResidentSetSize of job (KB)
...
006 (5003726.000.000) 04/06 11:01:04 Image size of job updated: 479728
	44  -  MemoryUsage of job (MB)
	44560  -  ResidentSetSize of job (KB)
...
040 (5003726.000.000) 04/06 11:01:04 Started transferring output files
...
040 (5003726.000.000) 04/06 11:01:04 Finished transferring output files
...
005 (5003726.000.000) 04/06 11:01:04 Job terminated.
	(1) Normal termination (return value 0)
		Usr 0 00:02:02, Sys 0 00:00:02  -  Run Remote Usage
		Usr 0 00:00:00, Sys 0 00:00:00  -  Run Local Usage
		Usr 0 00:02:02, Sys 0 00:00:02  -  Total Remote Usage
		Usr 0 00:00:00, Sys 0 00:00:00  -  Total Local Usage
	4154  -  Run Bytes Sent By Job
	719  -  Run Bytes Received By Job
	4154  -  Total Bytes Sent By Job
	719  -  Total Bytes Received By Job
	Partitionable Resources :    Usage  Request Allocated 
	   Cpus                 :                 1         1 
	   Disk (KB)            :       18        1    319529 
	   Memory (MB)          :       44     2000      2000 
...
