000 (5003715.000.000) 04/06 10:43:30 Job submitted from host: <137.138.156.150:9618?addrs=137.138.156.150-9618+[2001-1458-d00-14--9a]-9618&alias=bigbird13.cern.ch&noUDP&sock=schedd_1774_6519_19>
...
040 (5003715.000.000) 04/06 10:56:10 Started transferring input files
	Transferring to host: <128.142.193.250:9618?addrs=128.142.193.250-9618+[2001-1458-301-cc--100-297]-9618&alias=b7g52n0297.cern.ch&noUDP&sock=slot1_9_24133_a1ae_62367>
...
040 (5003715.000.000) 04/06 10:56:10 Finished transferring input files
...
001 (5003715.000.000) 04/06 10:56:11 Job executing on host: <128.142.193.250:9618?addrs=128.142.193.250-9618+[2001-1458-301-cc--100-297]-9618&alias=b7g52n0297.cern.ch&noUDP&sock=startd_18220_fba5>
...
006 (5003715.000.000) 04/06 10:56:20 Image size of job updated: 418788
	95  -  MemoryUsage of job (MB)
	96532  -  ResidentSetSize of job (KB)
...
006 (5003715.000.000) 04/06 11:01:21 Image size of job updated: 478164
	103  -  MemoryUsage of job (MB)
	104980  -  ResidentSetSize of job (KB)
...
040 (5003715.000.000) 04/06 11:01:29 Started transferring output files
...
040 (5003715.000.000) 04/06 11:01:29 Finished transferring output files
...
005 (5003715.000.000) 04/06 11:01:29 Job terminated.
	(1) Normal termination (return value 0)
		Usr 0 00:01:56, Sys 0 00:00:02  -  Run Remote Usage
		Usr 0 00:00:00, Sys 0 00:00:00  -  Run Local Usage
		Usr 0 00:01:56, Sys 0 00:00:02  -  Total Remote Usage
		Usr 0 00:00:00, Sys 0 00:00:00  -  Total Local Usage
	4154  -  Run Bytes Sent By Job
	719  -  Run Bytes Received By Job
	4154  -  Total Bytes Sent By Job
	719  -  Total Bytes Received By Job
	Partitionable Resources :    Usage  Request Allocated 
	   Cpus                 :                 1         1 
	   Disk (KB)            :       18        1    270413 
	   Memory (MB)          :      103     2000      2000 
...
