000 (5003710.000.000) 04/06 10:43:19 Job submitted from host: <137.138.156.150:9618?addrs=137.138.156.150-9618+[2001-1458-d00-14--9a]-9618&alias=bigbird13.cern.ch&noUDP&sock=schedd_1774_6519_19>
...
040 (5003710.000.000) 04/06 10:56:24 Started transferring input files
	Transferring to host: <128.142.85.218:9618?addrs=128.142.85.218-9618+[2001-1458-301-f6--100-1b4]-9618&noUDP&sock=16510_89d8_56192>
...
040 (5003710.000.000) 04/06 10:56:24 Finished transferring input files
...
001 (5003710.000.000) 04/06 10:56:25 Job executing on host: <128.142.85.218:9618?addrs=128.142.85.218-9618+[2001-1458-301-f6--100-1b4]-9618&noUDP&sock=16354_0fec_3>
...
006 (5003710.000.000) 04/06 10:56:34 Image size of job updated: 161476
	96  -  MemoryUsage of job (MB)
	97916  -  ResidentSetSize of job (KB)
...
006 (5003710.000.000) 04/06 11:01:35 Image size of job updated: 168024
	102  -  MemoryUsage of job (MB)
	104448  -  ResidentSetSize of job (KB)
...
006 (5003710.000.000) 04/06 11:03:27 Image size of job updated: 168204
	102  -  MemoryUsage of job (MB)
	104448  -  ResidentSetSize of job (KB)
...
040 (5003710.000.000) 04/06 11:03:27 Started transferring output files
...
040 (5003710.000.000) 04/06 11:03:27 Finished transferring output files
...
005 (5003710.000.000) 04/06 11:03:27 Job terminated.
	(1) Normal termination (return value 0)
		Usr 0 00:02:29, Sys 0 00:00:02  -  Run Remote Usage
		Usr 0 00:00:00, Sys 0 00:00:00  -  Run Local Usage
		Usr 0 00:02:29, Sys 0 00:00:02  -  Total Remote Usage
		Usr 0 00:00:00, Sys 0 00:00:00  -  Total Local Usage
	4154  -  Run Bytes Sent By Job
	719  -  Run Bytes Received By Job
	4154  -  Total Bytes Sent By Job
	719  -  Total Bytes Received By Job
	Partitionable Resources :    Usage  Request Allocated 
	   Cpus                 :     0.25        1         1 
	   Disk (KB)            :    26           1    285524 
	   Memory (MB)          :   102        2000      2000 
...
