000 (5003738.000.000) 04/06 10:44:17 Job submitted from host: <137.138.156.150:9618?addrs=137.138.156.150-9618+[2001-1458-d00-14--9a]-9618&alias=bigbird13.cern.ch&noUDP&sock=schedd_1774_6519_19>
...
040 (5003738.000.000) 04/06 10:56:16 Started transferring input files
	Transferring to host: <188.184.183.114:9618?addrs=188.184.183.114-9618+[2001-1458-301-2b--100-223]-9618&noUDP&sock=22492_660c_201124>
...
040 (5003738.000.000) 04/06 10:56:16 Finished transferring input files
...
001 (5003738.000.000) 04/06 10:56:17 Job executing on host: <188.184.183.114:9618?addrs=188.184.183.114-9618+[2001-1458-301-2b--100-223]-9618&noUDP&sock=6605_0f20_3>
...
006 (5003738.000.000) 04/06 10:56:26 Image size of job updated: 163428
	98  -  MemoryUsage of job (MB)
	99852  -  ResidentSetSize of job (KB)
...
006 (5003738.000.000) 04/06 11:01:12 Image size of job updated: 167192
	98  -  MemoryUsage of job (MB)
	99852  -  ResidentSetSize of job (KB)
...
040 (5003738.000.000) 04/06 11:01:12 Started transferring output files
...
040 (5003738.000.000) 04/06 11:01:12 Finished transferring output files
...
005 (5003738.000.000) 04/06 11:01:13 Job terminated.
	(1) Normal termination (return value 0)
		Usr 0 00:02:32, Sys 0 00:00:04  -  Run Remote Usage
		Usr 0 00:00:00, Sys 0 00:00:00  -  Run Local Usage
		Usr 0 00:02:32, Sys 0 00:00:04  -  Total Remote Usage
		Usr 0 00:00:00, Sys 0 00:00:00  -  Total Local Usage
	4154  -  Run Bytes Sent By Job
	719  -  Run Bytes Received By Job
	4154  -  Total Bytes Sent By Job
	719  -  Total Bytes Received By Job
	Partitionable Resources :    Usage  Request Allocated 
	   Cpus                 :     0.56        1         1 
	   Disk (KB)            :    27           1    249163 
	   Memory (MB)          :    98        2000      2000 
...
