000 (5003705.000.000) 04/06 10:43:13 Job submitted from host: <137.138.156.150:9618?addrs=137.138.156.150-9618+[2001-1458-d00-14--9a]-9618&alias=bigbird13.cern.ch&noUDP&sock=schedd_1774_6519_19>
...
040 (5003705.000.000) 04/06 10:56:23 Started transferring input files
	Transferring to host: <188.184.169.73:9618?addrs=188.184.169.73-9618+[2001-1458-301-c0--100-3be]-9618&noUDP&sock=16526_cfd9_102523>
...
040 (5003705.000.000) 04/06 10:56:23 Finished transferring input files
...
001 (5003705.000.000) 04/06 10:56:24 Job executing on host: <188.184.169.73:9618?addrs=188.184.169.73-9618+[2001-1458-301-c0--100-3be]-9618&noUDP&sock=16373_1839_3>
...
006 (5003705.000.000) 04/06 10:56:32 Image size of job updated: 155960
	91  -  MemoryUsage of job (MB)
	92516  -  ResidentSetSize of job (KB)
...
006 (5003705.000.000) 04/06 11:01:32 Image size of job updated: 167072
	102  -  MemoryUsage of job (MB)
	103496  -  ResidentSetSize of job (KB)
...
040 (5003705.000.000) 04/06 11:01:42 Started transferring output files
...
040 (5003705.000.000) 04/06 11:01:42 Finished transferring output files
...
005 (5003705.000.000) 04/06 11:01:42 Job terminated.
	(1) Normal termination (return value 0)
		Usr 0 00:01:57, Sys 0 00:00:02  -  Run Remote Usage
		Usr 0 00:00:00, Sys 0 00:00:00  -  Run Local Usage
		Usr 0 00:01:57, Sys 0 00:00:02  -  Total Remote Usage
		Usr 0 00:00:00, Sys 0 00:00:00  -  Total Local Usage
	4154  -  Run Bytes Sent By Job
	716  -  Run Bytes Received By Job
	4154  -  Total Bytes Sent By Job
	716  -  Total Bytes Received By Job
	Partitionable Resources :    Usage  Request Allocated 
	   Cpus                 :     0.43        1         1 
	   Disk (KB)            :    26           1    279771 
	   Memory (MB)          :   102        2000      2000 
...
