000 (5003730.000.000) 04/06 10:44:05 Job submitted from host: <137.138.156.150:9618?addrs=137.138.156.150-9618+[2001-1458-d00-14--9a]-9618&alias=bigbird13.cern.ch&noUDP&sock=schedd_1774_6519_19>
...
040 (5003730.000.000) 04/06 10:56:17 Started transferring input files
	Transferring to host: <188.184.183.58:9618?addrs=188.184.183.58-9618+[2001-1458-301-2b--100-2e5]-9618&noUDP&sock=2484_f3de_88048>
...
040 (5003730.000.000) 04/06 10:56:17 Finished transferring input files
...
001 (5003730.000.000) 04/06 10:56:18 Job executing on host: <188.184.183.58:9618?addrs=188.184.183.58-9618+[2001-1458-301-2b--100-2e5]-9618&noUDP&sock=2282_d735_3>
...
006 (5003730.000.000) 04/06 10:56:26 Image size of job updated: 139624
	78  -  MemoryUsage of job (MB)
	79152  -  ResidentSetSize of job (KB)
...
006 (5003730.000.000) 04/06 11:01:26 Image size of job updated: 168328
	103  -  MemoryUsage of job (MB)
	104752  -  ResidentSetSize of job (KB)
...
006 (5003730.000.000) 04/06 11:03:51 Image size of job updated: 168360
	103  -  MemoryUsage of job (MB)
	104752  -  ResidentSetSize of job (KB)
...
040 (5003730.000.000) 04/06 11:03:51 Started transferring output files
...
040 (5003730.000.000) 04/06 11:03:51 Finished transferring output files
...
005 (5003730.000.000) 04/06 11:03:51 Job terminated.
	(1) Normal termination (return value 0)
		Usr 0 00:03:12, Sys 0 00:00:04  -  Run Remote Usage
		Usr 0 00:00:00, Sys 0 00:00:00  -  Run Local Usage
		Usr 0 00:03:12, Sys 0 00:00:04  -  Total Remote Usage
		Usr 0 00:00:00, Sys 0 00:00:00  -  Total Local Usage
	4154  -  Run Bytes Sent By Job
	719  -  Run Bytes Received By Job
	4154  -  Total Bytes Sent By Job
	719  -  Total Bytes Received By Job
	Partitionable Resources :    Usage  Request Allocated 
	   Cpus                 :     0.45        1         1 
	   Disk (KB)            :    26           1    333059 
	   Memory (MB)          :   103        2000      2000 
...
