000 (5003717.000.000) 04/06 10:43:35 Job submitted from host: <137.138.156.150:9618?addrs=137.138.156.150-9618+[2001-1458-d00-14--9a]-9618&alias=bigbird13.cern.ch&noUDP&sock=schedd_1774_6519_19>
...
040 (5003717.000.000) 04/06 10:56:11 Started transferring input files
	Transferring to host: <128.142.69.71:9618?addrs=128.142.69.71-9618+[2001-1458-301-52--100-55d]-9618&noUDP&sock=2738_eb28_96788>
...
040 (5003717.000.000) 04/06 10:56:11 Finished transferring input files
...
001 (5003717.000.000) 04/06 10:56:12 Job executing on host: <128.142.69.71:9618?addrs=128.142.69.71-9618+[2001-1458-301-52--100-55d]-9618&noUDP&sock=2290_53f7_3>
...
006 (5003717.000.000) 04/06 10:56:21 Image size of job updated: 103452
	42  -  MemoryUsage of job (MB)
	42840  -  ResidentSetSize of job (KB)
...
006 (5003717.000.000) 04/06 11:01:23 Image size of job updated: 166240
	101  -  MemoryUsage of job (MB)
	102660  -  ResidentSetSize of job (KB)
...
006 (5003717.000.000) 04/06 11:04:14 Image size of job updated: 168800
	101  -  MemoryUsage of job (MB)
	102660  -  ResidentSetSize of job (KB)
...
040 (5003717.000.000) 04/06 11:04:14 Started transferring output files
...
040 (5003717.000.000) 04/06 11:04:14 Finished transferring output files
...
005 (5003717.000.000) 04/06 11:04:14 Job terminated.
	(1) Normal termination (return value 0)
		Usr 0 00:01:29, Sys 0 00:00:03  -  Run Remote Usage
		Usr 0 00:00:00, Sys 0 00:00:00  -  Run Local Usage
		Usr 0 00:01:29, Sys 0 00:00:03  -  Total Remote Usage
		Usr 0 00:00:00, Sys 0 00:00:00  -  Total Local Usage
	4154  -  Run Bytes Sent By Job
	719  -  Run Bytes Received By Job
	4154  -  Total Bytes Sent By Job
	719  -  Total Bytes Received By Job
	Partitionable Resources :    Usage  Request Allocated 
	   Cpus                 :     0.35        1         1 
	   Disk (KB)            :    26           1    253644 
	   Memory (MB)          :   101        2000      2000 
...
