000 (5003713.000.000) 04/06 10:43:25 Job submitted from host: <137.138.156.150:9618?addrs=137.138.156.150-9618+[2001-1458-d00-14--9a]-9618&alias=bigbird13.cern.ch&noUDP&sock=schedd_1774_6519_19>
...
040 (5003713.000.000) 04/06 10:56:10 Started transferring input files
	Transferring to host: <128.142.86.106:9618?addrs=128.142.86.106-9618+[2001-1458-301-f6--100-62b]-9618&noUDP&sock=7371_4945_3620>
...
040 (5003713.000.000) 04/06 10:56:10 Finished transferring input files
...
001 (5003713.000.000) 04/06 10:56:11 Job executing on host: <128.142.86.106:9618?addrs=128.142.86.106-9618+[2001-1458-301-f6--100-62b]-9618&noUDP&sock=4746_f091_3>
...
006 (5003713.000.000) 04/06 10:56:20 Image size of job updated: 155108
	91  -  MemoryUsage of job (MB)
	92752  -  ResidentSetSize of job (KB)
...
006 (5003713.000.000) 04/06 11:01:21 Image size of job updated: 167568
	102  -  MemoryUsage of job (MB)
	103996  -  ResidentSetSize of job (KB)
...
040 (5003713.000.000) 04/06 11:03:45 Started transferring output files
...
040 (5003713.000.000) 04/06 11:03:45 Finished transferring output files
...
005 (5003713.000.000) 04/06 11:03:45 Job terminated.
	(1) Normal termination (return value 0)
		Usr 0 00:02:47, Sys 0 00:00:03  -  Run Remote Usage
		Usr 0 00:00:00, Sys 0 00:00:00  -  Run Local Usage
		Usr 0 00:02:47, Sys 0 00:00:03  -  Total Remote Usage
		Usr 0 00:00:00, Sys 0 00:00:00  -  Total Local Usage
	4154  -  Run Bytes Sent By Job
	719  -  Run Bytes Received By Job
	4154  -  Total Bytes Sent By Job
	719  -  Total Bytes Received By Job
	Partitionable Resources :    Usage  Request Allocated 
	   Cpus                 :     0.07        1         1 
	   Disk (KB)            :    26           1    239935 
	   Memory (MB)          :   102        2000      2000 
...
