000 (5003745.000.000) 04/06 10:44:26 Job submitted from host: <137.138.156.150:9618?addrs=137.138.156.150-9618+[2001-1458-d00-14--9a]-9618&alias=bigbird13.cern.ch&noUDP&sock=schedd_1774_6519_19>
...
040 (5003745.000.000) 04/06 10:56:59 Started transferring input files
	Transferring to host: <128.142.68.8:9618?addrs=128.142.68.8-9618+[2001-1458-301-52--100-3fd]-9618&alias=b7s10n0721.cern.ch&noUDP&sock=slot1_2_19813_ccff_59818>
...
040 (5003745.000.000) 04/06 10:56:59 Finished transferring input files
...
001 (5003745.000.000) 04/06 10:57:00 Job executing on host: <128.142.68.8:9618?addrs=128.142.68.8-9618+[2001-1458-301-52--100-3fd]-9618&alias=b7s10n0721.cern.ch&noUDP&sock=startd_2082_a845>
...
006 (5003745.000.000) 04/06 10:57:08 Image size of job updated: 162220
	97  -  MemoryUsage of job (MB)
	98984  -  ResidentSetSize of job (KB)
...
006 (5003745.000.000) 04/06 11:01:50 Image size of job updated: 478528
	97  -  MemoryUsage of job (MB)
	98984  -  ResidentSetSize of job (KB)
...
040 (5003745.000.000) 04/06 11:01:50 Started transferring output files
...
040 (5003745.000.000) 04/06 11:01:50 Finished transferring output files
...
005 (5003745.000.000) 04/06 11:01:50 Job terminated.
	(1) Normal termination (return value 0)
		Usr 0 00:01:55, Sys 0 00:00:02  -  Run Remote Usage
		Usr 0 00:00:00, Sys 0 00:00:00  -  Run Local Usage
		Usr 0 00:01:55, Sys 0 00:00:02  -  Total Remote Usage
		Usr 0 00:00:00, Sys 0 00:00:00  -  Total Local Usage
	4154  -  Run Bytes Sent By Job
	719  -  Run Bytes Received By Job
	4154  -  Total Bytes Sent By Job
	719  -  Total Bytes Received By Job
	Partitionable Resources :    Usage  Request Allocated 
	   Cpus                 :                 1         1 
	   Disk (KB)            :       19        1    276507 
	   Memory (MB)          :       97     2000      2000 
...
