000 (5003709.000.000) 04/06 10:43:18 Job submitted from host: <137.138.156.150:9618?addrs=137.138.156.150-9618+[2001-1458-d00-14--9a]-9618&alias=bigbird13.cern.ch&noUDP&sock=schedd_1774_6519_19>
...
040 (5003709.000.000) 04/06 10:56:08 Started transferring input files
	Transferring to host: <128.142.67.10:9618?addrs=128.142.67.10-9618+[2001-1458-301-4c--100-2f5]-9618&noUDP&sock=16797_c184_86533>
...
040 (5003709.000.000) 04/06 10:56:08 Finished transferring input files
...
001 (5003709.000.000) 04/06 10:56:09 Job executing on host: <128.142.67.10:9618?addrs=128.142.67.10-9618+[2001-1458-301-4c--100-2f5]-9618&noUDP&sock=16641_eb9b_3>
...
006 (5003709.000.000) 04/06 10:56:17 Image size of job updated: 163036
	98  -  MemoryUsage of job (MB)
	99460  -  ResidentSetSize of job (KB)
...
006 (5003709.000.000) 04/06 11:00:27 Image size of job updated: 167656
	98  -  MemoryUsage of job (MB)
	99460  -  ResidentSetSize of job (KB)
...
040 (5003709.000.000) 04/06 11:00:27 Started transferring output files
...
040 (5003709.000.000) 04/06 11:00:27 Finished transferring output files
...
005 (5003709.000.000) 04/06 11:00:27 Job terminated.
	(1) Normal termination (return value 0)
		Usr 0 00:01:41, Sys 0 00:00:02  -  Run Remote Usage
		Usr 0 00:00:00, Sys 0 00:00:00  -  Run Local Usage
		Usr 0 00:01:41, Sys 0 00:00:02  -  Total Remote Usage
		Usr 0 00:00:00, Sys 0 00:00:00  -  Total Local Usage
	4154  -  Run Bytes Sent By Job
	719  -  Run Bytes Received By Job
	4154  -  Total Bytes Sent By Job
	719  -  Total Bytes Received By Job
	Partitionable Resources :    Usage  Request Allocated 
	   Cpus                 :     0.53        1         1 
	   Disk (KB)            :    26           1    269880 
	   Memory (MB)          :    98        2000      2000 
...
