000 (5003736.000.000) 04/06 10:44:14 Job submitted from host: <137.138.156.150:9618?addrs=137.138.156.150-9618+[2001-1458-d00-14--9a]-9618&alias=bigbird13.cern.ch&noUDP&sock=schedd_1774_6519_19>
...
040 (5003736.000.000) 04/06 10:56:19 Started transferring input files
	Transferring to host: <188.184.210.32:9618?addrs=188.184.210.32-9618+[2001-1458-301-10b--100-50a]-9618&noUDP&sock=5258_7c8f_37806>
...
040 (5003736.000.000) 04/06 10:56:19 Finished transferring input files
...
001 (5003736.000.000) 04/06 10:56:20 Job executing on host: <188.184.210.32:9618?addrs=188.184.210.32-9618+[2001-1458-301-10b--100-50a]-9618&noUDP&sock=5221_c00d_3>
...
006 (5003736.000.000) 04/06 10:56:28 Image size of job updated: 92672
	46  -  MemoryUsage of job (MB)
	46464  -  ResidentSetSize of job (KB)
...
006 (5003736.000.000) 04/06 11:01:28 Image size of job updated: 167764
	102  -  MemoryUsage of job (MB)
	104180  -  ResidentSetSize of job (KB)
...
006 (5003736.000.000) 04/06 11:03:14 Image size of job updated: 503376
	102  -  MemoryUsage of job (MB)
	104180  -  ResidentSetSize of job (KB)
...
040 (5003736.000.000) 04/06 11:03:14 Started transferring output files
...
040 (5003736.000.000) 04/06 11:03:14 Finished transferring output files
...
005 (5003736.000.000) 04/06 11:03:14 Job terminated.
	(1) Normal termination (return value 0)
		Usr 0 00:02:48, Sys 0 00:00:03  -  Run Remote Usage
		Usr 0 00:00:00, Sys 0 00:00:00  -  Run Local Usage
		Usr 0 00:02:48, Sys 0 00:00:03  -  Total Remote Usage
		Usr 0 00:00:00, Sys 0 00:00:00  -  Total Local Usage
	4154  -  Run Bytes Sent By Job
	719  -  Run Bytes Received By Job
	4154  -  Total Bytes Sent By Job
	719  -  Total Bytes Received By Job
	Partitionable Resources :    Usage  Request Allocated 
	   Cpus                 :     0.50        1         1 
	   Disk (KB)            :    26           1    338492 
	   Memory (MB)          :   102        2000      2000 
...
