000 (5003746.000.000) 04/06 10:44:28 Job submitted from host: <137.138.156.150:9618?addrs=137.138.156.150-9618+[2001-1458-d00-14--9a]-9618&alias=bigbird13.cern.ch&noUDP&sock=schedd_1774_6519_19>
...
040 (5003746.000.000) 04/06 10:56:59 Started transferring input files
	Transferring to host: <128.142.80.188:9618?addrs=128.142.80.188-9618+[2001-1458-301-f5--100-43d]-9618&noUDP&sock=5354_2093_3507>
...
040 (5003746.000.000) 04/06 10:56:59 Finished transferring input files
...
001 (5003746.000.000) 04/06 10:57:00 Job executing on host: <128.142.80.188:9618?addrs=128.142.80.188-9618+[2001-1458-301-f5--100-43d]-9618&noUDP&sock=3863_4671_3>
...
006 (5003746.000.000) 04/06 10:57:09 Image size of job updated: 160168
	95  -  MemoryUsage of job (MB)
	96924  -  ResidentSetSize of job (KB)
...
006 (5003746.000.000) 04/06 11:02:10 Image size of job updated: 165520
	100  -  MemoryUsage of job (MB)
	102276  -  ResidentSetSize of job (KB)
...
006 (5003746.000.000) 04/06 11:02:15 Image size of job updated: 165524
	100  -  MemoryUsage of job (MB)
	102276  -  ResidentSetSize of job (KB)
...
040 (5003746.000.000) 04/06 11:02:15 Started transferring output files
...
040 (5003746.000.000) 04/06 11:02:15 Finished transferring output files
...
005 (5003746.000.000) 04/06 11:02:15 Job terminated.
	(1) Normal termination (return value 0)
		Usr 0 00:01:12, Sys 0 00:00:01  -  Run Remote Usage
		Usr 0 00:00:00, Sys 0 00:00:00  -  Run Local Usage
		Usr 0 00:01:12, Sys 0 00:00:01  -  Total Remote Usage
		Usr 0 00:00:00, Sys 0 00:00:00  -  Total Local Usage
	4154  -  Run Bytes Sent By Job
	719  -  Run Bytes Received By Job
	4154  -  Total Bytes Sent By Job
	719  -  Total Bytes Received By Job
	Partitionable Resources :    Usage  Request Allocated 
	   Cpus                 :     0.04        1         1 
	   Disk (KB)            :    27           1    275308 
	   Memory (MB)          :   100        2000      2000 
...
