000 (5003700.000.000) 04/06 10:43:06 Job submitted from host: <137.138.156.150:9618?addrs=137.138.156.150-9618+[2001-1458-d00-14--9a]-9618&alias=bigbird13.cern.ch&noUDP&sock=schedd_1774_6519_19>
...
040 (5003700.000.000) 04/06 10:56:06 Started transferring input files
	Transferring to host: <188.184.169.89:9618?addrs=188.184.169.89-9618+[2001-1458-301-c0--100-47f]-9618&noUDP&sock=17746_698b_103058>
...
040 (5003700.000.000) 04/06 10:56:06 Finished transferring input files
...
001 (5003700.000.000) 04/06 10:56:07 Job executing on host: <188.184.169.89:9618?addrs=188.184.169.89-9618+[2001-1458-301-c0--100-47f]-9618&noUDP&sock=17593_e9c4_3>
...
006 (5003700.000.000) 04/06 10:56:15 Image size of job updated: 163388
	98  -  MemoryUsage of job (MB)
	99816  -  ResidentSetSize of job (KB)
...
006 (5003700.000.000) 04/06 11:00:12 Image size of job updated: 167656
	98  -  MemoryUsage of job (MB)
	99816  -  ResidentSetSize of job (KB)
...
040 (5003700.000.000) 04/06 11:00:12 Started transferring output files
...
040 (5003700.000.000) 04/06 11:00:12 Finished transferring output files
...
005 (5003700.000.000) 04/06 11:00:12 Job terminated.
	(1) Normal termination (return value 0)
		Usr 0 00:01:58, Sys 0 00:00:02  -  Run Remote Usage
		Usr 0 00:00:00, Sys 0 00:00:00  -  Run Local Usage
		Usr 0 00:01:58, Sys 0 00:00:02  -  Total Remote Usage
		Usr 0 00:00:00, Sys 0 00:00:00  -  Total Local Usage
	4154  -  Run Bytes Sent By Job
	716  -  Run Bytes Received By Job
	4154  -  Total Bytes Sent By Job
	716  -  Total Bytes Received By Job
	Partitionable Resources :    Usage  Request Allocated 
	   Cpus                 :     0.68        1         1 
	   Disk (KB)            :    26           1    185770 
	   Memory (MB)          :    98        2000      2000 
...
