000 (5003704.000.000) 04/06 10:43:11 Job submitted from host: <137.138.156.150:9618?addrs=137.138.156.150-9618+[2001-1458-d00-14--9a]-9618&alias=bigbird13.cern.ch&noUDP&sock=schedd_1774_6519_19>
...
040 (5003704.000.000) 04/06 10:56:15 Started transferring input files
	Transferring to host: <128.142.86.67:9618?addrs=128.142.86.67-9618+[2001-1458-301-f6--100-29e]-9618&alias=b7s14n9521.cern.ch&noUDP&sock=slot1_6_14943_71f9_39304>
...
040 (5003704.000.000) 04/06 10:56:15 Finished transferring input files
...
001 (5003704.000.000) 04/06 10:56:16 Job executing on host: <128.142.86.67:9618?addrs=128.142.86.67-9618+[2001-1458-301-f6--100-29e]-9618&alias=b7s14n9521.cern.ch&noUDP&sock=startd_16667_c111>
...
006 (5003704.000.000) 04/06 10:56:25 Image size of job updated: 413032
	49  -  MemoryUsage of job (MB)
	49568  -  ResidentSetSize of job (KB)
...
006 (5003704.000.000) 04/06 11:01:26 Image size of job updated: 479068
	103  -  MemoryUsage of job (MB)
	104624  -  ResidentSetSize of job (KB)
...
040 (5003704.000.000) 04/06 11:05:05 Started transferring output files
...
040 (5003704.000.000) 04/06 11:05:05 Finished transferring output files
...
005 (5003704.000.000) 04/06 11:05:05 Job terminated.
	(1) Normal termination (return value 0)
		Usr 0 00:02:37, Sys 0 00:00:02  -  Run Remote Usage
		Usr 0 00:00:00, Sys 0 00:00:00  -  Run Local Usage
		Usr 0 00:02:37, Sys 0 00:00:02  -  Total Remote Usage
		Usr 0 00:00:00, Sys 0 00:00:00  -  Total Local Usage
	4154  -  Run Bytes Sent By Job
	716  -  Run Bytes Received By Job
	4154  -  Total Bytes Sent By Job
	716  -  Total Bytes Received By Job
	Partitionable Resources :    Usage  Request Allocated 
	   Cpus                 :     0.18        1         1 
	   Disk (KB)            :    25           1    255759 
	   Memory (MB)          :   103        2000      2000 
...
