000 (5003706.000.000) 04/06 10:43:14 Job submitted from host: <137.138.156.150:9618?addrs=137.138.156.150-9618+[2001-1458-d00-14--9a]-9618&alias=bigbird13.cern.ch&noUDP&sock=schedd_1774_6519_19>
...
040 (5003706.000.000) 04/06 10:56:07 Started transferring input files
	Transferring to host: <128.142.83.150:9618?addrs=128.142.83.150-9618+[2001-1458-301-f5--100-438]-9618&noUDP&sock=16812_5325_64684>
...
040 (5003706.000.000) 04/06 10:56:07 Finished transferring input files
...
001 (5003706.000.000) 04/06 10:56:08 Job executing on host: <128.142.83.150:9618?addrs=128.142.83.150-9618+[2001-1458-301-f5--100-438]-9618&noUDP&sock=16656_3586_3>
...
006 (5003706.000.000) 04/06 10:56:17 Image size of job updated: 98444
	38  -  MemoryUsage of job (MB)
	37992  -  ResidentSetSize of job (KB)
...
006 (5003706.000.000) 04/06 10:58:58 Image size of job updated: 163240
	38  -  MemoryUsage of job (MB)
	37996  -  ResidentSetSize of job (KB)
...
040 (5003706.000.000) 04/06 10:58:58 Started transferring output files
...
040 (5003706.000.000) 04/06 10:58:58 Finished transferring output files
...
005 (5003706.000.000) 04/06 10:58:58 Job terminated.
	(1) Normal termination (return value 0)
		Usr 0 00:01:01, Sys 0 00:00:03  -  Run Remote Usage
		Usr 0 00:00:00, Sys 0 00:00:00  -  Run Local Usage
		Usr 0 00:01:01, Sys 0 00:00:03  -  Total Remote Usage
		Usr 0 00:00:00, Sys 0 00:00:00  -  Total Local Usage
	4154  -  Run Bytes Sent By Job
	716  -  Run Bytes Received By Job
	4154  -  Total Bytes Sent By Job
	716  -  Total Bytes Received By Job
	Partitionable Resources :    Usage  Request Allocated 
	   Cpus                 :     0.33        1         1 
	   Disk (KB)            :    26           1    283359 
	   Memory (MB)          :    38        2000      2000 
...
