000 (5003732.000.000) 04/06 10:44:08 Job submitted from host: <137.138.156.150:9618?addrs=137.138.156.150-9618+[2001-1458-d00-14--9a]-9618&alias=bigbird13.cern.ch&noUDP&sock=schedd_1774_6519_19>
...
040 (5003732.000.000) 04/06 10:56:30 Started transferring input files
	Transferring to host: <188.184.212.44:9618?addrs=188.184.212.44-9618+[2001-1458-301-10c--100-31]-9618&alias=b7g24n0142.cern.ch&noUDP&sock=slot1_1_9942_c9cd_45025>
...
040 (5003732.000.000) 04/06 10:56:30 Finished transferring input files
...
001 (5003732.000.000) 04/06 10:56:31 Job executing on host: <188.184.212.44:9618?addrs=188.184.212.44-9618+[2001-1458-301-10c--100-31]-9618&alias=b7g24n0142.cern.ch&noUDP&sock=startd_20359_28b9>
...
006 (5003732.000.000) 04/06 10:56:39 Image size of job updated: 408172
	88  -  MemoryUsage of job (MB)
	89532  -  ResidentSetSize of job (KB)
...
006 (5003732.000.000) 04/06 11:01:39 Image size of job updated: 478788
	102  -  MemoryUsage of job (MB)
	104004  -  ResidentSetSize of job (KB)
...
040 (5003732.000.000) 04/06 11:04:13 Started transferring output files
...
040 (5003732.000.000) 04/06 11:04:13 Finished transferring output files
...
005 (5003732.000.000) 04/06 11:04:14 Job terminated.
	(1) Normal termination (return value 0)
		Usr 0 00:03:03, Sys 0 00:00:03  -  Run Remote Usage
		Usr 0 00:00:00, Sys 0 00:00:00  -  Run Local Usage
		Usr 0 00:03:03, Sys 0 00:00:03  -  Total Remote Usage
		Usr 0 00:00:00, Sys 0 00:00:00  -  Total Local Usage
	4154  -  Run Bytes Sent By Job
	719  -  Run Bytes Received By Job
	4154  -  Total Bytes Sent By Job
	719  -  Total Bytes Received By Job
	Partitionable Resources :    Usage  Request Allocated 
	   Cpus                 :                 1         1 
	   Disk (KB)            :       18        1    282718 
	   Memory (MB)          :      102     2000      2000 
...
