000 (5003742.000.000) 04/06 10:44:22 Job submitted from host: <137.138.156.150:9618?addrs=137.138.156.150-9618+[2001-1458-d00-14--9a]-9618&alias=bigbird13.cern.ch&noUDP&sock=schedd_1774_6519_19>
...
040 (5003742.000.000) 04/06 10:56:17 Started transferring input files
	Transferring to host: <188.184.197.72:9618?addrs=188.184.197.72-9618+[2001-1458-301-103--100-452]-9618&noUDP&sock=5365_e0b3_43320>
...
040 (5003742.000.000) 04/06 10:56:17 Finished transferring input files
...
001 (5003742.000.000) 04/06 10:56:18 Job executing on host: <188.184.197.72:9618?addrs=188.184.197.72-9618+[2001-1458-301-103--100-452]-9618&noUDP&sock=3795_a200_3>
...
006 (5003742.000.000) 04/06 10:56:27 Image size of job updated: 123700
	96  -  MemoryUsage of job (MB)
	97576  -  ResidentSetSize of job (KB)
...
006 (5003742.000.000) 04/06 11:01:28 Image size of job updated: 129616
	102  -  MemoryUsage of job (MB)
	103476  -  ResidentSetSize of job (KB)
...
040 (5003742.000.000) 04/06 11:03:58 Started transferring output files
...
040 (5003742.000.000) 04/06 11:03:58 Finished transferring output files
...
005 (5003742.000.000) 04/06 11:03:58 Job terminated.
	(1) Normal termination (return value 0)
		Usr 0 00:02:19, Sys 0 00:00:03  -  Run Remote Usage
		Usr 0 00:00:00, Sys 0 00:00:00  -  Run Local Usage
		Usr 0 00:02:19, Sys 0 00:00:03  -  Total Remote Usage
		Usr 0 00:00:00, Sys 0 00:00:00  -  Total Local Usage
	4154  -  Run Bytes Sent By Job
	719  -  Run Bytes Received By Job
	4154  -  Total Bytes Sent By Job
	719  -  Total Bytes Received By Job
	Partitionable Resources :    Usage  Request Allocated 
	   Cpus                 :     0.30        1         1 
	   Disk (KB)            :    26           1    336099 
	   Memory (MB)          :   102        2000      2000 
...
