000 (5003735.000.000) 04/06 10:44:13 Job submitted from host: <137.138.156.150:9618?addrs=137.138.156.150-9618+[2001-1458-d00-14--9a]-9618&alias=bigbird13.cern.ch&noUDP&sock=schedd_1774_6519_19>
...
040 (5003735.000.000) 04/06 10:56:14 Started transferring input files
	Transferring to host: <188.184.190.218:9618?addrs=188.184.190.218-9618+[2001-1458-301-4b--100-de]-9618&alias=b7g42n0438.cern.ch&noUDP&sock=slot1_7_29753_6e13_42761>
...
040 (5003735.000.000) 04/06 10:56:14 Finished transferring input files
...
001 (5003735.000.000) 04/06 10:56:15 Job executing on host: <188.184.190.218:9618?addrs=188.184.190.218-9618+[2001-1458-301-4b--100-de]-9618&alias=b7g42n0438.cern.ch&noUDP&sock=startd_5690_71f8>
...
006 (5003735.000.000) 04/06 10:56:24 Image size of job updated: 387812
	96  -  MemoryUsage of job (MB)
	97392  -  ResidentSetSize of job (KB)
...
006 (5003735.000.000) 04/06 11:01:25 Image size of job updated: 478332
	99  -  MemoryUsage of job (MB)
	101052  -  ResidentSetSize of job (KB)
...
040 (5003735.000.000) 04/06 11:01:50 Started transferring output files
...
040 (5003735.000.000) 04/06 11:01:50 Finished transferring output files
...
005 (5003735.000.000) 04/06 11:01:50 Job terminated.
	(1) Normal termination (return value 0)
		Usr 0 00:01:42, Sys 0 00:00:02  -  Run Remote Usage
		Usr 0 00:00:00, Sys 0 00:00:00  -  Run Local Usage
		Usr 0 00:01:42, Sys 0 00:00:02  -  Total Remote Usage
		Usr 0 00:00:00, Sys 0 00:00:00  -  Total Local Usage
	4154  -  Run Bytes Sent By Job
	719  -  Run Bytes Received By Job
	4154  -  Total Bytes Sent By Job
	719  -  Total Bytes Received By Job
	Partitionable Resources :    Usage  Request Allocated 
	   Cpus                 :     0.43        1         1 
	   Disk (KB)            :    25           1    324723 
	   Memory (MB)          :    99        2000      2000 
...
