000 (5003739.000.000) 04/06 10:44:18 Job submitted from host: <137.138.156.150:9618?addrs=137.138.156.150-9618+[2001-1458-d00-14--9a]-9618&alias=bigbird13.cern.ch&noUDP&sock=schedd_1774_6519_19>
...
040 (5003739.000.000) 04/06 10:56:15 Started transferring input files
	Transferring to host: <188.184.211.27:9618?addrs=188.184.211.27-9618+[2001-1458-301-10b--100-417]-9618&alias=b7g23n0553.cern.ch&noUDP&sock=slot1_4_10930_ec76_45835>
...
040 (5003739.000.000) 04/06 10:56:15 Finished transferring input files
...
001 (5003739.000.000) 04/06 10:56:16 Job executing on host: <188.184.211.27:9618?addrs=188.184.211.27-9618+[2001-1458-301-10b--100-417]-9618&alias=b7g23n0553.cern.ch&noUDP&sock=startd_3043_d2c8>
...
006 (5003739.000.000) 04/06 10:56:25 Image size of job updated: 161700
	96  -  MemoryUsage of job (MB)
	98140  -  ResidentSetSize of job (KB)
...
006 (5003739.000.000) 04/06 11:01:26 Image size of job updated: 478504
	102  -  MemoryUsage of job (MB)
	103992  -  ResidentSetSize of job (KB)
...
040 (5003739.000.000) 04/06 11:01:31 Started transferring output files
...
040 (5003739.000.000) 04/06 11:01:31 Finished transferring output files
...
005 (5003739.000.000) 04/06 11:01:31 Job terminated.
	(1) Normal termination (return value 0)
		Usr 0 00:02:27, Sys 0 00:00:03  -  Run Remote Usage
		Usr 0 00:00:00, Sys 0 00:00:00  -  Run Local Usage
		Usr 0 00:02:27, Sys 0 00:00:03  -  Total Remote Usage
		Usr 0 00:00:00, Sys 0 00:00:00  -  Total Local Usage
	4154  -  Run Bytes Sent By Job
	719  -  Run Bytes Received By Job
	4154  -  Total Bytes Sent By Job
	719  -  Total Bytes Received By Job
	Partitionable Resources :    Usage  Request Allocated 
	   Cpus                 :     0.66        1         1 
	   Disk (KB)            :    25           1    340123 
	   Memory (MB)          :   102        2000      2000 
...
