000 (5003702.000.000) 04/06 10:43:09 Job submitted from host: <137.138.156.150:9618?addrs=137.138.156.150-9618+[2001-1458-d00-14--9a]-9618&alias=bigbird13.cern.ch&noUDP&sock=schedd_1774_6519_19>
...
040 (5003702.000.000) 04/06 10:56:22 Started transferring input files
	Transferring to host: <128.142.87.21:9618?addrs=128.142.87.21-9618+[2001-1458-301-f6--100-53b]-9618&noUDP&sock=16024_1b85_56185>
...
040 (5003702.000.000) 04/06 10:56:22 Finished transferring input files
...
001 (5003702.000.000) 04/06 10:56:23 Job executing on host: <128.142.87.21:9618?addrs=128.142.87.21-9618+[2001-1458-301-f6--100-53b]-9618&noUDP&sock=15868_b4e5_3>
...
006 (5003702.000.000) 04/06 10:56:32 Image size of job updated: 43520
	24  -  MemoryUsage of job (MB)
	23724  -  ResidentSetSize of job (KB)
...
006 (5003702.000.000) 04/06 10:57:11 Image size of job updated: 158336
	24  -  MemoryUsage of job (MB)
	23724  -  ResidentSetSize of job (KB)
...
040 (5003702.000.000) 04/06 10:57:11 Started transferring output files
...
040 (5003702.000.000) 04/06 10:57:11 Finished transferring output files
...
005 (5003702.000.000) 04/06 10:57:11 Job terminated.
	(1) Normal termination (return value 0)
		Usr 0 00:00:14, Sys 0 00:00:01  -  Run Remote Usage
		Usr 0 00:00:00, Sys 0 00:00:00  -  Run Local Usage
		Usr 0 00:00:14, Sys 0 00:00:01  -  Total Remote Usage
		Usr 0 00:00:00, Sys 0 00:00:00  -  Total Local Usage
	4154  -  Run Bytes Sent By Job
	716  -  Run Bytes Received By Job
	4154  -  Total Bytes Sent By Job
	716  -  Total Bytes Received By Job
	Partitionable Resources :    Usage  Request Allocated 
	   Cpus                 :        0        1         1 
	   Disk (KB)            :       26        1    271520 
	   Memory (MB)          :       24     2000      2000 
...
