000 (5003855.000.000) 04/06 10:47:24 Job submitted from host: <137.138.156.150:9618?addrs=137.138.156.150-9618+[2001-1458-d00-14--9a]-9618&alias=bigbird13.cern.ch&noUDP&sock=schedd_1774_6519_19>
...
040 (5003855.000.000) 04/06 10:59:14 Started transferring input files
	Transferring to host: <128.142.79.36:9618?addrs=128.142.79.36-9618+[2001-1458-301-f4--100-242]-9618&noUDP&sock=17049_500e_65075>
...
040 (5003855.000.000) 04/06 10:59:14 Finished transferring input files
...
001 (5003855.000.000) 04/06 10:59:15 Job executing on host: <128.142.79.36:9618?addrs=128.142.79.36-9618+[2001-1458-301-f4--100-242]-9618&noUDP&sock=16942_619c_3>
...
006 (5003855.000.000) 04/06 10:59:24 Image size of job updated: 152820
	88  -  MemoryUsage of job (MB)
	89392  -  ResidentSetSize of job (KB)
...
006 (5003855.000.000) 04/06 11:00:58 Image size of job updated: 163112
	88  -  MemoryUsage of job (MB)
	89392  -  ResidentSetSize of job (KB)
...
040 (5003855.000.000) 04/06 11:00:58 Started transferring output files
...
040 (5003855.000.000) 04/06 11:00:58 Finished transferring output files
...
005 (5003855.000.000) 04/06 11:00:58 Job terminated.
	(1) Normal termination (return value 0)
		Usr 0 00:00:38, Sys 0 00:00:01  -  Run Remote Usage
		Usr 0 00:00:00, Sys 0 00:00:00  -  Run Local Usage
		Usr 0 00:00:38, Sys 0 00:00:01  -  Total Remote Usage
		Usr 0 00:00:00, Sys 0 00:00:00  -  Total Local Usage
	4154  -  Run Bytes Sent By Job
	711  -  Run Bytes Received By Job
	4154  -  Total Bytes Sent By Job
	711  -  Total Bytes Received By Job
	Partitionable Resources :    Usage  Request Allocated 
	   Cpus                 :        0        1         1 
	   Disk (KB)            :       26        1    295191 
	   Memory (MB)          :       88     2000      2000 
...
