000 (5003858.000.000) 04/06 10:47:28 Job submitted from host: <137.138.156.150:9618?addrs=137.138.156.150-9618+[2001-1458-d00-14--9a]-9618&alias=bigbird13.cern.ch&noUDP&sock=schedd_1774_6519_19>
...
040 (5003858.000.000) 04/06 10:59:15 Started transferring input files
	Transferring to host: <128.142.83.198:9618?addrs=128.142.83.198-9618+[2001-1458-301-f5--100-5f]-9618&noUDP&sock=16828_9925_35194>
...
040 (5003858.000.000) 04/06 10:59:15 Finished transferring input files
...
001 (5003858.000.000) 04/06 10:59:16 Job executing on host: <128.142.83.198:9618?addrs=128.142.83.198-9618+[2001-1458-301-f5--100-5f]-9618&noUDP&sock=16637_2d3a_3>
...
006 (5003858.000.000) 04/06 10:59:24 Image size of job updated: 156420
	91  -  MemoryUsage of job (MB)
	92968  -  ResidentSetSize of job (KB)
...
006 (5003858.000.000) 04/06 11:03:13 Image size of job updated: 167524
	91  -  MemoryUsage of job (MB)
	92968  -  ResidentSetSize of job (KB)
...
040 (5003858.000.000) 04/06 11:03:13 Started transferring output files
...
040 (5003858.000.000) 04/06 11:03:13 Finished transferring output files
...
005 (5003858.000.000) 04/06 11:03:13 Job terminated.
	(1) Normal termination (return value 0)
		Usr 0 00:01:55, Sys 0 00:00:02  -  Run Remote Usage
		Usr 0 00:00:00, Sys 0 00:00:00  -  Run Local Usage
		Usr 0 00:01:55, Sys 0 00:00:02  -  Total Remote Usage
		Usr 0 00:00:00, Sys 0 00:00:00  -  Total Local Usage
	4154  -  Run Bytes Sent By Job
	711  -  Run Bytes Received By Job
	4154  -  Total Bytes Sent By Job
	711  -  Total Bytes Received By Job
	Partitionable Resources :    Usage  Request Allocated 
	   Cpus                 :     0.64        1         1 
	   Disk (KB)            :    26           1    282769 
	   Memory (MB)          :    91        2000      2000 
...
