000 (5003853.000.000) 04/06 10:47:21 Job submitted from host: <137.138.156.150:9618?addrs=137.138.156.150-9618+[2001-1458-d00-14--9a]-9618&alias=bigbird13.cern.ch&noUDP&sock=schedd_1774_6519_19>
...
040 (5003853.000.000) 04/06 10:59:14 Started transferring input files
	Transferring to host: <128.142.83.254:9618?addrs=128.142.83.254-9618+[2001-1458-301-f5--100-517]-9618&noUDP&sock=16857_0807_61474>
...
040 (5003853.000.000) 04/06 10:59:14 Finished transferring input files
...
001 (5003853.000.000) 04/06 10:59:15 Job executing on host: <128.142.83.254:9618?addrs=128.142.83.254-9618+[2001-1458-301-f5--100-517]-9618&noUDP&sock=16700_63b1_3>
...
006 (5003853.000.000) 04/06 10:59:24 Image size of job updated: 92976
	46  -  MemoryUsage of job (MB)
	46488  -  ResidentSetSize of job (KB)
...
006 (5003853.000.000) 04/06 11:00:44 Image size of job updated: 502588
	46  -  MemoryUsage of job (MB)
	46488  -  ResidentSetSize of job (KB)
...
040 (5003853.000.000) 04/06 11:00:44 Started transferring output files
...
040 (5003853.000.000) 04/06 11:00:44 Finished transferring output files
...
005 (5003853.000.000) 04/06 11:00:44 Job terminated.
	(1) Normal termination (return value 0)
		Usr 0 00:00:37, Sys 0 00:00:01  -  Run Remote Usage
		Usr 0 00:00:00, Sys 0 00:00:00  -  Run Local Usage
		Usr 0 00:00:37, Sys 0 00:00:01  -  Total Remote Usage
		Usr 0 00:00:00, Sys 0 00:00:00  -  Total Local Usage
	4154  -  Run Bytes Sent By Job
	711  -  Run Bytes Received By Job
	4154  -  Total Bytes Sent By Job
	711  -  Total Bytes Received By Job
	Partitionable Resources :    Usage  Request Allocated 
	   Cpus                 :     0.17        1         1 
	   Disk (KB)            :    26           1    288435 
	   Memory (MB)          :    46        2000      2000 
...
