000 (5003857.000.000) 04/06 10:47:27 Job submitted from host: <137.138.156.150:9618?addrs=137.138.156.150-9618+[2001-1458-d00-14--9a]-9618&alias=bigbird13.cern.ch&noUDP&sock=schedd_1774_6519_19>
...
040 (5003857.000.000) 04/06 10:59:15 Started transferring input files
	Transferring to host: <188.184.168.25:9618?addrs=188.184.168.25-9618+[2001-1458-301-c0--100-3aa]-9618&alias=b7g52n9633.cern.ch&noUDP&sock=slot1_3_21415_8e00_38536>
...
040 (5003857.000.000) 04/06 10:59:15 Finished transferring input files
...
001 (5003857.000.000) 04/06 10:59:16 Job executing on host: <188.184.168.25:9618?addrs=188.184.168.25-9618+[2001-1458-301-c0--100-3aa]-9618&alias=b7g52n9633.cern.ch&noUDP&sock=startd_17906_9ae9>
...
006 (5003857.000.000) 04/06 10:59:24 Image size of job updated: 155160
	90  -  MemoryUsage of job (MB)
	91712  -  ResidentSetSize of job (KB)
...
006 (5003857.000.000) 04/06 11:04:24 Image size of job updated: 478948
	98  -  MemoryUsage of job (MB)
	99656  -  ResidentSetSize of job (KB)
...
006 (5003857.000.000) 04/06 11:09:25 Image size of job updated: 478948
	98  -  MemoryUsage of job (MB)
	99988  -  ResidentSetSize of job (KB)
...
006 (5003857.000.000) 04/06 11:14:26 Image size of job updated: 478948
	101  -  MemoryUsage of job (MB)
	103404  -  ResidentSetSize of job (KB)
...
040 (5003857.000.000) 04/06 11:14:29 Started transferring output files
...
040 (5003857.000.000) 04/06 11:14:29 Finished transferring output files
...
005 (5003857.000.000) 04/06 11:14:30 Job terminated.
	(1) Normal termination (return value 0)
		Usr 0 00:01:29, Sys 0 00:00:02  -  Run Remote Usage
		Usr 0 00:00:00, Sys 0 00:00:00  -  Run Local Usage
		Usr 0 00:01:29, Sys 0 00:00:02  -  Total Remote Usage
		Usr 0 00:00:00, Sys 0 00:00:00  -  Total Local Usage
	4154  -  Run Bytes Sent By Job
	711  -  Run Bytes Received By Job
	4154  -  Total Bytes Sent By Job
	711  -  Total Bytes Received By Job
	Partitionable Resources :    Usage  Request Allocated 
	   Cpus                 :     0.05        1         1 
	   Disk (KB)            :    25           1    274637 
	   Memory (MB)          :   101        2000      2000 
...
