000 (5003856.000.000) 04/06 10:47:26 Job submitted from host: <137.138.156.150:9618?addrs=137.138.156.150-9618+[2001-1458-d00-14--9a]-9618&alias=bigbird13.cern.ch&noUDP&sock=schedd_1774_6519_19>
...
040 (5003856.000.000) 04/06 10:59:15 Started transferring input files
	Transferring to host: <128.142.87.50:9618?addrs=128.142.87.50-9618+[2001-1458-301-f6--100-574]-9618&noUDP&sock=15606_96b4_63287>
...
040 (5003856.000.000) 04/06 10:59:15 Finished transferring input files
...
001 (5003856.000.000) 04/06 10:59:16 Job executing on host: <128.142.87.50:9618?addrs=128.142.87.50-9618+[2001-1458-301-f6--100-574]-9618&noUDP&sock=15449_4eb7_3>
...
006 (5003856.000.000) 04/06 10:59:24 Image size of job updated: 162304
	97  -  MemoryUsage of job (MB)
	98740  -  ResidentSetSize of job (KB)
...
006 (5003856.000.000) 04/06 11:03:02 Image size of job updated: 166968
	97  -  MemoryUsage of job (MB)
	98740  -  ResidentSetSize of job (KB)
...
040 (5003856.000.000) 04/06 11:03:02 Started transferring output files
...
040 (5003856.000.000) 04/06 11:03:02 Finished transferring output files
...
005 (5003856.000.000) 04/06 11:03:03 Job terminated.
	(1) Normal termination (return value 0)
		Usr 0 00:01:31, Sys 0 00:00:01  -  Run Remote Usage
		Usr 0 00:00:00, Sys 0 00:00:00  -  Run Local Usage
		Usr 0 00:01:31, Sys 0 00:00:01  -  Total Remote Usage
		Usr 0 00:00:00, Sys 0 00:00:00  -  Total Local Usage
	4154  -  Run Bytes Sent By Job
	711  -  Run Bytes Received By Job
	4154  -  Total Bytes Sent By Job
	711  -  Total Bytes Received By Job
	Partitionable Resources :    Usage  Request Allocated 
	   Cpus                 :     0.30        1         1 
	   Disk (KB)            :    26           1    275233 
	   Memory (MB)          :    97        2000      2000 
...
