000 (5003852.000.000) 04/06 10:47:20 Job submitted from host: <137.138.156.150:9618?addrs=137.138.156.150-9618+[2001-1458-d00-14--9a]-9618&alias=bigbird13.cern.ch&noUDP&sock=schedd_1774_6519_19>
...
040 (5003852.000.000) 04/06 10:59:13 Started transferring input files
	Transferring to host: <128.142.76.123:9618?addrs=128.142.76.123-9618+[2001-1458-301-f4--100-46d]-9618&alias=b7s12n7105.cern.ch&noUDP&sock=slot1_10_926_335f_38970>
...
040 (5003852.000.000) 04/06 10:59:13 Finished transferring input files
...
001 (5003852.000.000) 04/06 10:59:14 Job executing on host: <128.142.76.123:9618?addrs=128.142.76.123-9618+[2001-1458-301-f4--100-46d]-9618&alias=b7s12n7105.cern.ch&noUDP&sock=startd_16766_a8f1>
...
006 (5003852.000.000) 04/06 10:59:23 Image size of job updated: 460336
	85  -  MemoryUsage of job (MB)
	86556  -  ResidentSetSize of job (KB)
...
006 (5003852.000.000) 04/06 11:01:16 Image size of job updated: 475720
	85  -  MemoryUsage of job (MB)
	86556  -  ResidentSetSize of job (KB)
...
040 (5003852.000.000) 04/06 11:01:16 Started transferring output files
...
040 (5003852.000.000) 04/06 11:01:16 Finished transferring output files
...
005 (5003852.000.000) 04/06 11:01:17 Job terminated.
	(1) Normal termination (return value 0)
		Usr 0 00:00:24, Sys 0 00:00:01  -  Run Remote Usage
		Usr 0 00:00:00, Sys 0 00:00:00  -  Run Local Usage
		Usr 0 00:00:24, Sys 0 00:00:01  -  Total Remote Usage
		Usr 0 00:00:00, Sys 0 00:00:00  -  Total Local Usage
	4154  -  Run Bytes Sent By Job
	711  -  Run Bytes Received By Job
	4154  -  Total Bytes Sent By Job
	711  -  Total Bytes Received By Job
	Partitionable Resources :    Usage  Request Allocated 
	   Cpus                 :                 1         1 
	   Disk (KB)            :       18        1    285310 
	   Memory (MB)          :       85     2000      2000 
...
