000 (5018878.000.000) 04/07 10:59:59 Job submitted from host: <137.138.156.150:9618?addrs=137.138.156.150-9618+[2001-1458-d00-14--9a]-9618&alias=bigbird13.cern.ch&noUDP&sock=schedd_1774_6519_19>
...
040 (5018878.000.000) 04/07 11:01:15 Started transferring input files
	Transferring to host: <128.142.69.150:9618?addrs=128.142.69.150-9618+[2001-1458-301-52--100-344]-9618&noUDP&sock=2505_bfbf_98953>
...
040 (5018878.000.000) 04/07 11:01:15 Finished transferring input files
...
001 (5018878.000.000) 04/07 11:01:16 Job executing on host: <128.142.69.150:9618?addrs=128.142.69.150-9618+[2001-1458-301-52--100-344]-9618&noUDP&sock=2295_c1f1_3>
...
006 (5018878.000.000) 04/07 11:01:24 Image size of job updated: 159132
	94  -  MemoryUsage of job (MB)
	95900  -  ResidentSetSize of job (KB)
...
006 (5018878.000.000) 04/07 11:02:40 Image size of job updated: 164920
	94  -  MemoryUsage of job (MB)
	95900  -  ResidentSetSize of job (KB)
...
040 (5018878.000.000) 04/07 11:02:40 Started transferring output files
...
040 (5018878.000.000) 04/07 11:02:40 Finished transferring output files
...
005 (5018878.000.000) 04/07 11:02:40 Job terminated.
	(1) Normal termination (return value 0)
		Usr 0 00:00:51, Sys 0 00:00:01  -  Run Remote Usage
		Usr 0 00:00:00, Sys 0 00:00:00  -  Run Local Usage
		Usr 0 00:00:51, Sys 0 00:00:01  -  Total Remote Usage
		Usr 0 00:00:00, Sys 0 00:00:00  -  Total Local Usage
	4154  -  Run Bytes Sent By Job
	713  -  Run Bytes Received By Job
	4154  -  Total Bytes Sent By Job
	713  -  Total Bytes Received By Job
	Partitionable Resources :    Usage  Request Allocated 
	   Cpus                 :        0        1         1 
	   Disk (KB)            :       27        1    285745 
	   Memory (MB)          :       94     2000      2000 
...
