000 (5018915.000.000) 04/07 11:02:41 Job submitted from host: <137.138.156.150:9618?addrs=137.138.156.150-9618+[2001-1458-d00-14--9a]-9618&alias=bigbird13.cern.ch&noUDP&sock=schedd_1774_6519_19>
...
040 (5018915.000.000) 04/07 11:02:45 Started transferring input files
	Transferring to host: <188.184.197.212:9618?addrs=188.184.197.212-9618+[2001-1458-301-103--100-24]-9618&noUDP&sock=20873_aaaa_106238>
...
040 (5018915.000.000) 04/07 11:02:45 Finished transferring input files
...
001 (5018915.000.000) 04/07 11:02:46 Job executing on host: <188.184.197.212:9618?addrs=188.184.197.212-9618+[2001-1458-301-103--100-24]-9618&noUDP&sock=20819_ae4a_3>
...
006 (5018915.000.000) 04/07 11:02:55 Image size of job updated: 161672
	97  -  MemoryUsage of job (MB)
	98436  -  ResidentSetSize of job (KB)
...
006 (5018915.000.000) 04/07 11:07:56 Image size of job updated: 167460
	102  -  MemoryUsage of job (MB)
	104224  -  ResidentSetSize of job (KB)
...
040 (5018915.000.000) 04/07 11:08:37 Started transferring output files
...
040 (5018915.000.000) 04/07 11:08:37 Finished transferring output files
...
005 (5018915.000.000) 04/07 11:08:37 Job terminated.
	(1) Normal termination (return value 0)
		Usr 0 00:02:53, Sys 0 00:00:06  -  Run Remote Usage
		Usr 0 00:00:00, Sys 0 00:00:00  -  Run Local Usage
		Usr 0 00:02:53, Sys 0 00:00:06  -  Total Remote Usage
		Usr 0 00:00:00, Sys 0 00:00:00  -  Total Local Usage
	4154  -  Run Bytes Sent By Job
	716  -  Run Bytes Received By Job
	4154  -  Total Bytes Sent By Job
	716  -  Total Bytes Received By Job
	Partitionable Resources :    Usage  Request Allocated 
	   Cpus                 :     0.55        1         1 
	   Disk (KB)            :    27           1    344176 
	   Memory (MB)          :   102        2000      2000 
...
