000 (5018876.000.000) 04/07 10:59:56 Job submitted from host: <137.138.156.150:9618?addrs=137.138.156.150-9618+[2001-1458-d00-14--9a]-9618&alias=bigbird13.cern.ch&noUDP&sock=schedd_1774_6519_19>
...
040 (5018876.000.000) 04/07 11:01:12 Started transferring input files
	Transferring to host: <128.142.67.131:9618?addrs=128.142.67.131-9618&noUDP&sock=2471_cafe_139631>
...
040 (5018876.000.000) 04/07 11:01:12 Finished transferring input files
...
001 (5018876.000.000) 04/07 11:01:13 Job executing on host: <128.142.67.131:9618?addrs=128.142.67.131-9618&noUDP&sock=1919_da55_3>
...
006 (5018876.000.000) 04/07 11:01:22 Image size of job updated: 162304
	97  -  MemoryUsage of job (MB)
	99068  -  ResidentSetSize of job (KB)
...
006 (5018876.000.000) 04/07 11:05:16 Image size of job updated: 502704
	97  -  MemoryUsage of job (MB)
	99068  -  ResidentSetSize of job (KB)
...
040 (5018876.000.000) 04/07 11:05:16 Started transferring output files
...
040 (5018876.000.000) 04/07 11:05:16 Finished transferring output files
...
005 (5018876.000.000) 04/07 11:05:17 Job terminated.
	(1) Normal termination (return value 0)
		Usr 0 00:01:33, Sys 0 00:00:03  -  Run Remote Usage
		Usr 0 00:00:00, Sys 0 00:00:00  -  Run Local Usage
		Usr 0 00:01:33, Sys 0 00:00:03  -  Total Remote Usage
		Usr 0 00:00:00, Sys 0 00:00:00  -  Total Local Usage
	4154  -  Run Bytes Sent By Job
	713  -  Run Bytes Received By Job
	4154  -  Total Bytes Sent By Job
	713  -  Total Bytes Received By Job
	Partitionable Resources :    Usage  Request Allocated 
	   Cpus                 :     0.25        1         1 
	   Disk (KB)            :    27           1    277859 
	   Memory (MB)          :    97        2000      2000 
...
