000 (5018954.000.000) 04/07 11:05:10 Job submitted from host: <137.138.156.150:9618?addrs=137.138.156.150-9618+[2001-1458-d00-14--9a]-9618&alias=bigbird13.cern.ch&noUDP&sock=schedd_1774_6519_19>
...
040 (5018954.000.000) 04/07 11:05:12 Started transferring input files
	Transferring to host: <128.142.84.173:9618?addrs=128.142.84.173-9618+[2001-1458-301-f6--100-1f0]-9618&alias=b7s14n1779.cern.ch&noUDP&sock=slot1_6_28650_4446_44782>
...
040 (5018954.000.000) 04/07 11:05:12 Finished transferring input files
...
001 (5018954.000.000) 04/07 11:05:13 Job executing on host: <128.142.84.173:9618?addrs=128.142.84.173-9618+[2001-1458-301-f6--100-1f0]-9618&alias=b7s14n1779.cern.ch&noUDP&sock=startd_16739_23e3>
...
006 (5018954.000.000) 04/07 11:05:22 Image size of job updated: 473804
	95  -  MemoryUsage of job (MB)
	97064  -  ResidentSetSize of job (KB)
...
006 (5018954.000.000) 04/07 11:06:50 Image size of job updated: 478104
	95  -  MemoryUsage of job (MB)
	97064  -  ResidentSetSize of job (KB)
...
040 (5018954.000.000) 04/07 11:06:50 Started transferring output files
...
040 (5018954.000.000) 04/07 11:06:50 Finished transferring output files
...
005 (5018954.000.000) 04/07 11:06:50 Job terminated.
	(1) Normal termination (return value 0)
		Usr 0 00:01:00, Sys 0 00:00:01  -  Run Remote Usage
		Usr 0 00:00:00, Sys 0 00:00:00  -  Run Local Usage
		Usr 0 00:01:00, Sys 0 00:00:01  -  Total Remote Usage
		Usr 0 00:00:00, Sys 0 00:00:00  -  Total Local Usage
	4154  -  Run Bytes Sent By Job
	716  -  Run Bytes Received By Job
	4154  -  Total Bytes Sent By Job
	716  -  Total Bytes Received By Job
	Partitionable Resources :    Usage  Request Allocated 
	   Cpus                 :                 1         1 
	   Disk (KB)            :       19        1    272362 
	   Memory (MB)          :       95     2000      2000 
...
