000 (5018873.000.000) 04/07 10:59:45 Job submitted from host: <137.138.156.150:9618?addrs=137.138.156.150-9618+[2001-1458-d00-14--9a]-9618&alias=bigbird13.cern.ch&noUDP&sock=schedd_1774_6519_19>
...
040 (5018873.000.000) 04/07 11:00:46 Started transferring input files
	Transferring to host: <188.184.169.147:9618?addrs=188.184.169.147-9618+[2001-1458-301-c0--100-3ed]-9618&alias=b7g52n4842.cern.ch&noUDP&sock=slot1_5_20074_b2e9_40073>
...
040 (5018873.000.000) 04/07 11:00:46 Finished transferring input files
...
001 (5018873.000.000) 04/07 11:00:47 Job executing on host: <188.184.169.147:9618?addrs=188.184.169.147-9618+[2001-1458-301-c0--100-3ed]-9618&alias=b7g52n4842.cern.ch&noUDP&sock=startd_17550_6b31>
...
006 (5018873.000.000) 04/07 11:00:56 Image size of job updated: 161728
	97  -  MemoryUsage of job (MB)
	98488  -  ResidentSetSize of job (KB)
...
006 (5018873.000.000) 04/07 11:04:15 Image size of job updated: 478716
	97  -  MemoryUsage of job (MB)
	98488  -  ResidentSetSize of job (KB)
...
040 (5018873.000.000) 04/07 11:04:15 Started transferring output files
...
040 (5018873.000.000) 04/07 11:04:15 Finished transferring output files
...
005 (5018873.000.000) 04/07 11:04:15 Job terminated.
	(1) Normal termination (return value 0)
		Usr 0 00:01:27, Sys 0 00:00:02  -  Run Remote Usage
		Usr 0 00:00:00, Sys 0 00:00:00  -  Run Local Usage
		Usr 0 00:01:27, Sys 0 00:00:02  -  Total Remote Usage
		Usr 0 00:00:00, Sys 0 00:00:00  -  Total Local Usage
	4154  -  Run Bytes Sent By Job
	713  -  Run Bytes Received By Job
	4154  -  Total Bytes Sent By Job
	713  -  Total Bytes Received By Job
	Partitionable Resources :    Usage  Request Allocated 
	   Cpus                 :                 1         1 
	   Disk (KB)            :       19        1    275810 
	   Memory (MB)          :       97     2000      2000 
...
