000 (5018875.000.000) 04/07 10:59:52 Job submitted from host: <137.138.156.150:9618?addrs=137.138.156.150-9618+[2001-1458-d00-14--9a]-9618&alias=bigbird13.cern.ch&noUDP&sock=schedd_1774_6519_19>
...
040 (5018875.000.000) 04/07 11:01:03 Started transferring input files
	Transferring to host: <128.142.70.74:9618?addrs=128.142.70.74-9618&noUDP&sock=2967_4512_127223>
...
040 (5018875.000.000) 04/07 11:01:03 Finished transferring input files
...
001 (5018875.000.000) 04/07 11:01:04 Job executing on host: <128.142.70.74:9618?addrs=128.142.70.74-9618&noUDP&sock=2203_a73a_3>
...
006 (5018875.000.000) 04/07 11:01:13 Image size of job updated: 161812
	97  -  MemoryUsage of job (MB)
	98576  -  ResidentSetSize of job (KB)
...
006 (5018875.000.000) 04/07 11:04:11 Image size of job updated: 166908
	97  -  MemoryUsage of job (MB)
	98576  -  ResidentSetSize of job (KB)
...
040 (5018875.000.000) 04/07 11:04:11 Started transferring output files
...
040 (5018875.000.000) 04/07 11:04:11 Finished transferring output files
...
005 (5018875.000.000) 04/07 11:04:11 Job terminated.
	(1) Normal termination (return value 0)
		Usr 0 00:01:49, Sys 0 00:00:03  -  Run Remote Usage
		Usr 0 00:00:00, Sys 0 00:00:00  -  Run Local Usage
		Usr 0 00:01:49, Sys 0 00:00:03  -  Total Remote Usage
		Usr 0 00:00:00, Sys 0 00:00:00  -  Total Local Usage
	4154  -  Run Bytes Sent By Job
	713  -  Run Bytes Received By Job
	4154  -  Total Bytes Sent By Job
	713  -  Total Bytes Received By Job
	Partitionable Resources :    Usage  Request Allocated 
	   Cpus                 :     0.51        1         1 
	   Disk (KB)            :    27           1    251065 
	   Memory (MB)          :    97        2000      2000 
...
