000 (5018912.000.000) 04/07 11:02:30 Job submitted from host: <137.138.156.150:9618?addrs=137.138.156.150-9618+[2001-1458-d00-14--9a]-9618&alias=bigbird13.cern.ch&noUDP&sock=schedd_1774_6519_19>
...
040 (5018912.000.000) 04/07 11:02:36 Started transferring input files
	Transferring to host: <188.184.197.13:9618?addrs=188.184.197.13-9618+[2001-1458-301-103--100-3a4]-9618&alias=b7g23n0676.cern.ch&noUDP&sock=slot1_4_22728_ae95_36550>
...
040 (5018912.000.000) 04/07 11:02:36 Finished transferring input files
...
001 (5018912.000.000) 04/07 11:02:37 Job executing on host: <188.184.197.13:9618?addrs=188.184.197.13-9618+[2001-1458-301-103--100-3a4]-9618&alias=b7g23n0676.cern.ch&noUDP&sock=startd_18078_9533>
...
006 (5018912.000.000) 04/07 11:02:46 Image size of job updated: 463340
	97  -  MemoryUsage of job (MB)
	98588  -  ResidentSetSize of job (KB)
...
006 (5018912.000.000) 04/07 11:05:51 Image size of job updated: 478716
	97  -  MemoryUsage of job (MB)
	98588  -  ResidentSetSize of job (KB)
...
040 (5018912.000.000) 04/07 11:05:51 Started transferring output files
...
040 (5018912.000.000) 04/07 11:05:51 Finished transferring output files
...
005 (5018912.000.000) 04/07 11:05:51 Job terminated.
	(1) Normal termination (return value 0)
		Usr 0 00:01:57, Sys 0 00:00:03  -  Run Remote Usage
		Usr 0 00:00:00, Sys 0 00:00:00  -  Run Local Usage
		Usr 0 00:01:57, Sys 0 00:00:03  -  Total Remote Usage
		Usr 0 00:00:00, Sys 0 00:00:00  -  Total Local Usage
	4154  -  Run Bytes Sent By Job
	716  -  Run Bytes Received By Job
	4154  -  Total Bytes Sent By Job
	716  -  Total Bytes Received By Job
	Partitionable Resources :    Usage  Request Allocated 
	   Cpus                 :                 1         1 
	   Disk (KB)            :       19        1    355139 
	   Memory (MB)          :       97     2000      2000 
...
