000 (5018947.000.000) 04/07 11:04:38 Job submitted from host: <137.138.156.150:9618?addrs=137.138.156.150-9618+[2001-1458-d00-14--9a]-9618&alias=bigbird13.cern.ch&noUDP&sock=schedd_1774_6519_19>
...
040 (5018947.000.000) 04/07 11:04:45 Started transferring input files
	Transferring to host: <128.142.69.178:9618?addrs=128.142.69.178-9618&noUDP&sock=3232_fc7d_138712>
...
040 (5018947.000.000) 04/07 11:04:45 Finished transferring input files
...
001 (5018947.000.000) 04/07 11:04:46 Job executing on host: <128.142.69.178:9618?addrs=128.142.69.178-9618&noUDP&sock=2142_cff3_3>
...
006 (5018947.000.000) 04/07 11:04:55 Image size of job updated: 162040
	97  -  MemoryUsage of job (MB)
	98804  -  ResidentSetSize of job (KB)
...
006 (5018947.000.000) 04/07 11:07:52 Image size of job updated: 166444
	97  -  MemoryUsage of job (MB)
	98804  -  ResidentSetSize of job (KB)
...
040 (5018947.000.000) 04/07 11:07:52 Started transferring output files
...
040 (5018947.000.000) 04/07 11:07:52 Finished transferring output files
...
005 (5018947.000.000) 04/07 11:07:52 Job terminated.
	(1) Normal termination (return value 0)
		Usr 0 00:01:32, Sys 0 00:00:03  -  Run Remote Usage
		Usr 0 00:00:00, Sys 0 00:00:00  -  Run Local Usage
		Usr 0 00:01:32, Sys 0 00:00:03  -  Total Remote Usage
		Usr 0 00:00:00, Sys 0 00:00:00  -  Total Local Usage
	4154  -  Run Bytes Sent By Job
	716  -  Run Bytes Received By Job
	4154  -  Total Bytes Sent By Job
	716  -  Total Bytes Received By Job
	Partitionable Resources :    Usage  Request Allocated 
	   Cpus                 :     0.67        1         1 
	   Disk (KB)            :    26           1    271529 
	   Memory (MB)          :    97        2000      2000 
...
