000 (5018901.000.000) 04/07 11:01:56 Job submitted from host: <137.138.156.150:9618?addrs=137.138.156.150-9618+[2001-1458-d00-14--9a]-9618&alias=bigbird13.cern.ch&noUDP&sock=schedd_1774_6519_19>
...
040 (5018901.000.000) 04/07 11:02:10 Started transferring input files
	Transferring to host: <188.184.169.182:9618?addrs=188.184.169.182-9618+[2001-1458-301-c0--100-3f8]-9618&alias=b7g52n3016.cern.ch&noUDP&sock=slot1_5_30309_2eaa_45385>
...
040 (5018901.000.000) 04/07 11:02:10 Finished transferring input files
...
001 (5018901.000.000) 04/07 11:02:11 Job executing on host: <188.184.169.182:9618?addrs=188.184.169.182-9618+[2001-1458-301-c0--100-3f8]-9618&alias=b7g52n3016.cern.ch&noUDP&sock=startd_16275_dff1>
...
006 (5018901.000.000) 04/07 11:02:20 Image size of job updated: 478396
	96  -  MemoryUsage of job (MB)
	98036  -  ResidentSetSize of job (KB)
...
040 (5018901.000.000) 04/07 11:05:46 Started transferring output files
...
040 (5018901.000.000) 04/07 11:05:47 Finished transferring output files
...
005 (5018901.000.000) 04/07 11:05:47 Job terminated.
	(1) Normal termination (return value 0)
		Usr 0 00:02:10, Sys 0 00:00:03  -  Run Remote Usage
		Usr 0 00:00:00, Sys 0 00:00:00  -  Run Local Usage
		Usr 0 00:02:10, Sys 0 00:00:03  -  Total Remote Usage
		Usr 0 00:00:00, Sys 0 00:00:00  -  Total Local Usage
	4154  -  Run Bytes Sent By Job
	716  -  Run Bytes Received By Job
	4154  -  Total Bytes Sent By Job
	716  -  Total Bytes Received By Job
	Partitionable Resources :    Usage  Request Allocated 
	   Cpus                 :     0.43        1         1 
	   Disk (KB)            :    26           1    254422 
	   Memory (MB)          :    96        2000      2000 
...
