000 (5018902.000.000) 04/07 11:01:59 Job submitted from host: <137.138.156.150:9618?addrs=137.138.156.150-9618+[2001-1458-d00-14--9a]-9618&alias=bigbird13.cern.ch&noUDP&sock=schedd_1774_6519_19>
...
040 (5018902.000.000) 04/07 11:02:15 Started transferring input files
	Transferring to host: <128.142.68.146:9618?addrs=128.142.68.146-9618&noUDP&sock=3368_cf82_140495>
...
040 (5018902.000.000) 04/07 11:02:15 Finished transferring input files
...
001 (5018902.000.000) 04/07 11:02:16 Job executing on host: <128.142.68.146:9618?addrs=128.142.68.146-9618&noUDP&sock=2225_be50_3>
...
006 (5018902.000.000) 04/07 11:02:24 Image size of job updated: 162128
	97  -  MemoryUsage of job (MB)
	98896  -  ResidentSetSize of job (KB)
...
006 (5018902.000.000) 04/07 11:05:13 Image size of job updated: 165788
	97  -  MemoryUsage of job (MB)
	98896  -  ResidentSetSize of job (KB)
...
040 (5018902.000.000) 04/07 11:05:13 Started transferring output files
...
040 (5018902.000.000) 04/07 11:05:13 Finished transferring output files
...
005 (5018902.000.000) 04/07 11:05:13 Job terminated.
	(1) Normal termination (return value 0)
		Usr 0 00:01:33, Sys 0 00:00:03  -  Run Remote Usage
		Usr 0 00:00:00, Sys 0 00:00:00  -  Run Local Usage
		Usr 0 00:01:33, Sys 0 00:00:03  -  Total Remote Usage
		Usr 0 00:00:00, Sys 0 00:00:00  -  Total Local Usage
	4154  -  Run Bytes Sent By Job
	716  -  Run Bytes Received By Job
	4154  -  Total Bytes Sent By Job
	716  -  Total Bytes Received By Job
	Partitionable Resources :    Usage  Request Allocated 
	   Cpus                 :     0.60        1         1 
	   Disk (KB)            :    27           1    284478 
	   Memory (MB)          :    97        2000      2000 
...
