000 (5018955.000.000) 04/07 11:05:15 Job submitted from host: <137.138.156.150:9618?addrs=137.138.156.150-9618+[2001-1458-d00-14--9a]-9618&alias=bigbird13.cern.ch&noUDP&sock=schedd_1774_6519_19>
...
040 (5018955.000.000) 04/07 11:05:18 Started transferring input files
	Transferring to host: <128.142.67.131:9618?addrs=128.142.67.131-9618&noUDP&sock=2471_cafe_139637>
...
040 (5018955.000.000) 04/07 11:05:18 Finished transferring input files
...
001 (5018955.000.000) 04/07 11:05:19 Job executing on host: <128.142.67.131:9618?addrs=128.142.67.131-9618&noUDP&sock=1919_da55_3>
...
006 (5018955.000.000) 04/07 11:05:27 Image size of job updated: 161364
	96  -  MemoryUsage of job (MB)
	98140  -  ResidentSetSize of job (KB)
...
006 (5018955.000.000) 04/07 11:07:45 Image size of job updated: 503128
	96  -  MemoryUsage of job (MB)
	98140  -  ResidentSetSize of job (KB)
...
040 (5018955.000.000) 04/07 11:07:45 Started transferring output files
...
040 (5018955.000.000) 04/07 11:07:45 Finished transferring output files
...
005 (5018955.000.000) 04/07 11:07:45 Job terminated.
	(1) Normal termination (return value 0)
		Usr 0 00:01:10, Sys 0 00:00:02  -  Run Remote Usage
		Usr 0 00:00:00, Sys 0 00:00:00  -  Run Local Usage
		Usr 0 00:01:10, Sys 0 00:00:02  -  Total Remote Usage
		Usr 0 00:00:00, Sys 0 00:00:00  -  Total Local Usage
	4154  -  Run Bytes Sent By Job
	716  -  Run Bytes Received By Job
	4154  -  Total Bytes Sent By Job
	716  -  Total Bytes Received By Job
	Partitionable Resources :    Usage  Request Allocated 
	   Cpus                 :        0        1         1 
	   Disk (KB)            :       26        1    273065 
	   Memory (MB)          :       96     2000      2000 
...
