000 (5018916.000.000) 04/07 11:02:43 Job submitted from host: <137.138.156.150:9618?addrs=137.138.156.150-9618+[2001-1458-d00-14--9a]-9618&alias=bigbird13.cern.ch&noUDP&sock=schedd_1774_6519_19>
...
040 (5018916.000.000) 04/07 11:02:49 Started transferring input files
	Transferring to host: <188.184.196.240:9618?addrs=188.184.196.240-9618+[2001-1458-301-102--100-d2]-9618&alias=b7g24n0455.cern.ch&noUDP&sock=slot1_5_14389_1a22_38926>
...
040 (5018916.000.000) 04/07 11:02:49 Finished transferring input files
...
001 (5018916.000.000) 04/07 11:02:50 Job executing on host: <188.184.196.240:9618?addrs=188.184.196.240-9618+[2001-1458-301-102--100-d2]-9618&alias=b7g24n0455.cern.ch&noUDP&sock=startd_20332_a3ab>
...
006 (5018916.000.000) 04/07 11:02:59 Image size of job updated: 473128
	95  -  MemoryUsage of job (MB)
	96356  -  ResidentSetSize of job (KB)
...
006 (5018916.000.000) 04/07 11:06:44 Image size of job updated: 478068
	95  -  MemoryUsage of job (MB)
	96356  -  ResidentSetSize of job (KB)
...
040 (5018916.000.000) 04/07 11:06:44 Started transferring output files
...
040 (5018916.000.000) 04/07 11:06:44 Finished transferring output files
...
005 (5018916.000.000) 04/07 11:06:44 Job terminated.
	(1) Normal termination (return value 0)
		Usr 0 00:01:56, Sys 0 00:00:03  -  Run Remote Usage
		Usr 0 00:00:00, Sys 0 00:00:00  -  Run Local Usage
		Usr 0 00:01:56, Sys 0 00:00:03  -  Total Remote Usage
		Usr 0 00:00:00, Sys 0 00:00:00  -  Total Local Usage
	4154  -  Run Bytes Sent By Job
	716  -  Run Bytes Received By Job
	4154  -  Total Bytes Sent By Job
	716  -  Total Bytes Received By Job
	Partitionable Resources :    Usage  Request Allocated 
	   Cpus                 :                 1         1 
	   Disk (KB)            :       19        1    278220 
	   Memory (MB)          :       95     2000      2000 
...
