000 (5018893.000.000) 04/07 11:01:24 Job submitted from host: <137.138.156.150:9618?addrs=137.138.156.150-9618+[2001-1458-d00-14--9a]-9618&alias=bigbird13.cern.ch&noUDP&sock=schedd_1774_6519_19>
...
040 (5018893.000.000) 04/07 11:01:59 Started transferring input files
	Transferring to host: <128.142.64.108:9618?addrs=128.142.64.108-9618&noUDP&sock=5825_fd46_84784>
...
040 (5018893.000.000) 04/07 11:01:59 Finished transferring input files
...
001 (5018893.000.000) 04/07 11:02:00 Job executing on host: <128.142.64.108:9618?addrs=128.142.64.108-9618&noUDP&sock=4785_b0c3_3>
...
006 (5018893.000.000) 04/07 11:02:09 Image size of job updated: 162196
	97  -  MemoryUsage of job (MB)
	98964  -  ResidentSetSize of job (KB)
...
040 (5018893.000.000) 04/07 11:06:46 Started transferring output files
...
040 (5018893.000.000) 04/07 11:06:46 Finished transferring output files
...
005 (5018893.000.000) 04/07 11:06:46 Job terminated.
	(1) Normal termination (return value 0)
		Usr 0 00:02:23, Sys 0 00:00:04  -  Run Remote Usage
		Usr 0 00:00:00, Sys 0 00:00:00  -  Run Local Usage
		Usr 0 00:02:23, Sys 0 00:00:04  -  Total Remote Usage
		Usr 0 00:00:00, Sys 0 00:00:00  -  Total Local Usage
	4154  -  Run Bytes Sent By Job
	716  -  Run Bytes Received By Job
	4154  -  Total Bytes Sent By Job
	716  -  Total Bytes Received By Job
	Partitionable Resources :    Usage  Request Allocated 
	   Cpus                 :     0.63        1         1 
	   Disk (KB)            :    27           1    246045 
	   Memory (MB)          :    97        2000      2000 
...
