000 (5018932.000.000) 04/07 11:03:45 Job submitted from host: <137.138.156.150:9618?addrs=137.138.156.150-9618+[2001-1458-d00-14--9a]-9618&alias=bigbird13.cern.ch&noUDP&sock=schedd_1774_6519_19>
...
040 (5018932.000.000) 04/07 11:03:52 Started transferring input files
	Transferring to host: <128.142.68.171:9618?addrs=128.142.68.171-9618+[2001-1458-301-52--100-26d]-9618&alias=b7s10n2982.cern.ch&noUDP&sock=slot1_2_9172_40ee_40214>
...
040 (5018932.000.000) 04/07 11:03:52 Finished transferring input files
...
001 (5018932.000.000) 04/07 11:03:53 Job executing on host: <128.142.68.171:9618?addrs=128.142.68.171-9618+[2001-1458-301-52--100-26d]-9618&alias=b7s10n2982.cern.ch&noUDP&sock=startd_2137_61fa>
...
006 (5018932.000.000) 04/07 11:04:02 Image size of job updated: 478752
	96  -  MemoryUsage of job (MB)
	97972  -  ResidentSetSize of job (KB)
...
040 (5018932.000.000) 04/07 11:08:55 Started transferring output files
...
040 (5018932.000.000) 04/07 11:08:55 Finished transferring output files
...
005 (5018932.000.000) 04/07 11:08:55 Job terminated.
	(1) Normal termination (return value 0)
		Usr 0 00:02:27, Sys 0 00:00:05  -  Run Remote Usage
		Usr 0 00:00:00, Sys 0 00:00:00  -  Run Local Usage
		Usr 0 00:02:27, Sys 0 00:00:05  -  Total Remote Usage
		Usr 0 00:00:00, Sys 0 00:00:00  -  Total Local Usage
	4154  -  Run Bytes Sent By Job
	716  -  Run Bytes Received By Job
	4154  -  Total Bytes Sent By Job
	716  -  Total Bytes Received By Job
	Partitionable Resources :    Usage  Request Allocated 
	   Cpus                 :                 1         1 
	   Disk (KB)            :       19        1    241771 
	   Memory (MB)          :       96     2000      2000 
...
