000 (5018887.000.000) 04/07 11:00:57 Job submitted from host: <137.138.156.150:9618?addrs=137.138.156.150-9618+[2001-1458-d00-14--9a]-9618&alias=bigbird13.cern.ch&noUDP&sock=schedd_1774_6519_19>
...
040 (5018887.000.000) 04/07 11:01:44 Started transferring input files
	Transferring to host: <188.184.213.34:9618?addrs=188.184.213.34-9618+[2001-1458-301-10c--100-103]-9618&noUDP&sock=7121_237b_52381>
...
040 (5018887.000.000) 04/07 11:01:44 Finished transferring input files
...
001 (5018887.000.000) 04/07 11:01:45 Job executing on host: <188.184.213.34:9618?addrs=188.184.213.34-9618+[2001-1458-301-10c--100-103]-9618&noUDP&sock=20241_388d_209>
...
006 (5018887.000.000) 04/07 11:01:54 Image size of job updated: 161464
	96  -  MemoryUsage of job (MB)
	98228  -  ResidentSetSize of job (KB)
...
006 (5018887.000.000) 04/07 11:03:47 Image size of job updated: 164628
	96  -  MemoryUsage of job (MB)
	98228  -  ResidentSetSize of job (KB)
...
040 (5018887.000.000) 04/07 11:03:47 Started transferring output files
...
040 (5018887.000.000) 04/07 11:03:47 Finished transferring output files
...
005 (5018887.000.000) 04/07 11:03:47 Job terminated.
	(1) Normal termination (return value 0)
		Usr 0 00:01:22, Sys 0 00:00:02  -  Run Remote Usage
		Usr 0 00:00:00, Sys 0 00:00:00  -  Run Local Usage
		Usr 0 00:01:22, Sys 0 00:00:02  -  Total Remote Usage
		Usr 0 00:00:00, Sys 0 00:00:00  -  Total Local Usage
	4154  -  Run Bytes Sent By Job
	716  -  Run Bytes Received By Job
	4154  -  Total Bytes Sent By Job
	716  -  Total Bytes Received By Job
	Partitionable Resources :    Usage  Request Allocated 
	   Cpus                 :     0.74        1         1 
	   Disk (KB)            :    27           1    281023 
	   Memory (MB)          :    96        2000      2000 
...
