000 (5018949.000.000) 04/07 11:04:48 Job submitted from host: <137.138.156.150:9618?addrs=137.138.156.150-9618+[2001-1458-d00-14--9a]-9618&alias=bigbird13.cern.ch&noUDP&sock=schedd_1774_6519_19>
...
040 (5018949.000.000) 04/07 11:04:53 Started transferring input files
	Transferring to host: <188.184.139.44:9618?addrs=188.184.139.44-9618+[2001-1458-301-45--100-137]-9618&alias=b7g42n0587.cern.ch&noUDP&sock=slot1_8_21249_97b9_44321>
...
040 (5018949.000.000) 04/07 11:04:53 Finished transferring input files
...
001 (5018949.000.000) 04/07 11:04:54 Job executing on host: <188.184.139.44:9618?addrs=188.184.139.44-9618+[2001-1458-301-45--100-137]-9618&alias=b7g42n0587.cern.ch&noUDP&sock=startd_5676_d7a5>
...
006 (5018949.000.000) 04/07 11:05:04 Image size of job updated: 459784
	97  -  MemoryUsage of job (MB)
	98372  -  ResidentSetSize of job (KB)
...
006 (5018949.000.000) 04/07 11:10:04 Image size of job updated: 478744
	102  -  MemoryUsage of job (MB)
	103448  -  ResidentSetSize of job (KB)
...
040 (5018949.000.000) 04/07 11:10:53 Started transferring output files
...
040 (5018949.000.000) 04/07 11:10:53 Finished transferring output files
...
005 (5018949.000.000) 04/07 11:10:54 Job terminated.
	(1) Normal termination (return value 0)
		Usr 0 00:02:24, Sys 0 00:00:04  -  Run Remote Usage
		Usr 0 00:00:00, Sys 0 00:00:00  -  Run Local Usage
		Usr 0 00:02:24, Sys 0 00:00:04  -  Total Remote Usage
		Usr 0 00:00:00, Sys 0 00:00:00  -  Total Local Usage
	4154  -  Run Bytes Sent By Job
	716  -  Run Bytes Received By Job
	4154  -  Total Bytes Sent By Job
	716  -  Total Bytes Received By Job
	Partitionable Resources :    Usage  Request Allocated 
	   Cpus                 :     0.36        1         1 
	   Disk (KB)            :    26           1    291372 
	   Memory (MB)          :   102        2000      2000 
...
