000 (5018941.000.000) 04/07 11:04:17 Job submitted from host: <137.138.156.150:9618?addrs=137.138.156.150-9618+[2001-1458-d00-14--9a]-9618&alias=bigbird13.cern.ch&noUDP&sock=schedd_1774_6519_19>
...
040 (5018941.000.000) 04/07 11:04:17 Started transferring input files
	Transferring to host: <188.184.213.53:9618?addrs=188.184.213.53-9618&noUDP&sock=2910_1baf_181688>
...
040 (5018941.000.000) 04/07 11:04:17 Finished transferring input files
...
001 (5018941.000.000) 04/07 11:04:18 Job executing on host: <188.184.213.53:9618?addrs=188.184.213.53-9618&noUDP&sock=1906_ef99_3>
...
006 (5018941.000.000) 04/07 11:04:27 Image size of job updated: 162444
	97  -  MemoryUsage of job (MB)
	99204  -  ResidentSetSize of job (KB)
...
006 (5018941.000.000) 04/07 11:07:14 Image size of job updated: 166000
	97  -  MemoryUsage of job (MB)
	99204  -  ResidentSetSize of job (KB)
...
040 (5018941.000.000) 04/07 11:07:14 Started transferring output files
...
040 (5018941.000.000) 04/07 11:07:14 Finished transferring output files
...
005 (5018941.000.000) 04/07 11:07:14 Job terminated.
	(1) Normal termination (return value 0)
		Usr 0 00:01:51, Sys 0 00:00:04  -  Run Remote Usage
		Usr 0 00:00:00, Sys 0 00:00:00  -  Run Local Usage
		Usr 0 00:01:51, Sys 0 00:00:04  -  Total Remote Usage
		Usr 0 00:00:00, Sys 0 00:00:00  -  Total Local Usage
	4154  -  Run Bytes Sent By Job
	716  -  Run Bytes Received By Job
	4154  -  Total Bytes Sent By Job
	716  -  Total Bytes Received By Job
	Partitionable Resources :    Usage  Request Allocated 
	   Cpus                 :     0.05        1         1 
	   Disk (KB)            :    26           1    313324 
	   Memory (MB)          :    97        2000      2000 
...
