000 (5018925.000.000) 04/07 11:03:15 Job submitted from host: <137.138.156.150:9618?addrs=137.138.156.150-9618+[2001-1458-d00-14--9a]-9618&alias=bigbird13.cern.ch&noUDP&sock=schedd_1774_6519_19>
...
040 (5018925.000.000) 04/07 11:03:22 Started transferring input files
	Transferring to host: <128.142.193.200:9618?addrs=128.142.193.200-9618+[2001-1458-301-cc--100-382]-9618&alias=b7g52n0095.cern.ch&noUDP&sock=slot1_2_7255_8dc0_46354>
...
040 (5018925.000.000) 04/07 11:03:22 Finished transferring input files
...
001 (5018925.000.000) 04/07 11:03:23 Job executing on host: <128.142.193.200:9618?addrs=128.142.193.200-9618+[2001-1458-301-cc--100-382]-9618&alias=b7g52n0095.cern.ch&noUDP&sock=startd_2915_06a9>
...
006 (5018925.000.000) 04/07 11:03:32 Image size of job updated: 463616
	96  -  MemoryUsage of job (MB)
	98156  -  ResidentSetSize of job (KB)
...
006 (5018925.000.000) 04/07 11:06:08 Image size of job updated: 478704
	96  -  MemoryUsage of job (MB)
	98156  -  ResidentSetSize of job (KB)
...
040 (5018925.000.000) 04/07 11:06:08 Started transferring output files
...
040 (5018925.000.000) 04/07 11:06:08 Finished transferring output files
...
005 (5018925.000.000) 04/07 11:06:08 Job terminated.
	(1) Normal termination (return value 0)
		Usr 0 00:01:33, Sys 0 00:00:02  -  Run Remote Usage
		Usr 0 00:00:00, Sys 0 00:00:00  -  Run Local Usage
		Usr 0 00:01:33, Sys 0 00:00:02  -  Total Remote Usage
		Usr 0 00:00:00, Sys 0 00:00:00  -  Total Local Usage
	4154  -  Run Bytes Sent By Job
	716  -  Run Bytes Received By Job
	4154  -  Total Bytes Sent By Job
	716  -  Total Bytes Received By Job
	Partitionable Resources :    Usage  Request Allocated 
	   Cpus                 :                 1         1 
	   Disk (KB)            :       19        1    266382 
	   Memory (MB)          :       96     2000      2000 
...
