000 (5018938.000.000) 04/07 11:04:06 Job submitted from host: <137.138.156.150:9618?addrs=137.138.156.150-9618+[2001-1458-d00-14--9a]-9618&alias=bigbird13.cern.ch&noUDP&sock=schedd_1774_6519_19>
...
040 (5018938.000.000) 04/07 11:04:12 Started transferring input files
	Transferring to host: <128.142.70.74:9618?addrs=128.142.70.74-9618&noUDP&sock=2967_4512_127224>
...
040 (5018938.000.000) 04/07 11:04:12 Finished transferring input files
...
001 (5018938.000.000) 04/07 11:04:13 Job executing on host: <128.142.70.74:9618?addrs=128.142.70.74-9618&noUDP&sock=2203_a73a_3>
...
006 (5018938.000.000) 04/07 11:04:22 Image size of job updated: 159992
	95  -  MemoryUsage of job (MB)
	96756  -  ResidentSetSize of job (KB)
...
006 (5018938.000.000) 04/07 11:06:20 Image size of job updated: 164332
	95  -  MemoryUsage of job (MB)
	96756  -  ResidentSetSize of job (KB)
...
040 (5018938.000.000) 04/07 11:06:20 Started transferring output files
...
040 (5018938.000.000) 04/07 11:06:20 Finished transferring output files
...
005 (5018938.000.000) 04/07 11:06:21 Job terminated.
	(1) Normal termination (return value 0)
		Usr 0 00:00:57, Sys 0 00:00:02  -  Run Remote Usage
		Usr 0 00:00:00, Sys 0 00:00:00  -  Run Local Usage
		Usr 0 00:00:57, Sys 0 00:00:02  -  Total Remote Usage
		Usr 0 00:00:00, Sys 0 00:00:00  -  Total Local Usage
	4154  -  Run Bytes Sent By Job
	716  -  Run Bytes Received By Job
	4154  -  Total Bytes Sent By Job
	716  -  Total Bytes Received By Job
	Partitionable Resources :    Usage  Request Allocated 
	   Cpus                 :     0.69        1         1 
	   Disk (KB)            :    26           1    285090 
	   Memory (MB)          :    95        2000      2000 
...
