000 (5018924.000.000) 04/07 11:03:10 Job submitted from host: <137.138.156.150:9618?addrs=137.138.156.150-9618+[2001-1458-d00-14--9a]-9618&alias=bigbird13.cern.ch&noUDP&sock=schedd_1774_6519_19>
...
040 (5018924.000.000) 04/07 11:03:22 Started transferring input files
	Transferring to host: <128.142.73.243:9618?addrs=128.142.73.243-9618+[2001-1458-301-75--100-365]-9618&alias=b7s11n0173.cern.ch&noUDP&sock=slot1_9_28590_fdc4_60534>
...
040 (5018924.000.000) 04/07 11:03:22 Finished transferring input files
...
001 (5018924.000.000) 04/07 11:03:23 Job executing on host: <128.142.73.243:9618?addrs=128.142.73.243-9618+[2001-1458-301-75--100-365]-9618&alias=b7s11n0173.cern.ch&noUDP&sock=startd_16531_7830>
...
006 (5018924.000.000) 04/07 11:03:31 Image size of job updated: 478768
	97  -  MemoryUsage of job (MB)
	98704  -  ResidentSetSize of job (KB)
...
040 (5018924.000.000) 04/07 11:07:00 Started transferring output files
...
040 (5018924.000.000) 04/07 11:07:00 Finished transferring output files
...
005 (5018924.000.000) 04/07 11:07:00 Job terminated.
	(1) Normal termination (return value 0)
		Usr 0 00:01:44, Sys 0 00:00:03  -  Run Remote Usage
		Usr 0 00:00:00, Sys 0 00:00:00  -  Run Local Usage
		Usr 0 00:01:44, Sys 0 00:00:03  -  Total Remote Usage
		Usr 0 00:00:00, Sys 0 00:00:00  -  Total Local Usage
	4154  -  Run Bytes Sent By Job
	716  -  Run Bytes Received By Job
	4154  -  Total Bytes Sent By Job
	716  -  Total Bytes Received By Job
	Partitionable Resources :    Usage  Request Allocated 
	   Cpus                 :                 1         1 
	   Disk (KB)            :       19        1    259761 
	   Memory (MB)          :       97     2000      2000 
...
