000 (5018886.000.000) 04/07 11:00:55 Job submitted from host: <137.138.156.150:9618?addrs=137.138.156.150-9618+[2001-1458-d00-14--9a]-9618&alias=bigbird13.cern.ch&noUDP&sock=schedd_1774_6519_19>
...
040 (5018886.000.000) 04/07 11:01:37 Started transferring input files
	Transferring to host: <128.142.64.214:9618?addrs=128.142.64.214-9618&noUDP&sock=3185_dedb_140175>
...
040 (5018886.000.000) 04/07 11:01:37 Finished transferring input files
...
001 (5018886.000.000) 04/07 11:01:38 Job executing on host: <128.142.64.214:9618?addrs=128.142.64.214-9618&noUDP&sock=2084_0775_3>
...
006 (5018886.000.000) 04/07 11:01:47 Image size of job updated: 162548
	97  -  MemoryUsage of job (MB)
	99312  -  ResidentSetSize of job (KB)
...
006 (5018886.000.000) 04/07 11:05:24 Image size of job updated: 166660
	97  -  MemoryUsage of job (MB)
	99312  -  ResidentSetSize of job (KB)
...
040 (5018886.000.000) 04/07 11:05:24 Started transferring output files
...
040 (5018886.000.000) 04/07 11:05:24 Finished transferring output files
...
005 (5018886.000.000) 04/07 11:05:24 Job terminated.
	(1) Normal termination (return value 0)
		Usr 0 00:02:01, Sys 0 00:00:04  -  Run Remote Usage
		Usr 0 00:00:00, Sys 0 00:00:00  -  Run Local Usage
		Usr 0 00:02:01, Sys 0 00:00:04  -  Total Remote Usage
		Usr 0 00:00:00, Sys 0 00:00:00  -  Total Local Usage
	4154  -  Run Bytes Sent By Job
	716  -  Run Bytes Received By Job
	4154  -  Total Bytes Sent By Job
	716  -  Total Bytes Received By Job
	Partitionable Resources :    Usage  Request Allocated 
	   Cpus                 :     0.75        1         1 
	   Disk (KB)            :    26           1    245334 
	   Memory (MB)          :    97        2000      2000 
...
