000 (5018914.000.000) 04/07 11:02:36 Job submitted from host: <137.138.156.150:9618?addrs=137.138.156.150-9618+[2001-1458-d00-14--9a]-9618&alias=bigbird13.cern.ch&noUDP&sock=schedd_1774_6519_19>
...
040 (5018914.000.000) 04/07 11:02:39 Started transferring input files
	Transferring to host: <128.142.70.49:9618?addrs=128.142.70.49-9618+[2001-1458-301-52--100-ad]-9618&alias=b7s10n6444.cern.ch&noUDP&sock=slot1_8_18750_d234_38894>
...
040 (5018914.000.000) 04/07 11:02:39 Finished transferring input files
...
001 (5018914.000.000) 04/07 11:02:40 Job executing on host: <128.142.70.49:9618?addrs=128.142.70.49-9618+[2001-1458-301-52--100-ad]-9618&alias=b7s10n6444.cern.ch&noUDP&sock=startd_2016_6304>
...
006 (5018914.000.000) 04/07 11:02:48 Image size of job updated: 161588
	97  -  MemoryUsage of job (MB)
	98352  -  ResidentSetSize of job (KB)
...
006 (5018914.000.000) 04/07 11:06:04 Image size of job updated: 478728
	97  -  MemoryUsage of job (MB)
	98352  -  ResidentSetSize of job (KB)
...
040 (5018914.000.000) 04/07 11:06:04 Started transferring output files
...
040 (5018914.000.000) 04/07 11:06:04 Finished transferring output files
...
005 (5018914.000.000) 04/07 11:06:04 Job terminated.
	(1) Normal termination (return value 0)
		Usr 0 00:01:41, Sys 0 00:00:03  -  Run Remote Usage
		Usr 0 00:00:00, Sys 0 00:00:00  -  Run Local Usage
		Usr 0 00:01:41, Sys 0 00:00:03  -  Total Remote Usage
		Usr 0 00:00:00, Sys 0 00:00:00  -  Total Local Usage
	4154  -  Run Bytes Sent By Job
	716  -  Run Bytes Received By Job
	4154  -  Total Bytes Sent By Job
	716  -  Total Bytes Received By Job
	Partitionable Resources :    Usage  Request Allocated 
	   Cpus                 :                 1         1 
	   Disk (KB)            :       19        1    288127 
	   Memory (MB)          :       97     2000      2000 
...
