000 (5018926.000.000) 04/07 11:03:22 Job submitted from host: <137.138.156.150:9618?addrs=137.138.156.150-9618+[2001-1458-d00-14--9a]-9618&alias=bigbird13.cern.ch&noUDP&sock=schedd_1774_6519_19>
...
040 (5018926.000.000) 04/07 11:03:26 Started transferring input files
	Transferring to host: <128.142.78.65:9618?addrs=128.142.78.65-9618+[2001-1458-301-f4--100-401]-9618&noUDP&sock=16589_337c_65585>
...
040 (5018926.000.000) 04/07 11:03:26 Finished transferring input files
...
001 (5018926.000.000) 04/07 11:03:27 Job executing on host: <128.142.78.65:9618?addrs=128.142.78.65-9618+[2001-1458-301-f4--100-401]-9618&noUDP&sock=16433_3fe8_3>
...
006 (5018926.000.000) 04/07 11:03:35 Image size of job updated: 161780
	97  -  MemoryUsage of job (MB)
	98544  -  ResidentSetSize of job (KB)
...
006 (5018926.000.000) 04/07 11:07:05 Image size of job updated: 166980
	97  -  MemoryUsage of job (MB)
	98544  -  ResidentSetSize of job (KB)
...
040 (5018926.000.000) 04/07 11:07:05 Started transferring output files
...
040 (5018926.000.000) 04/07 11:07:05 Finished transferring output files
...
005 (5018926.000.000) 04/07 11:07:05 Job terminated.
	(1) Normal termination (return value 0)
		Usr 0 00:02:02, Sys 0 00:00:03  -  Run Remote Usage
		Usr 0 00:00:00, Sys 0 00:00:00  -  Run Local Usage
		Usr 0 00:02:02, Sys 0 00:00:03  -  Total Remote Usage
		Usr 0 00:00:00, Sys 0 00:00:00  -  Total Local Usage
	4154  -  Run Bytes Sent By Job
	716  -  Run Bytes Received By Job
	4154  -  Total Bytes Sent By Job
	716  -  Total Bytes Received By Job
	Partitionable Resources :    Usage  Request Allocated 
	   Cpus                 :     0.71        1         1 
	   Disk (KB)            :    27           1    281658 
	   Memory (MB)          :    97        2000      2000 
...
