000 (5018874.000.000) 04/07 10:59:47 Job submitted from host: <137.138.156.150:9618?addrs=137.138.156.150-9618+[2001-1458-d00-14--9a]-9618&alias=bigbird13.cern.ch&noUDP&sock=schedd_1774_6519_19>
...
040 (5018874.000.000) 04/07 11:00:47 Started transferring input files
	Transferring to host: <188.184.213.53:9618?addrs=188.184.213.53-9618&noUDP&sock=2910_1baf_181683>
...
040 (5018874.000.000) 04/07 11:00:47 Finished transferring input files
...
001 (5018874.000.000) 04/07 11:00:48 Job executing on host: <188.184.213.53:9618?addrs=188.184.213.53-9618&noUDP&sock=1906_ef99_3>
...
006 (5018874.000.000) 04/07 11:00:57 Image size of job updated: 161992
	97  -  MemoryUsage of job (MB)
	98764  -  ResidentSetSize of job (KB)
...
006 (5018874.000.000) 04/07 11:04:16 Image size of job updated: 164940
	97  -  MemoryUsage of job (MB)
	98764  -  ResidentSetSize of job (KB)
...
040 (5018874.000.000) 04/07 11:04:16 Started transferring output files
...
040 (5018874.000.000) 04/07 11:04:17 Finished transferring output files
...
005 (5018874.000.000) 04/07 11:04:17 Job terminated.
	(1) Normal termination (return value 0)
		Usr 0 00:01:57, Sys 0 00:00:04  -  Run Remote Usage
		Usr 0 00:00:00, Sys 0 00:00:00  -  Run Local Usage
		Usr 0 00:01:57, Sys 0 00:00:04  -  Total Remote Usage
		Usr 0 00:00:00, Sys 0 00:00:00  -  Total Local Usage
	4154  -  Run Bytes Sent By Job
	713  -  Run Bytes Received By Job
	4154  -  Total Bytes Sent By Job
	713  -  Total Bytes Received By Job
	Partitionable Resources :    Usage  Request Allocated 
	   Cpus                 :     0.71        1         1 
	   Disk (KB)            :    27           1    310940 
	   Memory (MB)          :    97        2000      2000 
...
