000 (5018889.000.000) 04/07 11:01:01 Job submitted from host: <137.138.156.150:9618?addrs=137.138.156.150-9618+[2001-1458-d00-14--9a]-9618&alias=bigbird13.cern.ch&noUDP&sock=schedd_1774_6519_19>
...
040 (5018889.000.000) 04/07 11:01:50 Started transferring input files
	Transferring to host: <128.142.82.253:9618?addrs=128.142.82.253-9618+[2001-1458-301-f5--100-3b]-9618&noUDP&sock=16233_5ded_65647>
...
040 (5018889.000.000) 04/07 11:01:50 Finished transferring input files
...
001 (5018889.000.000) 04/07 11:01:51 Job executing on host: <128.142.82.253:9618?addrs=128.142.82.253-9618+[2001-1458-301-f5--100-3b]-9618&noUDP&sock=16076_6098_3>
...
006 (5018889.000.000) 04/07 11:01:59 Image size of job updated: 161524
	96  -  MemoryUsage of job (MB)
	98288  -  ResidentSetSize of job (KB)
...
040 (5018889.000.000) 04/07 11:04:45 Started transferring output files
...
040 (5018889.000.000) 04/07 11:04:45 Finished transferring output files
...
005 (5018889.000.000) 04/07 11:04:45 Job terminated.
	(1) Normal termination (return value 0)
		Usr 0 00:01:26, Sys 0 00:00:02  -  Run Remote Usage
		Usr 0 00:00:00, Sys 0 00:00:00  -  Run Local Usage
		Usr 0 00:01:26, Sys 0 00:00:02  -  Total Remote Usage
		Usr 0 00:00:00, Sys 0 00:00:00  -  Total Local Usage
	4154  -  Run Bytes Sent By Job
	716  -  Run Bytes Received By Job
	4154  -  Total Bytes Sent By Job
	716  -  Total Bytes Received By Job
	Partitionable Resources :    Usage  Request Allocated 
	   Cpus                 :     0.61        1         1 
	   Disk (KB)            :    27           1    285924 
	   Memory (MB)          :    96        2000      2000 
...
