000 (5018904.000.000) 04/07 11:02:06 Job submitted from host: <137.138.156.150:9618?addrs=137.138.156.150-9618+[2001-1458-d00-14--9a]-9618&alias=bigbird13.cern.ch&noUDP&sock=schedd_1774_6519_19>
...
040 (5018904.000.000) 04/07 11:02:18 Started transferring input files
	Transferring to host: <188.184.139.84:9618?addrs=188.184.139.84-9618&noUDP&sock=2916_55f0_197111>
...
040 (5018904.000.000) 04/07 11:02:18 Finished transferring input files
...
001 (5018904.000.000) 04/07 11:02:19 Job executing on host: <188.184.139.84:9618?addrs=188.184.139.84-9618&noUDP&sock=1959_4a1e_3>
...
006 (5018904.000.000) 04/07 11:02:27 Image size of job updated: 162124
	97  -  MemoryUsage of job (MB)
	98892  -  ResidentSetSize of job (KB)
...
006 (5018904.000.000) 04/07 11:07:27 Image size of job updated: 166444
	101  -  MemoryUsage of job (MB)
	103212  -  ResidentSetSize of job (KB)
...
006 (5018904.000.000) 04/07 11:07:37 Image size of job updated: 503112
	101  -  MemoryUsage of job (MB)
	103212  -  ResidentSetSize of job (KB)
...
040 (5018904.000.000) 04/07 11:07:37 Started transferring output files
...
040 (5018904.000.000) 04/07 11:07:37 Finished transferring output files
...
005 (5018904.000.000) 04/07 11:07:38 Job terminated.
	(1) Normal termination (return value 0)
		Usr 0 00:02:11, Sys 0 00:00:03  -  Run Remote Usage
		Usr 0 00:00:00, Sys 0 00:00:00  -  Run Local Usage
		Usr 0 00:02:11, Sys 0 00:00:03  -  Total Remote Usage
		Usr 0 00:00:00, Sys 0 00:00:00  -  Total Local Usage
	4154  -  Run Bytes Sent By Job
	716  -  Run Bytes Received By Job
	4154  -  Total Bytes Sent By Job
	716  -  Total Bytes Received By Job
	Partitionable Resources :    Usage  Request Allocated 
	   Cpus                 :     0.74        1         1 
	   Disk (KB)            :    26           1    289934 
	   Memory (MB)          :   101        2000      2000 
...
