000 (5018911.000.000) 04/07 11:02:26 Job submitted from host: <137.138.156.150:9618?addrs=137.138.156.150-9618+[2001-1458-d00-14--9a]-9618&alias=bigbird13.cern.ch&noUDP&sock=schedd_1774_6519_19>
...
040 (5018911.000.000) 04/07 11:02:34 Started transferring input files
	Transferring to host: <188.184.212.12:9618?addrs=188.184.212.12-9618+[2001-1458-301-10c--100-22]-9618&alias=b7g24n0040.cern.ch&noUDP&sock=slot1_5_8906_d523_59783>
...
040 (5018911.000.000) 04/07 11:02:34 Finished transferring input files
...
001 (5018911.000.000) 04/07 11:02:35 Job executing on host: <188.184.212.12:9618?addrs=188.184.212.12-9618+[2001-1458-301-10c--100-22]-9618&alias=b7g24n0040.cern.ch&noUDP&sock=startd_20309_dcfd>
...
006 (5018911.000.000) 04/07 11:02:44 Image size of job updated: 375104
	94  -  MemoryUsage of job (MB)
	95696  -  ResidentSetSize of job (KB)
...
006 (5018911.000.000) 04/07 11:06:11 Image size of job updated: 480480
	94  -  MemoryUsage of job (MB)
	95696  -  ResidentSetSize of job (KB)
...
040 (5018911.000.000) 04/07 11:06:11 Started transferring output files
...
040 (5018911.000.000) 04/07 11:06:11 Finished transferring output files
...
005 (5018911.000.000) 04/07 11:06:12 Job terminated.
	(1) Normal termination (return value 0)
		Usr 0 00:01:59, Sys 0 00:00:03  -  Run Remote Usage
		Usr 0 00:00:00, Sys 0 00:00:00  -  Run Local Usage
		Usr 0 00:01:59, Sys 0 00:00:03  -  Total Remote Usage
		Usr 0 00:00:00, Sys 0 00:00:00  -  Total Local Usage
	4154  -  Run Bytes Sent By Job
	716  -  Run Bytes Received By Job
	4154  -  Total Bytes Sent By Job
	716  -  Total Bytes Received By Job
	Partitionable Resources :    Usage  Request Allocated 
	   Cpus                 :                 1         1 
	   Disk (KB)            :       19        1    297807 
	   Memory (MB)          :       94     2000      2000 
...
