000 (5018894.000.000) 04/07 11:01:29 Job submitted from host: <137.138.156.150:9618?addrs=137.138.156.150-9618+[2001-1458-d00-14--9a]-9618&alias=bigbird13.cern.ch&noUDP&sock=schedd_1774_6519_19>
...
040 (5018894.000.000) 04/07 11:02:01 Started transferring input files
	Transferring to host: <128.142.83.100:9618?addrs=128.142.83.100-9618+[2001-1458-301-f5--100-567]-9618&noUDP&sock=16312_0790_66153>
...
040 (5018894.000.000) 04/07 11:02:01 Finished transferring input files
...
001 (5018894.000.000) 04/07 11:02:02 Job executing on host: <128.142.83.100:9618?addrs=128.142.83.100-9618+[2001-1458-301-f5--100-567]-9618&noUDP&sock=16155_9094_3>
...
006 (5018894.000.000) 04/07 11:02:10 Image size of job updated: 160592
	96  -  MemoryUsage of job (MB)
	97348  -  ResidentSetSize of job (KB)
...
006 (5018894.000.000) 04/07 11:05:17 Image size of job updated: 166204
	96  -  MemoryUsage of job (MB)
	97348  -  ResidentSetSize of job (KB)
...
040 (5018894.000.000) 04/07 11:05:17 Started transferring output files
...
040 (5018894.000.000) 04/07 11:05:17 Finished transferring output files
...
005 (5018894.000.000) 04/07 11:05:17 Job terminated.
	(1) Normal termination (return value 0)
		Usr 0 00:01:21, Sys 0 00:00:02  -  Run Remote Usage
		Usr 0 00:00:00, Sys 0 00:00:00  -  Run Local Usage
		Usr 0 00:01:21, Sys 0 00:00:02  -  Total Remote Usage
		Usr 0 00:00:00, Sys 0 00:00:00  -  Total Local Usage
	4154  -  Run Bytes Sent By Job
	716  -  Run Bytes Received By Job
	4154  -  Total Bytes Sent By Job
	716  -  Total Bytes Received By Job
	Partitionable Resources :    Usage  Request Allocated 
	   Cpus                 :     0.29        1         1 
	   Disk (KB)            :    27           1    280196 
	   Memory (MB)          :    96        2000      2000 
...
