000 (5018943.000.000) 04/07 11:04:21 Job submitted from host: <137.138.156.150:9618?addrs=137.138.156.150-9618+[2001-1458-d00-14--9a]-9618&alias=bigbird13.cern.ch&noUDP&sock=schedd_1774_6519_19>
...
040 (5018943.000.000) 04/07 11:04:23 Started transferring input files
	Transferring to host: <128.142.70.191:9618?addrs=128.142.70.191-9618+[2001-1458-301-52--100-ba]-9618&noUDP&sock=6492_f381_4256>
...
040 (5018943.000.000) 04/07 11:04:23 Finished transferring input files
...
001 (5018943.000.000) 04/07 11:04:24 Job executing on host: <128.142.70.191:9618?addrs=128.142.70.191-9618+[2001-1458-301-52--100-ba]-9618&noUDP&sock=4447_d9c0_3>
...
006 (5018943.000.000) 04/07 11:04:32 Image size of job updated: 162232
	97  -  MemoryUsage of job (MB)
	98988  -  ResidentSetSize of job (KB)
...
006 (5018943.000.000) 04/07 11:09:32 Image size of job updated: 166076
	101  -  MemoryUsage of job (MB)
	102832  -  ResidentSetSize of job (KB)
...
040 (5018943.000.000) 04/07 11:18:18 Started transferring output files
...
040 (5018943.000.000) 04/07 11:18:18 Finished transferring output files
...
005 (5018943.000.000) 04/07 11:18:18 Job terminated.
	(1) Normal termination (return value 0)
		Usr 0 00:01:46, Sys 0 00:00:03  -  Run Remote Usage
		Usr 0 00:00:00, Sys 0 00:00:00  -  Run Local Usage
		Usr 0 00:01:46, Sys 0 00:00:03  -  Total Remote Usage
		Usr 0 00:00:00, Sys 0 00:00:00  -  Total Local Usage
	4154  -  Run Bytes Sent By Job
	716  -  Run Bytes Received By Job
	4154  -  Total Bytes Sent By Job
	716  -  Total Bytes Received By Job
	Partitionable Resources :    Usage  Request Allocated 
	   Cpus                 :     0.45        1         1 
	   Disk (KB)            :    27           1    276179 
	   Memory (MB)          :   101        2000      2000 
...
