000 (5018907.000.000) 04/07 11:02:11 Job submitted from host: <137.138.156.150:9618?addrs=137.138.156.150-9618+[2001-1458-d00-14--9a]-9618&alias=bigbird13.cern.ch&noUDP&sock=schedd_1774_6519_19>
...
040 (5018907.000.000) 04/07 11:02:30 Started transferring input files
	Transferring to host: <128.142.73.157:9618?addrs=128.142.73.157-9618+[2001-1458-301-75--100-3cf]-9618&alias=b7s11n6636.cern.ch&noUDP&sock=slot1_3_16205_a36c_39948>
...
040 (5018907.000.000) 04/07 11:02:30 Finished transferring input files
...
001 (5018907.000.000) 04/07 11:02:31 Job executing on host: <128.142.73.157:9618?addrs=128.142.73.157-9618+[2001-1458-301-75--100-3cf]-9618&alias=b7s11n6636.cern.ch&noUDP&sock=startd_16685_19c5>
...
006 (5018907.000.000) 04/07 11:02:40 Image size of job updated: 161440
	96  -  MemoryUsage of job (MB)
	98204  -  ResidentSetSize of job (KB)
...
006 (5018907.000.000) 04/07 11:05:53 Image size of job updated: 478700
	96  -  MemoryUsage of job (MB)
	98204  -  ResidentSetSize of job (KB)
...
040 (5018907.000.000) 04/07 11:05:53 Started transferring output files
...
040 (5018907.000.000) 04/07 11:05:53 Finished transferring output files
...
005 (5018907.000.000) 04/07 11:05:53 Job terminated.
	(1) Normal termination (return value 0)
		Usr 0 00:01:39, Sys 0 00:00:02  -  Run Remote Usage
		Usr 0 00:00:00, Sys 0 00:00:00  -  Run Local Usage
		Usr 0 00:01:39, Sys 0 00:00:02  -  Total Remote Usage
		Usr 0 00:00:00, Sys 0 00:00:00  -  Total Local Usage
	4154  -  Run Bytes Sent By Job
	716  -  Run Bytes Received By Job
	4154  -  Total Bytes Sent By Job
	716  -  Total Bytes Received By Job
	Partitionable Resources :    Usage  Request Allocated 
	   Cpus                 :                 1         1 
	   Disk (KB)            :       19        1    274530 
	   Memory (MB)          :       96     2000      2000 
...
