000 (5018879.000.000) 04/07 11:00:02 Job submitted from host: <137.138.156.150:9618?addrs=137.138.156.150-9618+[2001-1458-d00-14--9a]-9618&alias=bigbird13.cern.ch&noUDP&sock=schedd_1774_6519_19>
...
040 (5018879.000.000) 04/07 11:01:23 Started transferring input files
	Transferring to host: <188.184.139.57:9618?addrs=188.184.139.57-9618+[2001-1458-301-45--100-11b]-9618&alias=b7g42n0557.cern.ch&noUDP&sock=slot1_9_10956_3e37_47353>
...
040 (5018879.000.000) 04/07 11:01:23 Finished transferring input files
...
001 (5018879.000.000) 04/07 11:01:24 Job executing on host: <188.184.139.57:9618?addrs=188.184.139.57-9618+[2001-1458-301-45--100-11b]-9618&alias=b7g42n0557.cern.ch&noUDP&sock=startd_5686_b397>
...
006 (5018879.000.000) 04/07 11:01:33 Image size of job updated: 475692
	95  -  MemoryUsage of job (MB)
	96484  -  ResidentSetSize of job (KB)
...
006 (5018879.000.000) 04/07 11:05:09 Image size of job updated: 480796
	95  -  MemoryUsage of job (MB)
	96484  -  ResidentSetSize of job (KB)
...
040 (5018879.000.000) 04/07 11:05:10 Started transferring output files
...
040 (5018879.000.000) 04/07 11:05:10 Finished transferring output files
...
005 (5018879.000.000) 04/07 11:05:10 Job terminated.
	(1) Normal termination (return value 0)
		Usr 0 00:01:48, Sys 0 00:00:03  -  Run Remote Usage
		Usr 0 00:00:00, Sys 0 00:00:00  -  Run Local Usage
		Usr 0 00:01:48, Sys 0 00:00:03  -  Total Remote Usage
		Usr 0 00:00:00, Sys 0 00:00:00  -  Total Local Usage
	4154  -  Run Bytes Sent By Job
	713  -  Run Bytes Received By Job
	4154  -  Total Bytes Sent By Job
	713  -  Total Bytes Received By Job
	Partitionable Resources :    Usage  Request Allocated 
	   Cpus                 :     0.66        1         1 
	   Disk (KB)            :    26           1    283965 
	   Memory (MB)          :    95        2000      2000 
...
