000 (5018900.000.000) 04/07 11:01:54 Job submitted from host: <137.138.156.150:9618?addrs=137.138.156.150-9618+[2001-1458-d00-14--9a]-9618&alias=bigbird13.cern.ch&noUDP&sock=schedd_1774_6519_19>
...
040 (5018900.000.000) 04/07 11:02:09 Started transferring input files
	Transferring to host: <128.142.78.51:9618?addrs=128.142.78.51-9618+[2001-1458-301-f4--100-477]-9618&alias=b7s12n7913.cern.ch&noUDP&sock=slot1_6_5064_cbc7_44803>
...
040 (5018900.000.000) 04/07 11:02:09 Finished transferring input files
...
001 (5018900.000.000) 04/07 11:02:10 Job executing on host: <128.142.78.51:9618?addrs=128.142.78.51-9618+[2001-1458-301-f4--100-477]-9618&alias=b7s12n7913.cern.ch&noUDP&sock=startd_16729_47f0>
...
006 (5018900.000.000) 04/07 11:02:19 Image size of job updated: 478356
	97  -  MemoryUsage of job (MB)
	98356  -  ResidentSetSize of job (KB)
...
006 (5018900.000.000) 04/07 11:07:20 Image size of job updated: 478356
	101  -  MemoryUsage of job (MB)
	103216  -  ResidentSetSize of job (KB)
...
040 (5018900.000.000) 04/07 11:07:29 Started transferring output files
...
040 (5018900.000.000) 04/07 11:07:29 Finished transferring output files
...
005 (5018900.000.000) 04/07 11:07:29 Job terminated.
	(1) Normal termination (return value 0)
		Usr 0 00:01:33, Sys 0 00:00:02  -  Run Remote Usage
		Usr 0 00:00:00, Sys 0 00:00:00  -  Run Local Usage
		Usr 0 00:01:33, Sys 0 00:00:02  -  Total Remote Usage
		Usr 0 00:00:00, Sys 0 00:00:00  -  Total Local Usage
	4154  -  Run Bytes Sent By Job
	716  -  Run Bytes Received By Job
	4154  -  Total Bytes Sent By Job
	716  -  Total Bytes Received By Job
	Partitionable Resources :    Usage  Request Allocated 
	   Cpus                 :                 1         1 
	   Disk (KB)            :       19        1    277402 
	   Memory (MB)          :      101     2000      2000 
...
