000 (5018944.000.000) 04/07 11:04:26 Job submitted from host: <137.138.156.150:9618?addrs=137.138.156.150-9618+[2001-1458-d00-14--9a]-9618&alias=bigbird13.cern.ch&noUDP&sock=schedd_1774_6519_19>
...
040 (5018944.000.000) 04/07 11:04:30 Started transferring input files
	Transferring to host: <188.184.138.59:9618?addrs=188.184.138.59-9618+[2001-1458-301-45--100-19]-9618&noUDP&sock=22205_2e60_195802>
...
040 (5018944.000.000) 04/07 11:04:30 Finished transferring input files
...
001 (5018944.000.000) 04/07 11:04:31 Job executing on host: <188.184.138.59:9618?addrs=188.184.138.59-9618+[2001-1458-301-45--100-19]-9618&noUDP&sock=5580_fe8d_3>
...
006 (5018944.000.000) 04/07 11:04:40 Image size of job updated: 159740
	95  -  MemoryUsage of job (MB)
	96500  -  ResidentSetSize of job (KB)
...
006 (5018944.000.000) 04/07 11:06:58 Image size of job updated: 164432
	95  -  MemoryUsage of job (MB)
	96500  -  ResidentSetSize of job (KB)
...
040 (5018944.000.000) 04/07 11:06:58 Started transferring output files
...
040 (5018944.000.000) 04/07 11:06:58 Finished transferring output files
...
005 (5018944.000.000) 04/07 11:06:58 Job terminated.
	(1) Normal termination (return value 0)
		Usr 0 00:01:25, Sys 0 00:00:02  -  Run Remote Usage
		Usr 0 00:00:00, Sys 0 00:00:00  -  Run Local Usage
		Usr 0 00:01:25, Sys 0 00:00:02  -  Total Remote Usage
		Usr 0 00:00:00, Sys 0 00:00:00  -  Total Local Usage
	4154  -  Run Bytes Sent By Job
	716  -  Run Bytes Received By Job
	4154  -  Total Bytes Sent By Job
	716  -  Total Bytes Received By Job
	Partitionable Resources :    Usage  Request Allocated 
	   Cpus                 :        0        1         1 
	   Disk (KB)            :       27        1    297018 
	   Memory (MB)          :       95     2000      2000 
...
