000 (5018897.000.000) 04/07 11:01:47 Job submitted from host: <137.138.156.150:9618?addrs=137.138.156.150-9618+[2001-1458-d00-14--9a]-9618&alias=bigbird13.cern.ch&noUDP&sock=schedd_1774_6519_19>
...
040 (5018897.000.000) 04/07 11:02:03 Started transferring input files
	Transferring to host: <128.142.72.225:9618?addrs=128.142.72.225-9618+[2001-1458-301-75--100-107]-9618&noUDP&sock=16898_eb68_64486>
...
040 (5018897.000.000) 04/07 11:02:03 Finished transferring input files
...
001 (5018897.000.000) 04/07 11:02:04 Job executing on host: <128.142.72.225:9618?addrs=128.142.72.225-9618+[2001-1458-301-75--100-107]-9618&noUDP&sock=16742_32ab_3>
...
006 (5018897.000.000) 04/07 11:02:13 Image size of job updated: 162200
	97  -  MemoryUsage of job (MB)
	98964  -  ResidentSetSize of job (KB)
...
006 (5018897.000.000) 04/07 11:05:23 Image size of job updated: 503004
	97  -  MemoryUsage of job (MB)
	98964  -  ResidentSetSize of job (KB)
...
040 (5018897.000.000) 04/07 11:05:23 Started transferring output files
...
040 (5018897.000.000) 04/07 11:05:23 Finished transferring output files
...
005 (5018897.000.000) 04/07 11:05:23 Job terminated.
	(1) Normal termination (return value 0)
		Usr 0 00:01:47, Sys 0 00:00:03  -  Run Remote Usage
		Usr 0 00:00:00, Sys 0 00:00:00  -  Run Local Usage
		Usr 0 00:01:47, Sys 0 00:00:03  -  Total Remote Usage
		Usr 0 00:00:00, Sys 0 00:00:00  -  Total Local Usage
	4154  -  Run Bytes Sent By Job
	716  -  Run Bytes Received By Job
	4154  -  Total Bytes Sent By Job
	716  -  Total Bytes Received By Job
	Partitionable Resources :    Usage  Request Allocated 
	   Cpus                 :     0.76        1         1 
	   Disk (KB)            :    27           1    278561 
	   Memory (MB)          :    97        2000      2000 
...
