000 (5018934.000.000) 04/07 11:03:51 Job submitted from host: <137.138.156.150:9618?addrs=137.138.156.150-9618+[2001-1458-d00-14--9a]-9618&alias=bigbird13.cern.ch&noUDP&sock=schedd_1774_6519_19>
...
040 (5018934.000.000) 04/07 11:03:56 Started transferring input files
	Transferring to host: <128.142.84.8:9618?addrs=128.142.84.8-9618+[2001-1458-301-f6--100-512]-9618&alias=b7s14n6692.cern.ch&noUDP&sock=slot1_10_4265_d407_4397>
...
040 (5018934.000.000) 04/07 11:03:56 Finished transferring input files
...
001 (5018934.000.000) 04/07 11:03:57 Job executing on host: <128.142.84.8:9618?addrs=128.142.84.8-9618+[2001-1458-301-f6--100-512]-9618&alias=b7s14n6692.cern.ch&noUDP&sock=startd_3820_c7de>
...
006 (5018934.000.000) 04/07 11:04:05 Image size of job updated: 161412
	96  -  MemoryUsage of job (MB)
	98172  -  ResidentSetSize of job (KB)
...
006 (5018934.000.000) 04/07 11:07:12 Image size of job updated: 478708
	96  -  MemoryUsage of job (MB)
	98172  -  ResidentSetSize of job (KB)
...
040 (5018934.000.000) 04/07 11:07:12 Started transferring output files
...
040 (5018934.000.000) 04/07 11:07:12 Finished transferring output files
...
005 (5018934.000.000) 04/07 11:07:12 Job terminated.
	(1) Normal termination (return value 0)
		Usr 0 00:01:18, Sys 0 00:00:02  -  Run Remote Usage
		Usr 0 00:00:00, Sys 0 00:00:00  -  Run Local Usage
		Usr 0 00:01:18, Sys 0 00:00:02  -  Total Remote Usage
		Usr 0 00:00:00, Sys 0 00:00:00  -  Total Local Usage
	4154  -  Run Bytes Sent By Job
	716  -  Run Bytes Received By Job
	4154  -  Total Bytes Sent By Job
	716  -  Total Bytes Received By Job
	Partitionable Resources :    Usage  Request Allocated 
	   Cpus                 :                 1         1 
	   Disk (KB)            :       19        1    284594 
	   Memory (MB)          :       96     2000      2000 
...
