000 (5003693.000.000) 04/06 10:42:54 Job submitted from host: <137.138.156.150:9618?addrs=137.138.156.150-9618+[2001-1458-d00-14--9a]-9618&alias=bigbird13.cern.ch&noUDP&sock=schedd_1774_6519_19>
...
040 (5003693.000.000) 04/06 10:56:20 Started transferring input files
	Transferring to host: <128.142.65.25:9618?addrs=128.142.65.25-9618+[2001-1458-301-4c--100-3]-9618&noUDP&sock=16842_7666_85309>
...
040 (5003693.000.000) 04/06 10:56:20 Finished transferring input files
...
001 (5003693.000.000) 04/06 10:56:21 Job executing on host: <128.142.65.25:9618?addrs=128.142.65.25-9618+[2001-1458-301-4c--100-3]-9618&noUDP&sock=16685_19c5_3>
...
006 (5003693.000.000) 04/06 10:56:29 Image size of job updated: 156236
	91  -  MemoryUsage of job (MB)
	92668  -  ResidentSetSize of job (KB)
...
006 (5003693.000.000) 04/06 10:57:36 Image size of job updated: 164548
	91  -  MemoryUsage of job (MB)
	92668  -  ResidentSetSize of job (KB)
...
040 (5003693.000.000) 04/06 10:57:36 Started transferring output files
...
040 (5003693.000.000) 04/06 10:57:36 Finished transferring output files
...
005 (5003693.000.000) 04/06 10:57:36 Job terminated.
	(1) Normal termination (return value 0)
		Usr 0 00:00:42, Sys 0 00:00:01  -  Run Remote Usage
		Usr 0 00:00:00, Sys 0 00:00:00  -  Run Local Usage
		Usr 0 00:00:42, Sys 0 00:00:01  -  Total Remote Usage
		Usr 0 00:00:00, Sys 0 00:00:00  -  Total Local Usage
	4154  -  Run Bytes Sent By Job
	671  -  Run Bytes Received By Job
	4154  -  Total Bytes Sent By Job
	671  -  Total Bytes Received By Job
	Partitionable Resources :    Usage  Request Allocated 
	   Cpus                 :        0        1         1 
	   Disk (KB)            :       26        1    291404 
	   Memory (MB)          :       91     2000      2000 
...
