000 (5003694.000.000) 04/06 10:42:56 Job submitted from host: <137.138.156.150:9618?addrs=137.138.156.150-9618+[2001-1458-d00-14--9a]-9618&alias=bigbird13.cern.ch&noUDP&sock=schedd_1774_6519_19>
...
040 (5003694.000.000) 04/06 10:56:03 Started transferring input files
	Transferring to host: <128.142.80.188:9618?addrs=128.142.80.188-9618+[2001-1458-301-f5--100-43d]-9618&noUDP&sock=5354_2093_3506>
...
040 (5003694.000.000) 04/06 10:56:03 Finished transferring input files
...
001 (5003694.000.000) 04/06 10:56:04 Job executing on host: <128.142.80.188:9618?addrs=128.142.80.188-9618+[2001-1458-301-f5--100-43d]-9618&noUDP&sock=3863_4671_3>
...
006 (5003694.000.000) 04/06 10:56:13 Image size of job updated: 92956
	46  -  MemoryUsage of job (MB)
	46488  -  ResidentSetSize of job (KB)
...
006 (5003694.000.000) 04/06 10:56:58 Image size of job updated: 159988
	46  -  MemoryUsage of job (MB)
	46488  -  ResidentSetSize of job (KB)
...
040 (5003694.000.000) 04/06 10:56:58 Started transferring output files
...
040 (5003694.000.000) 04/06 10:56:58 Finished transferring output files
...
005 (5003694.000.000) 04/06 10:56:58 Job terminated.
	(1) Normal termination (return value 0)
		Usr 0 00:00:22, Sys 0 00:00:02  -  Run Remote Usage
		Usr 0 00:00:00, Sys 0 00:00:00  -  Run Local Usage
		Usr 0 00:00:22, Sys 0 00:00:02  -  Total Remote Usage
		Usr 0 00:00:00, Sys 0 00:00:00  -  Total Local Usage
	4154  -  Run Bytes Sent By Job
	671  -  Run Bytes Received By Job
	4154  -  Total Bytes Sent By Job
	671  -  Total Bytes Received By Job
	Partitionable Resources :    Usage  Request Allocated 
	   Cpus                 :        0        1         1 
	   Disk (KB)            :       26        1    275757 
	   Memory (MB)          :       46     2000      2000 
...
