000 (5003696.000.000) 04/06 10:43:01 Job submitted from host: <137.138.156.150:9618?addrs=137.138.156.150-9618+[2001-1458-d00-14--9a]-9618&alias=bigbird13.cern.ch&noUDP&sock=schedd_1774_6519_19>
...
040 (5003696.000.000) 04/06 10:55:58 Started transferring input files
	Transferring to host: <188.184.198.89:9618?addrs=188.184.198.89-9618+[2001-1458-301-c1--100-6e]-9618&alias=b7g52n7097.cern.ch&noUDP&sock=slot1_8_24216_1cd2_40052>
...
040 (5003696.000.000) 04/06 10:55:58 Finished transferring input files
...
001 (5003696.000.000) 04/06 10:55:59 Job executing on host: <188.184.198.89:9618?addrs=188.184.198.89-9618+[2001-1458-301-c1--100-6e]-9618&alias=b7g52n7097.cern.ch&noUDP&sock=startd_19338_d687>
...
006 (5003696.000.000) 04/06 10:56:08 Image size of job updated: 151136
	86  -  MemoryUsage of job (MB)
	87752  -  ResidentSetSize of job (KB)
...
006 (5003696.000.000) 04/06 10:57:36 Image size of job updated: 472728
	86  -  MemoryUsage of job (MB)
	87752  -  ResidentSetSize of job (KB)
...
040 (5003696.000.000) 04/06 10:57:36 Started transferring output files
...
040 (5003696.000.000) 04/06 10:57:36 Finished transferring output files
...
005 (5003696.000.000) 04/06 10:57:36 Job terminated.
	(1) Normal termination (return value 0)
		Usr 0 00:00:31, Sys 0 00:00:01  -  Run Remote Usage
		Usr 0 00:00:00, Sys 0 00:00:00  -  Run Local Usage
		Usr 0 00:00:31, Sys 0 00:00:01  -  Total Remote Usage
		Usr 0 00:00:00, Sys 0 00:00:00  -  Total Local Usage
	4154  -  Run Bytes Sent By Job
	671  -  Run Bytes Received By Job
	4154  -  Total Bytes Sent By Job
	671  -  Total Bytes Received By Job
	Partitionable Resources :    Usage  Request Allocated 
	   Cpus                 :     0.42        1         1 
	   Disk (KB)            :    25           1    278327 
	   Memory (MB)          :    86        2000      2000 
...
