000 (5003691.000.000) 04/06 10:42:52 Job submitted from host: <137.138.156.150:9618?addrs=137.138.156.150-9618+[2001-1458-d00-14--9a]-9618&alias=bigbird13.cern.ch&noUDP&sock=schedd_1774_6519_19>
...
040 (5003691.000.000) 04/06 10:55:57 Started transferring input files
	Transferring to host: <128.142.68.8:9618?addrs=128.142.68.8-9618+[2001-1458-301-52--100-3fd]-9618&alias=b7s10n0721.cern.ch&noUDP&sock=slot1_2_19813_ccff_59817>
...
040 (5003691.000.000) 04/06 10:55:57 Finished transferring input files
...
001 (5003691.000.000) 04/06 10:55:58 Job executing on host: <128.142.68.8:9618?addrs=128.142.68.8-9618+[2001-1458-301-52--100-3fd]-9618&alias=b7s10n0721.cern.ch&noUDP&sock=startd_2082_a845>
...
006 (5003691.000.000) 04/06 10:56:07 Image size of job updated: 101224
	44  -  MemoryUsage of job (MB)
	44560  -  ResidentSetSize of job (KB)
...
006 (5003691.000.000) 04/06 10:56:57 Image size of job updated: 471820
	44  -  MemoryUsage of job (MB)
	44560  -  ResidentSetSize of job (KB)
...
040 (5003691.000.000) 04/06 10:56:57 Started transferring output files
...
040 (5003691.000.000) 04/06 10:56:57 Finished transferring output files
...
005 (5003691.000.000) 04/06 10:56:57 Job terminated.
	(1) Normal termination (return value 0)
		Usr 0 00:00:23, Sys 0 00:00:01  -  Run Remote Usage
		Usr 0 00:00:00, Sys 0 00:00:00  -  Run Local Usage
		Usr 0 00:00:23, Sys 0 00:00:01  -  Total Remote Usage
		Usr 0 00:00:00, Sys 0 00:00:00  -  Total Local Usage
	4154  -  Run Bytes Sent By Job
	671  -  Run Bytes Received By Job
	4154  -  Total Bytes Sent By Job
	671  -  Total Bytes Received By Job
	Partitionable Resources :    Usage  Request Allocated 
	   Cpus                 :     0.23        1         1 
	   Disk (KB)            :    25           1    260386 
	   Memory (MB)          :    44        2000      2000 
...
