000 (5003825.000.000) 04/06 10:46:30 Job submitted from host: <137.138.156.150:9618?addrs=137.138.156.150-9618+[2001-1458-d00-14--9a]-9618&alias=bigbird13.cern.ch&noUDP&sock=schedd_1774_6519_19>
...
040 (5003825.000.000) 04/06 10:59:03 Started transferring input files
	Transferring to host: <188.184.169.155:9618?addrs=188.184.169.155-9618+[2001-1458-301-c0--100-435]-9618&alias=b7g52n4574.cern.ch&noUDP&sock=slot1_7_31057_3748_44174>
...
040 (5003825.000.000) 04/06 10:59:03 Finished transferring input files
...
001 (5003825.000.000) 04/06 10:59:04 Job executing on host: <188.184.169.155:9618?addrs=188.184.169.155-9618+[2001-1458-301-c0--100-435]-9618&alias=b7g52n4574.cern.ch&noUDP&sock=startd_16587_e17d>
...
006 (5003825.000.000) 04/06 10:59:13 Image size of job updated: 161928
	97  -  MemoryUsage of job (MB)
	98376  -  ResidentSetSize of job (KB)
...
006 (5003825.000.000) 04/06 11:01:55 Image size of job updated: 478676
	97  -  MemoryUsage of job (MB)
	98376  -  ResidentSetSize of job (KB)
...
040 (5003825.000.000) 04/06 11:01:55 Started transferring output files
...
040 (5003825.000.000) 04/06 11:01:55 Finished transferring output files
...
005 (5003825.000.000) 04/06 11:01:55 Job terminated.
	(1) Normal termination (return value 0)
		Usr 0 00:01:19, Sys 0 00:00:01  -  Run Remote Usage
		Usr 0 00:00:00, Sys 0 00:00:00  -  Run Local Usage
		Usr 0 00:01:19, Sys 0 00:00:01  -  Total Remote Usage
		Usr 0 00:00:00, Sys 0 00:00:00  -  Total Local Usage
	4154  -  Run Bytes Sent By Job
	714  -  Run Bytes Received By Job
	4154  -  Total Bytes Sent By Job
	714  -  Total Bytes Received By Job
	Partitionable Resources :    Usage  Request Allocated 
	   Cpus                 :     0.45        1         1 
	   Disk (KB)            :    25           1    222873 
	   Memory (MB)          :    97        2000      2000 
...
