000 (5003786.000.000) 04/06 10:45:39 Job submitted from host: <137.138.156.150:9618?addrs=137.138.156.150-9618+[2001-1458-d00-14--9a]-9618&alias=bigbird13.cern.ch&noUDP&sock=schedd_1774_6519_19>
...
040 (5003786.000.000) 04/06 10:58:55 Started transferring input files
	Transferring to host: <188.184.169.208:9618?addrs=188.184.169.208-9618+[2001-1458-301-c0--100-38]-9618&alias=b7g52n4864.cern.ch&noUDP&sock=slot1_9_13604_ffa2_44485>
...
040 (5003786.000.000) 04/06 10:58:55 Finished transferring input files
...
001 (5003786.000.000) 04/06 10:58:56 Job executing on host: <188.184.169.208:9618?addrs=188.184.169.208-9618+[2001-1458-301-c0--100-38]-9618&alias=b7g52n4864.cern.ch&noUDP&sock=startd_18206_6152>
...
006 (5003786.000.000) 04/06 10:59:05 Image size of job updated: 148116
	84  -  MemoryUsage of job (MB)
	85756  -  ResidentSetSize of job (KB)
...
006 (5003786.000.000) 04/06 11:03:40 Image size of job updated: 478708
	84  -  MemoryUsage of job (MB)
	85756  -  ResidentSetSize of job (KB)
...
040 (5003786.000.000) 04/06 11:03:40 Started transferring output files
...
040 (5003786.000.000) 04/06 11:03:40 Finished transferring output files
...
005 (5003786.000.000) 04/06 11:03:40 Job terminated.
	(1) Normal termination (return value 0)
		Usr 0 00:02:13, Sys 0 00:00:02  -  Run Remote Usage
		Usr 0 00:00:00, Sys 0 00:00:00  -  Run Local Usage
		Usr 0 00:02:13, Sys 0 00:00:02  -  Total Remote Usage
		Usr 0 00:00:00, Sys 0 00:00:00  -  Total Local Usage
	4154  -  Run Bytes Sent By Job
	714  -  Run Bytes Received By Job
	4154  -  Total Bytes Sent By Job
	714  -  Total Bytes Received By Job
	Partitionable Resources :    Usage  Request Allocated 
	   Cpus                 :                 1         1 
	   Disk (KB)            :       18        1    280576 
	   Memory (MB)          :       84     2000      2000 
...
