000 (5003776.000.000) 04/06 10:45:22 Job submitted from host: <137.138.156.150:9618?addrs=137.138.156.150-9618+[2001-1458-d00-14--9a]-9618&alias=bigbird13.cern.ch&noUDP&sock=schedd_1774_6519_19>
...
040 (5003776.000.000) 04/06 10:58:49 Started transferring input files
	Transferring to host: <128.142.68.69:9618?addrs=128.142.68.69-9618+[2001-1458-301-52--100-50e]-9618&alias=b7s10n4720.cern.ch&noUDP&sock=slot1_6_2584_6962_42541>
...
040 (5003776.000.000) 04/06 10:58:49 Finished transferring input files
...
001 (5003776.000.000) 04/06 10:58:50 Job executing on host: <128.142.68.69:9618?addrs=128.142.68.69-9618+[2001-1458-301-52--100-50e]-9618&alias=b7s10n4720.cern.ch&noUDP&sock=startd_2135_02c9>
...
006 (5003776.000.000) 04/06 10:58:59 Image size of job updated: 390676
	96  -  MemoryUsage of job (MB)
	98112  -  ResidentSetSize of job (KB)
...
006 (5003776.000.000) 04/06 11:02:07 Image size of job updated: 478708
	96  -  MemoryUsage of job (MB)
	98112  -  ResidentSetSize of job (KB)
...
040 (5003776.000.000) 04/06 11:02:07 Started transferring output files
...
040 (5003776.000.000) 04/06 11:02:07 Finished transferring output files
...
005 (5003776.000.000) 04/06 11:02:07 Job terminated.
	(1) Normal termination (return value 0)
		Usr 0 00:01:30, Sys 0 00:00:02  -  Run Remote Usage
		Usr 0 00:00:00, Sys 0 00:00:00  -  Run Local Usage
		Usr 0 00:01:30, Sys 0 00:00:02  -  Total Remote Usage
		Usr 0 00:00:00, Sys 0 00:00:00  -  Total Local Usage
	4154  -  Run Bytes Sent By Job
	714  -  Run Bytes Received By Job
	4154  -  Total Bytes Sent By Job
	714  -  Total Bytes Received By Job
	Partitionable Resources :    Usage  Request Allocated 
	   Cpus                 :                 1         1 
	   Disk (KB)            :       18        1    281502 
	   Memory (MB)          :       96     2000      2000 
...
