000 (5003799.000.000) 04/06 10:46:07 Job submitted from host: <137.138.156.150:9618?addrs=137.138.156.150-9618+[2001-1458-d00-14--9a]-9618&alias=bigbird13.cern.ch&noUDP&sock=schedd_1774_6519_19>
...
040 (5003799.000.000) 04/06 10:59:15 Started transferring input files
	Transferring to host: <128.142.81.30:9618?addrs=128.142.81.30-9618+[2001-1458-301-f5--100-490]-9618&alias=b7s13n6943.cern.ch&noUDP&sock=slot1_7_18951_719c_38752>
...
040 (5003799.000.000) 04/06 10:59:15 Finished transferring input files
...
001 (5003799.000.000) 04/06 10:59:16 Job executing on host: <128.142.81.30:9618?addrs=128.142.81.30-9618+[2001-1458-301-f5--100-490]-9618&alias=b7s13n6943.cern.ch&noUDP&sock=startd_16704_2212>
...
006 (5003799.000.000) 04/06 10:59:25 Image size of job updated: 161576
	96  -  MemoryUsage of job (MB)
	98020  -  ResidentSetSize of job (KB)
...
006 (5003799.000.000) 04/06 11:03:22 Image size of job updated: 478732
	96  -  MemoryUsage of job (MB)
	98020  -  ResidentSetSize of job (KB)
...
040 (5003799.000.000) 04/06 11:03:22 Started transferring output files
...
040 (5003799.000.000) 04/06 11:03:22 Finished transferring output files
...
005 (5003799.000.000) 04/06 11:03:22 Job terminated.
	(1) Normal termination (return value 0)
		Usr 0 00:01:36, Sys 0 00:00:01  -  Run Remote Usage
		Usr 0 00:00:00, Sys 0 00:00:00  -  Run Local Usage
		Usr 0 00:01:36, Sys 0 00:00:01  -  Total Remote Usage
		Usr 0 00:00:00, Sys 0 00:00:00  -  Total Local Usage
	4154  -  Run Bytes Sent By Job
	714  -  Run Bytes Received By Job
	4154  -  Total Bytes Sent By Job
	714  -  Total Bytes Received By Job
	Partitionable Resources :    Usage  Request Allocated 
	   Cpus                 :     0.09        1         1 
	   Disk (KB)            :    25           1    294109 
	   Memory (MB)          :    96        2000      2000 
...
