000 (5003754.000.000) 04/06 10:44:39 Job submitted from host: <137.138.156.150:9618?addrs=137.138.156.150-9618+[2001-1458-d00-14--9a]-9618&alias=bigbird13.cern.ch&noUDP&sock=schedd_1774_6519_19>
...
040 (5003754.000.000) 04/06 10:57:52 Started transferring input files
	Transferring to host: <128.142.66.19:9618?addrs=128.142.66.19-9618&noUDP&sock=2462_739d_139955>
...
040 (5003754.000.000) 04/06 10:57:52 Finished transferring input files
...
001 (5003754.000.000) 04/06 10:57:53 Job executing on host: <128.142.66.19:9618?addrs=128.142.66.19-9618&noUDP&sock=2044_97ab_3>
...
006 (5003754.000.000) 04/06 10:58:01 Image size of job updated: 161916
	97  -  MemoryUsage of job (MB)
	98684  -  ResidentSetSize of job (KB)
...
006 (5003754.000.000) 04/06 11:00:41 Image size of job updated: 164708
	97  -  MemoryUsage of job (MB)
	98684  -  ResidentSetSize of job (KB)
...
040 (5003754.000.000) 04/06 11:00:41 Started transferring output files
...
040 (5003754.000.000) 04/06 11:00:41 Finished transferring output files
...
005 (5003754.000.000) 04/06 11:00:42 Job terminated.
	(1) Normal termination (return value 0)
		Usr 0 00:01:04, Sys 0 00:00:01  -  Run Remote Usage
		Usr 0 00:00:00, Sys 0 00:00:00  -  Run Local Usage
		Usr 0 00:01:04, Sys 0 00:00:01  -  Total Remote Usage
		Usr 0 00:00:00, Sys 0 00:00:00  -  Total Local Usage
	4154  -  Run Bytes Sent By Job
	711  -  Run Bytes Received By Job
	4154  -  Total Bytes Sent By Job
	711  -  Total Bytes Received By Job
	Partitionable Resources :    Usage  Request Allocated 
	   Cpus                 :     0.24        1         1 
	   Disk (KB)            :    27           1    269987 
	   Memory (MB)          :    97        2000      2000 
...
