000 (5003790.000.000) 04/06 10:45:45 Job submitted from host: <137.138.156.150:9618?addrs=137.138.156.150-9618+[2001-1458-d00-14--9a]-9618&alias=bigbird13.cern.ch&noUDP&sock=schedd_1774_6519_19>
...
040 (5003790.000.000) 04/06 10:59:12 Started transferring input files
	Transferring to host: <128.142.78.5:9618?addrs=128.142.78.5-9618+[2001-1458-301-f4--100-263]-9618&noUDP&sock=16791_8744_64607>
...
040 (5003790.000.000) 04/06 10:59:12 Finished transferring input files
...
001 (5003790.000.000) 04/06 10:59:13 Job executing on host: <128.142.78.5:9618?addrs=128.142.78.5-9618+[2001-1458-301-f4--100-263]-9618&noUDP&sock=16634_1e71_3>
...
006 (5003790.000.000) 04/06 10:59:21 Image size of job updated: 162204
	97  -  MemoryUsage of job (MB)
	98640  -  ResidentSetSize of job (KB)
...
006 (5003790.000.000) 04/06 11:03:23 Image size of job updated: 502824
	97  -  MemoryUsage of job (MB)
	98640  -  ResidentSetSize of job (KB)
...
040 (5003790.000.000) 04/06 11:03:23 Started transferring output files
...
040 (5003790.000.000) 04/06 11:03:23 Finished transferring output files
...
005 (5003790.000.000) 04/06 11:03:23 Job terminated.
	(1) Normal termination (return value 0)
		Usr 0 00:01:47, Sys 0 00:00:01  -  Run Remote Usage
		Usr 0 00:00:00, Sys 0 00:00:00  -  Run Local Usage
		Usr 0 00:01:47, Sys 0 00:00:01  -  Total Remote Usage
		Usr 0 00:00:00, Sys 0 00:00:00  -  Total Local Usage
	4154  -  Run Bytes Sent By Job
	714  -  Run Bytes Received By Job
	4154  -  Total Bytes Sent By Job
	714  -  Total Bytes Received By Job
	Partitionable Resources :    Usage  Request Allocated 
	   Cpus                 :     0.54        1         1 
	   Disk (KB)            :    26           1    280286 
	   Memory (MB)          :    97        2000      2000 
...
