000 (5003756.000.000) 04/06 10:44:42 Job submitted from host: <137.138.156.150:9618?addrs=137.138.156.150-9618+[2001-1458-d00-14--9a]-9618&alias=bigbird13.cern.ch&noUDP&sock=schedd_1774_6519_19>
...
040 (5003756.000.000) 04/06 10:58:24 Started transferring input files
	Transferring to host: <128.142.81.64:9618?addrs=128.142.81.64-9618+[2001-1458-301-f5--100-6da]-9618&noUDP&sock=16868_c827_62501>
...
040 (5003756.000.000) 04/06 10:58:24 Finished transferring input files
...
001 (5003756.000.000) 04/06 10:58:25 Job executing on host: <128.142.81.64:9618?addrs=128.142.81.64-9618+[2001-1458-301-f5--100-6da]-9618&noUDP&sock=16712_9ed4_3>
...
006 (5003756.000.000) 04/06 10:58:33 Image size of job updated: 162164
	97  -  MemoryUsage of job (MB)
	98928  -  ResidentSetSize of job (KB)
...
006 (5003756.000.000) 04/06 11:02:48 Image size of job updated: 165496
	97  -  MemoryUsage of job (MB)
	98928  -  ResidentSetSize of job (KB)
...
040 (5003756.000.000) 04/06 11:02:48 Started transferring output files
...
040 (5003756.000.000) 04/06 11:02:48 Finished transferring output files
...
005 (5003756.000.000) 04/06 11:02:49 Job terminated.
	(1) Normal termination (return value 0)
		Usr 0 00:01:27, Sys 0 00:00:01  -  Run Remote Usage
		Usr 0 00:00:00, Sys 0 00:00:00  -  Run Local Usage
		Usr 0 00:01:27, Sys 0 00:00:01  -  Total Remote Usage
		Usr 0 00:00:00, Sys 0 00:00:00  -  Total Local Usage
	4154  -  Run Bytes Sent By Job
	711  -  Run Bytes Received By Job
	4154  -  Total Bytes Sent By Job
	711  -  Total Bytes Received By Job
	Partitionable Resources :    Usage  Request Allocated 
	   Cpus                 :     0.19        1         1 
	   Disk (KB)            :    27           1    272100 
	   Memory (MB)          :    97        2000      2000 
...
