000 (5003808.000.000) 04/06 10:46:16 Job submitted from host: <137.138.156.150:9618?addrs=137.138.156.150-9618+[2001-1458-d00-14--9a]-9618&alias=bigbird13.cern.ch&noUDP&sock=schedd_1774_6519_19>
...
040 (5003808.000.000) 04/06 10:59:01 Started transferring input files
	Transferring to host: <128.142.83.68:9618?addrs=128.142.83.68-9618+[2001-1458-301-f5--100-1fe]-9618&noUDP&sock=7637_b510_10942>
...
040 (5003808.000.000) 04/06 10:59:01 Finished transferring input files
...
001 (5003808.000.000) 04/06 10:59:02 Job executing on host: <128.142.83.68:9618?addrs=128.142.83.68-9618+[2001-1458-301-f5--100-1fe]-9618&noUDP&sock=6080_f3e8_3>
...
006 (5003808.000.000) 04/06 10:59:11 Image size of job updated: 157408
	92  -  MemoryUsage of job (MB)
	93904  -  ResidentSetSize of job (KB)
...
006 (5003808.000.000) 04/06 11:02:41 Image size of job updated: 167384
	92  -  MemoryUsage of job (MB)
	94000  -  ResidentSetSize of job (KB)
...
040 (5003808.000.000) 04/06 11:02:41 Started transferring output files
...
040 (5003808.000.000) 04/06 11:02:41 Finished transferring output files
...
005 (5003808.000.000) 04/06 11:02:41 Job terminated.
	(1) Normal termination (return value 0)
		Usr 0 00:02:02, Sys 0 00:00:02  -  Run Remote Usage
		Usr 0 00:00:00, Sys 0 00:00:00  -  Run Local Usage
		Usr 0 00:02:02, Sys 0 00:00:02  -  Total Remote Usage
		Usr 0 00:00:00, Sys 0 00:00:00  -  Total Local Usage
	4154  -  Run Bytes Sent By Job
	714  -  Run Bytes Received By Job
	4154  -  Total Bytes Sent By Job
	714  -  Total Bytes Received By Job
	Partitionable Resources :    Usage  Request Allocated 
	   Cpus                 :     0.59        1         1 
	   Disk (KB)            :    26           1    280936 
	   Memory (MB)          :    92        2000      2000 
...
