000 (5003784.000.000) 04/06 10:45:36 Job submitted from host: <137.138.156.150:9618?addrs=137.138.156.150-9618+[2001-1458-d00-14--9a]-9618&alias=bigbird13.cern.ch&noUDP&sock=schedd_1774_6519_19>
...
040 (5003784.000.000) 04/06 10:58:52 Started transferring input files
	Transferring to host: <128.142.85.117:9618?addrs=128.142.85.117-9618+[2001-1458-301-f6--100-249]-9618&alias=b7s14n9386.cern.ch&noUDP&sock=slot1_7_7466_38e9_3638>
...
040 (5003784.000.000) 04/06 10:58:52 Finished transferring input files
...
001 (5003784.000.000) 04/06 10:58:53 Job executing on host: <128.142.85.117:9618?addrs=128.142.85.117-9618+[2001-1458-301-f6--100-249]-9618&alias=b7s14n9386.cern.ch&noUDP&sock=startd_6671_5461>
...
006 (5003784.000.000) 04/06 10:59:02 Image size of job updated: 410224
	44  -  MemoryUsage of job (MB)
	44560  -  ResidentSetSize of job (KB)
...
006 (5003784.000.000) 04/06 11:01:51 Image size of job updated: 478696
	44  -  MemoryUsage of job (MB)
	44560  -  ResidentSetSize of job (KB)
...
040 (5003784.000.000) 04/06 11:01:51 Started transferring output files
...
040 (5003784.000.000) 04/06 11:01:51 Finished transferring output files
...
005 (5003784.000.000) 04/06 11:01:51 Job terminated.
	(1) Normal termination (return value 0)
		Usr 0 00:01:27, Sys 0 00:00:01  -  Run Remote Usage
		Usr 0 00:00:00, Sys 0 00:00:00  -  Run Local Usage
		Usr 0 00:01:27, Sys 0 00:00:01  -  Total Remote Usage
		Usr 0 00:00:00, Sys 0 00:00:00  -  Total Local Usage
	4154  -  Run Bytes Sent By Job
	714  -  Run Bytes Received By Job
	4154  -  Total Bytes Sent By Job
	714  -  Total Bytes Received By Job
	Partitionable Resources :    Usage  Request Allocated 
	   Cpus                 :                 1         1 
	   Disk (KB)            :       18        1    273611 
	   Memory (MB)          :       44     2000      2000 
...
