000 (5003810.000.000) 04/06 10:46:18 Job submitted from host: <137.138.156.150:9618?addrs=137.138.156.150-9618+[2001-1458-d00-14--9a]-9618&alias=bigbird13.cern.ch&noUDP&sock=schedd_1774_6519_19>
...
040 (5003810.000.000) 04/06 10:59:01 Started transferring input files
	Transferring to host: <128.142.78.154:9618?addrs=128.142.78.154-9618+[2001-1458-301-f4--100-379]-9618&noUDP&sock=16986_ec6c_66334>
...
040 (5003810.000.000) 04/06 10:59:01 Finished transferring input files
...
001 (5003810.000.000) 04/06 10:59:02 Job executing on host: <128.142.78.154:9618?addrs=128.142.78.154-9618+[2001-1458-301-f4--100-379]-9618&noUDP&sock=16829_df69_3>
...
006 (5003810.000.000) 04/06 10:59:11 Image size of job updated: 162208
	97  -  MemoryUsage of job (MB)
	98652  -  ResidentSetSize of job (KB)
...
006 (5003810.000.000) 04/06 11:02:17 Image size of job updated: 169112
	97  -  MemoryUsage of job (MB)
	98652  -  ResidentSetSize of job (KB)
...
040 (5003810.000.000) 04/06 11:02:17 Started transferring output files
...
040 (5003810.000.000) 04/06 11:02:17 Finished transferring output files
...
005 (5003810.000.000) 04/06 11:02:18 Job terminated.
	(1) Normal termination (return value 0)
		Usr 0 00:01:25, Sys 0 00:00:01  -  Run Remote Usage
		Usr 0 00:00:00, Sys 0 00:00:00  -  Run Local Usage
		Usr 0 00:01:25, Sys 0 00:00:01  -  Total Remote Usage
		Usr 0 00:00:00, Sys 0 00:00:00  -  Total Local Usage
	4154  -  Run Bytes Sent By Job
	714  -  Run Bytes Received By Job
	4154  -  Total Bytes Sent By Job
	714  -  Total Bytes Received By Job
	Partitionable Resources :    Usage  Request Allocated 
	   Cpus                 :     0.33        1         1 
	   Disk (KB)            :    26           1    200857 
	   Memory (MB)          :    97        2000      2000 
...
