000 (5003780.000.000) 04/06 10:45:30 Job submitted from host: <137.138.156.150:9618?addrs=137.138.156.150-9618+[2001-1458-d00-14--9a]-9618&alias=bigbird13.cern.ch&noUDP&sock=schedd_1774_6519_19>
...
040 (5003780.000.000) 04/06 10:58:53 Started transferring input files
	Transferring to host: <128.142.82.55:9618?addrs=128.142.82.55-9618+[2001-1458-301-f5--100-2f7]-9618&alias=b7s13n8735.cern.ch&noUDP&sock=slot1_6_7674_c6f1_39037>
...
040 (5003780.000.000) 04/06 10:58:53 Finished transferring input files
...
001 (5003780.000.000) 04/06 10:58:54 Job executing on host: <128.142.82.55:9618?addrs=128.142.82.55-9618+[2001-1458-301-f5--100-2f7]-9618&alias=b7s13n8735.cern.ch&noUDP&sock=startd_16623_92e6>
...
006 (5003780.000.000) 04/06 10:59:03 Image size of job updated: 158876
	36  -  MemoryUsage of job (MB)
	35992  -  ResidentSetSize of job (KB)
...
006 (5003780.000.000) 04/06 11:04:04 Image size of job updated: 478672
	97  -  MemoryUsage of job (MB)
	99004  -  ResidentSetSize of job (KB)
...
006 (5003780.000.000) 04/06 11:09:04 Image size of job updated: 478672
	101  -  MemoryUsage of job (MB)
	103028  -  ResidentSetSize of job (KB)
...
040 (5003780.000.000) 04/06 11:10:10 Started transferring output files
...
040 (5003780.000.000) 04/06 11:10:10 Finished transferring output files
...
005 (5003780.000.000) 04/06 11:10:10 Job terminated.
	(1) Normal termination (return value 0)
		Usr 0 00:02:38, Sys 0 00:00:03  -  Run Remote Usage
		Usr 0 00:00:00, Sys 0 00:00:00  -  Run Local Usage
		Usr 0 00:02:38, Sys 0 00:00:03  -  Total Remote Usage
		Usr 0 00:00:00, Sys 0 00:00:00  -  Total Local Usage
	4154  -  Run Bytes Sent By Job
	714  -  Run Bytes Received By Job
	4154  -  Total Bytes Sent By Job
	714  -  Total Bytes Received By Job
	Partitionable Resources :    Usage  Request Allocated 
	   Cpus                 :     0.31        1         1 
	   Disk (KB)            :    25           1    274665 
	   Memory (MB)          :   101        2000      2000 
...
