000 (5003770.000.000) 04/06 10:45:12 Job submitted from host: <137.138.156.150:9618?addrs=137.138.156.150-9618+[2001-1458-d00-14--9a]-9618&alias=bigbird13.cern.ch&noUDP&sock=schedd_1774_6519_19>
...
040 (5003770.000.000) 04/06 10:58:49 Started transferring input files
	Transferring to host: <128.142.65.240:9618?addrs=128.142.65.240-9618+[2001-1458-301-4c--100-332]-9618&alias=b7s09n3934.cern.ch&noUDP&sock=slot1_1_5483_04f8_10782>
...
040 (5003770.000.000) 04/06 10:58:49 Finished transferring input files
...
001 (5003770.000.000) 04/06 10:58:50 Job executing on host: <128.142.65.240:9618?addrs=128.142.65.240-9618+[2001-1458-301-4c--100-332]-9618&alias=b7s09n3934.cern.ch&noUDP&sock=startd_4361_dc9b>
...
006 (5003770.000.000) 04/06 10:58:58 Image size of job updated: 285300
	44  -  MemoryUsage of job (MB)
	44556  -  ResidentSetSize of job (KB)
...
006 (5003770.000.000) 04/06 11:03:02 Image size of job updated: 477752
	44  -  MemoryUsage of job (MB)
	44556  -  ResidentSetSize of job (KB)
...
040 (5003770.000.000) 04/06 11:03:02 Started transferring output files
...
040 (5003770.000.000) 04/06 11:03:02 Finished transferring output files
...
005 (5003770.000.000) 04/06 11:03:03 Job terminated.
	(1) Normal termination (return value 0)
		Usr 0 00:01:46, Sys 0 00:00:03  -  Run Remote Usage
		Usr 0 00:00:00, Sys 0 00:00:00  -  Run Local Usage
		Usr 0 00:01:46, Sys 0 00:00:03  -  Total Remote Usage
		Usr 0 00:00:00, Sys 0 00:00:00  -  Total Local Usage
	4154  -  Run Bytes Sent By Job
	714  -  Run Bytes Received By Job
	4154  -  Total Bytes Sent By Job
	714  -  Total Bytes Received By Job
	Partitionable Resources :    Usage  Request Allocated 
	   Cpus                 :                 1         1 
	   Disk (KB)            :       18        1    275219 
	   Memory (MB)          :       44     2000      2000 
...
