000 (5003782.000.000) 04/06 10:45:34 Job submitted from host: <137.138.156.150:9618?addrs=137.138.156.150-9618+[2001-1458-d00-14--9a]-9618&alias=bigbird13.cern.ch&noUDP&sock=schedd_1774_6519_19>
...
040 (5003782.000.000) 04/06 10:58:53 Started transferring input files
	Transferring to host: <188.184.198.68:9618?addrs=188.184.198.68-9618+[2001-1458-301-c1--100-251]-9618&noUDP&sock=17855_366f_105889>
...
040 (5003782.000.000) 04/06 10:58:53 Finished transferring input files
...
001 (5003782.000.000) 04/06 10:58:54 Job executing on host: <188.184.198.68:9618?addrs=188.184.198.68-9618+[2001-1458-301-c1--100-251]-9618&noUDP&sock=17719_56b3_3>
...
006 (5003782.000.000) 04/06 10:59:03 Image size of job updated: 78536
	44  -  MemoryUsage of job (MB)
	44968  -  ResidentSetSize of job (KB)
...
006 (5003782.000.000) 04/06 11:03:18 Image size of job updated: 166984
	44  -  MemoryUsage of job (MB)
	44968  -  ResidentSetSize of job (KB)
...
040 (5003782.000.000) 04/06 11:03:18 Started transferring output files
...
040 (5003782.000.000) 04/06 11:03:18 Finished transferring output files
...
005 (5003782.000.000) 04/06 11:03:19 Job terminated.
	(1) Normal termination (return value 0)
		Usr 0 00:01:39, Sys 0 00:00:02  -  Run Remote Usage
		Usr 0 00:00:00, Sys 0 00:00:00  -  Run Local Usage
		Usr 0 00:01:39, Sys 0 00:00:02  -  Total Remote Usage
		Usr 0 00:00:00, Sys 0 00:00:00  -  Total Local Usage
	4154  -  Run Bytes Sent By Job
	714  -  Run Bytes Received By Job
	4154  -  Total Bytes Sent By Job
	714  -  Total Bytes Received By Job
	Partitionable Resources :    Usage  Request Allocated 
	   Cpus                 :     0.60        1         1 
	   Disk (KB)            :    26           1    284096 
	   Memory (MB)          :    44        2000      2000 
...
