000 (5003829.000.000) 04/06 10:46:35 Job submitted from host: <137.138.156.150:9618?addrs=137.138.156.150-9618+[2001-1458-d00-14--9a]-9618&alias=bigbird13.cern.ch&noUDP&sock=schedd_1774_6519_19>
...
040 (5003829.000.000) 04/06 10:59:05 Started transferring input files
	Transferring to host: <128.142.83.190:9618?addrs=128.142.83.190-9618+[2001-1458-301-f5--100-3a5]-9618&noUDP&sock=16825_7c05_62791>
...
040 (5003829.000.000) 04/06 10:59:05 Finished transferring input files
...
001 (5003829.000.000) 04/06 10:59:06 Job executing on host: <128.142.83.190:9618?addrs=128.142.83.190-9618+[2001-1458-301-f5--100-3a5]-9618&noUDP&sock=16668_70a9_3>
...
006 (5003829.000.000) 04/06 10:59:14 Image size of job updated: 160028
	95  -  MemoryUsage of job (MB)
	96484  -  ResidentSetSize of job (KB)
...
006 (5003829.000.000) 04/06 11:01:35 Image size of job updated: 165356
	95  -  MemoryUsage of job (MB)
	96484  -  ResidentSetSize of job (KB)
...
040 (5003829.000.000) 04/06 11:01:35 Started transferring output files
...
040 (5003829.000.000) 04/06 11:01:35 Finished transferring output files
...
005 (5003829.000.000) 04/06 11:01:35 Job terminated.
	(1) Normal termination (return value 0)
		Usr 0 00:01:13, Sys 0 00:00:01  -  Run Remote Usage
		Usr 0 00:00:00, Sys 0 00:00:00  -  Run Local Usage
		Usr 0 00:01:13, Sys 0 00:00:01  -  Total Remote Usage
		Usr 0 00:00:00, Sys 0 00:00:00  -  Total Local Usage
	4154  -  Run Bytes Sent By Job
	714  -  Run Bytes Received By Job
	4154  -  Total Bytes Sent By Job
	714  -  Total Bytes Received By Job
	Partitionable Resources :    Usage  Request Allocated 
	   Cpus                 :     0.36        1         1 
	   Disk (KB)            :    26           1    280444 
	   Memory (MB)          :    95        2000      2000 
...
