000 (5003762.000.000) 04/06 10:44:53 Job submitted from host: <137.138.156.150:9618?addrs=137.138.156.150-9618+[2001-1458-d00-14--9a]-9618&alias=bigbird13.cern.ch&noUDP&sock=schedd_1774_6519_19>
...
040 (5003762.000.000) 04/06 10:58:47 Started transferring input files
	Transferring to host: <128.142.66.10:9618?addrs=128.142.66.10-9618+[2001-1458-301-4c--100-50f]-9618&noUDP&sock=2503_56ff_94427>
...
040 (5003762.000.000) 04/06 10:58:47 Finished transferring input files
...
001 (5003762.000.000) 04/06 10:58:48 Job executing on host: <128.142.66.10:9618?addrs=128.142.66.10-9618+[2001-1458-301-4c--100-50f]-9618&noUDP&sock=2293_62c0_3>
...
006 (5003762.000.000) 04/06 10:58:56 Image size of job updated: 142112
	80  -  MemoryUsage of job (MB)
	81604  -  ResidentSetSize of job (KB)
...
006 (5003762.000.000) 04/06 11:03:56 Image size of job updated: 166756
	101  -  MemoryUsage of job (MB)
	103180  -  ResidentSetSize of job (KB)
...
040 (5003762.000.000) 04/06 11:04:32 Started transferring output files
...
040 (5003762.000.000) 04/06 11:04:32 Finished transferring output files
...
005 (5003762.000.000) 04/06 11:04:32 Job terminated.
	(1) Normal termination (return value 0)
		Usr 0 00:01:38, Sys 0 00:00:02  -  Run Remote Usage
		Usr 0 00:00:00, Sys 0 00:00:00  -  Run Local Usage
		Usr 0 00:01:38, Sys 0 00:00:02  -  Total Remote Usage
		Usr 0 00:00:00, Sys 0 00:00:00  -  Total Local Usage
	4154  -  Run Bytes Sent By Job
	711  -  Run Bytes Received By Job
	4154  -  Total Bytes Sent By Job
	711  -  Total Bytes Received By Job
	Partitionable Resources :    Usage  Request Allocated 
	   Cpus                 :     0.63        1         1 
	   Disk (KB)            :    26           1    280856 
	   Memory (MB)          :   101        2000      2000 
...
