000 (5003758.000.000) 04/06 10:44:45 Job submitted from host: <137.138.156.150:9618?addrs=137.138.156.150-9618+[2001-1458-d00-14--9a]-9618&alias=bigbird13.cern.ch&noUDP&sock=schedd_1774_6519_19>
...
040 (5003758.000.000) 04/06 10:58:44 Started transferring input files
	Transferring to host: <128.142.193.233:9618?addrs=128.142.193.233-9618+[2001-1458-301-cc--100-115]-9618&noUDP&sock=3928_6199_46116>
...
040 (5003758.000.000) 04/06 10:58:44 Finished transferring input files
...
001 (5003758.000.000) 04/06 10:58:45 Job executing on host: <128.142.193.233:9618?addrs=128.142.193.233-9618+[2001-1458-301-cc--100-115]-9618&noUDP&sock=3007_215f_3>
...
006 (5003758.000.000) 04/06 10:58:54 Image size of job updated: 78536
	44  -  MemoryUsage of job (MB)
	44972  -  ResidentSetSize of job (KB)
...
006 (5003758.000.000) 04/06 11:02:33 Image size of job updated: 168852
	44  -  MemoryUsage of job (MB)
	44972  -  ResidentSetSize of job (KB)
...
040 (5003758.000.000) 04/06 11:02:33 Started transferring output files
...
040 (5003758.000.000) 04/06 11:02:33 Finished transferring output files
...
005 (5003758.000.000) 04/06 11:02:33 Job terminated.
	(1) Normal termination (return value 0)
		Usr 0 00:01:45, Sys 0 00:00:02  -  Run Remote Usage
		Usr 0 00:00:00, Sys 0 00:00:00  -  Run Local Usage
		Usr 0 00:01:45, Sys 0 00:00:02  -  Total Remote Usage
		Usr 0 00:00:00, Sys 0 00:00:00  -  Total Local Usage
	4154  -  Run Bytes Sent By Job
	711  -  Run Bytes Received By Job
	4154  -  Total Bytes Sent By Job
	711  -  Total Bytes Received By Job
	Partitionable Resources :    Usage  Request Allocated 
	   Cpus                 :     0.24        1         1 
	   Disk (KB)            :    26           1    283349 
	   Memory (MB)          :    44        2000      2000 
...
