000 (5003779.000.000) 04/06 10:45:26 Job submitted from host: <137.138.156.150:9618?addrs=137.138.156.150-9618+[2001-1458-d00-14--9a]-9618&alias=bigbird13.cern.ch&noUDP&sock=schedd_1774_6519_19>
...
040 (5003779.000.000) 04/06 10:58:52 Started transferring input files
	Transferring to host: <128.142.84.205:9618?addrs=128.142.84.205-9618+[2001-1458-301-f6--100-d1]-9618&noUDP&sock=16702_d1e0_54628>
...
040 (5003779.000.000) 04/06 10:58:52 Finished transferring input files
...
001 (5003779.000.000) 04/06 10:58:53 Job executing on host: <128.142.84.205:9618?addrs=128.142.84.205-9618+[2001-1458-301-f6--100-d1]-9618&noUDP&sock=16544_62eb_3>
...
006 (5003779.000.000) 04/06 10:59:01 Image size of job updated: 78544
	44  -  MemoryUsage of job (MB)
	44976  -  ResidentSetSize of job (KB)
...
006 (5003779.000.000) 04/06 11:03:02 Image size of job updated: 167248
	44  -  MemoryUsage of job (MB)
	44976  -  ResidentSetSize of job (KB)
...
040 (5003779.000.000) 04/06 11:03:02 Started transferring output files
...
040 (5003779.000.000) 04/06 11:03:02 Finished transferring output files
...
005 (5003779.000.000) 04/06 11:03:02 Job terminated.
	(1) Normal termination (return value 0)
		Usr 0 00:01:57, Sys 0 00:00:02  -  Run Remote Usage
		Usr 0 00:00:00, Sys 0 00:00:00  -  Run Local Usage
		Usr 0 00:01:57, Sys 0 00:00:02  -  Total Remote Usage
		Usr 0 00:00:00, Sys 0 00:00:00  -  Total Local Usage
	4154  -  Run Bytes Sent By Job
	714  -  Run Bytes Received By Job
	4154  -  Total Bytes Sent By Job
	714  -  Total Bytes Received By Job
	Partitionable Resources :    Usage  Request Allocated 
	   Cpus                 :     0.64        1         1 
	   Disk (KB)            :    26           1    243950 
	   Memory (MB)          :    44        2000      2000 
...
