000 (5003774.000.000) 04/06 10:45:19 Job submitted from host: <137.138.156.150:9618?addrs=137.138.156.150-9618+[2001-1458-d00-14--9a]-9618&alias=bigbird13.cern.ch&noUDP&sock=schedd_1774_6519_19>
...
040 (5003774.000.000) 04/06 10:58:49 Started transferring input files
	Transferring to host: <128.142.78.18:9618?addrs=128.142.78.18-9618+[2001-1458-301-f4--100-5d9]-9618&alias=b7s12n9886.cern.ch&noUDP&sock=slot1_9_4122_1261_3568>
...
040 (5003774.000.000) 04/06 10:58:49 Finished transferring input files
...
001 (5003774.000.000) 04/06 10:58:50 Job executing on host: <128.142.78.18:9618?addrs=128.142.78.18-9618+[2001-1458-301-f4--100-5d9]-9618&alias=b7s12n9886.cern.ch&noUDP&sock=startd_3548_361c>
...
006 (5003774.000.000) 04/06 10:58:58 Image size of job updated: 161564
	96  -  MemoryUsage of job (MB)
	98008  -  ResidentSetSize of job (KB)
...
006 (5003774.000.000) 04/06 11:01:49 Image size of job updated: 478420
	96  -  MemoryUsage of job (MB)
	98008  -  ResidentSetSize of job (KB)
...
040 (5003774.000.000) 04/06 11:01:50 Started transferring output files
...
040 (5003774.000.000) 04/06 11:01:50 Finished transferring output files
...
005 (5003774.000.000) 04/06 11:01:50 Job terminated.
	(1) Normal termination (return value 0)
		Usr 0 00:01:29, Sys 0 00:00:01  -  Run Remote Usage
		Usr 0 00:00:00, Sys 0 00:00:00  -  Run Local Usage
		Usr 0 00:01:29, Sys 0 00:00:01  -  Total Remote Usage
		Usr 0 00:00:00, Sys 0 00:00:00  -  Total Local Usage
	4154  -  Run Bytes Sent By Job
	714  -  Run Bytes Received By Job
	4154  -  Total Bytes Sent By Job
	714  -  Total Bytes Received By Job
	Partitionable Resources :    Usage  Request Allocated 
	   Cpus                 :                 1         1 
	   Disk (KB)            :       18        1    265661 
	   Memory (MB)          :       96     2000      2000 
...
