000 (5003812.000.000) 04/06 10:46:20 Job submitted from host: <137.138.156.150:9618?addrs=137.138.156.150-9618+[2001-1458-d00-14--9a]-9618&alias=bigbird13.cern.ch&noUDP&sock=schedd_1774_6519_19>
...
040 (5003812.000.000) 04/06 10:59:01 Started transferring input files
	Transferring to host: <128.142.79.155:9618?addrs=128.142.79.155-9618+[2001-1458-301-f4--100-1c0]-9618&alias=b7s12n7471.cern.ch&noUDP&sock=slot1_8_5182_f00c_3442>
...
040 (5003812.000.000) 04/06 10:59:01 Finished transferring input files
...
001 (5003812.000.000) 04/06 10:59:02 Job executing on host: <128.142.79.155:9618?addrs=128.142.79.155-9618+[2001-1458-301-f4--100-1c0]-9618&alias=b7s12n7471.cern.ch&noUDP&sock=startd_3992_c228>
...
006 (5003812.000.000) 04/06 10:59:11 Image size of job updated: 387800
	86  -  MemoryUsage of job (MB)
	87900  -  ResidentSetSize of job (KB)
...
006 (5003812.000.000) 04/06 11:01:26 Image size of job updated: 475668
	86  -  MemoryUsage of job (MB)
	87900  -  ResidentSetSize of job (KB)
...
040 (5003812.000.000) 04/06 11:01:27 Started transferring output files
...
040 (5003812.000.000) 04/06 11:01:27 Finished transferring output files
...
005 (5003812.000.000) 04/06 11:01:27 Job terminated.
	(1) Normal termination (return value 0)
		Usr 0 00:01:08, Sys 0 00:00:01  -  Run Remote Usage
		Usr 0 00:00:00, Sys 0 00:00:00  -  Run Local Usage
		Usr 0 00:01:08, Sys 0 00:00:01  -  Total Remote Usage
		Usr 0 00:00:00, Sys 0 00:00:00  -  Total Local Usage
	4154  -  Run Bytes Sent By Job
	714  -  Run Bytes Received By Job
	4154  -  Total Bytes Sent By Job
	714  -  Total Bytes Received By Job
	Partitionable Resources :    Usage  Request Allocated 
	   Cpus                 :                 1         1 
	   Disk (KB)            :       18        1    276282 
	   Memory (MB)          :       86     2000      2000 
...
