000 (5003772.000.000) 04/06 10:45:15 Job submitted from host: <137.138.156.150:9618?addrs=137.138.156.150-9618+[2001-1458-d00-14--9a]-9618&alias=bigbird13.cern.ch&noUDP&sock=schedd_1774_6519_19>
...
040 (5003772.000.000) 04/06 10:59:06 Started transferring input files
	Transferring to host: <128.142.85.110:9618?addrs=128.142.85.110-9618+[2001-1458-301-f6--100-44c]-9618&noUDP&sock=16753_c102_60813>
...
040 (5003772.000.000) 04/06 10:59:06 Finished transferring input files
...
001 (5003772.000.000) 04/06 10:59:07 Job executing on host: <128.142.85.110:9618?addrs=128.142.85.110-9618+[2001-1458-301-f6--100-44c]-9618&noUDP&sock=16597_bd70_3>
...
006 (5003772.000.000) 04/06 10:59:16 Image size of job updated: 162344
	97  -  MemoryUsage of job (MB)
	98792  -  ResidentSetSize of job (KB)
...
006 (5003772.000.000) 04/06 11:04:17 Image size of job updated: 167440
	102  -  MemoryUsage of job (MB)
	103860  -  ResidentSetSize of job (KB)
...
006 (5003772.000.000) 04/06 11:04:26 Image size of job updated: 503040
	102  -  MemoryUsage of job (MB)
	103860  -  ResidentSetSize of job (KB)
...
040 (5003772.000.000) 04/06 11:04:26 Started transferring output files
...
040 (5003772.000.000) 04/06 11:04:26 Finished transferring output files
...
005 (5003772.000.000) 04/06 11:04:27 Job terminated.
	(1) Normal termination (return value 0)
		Usr 0 00:02:04, Sys 0 00:00:02  -  Run Remote Usage
		Usr 0 00:00:00, Sys 0 00:00:00  -  Run Local Usage
		Usr 0 00:02:04, Sys 0 00:00:02  -  Total Remote Usage
		Usr 0 00:00:00, Sys 0 00:00:00  -  Total Local Usage
	4154  -  Run Bytes Sent By Job
	714  -  Run Bytes Received By Job
	4154  -  Total Bytes Sent By Job
	714  -  Total Bytes Received By Job
	Partitionable Resources :    Usage  Request Allocated 
	   Cpus                 :     0.38        1         1 
	   Disk (KB)            :    26           1    281843 
	   Memory (MB)          :   102        2000      2000 
...
