000 (5003822.000.000) 04/06 10:46:28 Job submitted from host: <137.138.156.150:9618?addrs=137.138.156.150-9618+[2001-1458-d00-14--9a]-9618&alias=bigbird13.cern.ch&noUDP&sock=schedd_1774_6519_19>
...
040 (5003822.000.000) 04/06 10:59:03 Started transferring input files
	Transferring to host: <128.142.85.177:9618?addrs=128.142.85.177-9618+[2001-1458-301-f6--100-29a]-9618&alias=b7s14n2598.cern.ch&noUDP&sock=slot1_6_30111_ac62_39109>
...
040 (5003822.000.000) 04/06 10:59:03 Finished transferring input files
...
001 (5003822.000.000) 04/06 10:59:04 Job executing on host: <128.142.85.177:9618?addrs=128.142.85.177-9618+[2001-1458-301-f6--100-29a]-9618&alias=b7s14n2598.cern.ch&noUDP&sock=startd_16594_aea7>
...
006 (5003822.000.000) 04/06 10:59:13 Image size of job updated: 159484
	94  -  MemoryUsage of job (MB)
	95912  -  ResidentSetSize of job (KB)
...
006 (5003822.000.000) 04/06 11:01:49 Image size of job updated: 475752
	94  -  MemoryUsage of job (MB)
	95912  -  ResidentSetSize of job (KB)
...
040 (5003822.000.000) 04/06 11:01:49 Started transferring output files
...
040 (5003822.000.000) 04/06 11:01:49 Finished transferring output files
...
005 (5003822.000.000) 04/06 11:01:49 Job terminated.
	(1) Normal termination (return value 0)
		Usr 0 00:01:03, Sys 0 00:00:01  -  Run Remote Usage
		Usr 0 00:00:00, Sys 0 00:00:00  -  Run Local Usage
		Usr 0 00:01:03, Sys 0 00:00:01  -  Total Remote Usage
		Usr 0 00:00:00, Sys 0 00:00:00  -  Total Local Usage
	4154  -  Run Bytes Sent By Job
	714  -  Run Bytes Received By Job
	4154  -  Total Bytes Sent By Job
	714  -  Total Bytes Received By Job
	Partitionable Resources :    Usage  Request Allocated 
	   Cpus                 :                 1         1 
	   Disk (KB)            :       18        1    271023 
	   Memory (MB)          :       94     2000      2000 
...
