000 (5003797.000.000) 04/06 10:46:02 Job submitted from host: <137.138.156.150:9618?addrs=137.138.156.150-9618+[2001-1458-d00-14--9a]-9618&alias=bigbird13.cern.ch&noUDP&sock=schedd_1774_6519_19>
...
040 (5003797.000.000) 04/06 10:58:56 Started transferring input files
	Transferring to host: <128.142.193.190:9618?addrs=128.142.193.190-9618+[2001-1458-301-cc--100-372]-9618&alias=b7g52n1126.cern.ch&noUDP&sock=slot1_11_8198_fb86_60648>
...
040 (5003797.000.000) 04/06 10:58:56 Finished transferring input files
...
001 (5003797.000.000) 04/06 10:58:57 Job executing on host: <128.142.193.190:9618?addrs=128.142.193.190-9618+[2001-1458-301-cc--100-372]-9618&alias=b7g52n1126.cern.ch&noUDP&sock=startd_18181_3b74>
...
006 (5003797.000.000) 04/06 10:59:06 Image size of job updated: 387800
	96  -  MemoryUsage of job (MB)
	97792  -  ResidentSetSize of job (KB)
...
006 (5003797.000.000) 04/06 11:04:07 Image size of job updated: 479216
	101  -  MemoryUsage of job (MB)
	103192  -  ResidentSetSize of job (KB)
...
040 (5003797.000.000) 04/06 11:04:16 Started transferring output files
...
040 (5003797.000.000) 04/06 11:04:16 Finished transferring output files
...
005 (5003797.000.000) 04/06 11:04:16 Job terminated.
	(1) Normal termination (return value 0)
		Usr 0 00:01:50, Sys 0 00:00:02  -  Run Remote Usage
		Usr 0 00:00:00, Sys 0 00:00:00  -  Run Local Usage
		Usr 0 00:01:50, Sys 0 00:00:02  -  Total Remote Usage
		Usr 0 00:00:00, Sys 0 00:00:00  -  Total Local Usage
	4154  -  Run Bytes Sent By Job
	714  -  Run Bytes Received By Job
	4154  -  Total Bytes Sent By Job
	714  -  Total Bytes Received By Job
	Partitionable Resources :    Usage  Request Allocated 
	   Cpus                 :                 1         1 
	   Disk (KB)            :       18        1    288710 
	   Memory (MB)          :      101     2000      2000 
...
