000 (5003785.000.000) 04/06 10:45:38 Job submitted from host: <137.138.156.150:9618?addrs=137.138.156.150-9618+[2001-1458-d00-14--9a]-9618&alias=bigbird13.cern.ch&noUDP&sock=schedd_1774_6519_19>
...
040 (5003785.000.000) 04/06 10:59:10 Started transferring input files
	Transferring to host: <128.142.78.206:9618?addrs=128.142.78.206-9618+[2001-1458-301-f4--100-67]-9618&alias=b7s12n4239.cern.ch&noUDP&sock=slot1_5_32065_7171_43938>
...
040 (5003785.000.000) 04/06 10:59:11 Finished transferring input files
...
001 (5003785.000.000) 04/06 10:59:11 Job executing on host: <128.142.78.206:9618?addrs=128.142.78.206-9618+[2001-1458-301-f4--100-67]-9618&alias=b7s12n4239.cern.ch&noUDP&sock=startd_16277_3f22>
...
006 (5003785.000.000) 04/06 10:59:20 Image size of job updated: 161860
	97  -  MemoryUsage of job (MB)
	98316  -  ResidentSetSize of job (KB)
...
006 (5003785.000.000) 04/06 11:04:21 Image size of job updated: 478772
	101  -  MemoryUsage of job (MB)
	103240  -  ResidentSetSize of job (KB)
...
040 (5003785.000.000) 04/06 11:06:13 Started transferring output files
...
040 (5003785.000.000) 04/06 11:06:13 Finished transferring output files
...
005 (5003785.000.000) 04/06 11:06:13 Job terminated.
	(1) Normal termination (return value 0)
		Usr 0 00:02:12, Sys 0 00:00:02  -  Run Remote Usage
		Usr 0 00:00:00, Sys 0 00:00:00  -  Run Local Usage
		Usr 0 00:02:12, Sys 0 00:00:02  -  Total Remote Usage
		Usr 0 00:00:00, Sys 0 00:00:00  -  Total Local Usage
	4154  -  Run Bytes Sent By Job
	714  -  Run Bytes Received By Job
	4154  -  Total Bytes Sent By Job
	714  -  Total Bytes Received By Job
	Partitionable Resources :    Usage  Request Allocated 
	   Cpus                 :     0.49        1         1 
	   Disk (KB)            :    25           1    268232 
	   Memory (MB)          :   101        2000      2000 
...
