000 (5003764.000.000) 04/06 10:45:00 Job submitted from host: <137.138.156.150:9618?addrs=137.138.156.150-9618+[2001-1458-d00-14--9a]-9618&alias=bigbird13.cern.ch&noUDP&sock=schedd_1774_6519_19>
...
040 (5003764.000.000) 04/06 10:58:47 Started transferring input files
	Transferring to host: <128.142.65.38:9618?addrs=128.142.65.38-9618+[2001-1458-301-4c--100-40e]-9618&alias=b7s09n7659.cern.ch&noUDP&sock=slot1_9_2532_c5e0_29030>
...
040 (5003764.000.000) 04/06 10:58:47 Finished transferring input files
...
001 (5003764.000.000) 04/06 10:58:48 Job executing on host: <128.142.65.38:9618?addrs=128.142.65.38-9618+[2001-1458-301-4c--100-40e]-9618&alias=b7s09n7659.cern.ch&noUDP&sock=startd_2335_31ba>
...
006 (5003764.000.000) 04/06 10:58:57 Image size of job updated: 127456
	66  -  MemoryUsage of job (MB)
	66772  -  ResidentSetSize of job (KB)
...
006 (5003764.000.000) 04/06 11:02:38 Image size of job updated: 478520
	66  -  MemoryUsage of job (MB)
	67016  -  ResidentSetSize of job (KB)
...
040 (5003764.000.000) 04/06 11:02:38 Started transferring output files
...
040 (5003764.000.000) 04/06 11:02:38 Finished transferring output files
...
005 (5003764.000.000) 04/06 11:02:39 Job terminated.
	(1) Normal termination (return value 0)
		Usr 0 00:02:00, Sys 0 00:00:02  -  Run Remote Usage
		Usr 0 00:00:00, Sys 0 00:00:00  -  Run Local Usage
		Usr 0 00:02:00, Sys 0 00:00:02  -  Total Remote Usage
		Usr 0 00:00:00, Sys 0 00:00:00  -  Total Local Usage
	4154  -  Run Bytes Sent By Job
	714  -  Run Bytes Received By Job
	4154  -  Total Bytes Sent By Job
	714  -  Total Bytes Received By Job
	Partitionable Resources :    Usage  Request Allocated 
	   Cpus                 :     0.07        1         1 
	   Disk (KB)            :    25           1    254907 
	   Memory (MB)          :    66        2000      2000 
...
