000 (5003828.000.000) 04/06 10:46:34 Job submitted from host: <137.138.156.150:9618?addrs=137.138.156.150-9618+[2001-1458-d00-14--9a]-9618&alias=bigbird13.cern.ch&noUDP&sock=schedd_1774_6519_19>
...
040 (5003828.000.000) 04/06 10:59:04 Started transferring input files
	Transferring to host: <128.142.67.175:9618?addrs=128.142.67.175-9618+[2001-1458-301-4c--100-4e2]-9618&alias=b7s09n3645.cern.ch&noUDP&sock=slot1_6_29161_4ffb_39294>
...
040 (5003828.000.000) 04/06 10:59:04 Finished transferring input files
...
001 (5003828.000.000) 04/06 10:59:05 Job executing on host: <128.142.67.175:9618?addrs=128.142.67.175-9618+[2001-1458-301-4c--100-4e2]-9618&alias=b7s09n3645.cern.ch&noUDP&sock=startd_2144_2f24>
...
006 (5003828.000.000) 04/06 10:59:14 Image size of job updated: 152444
	87  -  MemoryUsage of job (MB)
	89064  -  ResidentSetSize of job (KB)
...
006 (5003828.000.000) 04/06 11:03:36 Image size of job updated: 478688
	87  -  MemoryUsage of job (MB)
	89064  -  ResidentSetSize of job (KB)
...
040 (5003828.000.000) 04/06 11:03:36 Started transferring output files
...
040 (5003828.000.000) 04/06 11:03:36 Finished transferring output files
...
005 (5003828.000.000) 04/06 11:03:36 Job terminated.
	(1) Normal termination (return value 0)
		Usr 0 00:02:02, Sys 0 00:00:02  -  Run Remote Usage
		Usr 0 00:00:00, Sys 0 00:00:00  -  Run Local Usage
		Usr 0 00:02:02, Sys 0 00:00:02  -  Total Remote Usage
		Usr 0 00:00:00, Sys 0 00:00:00  -  Total Local Usage
	4154  -  Run Bytes Sent By Job
	714  -  Run Bytes Received By Job
	4154  -  Total Bytes Sent By Job
	714  -  Total Bytes Received By Job
	Partitionable Resources :    Usage  Request Allocated 
	   Cpus                 :                 1         1 
	   Disk (KB)            :       18        1    253877 
	   Memory (MB)          :       87     2000      2000 
...
