000 (5003771.000.000) 04/06 10:45:13 Job submitted from host: <137.138.156.150:9618?addrs=137.138.156.150-9618+[2001-1458-d00-14--9a]-9618&alias=bigbird13.cern.ch&noUDP&sock=schedd_1774_6519_19>
...
040 (5003771.000.000) 04/06 10:58:50 Started transferring input files
	Transferring to host: <128.142.69.153:9618?addrs=128.142.69.153-9618&noUDP&sock=3383_6123_145904>
...
040 (5003771.000.000) 04/06 10:58:50 Finished transferring input files
...
001 (5003771.000.000) 04/06 10:58:51 Job executing on host: <128.142.69.153:9618?addrs=128.142.69.153-9618&noUDP&sock=2124_773f_3>
...
006 (5003771.000.000) 04/06 10:58:59 Image size of job updated: 161864
	97  -  MemoryUsage of job (MB)
	98320  -  ResidentSetSize of job (KB)
...
006 (5003771.000.000) 04/06 11:03:59 Image size of job updated: 162716
	97  -  MemoryUsage of job (MB)
	99136  -  ResidentSetSize of job (KB)
...
006 (5003771.000.000) 04/06 11:05:43 Image size of job updated: 166712
	97  -  MemoryUsage of job (MB)
	99136  -  ResidentSetSize of job (KB)
...
040 (5003771.000.000) 04/06 11:05:43 Started transferring output files
...
040 (5003771.000.000) 04/06 11:05:43 Finished transferring output files
...
005 (5003771.000.000) 04/06 11:05:43 Job terminated.
	(1) Normal termination (return value 0)
		Usr 0 00:01:23, Sys 0 00:00:01  -  Run Remote Usage
		Usr 0 00:00:00, Sys 0 00:00:00  -  Run Local Usage
		Usr 0 00:01:23, Sys 0 00:00:01  -  Total Remote Usage
		Usr 0 00:00:00, Sys 0 00:00:00  -  Total Local Usage
	4154  -  Run Bytes Sent By Job
	714  -  Run Bytes Received By Job
	4154  -  Total Bytes Sent By Job
	714  -  Total Bytes Received By Job
	Partitionable Resources :    Usage  Request Allocated 
	   Cpus                 :     0.04        1         1 
	   Disk (KB)            :    26           1    200175 
	   Memory (MB)          :    97        2000      2000 
...
