000 (5003789.000.000) 04/06 10:45:43 Job submitted from host: <137.138.156.150:9618?addrs=137.138.156.150-9618+[2001-1458-d00-14--9a]-9618&alias=bigbird13.cern.ch&noUDP&sock=schedd_1774_6519_19>
...
040 (5003789.000.000) 04/06 10:58:56 Started transferring input files
	Transferring to host: <128.142.68.231:9618?addrs=128.142.68.231-9618+[2001-1458-301-52--100-3dd]-9618&alias=b7s10n3953.cern.ch&noUDP&sock=slot1_3_13391_ebba_44473>
...
040 (5003789.000.000) 04/06 10:58:56 Finished transferring input files
...
001 (5003789.000.000) 04/06 10:58:57 Job executing on host: <128.142.68.231:9618?addrs=128.142.68.231-9618+[2001-1458-301-52--100-3dd]-9618&alias=b7s10n3953.cern.ch&noUDP&sock=startd_2178_815c>
...
006 (5003789.000.000) 04/06 10:59:05 Image size of job updated: 411524
	53  -  MemoryUsage of job (MB)
	54228  -  ResidentSetSize of job (KB)
...
006 (5003789.000.000) 04/06 11:02:30 Image size of job updated: 478016
	53  -  MemoryUsage of job (MB)
	54228  -  ResidentSetSize of job (KB)
...
040 (5003789.000.000) 04/06 11:02:30 Started transferring output files
...
040 (5003789.000.000) 04/06 11:02:30 Finished transferring output files
...
005 (5003789.000.000) 04/06 11:02:30 Job terminated.
	(1) Normal termination (return value 0)
		Usr 0 00:01:42, Sys 0 00:00:02  -  Run Remote Usage
		Usr 0 00:00:00, Sys 0 00:00:00  -  Run Local Usage
		Usr 0 00:01:42, Sys 0 00:00:02  -  Total Remote Usage
		Usr 0 00:00:00, Sys 0 00:00:00  -  Total Local Usage
	4154  -  Run Bytes Sent By Job
	714  -  Run Bytes Received By Job
	4154  -  Total Bytes Sent By Job
	714  -  Total Bytes Received By Job
	Partitionable Resources :    Usage  Request Allocated 
	   Cpus                 :                 1         1 
	   Disk (KB)            :       18        1    276795 
	   Memory (MB)          :       53     2000      2000 
...
