000 (5003823.000.000) 04/06 10:46:29 Job submitted from host: <137.138.156.150:9618?addrs=137.138.156.150-9618+[2001-1458-d00-14--9a]-9618&alias=bigbird13.cern.ch&noUDP&sock=schedd_1774_6519_19>
...
040 (5003823.000.000) 04/06 10:59:03 Started transferring input files
	Transferring to host: <128.142.72.93:9618?addrs=128.142.72.93-9618+[2001-1458-301-75--100-37f]-9618&alias=b7s11n2420.cern.ch&noUDP&sock=slot1_9_12132_d766_44050>
...
040 (5003823.000.000) 04/06 10:59:03 Finished transferring input files
...
001 (5003823.000.000) 04/06 10:59:04 Job executing on host: <128.142.72.93:9618?addrs=128.142.72.93-9618+[2001-1458-301-75--100-37f]-9618&alias=b7s11n2420.cern.ch&noUDP&sock=startd_16760_8b60>
...
006 (5003823.000.000) 04/06 10:59:13 Image size of job updated: 162188
	97  -  MemoryUsage of job (MB)
	98636  -  ResidentSetSize of job (KB)
...
006 (5003823.000.000) 04/06 11:03:59 Image size of job updated: 478496
	97  -  MemoryUsage of job (MB)
	98636  -  ResidentSetSize of job (KB)
...
040 (5003823.000.000) 04/06 11:03:59 Started transferring output files
...
040 (5003823.000.000) 04/06 11:03:59 Finished transferring output files
...
005 (5003823.000.000) 04/06 11:03:59 Job terminated.
	(1) Normal termination (return value 0)
		Usr 0 00:01:38, Sys 0 00:00:01  -  Run Remote Usage
		Usr 0 00:00:00, Sys 0 00:00:00  -  Run Local Usage
		Usr 0 00:01:38, Sys 0 00:00:01  -  Total Remote Usage
		Usr 0 00:00:00, Sys 0 00:00:00  -  Total Local Usage
	4154  -  Run Bytes Sent By Job
	714  -  Run Bytes Received By Job
	4154  -  Total Bytes Sent By Job
	714  -  Total Bytes Received By Job
	Partitionable Resources :    Usage  Request Allocated 
	   Cpus                 :     0.30        1         1 
	   Disk (KB)            :    25           1    281827 
	   Memory (MB)          :    97        2000      2000 
...
