000 (5003796.000.000) 04/06 10:46:00 Job submitted from host: <137.138.156.150:9618?addrs=137.138.156.150-9618+[2001-1458-d00-14--9a]-9618&alias=bigbird13.cern.ch&noUDP&sock=schedd_1774_6519_19>
...
040 (5003796.000.000) 04/06 10:58:58 Started transferring input files
	Transferring to host: <128.142.77.122:9618?addrs=128.142.77.122-9618+[2001-1458-301-f4--100-644]-9618&alias=b7s12n5250.cern.ch&noUDP&sock=slot1_8_32720_f32c_44010>
...
040 (5003796.000.000) 04/06 10:58:58 Finished transferring input files
...
001 (5003796.000.000) 04/06 10:58:59 Job executing on host: <128.142.77.122:9618?addrs=128.142.77.122-9618+[2001-1458-301-f4--100-644]-9618&alias=b7s12n5250.cern.ch&noUDP&sock=startd_16835_fcfa>
...
006 (5003796.000.000) 04/06 10:59:07 Image size of job updated: 287644
	96  -  MemoryUsage of job (MB)
	97964  -  ResidentSetSize of job (KB)
...
006 (5003796.000.000) 04/06 11:02:37 Image size of job updated: 478496
	96  -  MemoryUsage of job (MB)
	97964  -  ResidentSetSize of job (KB)
...
040 (5003796.000.000) 04/06 11:02:37 Started transferring output files
...
040 (5003796.000.000) 04/06 11:02:38 Finished transferring output files
...
005 (5003796.000.000) 04/06 11:02:38 Job terminated.
	(1) Normal termination (return value 0)
		Usr 0 00:01:35, Sys 0 00:00:01  -  Run Remote Usage
		Usr 0 00:00:00, Sys 0 00:00:00  -  Run Local Usage
		Usr 0 00:01:35, Sys 0 00:00:01  -  Total Remote Usage
		Usr 0 00:00:00, Sys 0 00:00:00  -  Total Local Usage
	4154  -  Run Bytes Sent By Job
	714  -  Run Bytes Received By Job
	4154  -  Total Bytes Sent By Job
	714  -  Total Bytes Received By Job
	Partitionable Resources :    Usage  Request Allocated 
	   Cpus                 :     0.61        1         1 
	   Disk (KB)            :    25           1    197276 
	   Memory (MB)          :    96        2000      2000 
...
