000 (5003777.000.000) 04/06 10:45:23 Job submitted from host: <137.138.156.150:9618?addrs=137.138.156.150-9618+[2001-1458-d00-14--9a]-9618&alias=bigbird13.cern.ch&noUDP&sock=schedd_1774_6519_19>
...
040 (5003777.000.000) 04/06 10:58:51 Started transferring input files
	Transferring to host: <128.142.79.10:9618?addrs=128.142.79.10-9618+[2001-1458-301-f4--100-45e]-9618&noUDP&sock=16952_f7aa_65880>
...
040 (5003777.000.000) 04/06 10:58:51 Finished transferring input files
...
001 (5003777.000.000) 04/06 10:58:53 Job executing on host: <128.142.79.10:9618?addrs=128.142.79.10-9618+[2001-1458-301-f4--100-45e]-9618&noUDP&sock=16795_8d30_3>
...
006 (5003777.000.000) 04/06 10:59:01 Image size of job updated: 162700
	97  -  MemoryUsage of job (MB)
	99136  -  ResidentSetSize of job (KB)
...
006 (5003777.000.000) 04/06 11:02:43 Image size of job updated: 167308
	97  -  MemoryUsage of job (MB)
	99136  -  ResidentSetSize of job (KB)
...
040 (5003777.000.000) 04/06 11:02:43 Started transferring output files
...
040 (5003777.000.000) 04/06 11:02:43 Finished transferring output files
...
005 (5003777.000.000) 04/06 11:02:43 Job terminated.
	(1) Normal termination (return value 0)
		Usr 0 00:01:28, Sys 0 00:00:01  -  Run Remote Usage
		Usr 0 00:00:00, Sys 0 00:00:00  -  Run Local Usage
		Usr 0 00:01:28, Sys 0 00:00:01  -  Total Remote Usage
		Usr 0 00:00:00, Sys 0 00:00:00  -  Total Local Usage
	4154  -  Run Bytes Sent By Job
	714  -  Run Bytes Received By Job
	4154  -  Total Bytes Sent By Job
	714  -  Total Bytes Received By Job
	Partitionable Resources :    Usage  Request Allocated 
	   Cpus                 :     0.12        1         1 
	   Disk (KB)            :    26           1    267396 
	   Memory (MB)          :    97        2000      2000 
...
