000 (5003760.000.000) 04/06 10:44:47 Job submitted from host: <137.138.156.150:9618?addrs=137.138.156.150-9618+[2001-1458-d00-14--9a]-9618&alias=bigbird13.cern.ch&noUDP&sock=schedd_1774_6519_19>
...
040 (5003760.000.000) 04/06 10:58:46 Started transferring input files
	Transferring to host: <128.142.64.60:9618?addrs=128.142.64.60-9618+[2001-1458-301-4c--100-4c]-9618&alias=b7s09n3971.cern.ch&noUDP&sock=slot1_8_3425_f8e4_44089>
...
040 (5003760.000.000) 04/06 10:58:46 Finished transferring input files
...
001 (5003760.000.000) 04/06 10:58:47 Job executing on host: <128.142.64.60:9618?addrs=128.142.64.60-9618+[2001-1458-301-4c--100-4c]-9618&alias=b7s09n3971.cern.ch&noUDP&sock=startd_2133_a399>
...
006 (5003760.000.000) 04/06 10:58:56 Image size of job updated: 184512
	84  -  MemoryUsage of job (MB)
	85880  -  ResidentSetSize of job (KB)
...
006 (5003760.000.000) 04/06 11:03:03 Image size of job updated: 478320
	85  -  MemoryUsage of job (MB)
	86528  -  ResidentSetSize of job (KB)
...
040 (5003760.000.000) 04/06 11:03:03 Started transferring output files
...
040 (5003760.000.000) 04/06 11:03:03 Finished transferring output files
...
005 (5003760.000.000) 04/06 11:03:03 Job terminated.
	(1) Normal termination (return value 0)
		Usr 0 00:01:40, Sys 0 00:00:02  -  Run Remote Usage
		Usr 0 00:00:00, Sys 0 00:00:00  -  Run Local Usage
		Usr 0 00:01:40, Sys 0 00:00:02  -  Total Remote Usage
		Usr 0 00:00:00, Sys 0 00:00:00  -  Total Local Usage
	4154  -  Run Bytes Sent By Job
	711  -  Run Bytes Received By Job
	4154  -  Total Bytes Sent By Job
	711  -  Total Bytes Received By Job
	Partitionable Resources :    Usage  Request Allocated 
	   Cpus                 :     0.41        1         1 
	   Disk (KB)            :    25           1    289922 
	   Memory (MB)          :    85        2000      2000 
...
