000 (5003788.000.000) 04/06 10:45:42 Job submitted from host: <137.138.156.150:9618?addrs=137.138.156.150-9618+[2001-1458-d00-14--9a]-9618&alias=bigbird13.cern.ch&noUDP&sock=schedd_1774_6519_19>
...
040 (5003788.000.000) 04/06 10:58:55 Started transferring input files
	Transferring to host: <128.142.73.240:9618?addrs=128.142.73.240-9618+[2001-1458-301-75--100-1c5]-9618&noUDP&sock=16855_9f46_65550>
...
040 (5003788.000.000) 04/06 10:58:55 Finished transferring input files
...
001 (5003788.000.000) 04/06 10:58:56 Job executing on host: <128.142.73.240:9618?addrs=128.142.73.240-9618+[2001-1458-301-75--100-1c5]-9618&noUDP&sock=16698_0481_3>
...
006 (5003788.000.000) 04/06 10:59:05 Image size of job updated: 78532
	44  -  MemoryUsage of job (MB)
	44968  -  ResidentSetSize of job (KB)
...
006 (5003788.000.000) 04/06 11:04:06 Image size of job updated: 167584
	102  -  MemoryUsage of job (MB)
	104004  -  ResidentSetSize of job (KB)
...
006 (5003788.000.000) 04/06 11:05:20 Image size of job updated: 169772
	102  -  MemoryUsage of job (MB)
	104004  -  ResidentSetSize of job (KB)
...
040 (5003788.000.000) 04/06 11:05:20 Started transferring output files
...
040 (5003788.000.000) 04/06 11:05:20 Finished transferring output files
...
005 (5003788.000.000) 04/06 11:05:20 Job terminated.
	(1) Normal termination (return value 0)
		Usr 0 00:02:36, Sys 0 00:00:03  -  Run Remote Usage
		Usr 0 00:00:00, Sys 0 00:00:00  -  Run Local Usage
		Usr 0 00:02:36, Sys 0 00:00:03  -  Total Remote Usage
		Usr 0 00:00:00, Sys 0 00:00:00  -  Total Local Usage
	4154  -  Run Bytes Sent By Job
	714  -  Run Bytes Received By Job
	4154  -  Total Bytes Sent By Job
	714  -  Total Bytes Received By Job
	Partitionable Resources :    Usage  Request Allocated 
	   Cpus                 :     0.52        1         1 
	   Disk (KB)            :    26           1    268302 
	   Memory (MB)          :   102        2000      2000 
...
