000 (5003767.000.000) 04/06 10:45:04 Job submitted from host: <137.138.156.150:9618?addrs=137.138.156.150-9618+[2001-1458-d00-14--9a]-9618&alias=bigbird13.cern.ch&noUDP&sock=schedd_1774_6519_19>
...
040 (5003767.000.000) 04/06 10:59:04 Started transferring input files
	Transferring to host: <128.142.72.191:9618?addrs=128.142.72.191-9618+[2001-1458-301-75--100-1f2]-9618&noUDP&sock=16239_982d_64642>
...
040 (5003767.000.000) 04/06 10:59:04 Finished transferring input files
...
001 (5003767.000.000) 04/06 10:59:05 Job executing on host: <128.142.72.191:9618?addrs=128.142.72.191-9618+[2001-1458-301-75--100-1f2]-9618&noUDP&sock=16083_2dc2_3>
...
006 (5003767.000.000) 04/06 10:59:14 Image size of job updated: 102220
	52  -  MemoryUsage of job (MB)
	52788  -  ResidentSetSize of job (KB)
...
006 (5003767.000.000) 04/06 11:03:25 Image size of job updated: 164368
	52  -  MemoryUsage of job (MB)
	52788  -  ResidentSetSize of job (KB)
...
040 (5003767.000.000) 04/06 11:03:25 Started transferring output files
...
040 (5003767.000.000) 04/06 11:03:25 Finished transferring output files
...
005 (5003767.000.000) 04/06 11:03:25 Job terminated.
	(1) Normal termination (return value 0)
		Usr 0 00:01:33, Sys 0 00:00:02  -  Run Remote Usage
		Usr 0 00:00:00, Sys 0 00:00:00  -  Run Local Usage
		Usr 0 00:01:33, Sys 0 00:00:02  -  Total Remote Usage
		Usr 0 00:00:00, Sys 0 00:00:00  -  Total Local Usage
	4154  -  Run Bytes Sent By Job
	714  -  Run Bytes Received By Job
	4154  -  Total Bytes Sent By Job
	714  -  Total Bytes Received By Job
	Partitionable Resources :    Usage  Request Allocated 
	   Cpus                 :     0.53        1         1 
	   Disk (KB)            :    26           1    279258 
	   Memory (MB)          :    52        2000      2000 
...
