000 (5003783.000.000) 04/06 10:45:35 Job submitted from host: <137.138.156.150:9618?addrs=137.138.156.150-9618+[2001-1458-d00-14--9a]-9618&alias=bigbird13.cern.ch&noUDP&sock=schedd_1774_6519_19>
...
040 (5003783.000.000) 04/06 10:58:54 Started transferring input files
	Transferring to host: <128.142.72.72:9618?addrs=128.142.72.72-9618+[2001-1458-301-75--100-522]-9618&alias=b7s11n3341.cern.ch&noUDP&sock=slot1_5_20093_160a_37871>
...
040 (5003783.000.000) 04/06 10:58:54 Finished transferring input files
...
001 (5003783.000.000) 04/06 10:58:55 Job executing on host: <128.142.72.72:9618?addrs=128.142.72.72-9618+[2001-1458-301-75--100-522]-9618&alias=b7s11n3341.cern.ch&noUDP&sock=startd_16434_ef80>
...
006 (5003783.000.000) 04/06 10:59:03 Image size of job updated: 460168
	94  -  MemoryUsage of job (MB)
	95800  -  ResidentSetSize of job (KB)
...
006 (5003783.000.000) 04/06 11:01:23 Image size of job updated: 480456
	94  -  MemoryUsage of job (MB)
	95800  -  ResidentSetSize of job (KB)
...
040 (5003783.000.000) 04/06 11:01:23 Started transferring output files
...
040 (5003783.000.000) 04/06 11:01:23 Finished transferring output files
...
005 (5003783.000.000) 04/06 11:01:23 Job terminated.
	(1) Normal termination (return value 0)
		Usr 0 00:01:09, Sys 0 00:00:01  -  Run Remote Usage
		Usr 0 00:00:00, Sys 0 00:00:00  -  Run Local Usage
		Usr 0 00:01:09, Sys 0 00:00:01  -  Total Remote Usage
		Usr 0 00:00:00, Sys 0 00:00:00  -  Total Local Usage
	4154  -  Run Bytes Sent By Job
	714  -  Run Bytes Received By Job
	4154  -  Total Bytes Sent By Job
	714  -  Total Bytes Received By Job
	Partitionable Resources :    Usage  Request Allocated 
	   Cpus                 :                 1         1 
	   Disk (KB)            :       18        1    276726 
	   Memory (MB)          :       94     2000      2000 
...
