000 (5003778.000.000) 04/06 10:45:25 Job submitted from host: <137.138.156.150:9618?addrs=137.138.156.150-9618+[2001-1458-d00-14--9a]-9618&alias=bigbird13.cern.ch&noUDP&sock=schedd_1774_6519_19>
...
040 (5003778.000.000) 04/06 10:59:08 Started transferring input files
	Transferring to host: <128.142.73.28:9618?addrs=128.142.73.28-9618+[2001-1458-301-75--100-481]-9618&alias=b7s11n4347.cern.ch&noUDP&sock=slot1_9_22962_8e5f_38522>
...
040 (5003778.000.000) 04/06 10:59:08 Finished transferring input files
...
001 (5003778.000.000) 04/06 10:59:09 Job executing on host: <128.142.73.28:9618?addrs=128.142.73.28-9618+[2001-1458-301-75--100-481]-9618&alias=b7s11n4347.cern.ch&noUDP&sock=startd_14939_7d6a>
...
006 (5003778.000.000) 04/06 10:59:17 Image size of job updated: 148208
	84  -  MemoryUsage of job (MB)
	85800  -  ResidentSetSize of job (KB)
...
006 (5003778.000.000) 04/06 11:04:17 Image size of job updated: 478764
	102  -  MemoryUsage of job (MB)
	103508  -  ResidentSetSize of job (KB)
...
040 (5003778.000.000) 04/06 11:05:53 Started transferring output files
...
040 (5003778.000.000) 04/06 11:05:53 Finished transferring output files
...
005 (5003778.000.000) 04/06 11:05:53 Job terminated.
	(1) Normal termination (return value 0)
		Usr 0 00:01:50, Sys 0 00:00:02  -  Run Remote Usage
		Usr 0 00:00:00, Sys 0 00:00:00  -  Run Local Usage
		Usr 0 00:01:50, Sys 0 00:00:02  -  Total Remote Usage
		Usr 0 00:00:00, Sys 0 00:00:00  -  Total Local Usage
	4154  -  Run Bytes Sent By Job
	714  -  Run Bytes Received By Job
	4154  -  Total Bytes Sent By Job
	714  -  Total Bytes Received By Job
	Partitionable Resources :    Usage  Request Allocated 
	   Cpus                 :     0.22        1         1 
	   Disk (KB)            :    25           1    293579 
	   Memory (MB)          :   102        2000      2000 
...
