000 (5003818.000.000) 04/06 10:46:25 Job submitted from host: <137.138.156.150:9618?addrs=137.138.156.150-9618+[2001-1458-d00-14--9a]-9618&alias=bigbird13.cern.ch&noUDP&sock=schedd_1774_6519_19>
...
040 (5003818.000.000) 04/06 10:59:02 Started transferring input files
	Transferring to host: <128.142.67.81:9618?addrs=128.142.67.81-9618+[2001-1458-301-4c--100-286]-9618&alias=b7s09n5272.cern.ch&noUDP&sock=slot1_9_5079_5d68_39090>
...
040 (5003818.000.000) 04/06 10:59:02 Finished transferring input files
...
001 (5003818.000.000) 04/06 10:59:03 Job executing on host: <128.142.67.81:9618?addrs=128.142.67.81-9618+[2001-1458-301-4c--100-286]-9618&alias=b7s09n5272.cern.ch&noUDP&sock=startd_2100_00f9>
...
006 (5003818.000.000) 04/06 10:59:12 Image size of job updated: 460408
	97  -  MemoryUsage of job (MB)
	98688  -  ResidentSetSize of job (KB)
...
006 (5003818.000.000) 04/06 11:02:00 Image size of job updated: 478628
	97  -  MemoryUsage of job (MB)
	98688  -  ResidentSetSize of job (KB)
...
040 (5003818.000.000) 04/06 11:02:00 Started transferring output files
...
040 (5003818.000.000) 04/06 11:02:00 Finished transferring output files
...
005 (5003818.000.000) 04/06 11:02:00 Job terminated.
	(1) Normal termination (return value 0)
		Usr 0 00:01:02, Sys 0 00:00:01  -  Run Remote Usage
		Usr 0 00:00:00, Sys 0 00:00:00  -  Run Local Usage
		Usr 0 00:01:02, Sys 0 00:00:01  -  Total Remote Usage
		Usr 0 00:00:00, Sys 0 00:00:00  -  Total Local Usage
	4154  -  Run Bytes Sent By Job
	714  -  Run Bytes Received By Job
	4154  -  Total Bytes Sent By Job
	714  -  Total Bytes Received By Job
	Partitionable Resources :    Usage  Request Allocated 
	   Cpus                 :                 1         1 
	   Disk (KB)            :       18        1    282236 
	   Memory (MB)          :       97     2000      2000 
...
