000 (5003766.000.000) 04/06 10:45:03 Job submitted from host: <137.138.156.150:9618?addrs=137.138.156.150-9618+[2001-1458-d00-14--9a]-9618&alias=bigbird13.cern.ch&noUDP&sock=schedd_1774_6519_19>
...
040 (5003766.000.000) 04/06 10:58:48 Started transferring input files
	Transferring to host: <128.142.75.8:9618?addrs=128.142.75.8-9618+[2001-1458-301-75--100-49b]-9618&noUDP&sock=16772_2423_64372>
...
040 (5003766.000.000) 04/06 10:58:48 Finished transferring input files
...
001 (5003766.000.000) 04/06 10:58:49 Job executing on host: <128.142.75.8:9618?addrs=128.142.75.8-9618+[2001-1458-301-75--100-49b]-9618&noUDP&sock=16615_1624_3>
...
006 (5003766.000.000) 04/06 10:58:57 Image size of job updated: 160868
	96  -  MemoryUsage of job (MB)
	97320  -  ResidentSetSize of job (KB)
...
006 (5003766.000.000) 04/06 11:01:26 Image size of job updated: 164320
	96  -  MemoryUsage of job (MB)
	97320  -  ResidentSetSize of job (KB)
...
040 (5003766.000.000) 04/06 11:01:27 Started transferring output files
...
040 (5003766.000.000) 04/06 11:01:27 Finished transferring output files
...
005 (5003766.000.000) 04/06 11:01:27 Job terminated.
	(1) Normal termination (return value 0)
		Usr 0 00:01:13, Sys 0 00:00:01  -  Run Remote Usage
		Usr 0 00:00:00, Sys 0 00:00:00  -  Run Local Usage
		Usr 0 00:01:13, Sys 0 00:00:01  -  Total Remote Usage
		Usr 0 00:00:00, Sys 0 00:00:00  -  Total Local Usage
	4154  -  Run Bytes Sent By Job
	714  -  Run Bytes Received By Job
	4154  -  Total Bytes Sent By Job
	714  -  Total Bytes Received By Job
	Partitionable Resources :    Usage  Request Allocated 
	   Cpus                 :     0.45        1         1 
	   Disk (KB)            :    26           1    257090 
	   Memory (MB)          :    96        2000      2000 
...
