000 (5003830.000.000) 04/06 10:46:38 Job submitted from host: <137.138.156.150:9618?addrs=137.138.156.150-9618+[2001-1458-d00-14--9a]-9618&alias=bigbird13.cern.ch&noUDP&sock=schedd_1774_6519_19>
...
040 (5003830.000.000) 04/06 10:59:03 Started transferring input files
	Transferring to host: <128.142.193.193:9618?addrs=128.142.193.193-9618+[2001-1458-301-cc--100-31f]-9618&alias=b7g52n6520.cern.ch&noUDP&sock=slot1_6_8878_1aa2_44472>
...
040 (5003830.000.000) 04/06 10:59:03 Finished transferring input files
...
001 (5003830.000.000) 04/06 10:59:04 Job executing on host: <128.142.193.193:9618?addrs=128.142.193.193-9618+[2001-1458-301-cc--100-31f]-9618&alias=b7g52n6520.cern.ch&noUDP&sock=startd_17991_e875>
...
006 (5003830.000.000) 04/06 10:59:13 Image size of job updated: 371604
	94  -  MemoryUsage of job (MB)
	95348  -  ResidentSetSize of job (KB)
...
006 (5003830.000.000) 04/06 11:02:06 Image size of job updated: 478560
	94  -  MemoryUsage of job (MB)
	95360  -  ResidentSetSize of job (KB)
...
040 (5003830.000.000) 04/06 11:02:06 Started transferring output files
...
040 (5003830.000.000) 04/06 11:02:06 Finished transferring output files
...
005 (5003830.000.000) 04/06 11:02:06 Job terminated.
	(1) Normal termination (return value 0)
		Usr 0 00:01:38, Sys 0 00:00:01  -  Run Remote Usage
		Usr 0 00:00:00, Sys 0 00:00:00  -  Run Local Usage
		Usr 0 00:01:38, Sys 0 00:00:01  -  Total Remote Usage
		Usr 0 00:00:00, Sys 0 00:00:00  -  Total Local Usage
	4154  -  Run Bytes Sent By Job
	714  -  Run Bytes Received By Job
	4154  -  Total Bytes Sent By Job
	714  -  Total Bytes Received By Job
	Partitionable Resources :    Usage  Request Allocated 
	   Cpus                 :                 1         1 
	   Disk (KB)            :       18        1    247555 
	   Memory (MB)          :       94     2000      2000 
...
