000 (5003781.000.000) 04/06 10:45:32 Job submitted from host: <137.138.156.150:9618?addrs=137.138.156.150-9618+[2001-1458-d00-14--9a]-9618&alias=bigbird13.cern.ch&noUDP&sock=schedd_1774_6519_19>
...
040 (5003781.000.000) 04/06 10:58:53 Started transferring input files
	Transferring to host: <188.184.198.8:9618?addrs=188.184.198.8-9618+[2001-1458-301-c1--100-11b]-9618&alias=b7g52n0662.cern.ch&noUDP&sock=slot1_5_10328_c29d_60327>
...
040 (5003781.000.000) 04/06 10:58:53 Finished transferring input files
...
001 (5003781.000.000) 04/06 10:58:54 Job executing on host: <188.184.198.8:9618?addrs=188.184.198.8-9618+[2001-1458-301-c1--100-11b]-9618&alias=b7g52n0662.cern.ch&noUDP&sock=startd_18873_e2fd>
...
006 (5003781.000.000) 04/06 10:59:03 Image size of job updated: 127460
	44  -  MemoryUsage of job (MB)
	44568  -  ResidentSetSize of job (KB)
...
006 (5003781.000.000) 04/06 11:02:58 Image size of job updated: 480808
	44  -  MemoryUsage of job (MB)
	44568  -  ResidentSetSize of job (KB)
...
040 (5003781.000.000) 04/06 11:02:58 Started transferring output files
...
040 (5003781.000.000) 04/06 11:02:58 Finished transferring output files
...
005 (5003781.000.000) 04/06 11:02:58 Job terminated.
	(1) Normal termination (return value 0)
		Usr 0 00:01:34, Sys 0 00:00:01  -  Run Remote Usage
		Usr 0 00:00:00, Sys 0 00:00:00  -  Run Local Usage
		Usr 0 00:01:34, Sys 0 00:00:01  -  Total Remote Usage
		Usr 0 00:00:00, Sys 0 00:00:00  -  Total Local Usage
	4154  -  Run Bytes Sent By Job
	714  -  Run Bytes Received By Job
	4154  -  Total Bytes Sent By Job
	714  -  Total Bytes Received By Job
	Partitionable Resources :    Usage  Request Allocated 
	   Cpus                 :     0.16        1         1 
	   Disk (KB)            :    25           1    278243 
	   Memory (MB)          :    44        2000      2000 
...
