000 (5003791.000.000) 04/06 10:45:47 Job submitted from host: <137.138.156.150:9618?addrs=137.138.156.150-9618+[2001-1458-d00-14--9a]-9618&alias=bigbird13.cern.ch&noUDP&sock=schedd_1774_6519_19>
...
040 (5003791.000.000) 04/06 10:58:56 Started transferring input files
	Transferring to host: <128.142.64.253:9618?addrs=128.142.64.253-9618+[2001-1458-301-4c--100-487]-9618&alias=b7s09n1953.cern.ch&noUDP&sock=slot1_6_21371_8d7e_39195>
...
040 (5003791.000.000) 04/06 10:58:56 Finished transferring input files
...
001 (5003791.000.000) 04/06 10:58:57 Job executing on host: <128.142.64.253:9618?addrs=128.142.64.253-9618+[2001-1458-301-4c--100-487]-9618&alias=b7s09n1953.cern.ch&noUDP&sock=startd_2146_8e54>
...
006 (5003791.000.000) 04/06 10:59:05 Image size of job updated: 148104
	84  -  MemoryUsage of job (MB)
	85740  -  ResidentSetSize of job (KB)
...
006 (5003791.000.000) 04/06 11:03:48 Image size of job updated: 478688
	84  -  MemoryUsage of job (MB)
	85740  -  ResidentSetSize of job (KB)
...
040 (5003791.000.000) 04/06 11:03:48 Started transferring output files
...
040 (5003791.000.000) 04/06 11:03:48 Finished transferring output files
...
005 (5003791.000.000) 04/06 11:03:48 Job terminated.
	(1) Normal termination (return value 0)
		Usr 0 00:01:39, Sys 0 00:00:02  -  Run Remote Usage
		Usr 0 00:00:00, Sys 0 00:00:00  -  Run Local Usage
		Usr 0 00:01:39, Sys 0 00:00:02  -  Total Remote Usage
		Usr 0 00:00:00, Sys 0 00:00:00  -  Total Local Usage
	4154  -  Run Bytes Sent By Job
	714  -  Run Bytes Received By Job
	4154  -  Total Bytes Sent By Job
	714  -  Total Bytes Received By Job
	Partitionable Resources :    Usage  Request Allocated 
	   Cpus                 :                 1         1 
	   Disk (KB)            :       18        1    203943 
	   Memory (MB)          :       84     2000      2000 
...
